#
# A fatal error has been detected by the Java Runtime Environment:
#
#  EXCEPTION_ACCESS_VIOLATION (0xc0000005) at pc=0x0000000000000003, pid=7692, tid=1540
#
# JRE version: OpenJDK Runtime Environment (11.0.13) (build 11.0.13+0-b1751.21-8125866)
# Java VM: OpenJDK 64-Bit Server VM (11.0.13+0-b1751.21-8125866, mixed mode, tiered, compressed oops, g1 gc, windows-amd64)
# Problematic frame:
# C  0x0000000000000003
#
# No core dump will be written. Minidumps are not enabled by default on client versions of Windows
#
# If you would like to submit a bug report, please visit:
#   https://bugreport.java.com/bugreport/crash.jsp
#

---------------  S U M M A R Y ------------

Command Line: --add-opens=java.base/java.util=ALL-UNNAMED --add-opens=java.base/java.lang=ALL-UNNAMED --add-opens=java.base/java.lang.invoke=ALL-UNNAMED --add-opens=java.base/java.util=ALL-UNNAMED --add-opens=java.prefs/java.util.prefs=ALL-UNNAMED --add-opens=java.prefs/java.util.prefs=ALL-UNNAMED --add-opens=java.base/java.nio.charset=ALL-UNNAMED --add-opens=java.base/java.net=ALL-UNNAMED --add-opens=java.base/java.util.concurrent.atomic=ALL-UNNAMED -Xmx2048m -Dfile.encoding=UTF-8 -Duser.country=US -Duser.language=en -Duser.variant org.gradle.launcher.daemon.bootstrap.GradleDaemon 7.4

Host: Intel(R) Core(TM) i3-7100 CPU @ 3.90GHz, 4 cores, 11G,  Windows 10 , 64 bit Build 19041 (10.0.19041.2364)
Time: Mon Jan 23 13:18:52 2023 Bangladesh Standard Time elapsed time: 5763.728065 seconds (0d 1h 36m 3s)

---------------  T H R E A D  ---------------

Current thread (0x0000017f7fb46000):  GCTaskThread "GC Thread#0" [stack: 0x00000044a0200000,0x00000044a0300000] [id=1540]

Stack: [0x00000044a0200000,0x00000044a0300000],  sp=0x00000044a02ff338,  free space=1020k
Native frames: (J=compiled Java code, j=interpreted, Vv=VM code, C=native code)
C  0x0000000000000003


siginfo: EXCEPTION_ACCESS_VIOLATION (0xc0000005), data execution prevention violation at address 0x0000000000000003


Register to memory mapping:

RIP=0x0000000000000003 is an unknown value
RAX=0x000000000000017f is an unknown value
RBX=0x000000008cce8760 is an oop: 
[error occurred during error reporting (printing register info), id 0xc0000005, EXCEPTION_ACCESS_VIOLATION (0xc0000005) at pc=0x0000000000000000]

Registers:
RAX=0x000000000000017f, RBX=0x000000008cce8760, RCX=0x0000017f213ca660, RDX=0x000000008cce8760
RSP=0x00000044a02ff338, RBP=0x0000000000000005, RSI=0x0000017f213ca4f0, RDI=0x0000017f213ca4f0
R8 =0x000000010041e178, R9 =0x00007ffb52ae34d0, R10=0x0000000000000000, R11=0x4000000000000020
R12=0x000000000439b837, R13=0x0000000000000000, R14=0x0000000000000000, R15=0x000000008cce8760
RIP=0x0000000000000003, EFLAGS=0x0000000000010206

Top of Stack: (sp=0x00000044a02ff338)
0x00000044a02ff338:   00007ffb5242aa97 000000008cce8760
0x00000044a02ff348:   0000000000000005 0000017f2131acb0
0x00000044a02ff358:   0000017f213ca4f0 0000000000000000
0x00000044a02ff368:   00007ffb5242a584 0000017f213ca4f0
0x00000044a02ff378:   000000008a108801 0000000000000005
0x00000044a02ff388:   0000000000000005 0000017f7fb486f0
0x00000044a02ff398:   0000000083b54df0 0000001a213ca602
0x00000044a02ff3a8:   000000000000000d 0000000000000001
0x00000044a02ff3b8:   0000017f213ca4f0 0000000000000040
0x00000044a02ff3c8:   0000017f7fb48770 0000000000000000
0x00000044a02ff3d8:   0000017f213ca4f0 00000044a02ff601
0x00000044a02ff3e8:   00007ffb523fbe62 0000017f213ca400
0x00000044a02ff3f8:   00007ffb523fed01 0000000000000000
0x00000044a02ff408:   000000008a1088f4 0000017f7fb486f0
0x00000044a02ff418:   00007ffb5242889b 000000000000152b
0x00000044a02ff428:   00000000000014a5 00000044a02ff601 

Instructions: (pc=0x0000000000000003)
0xffffffffffffff03:   


Stack slot to memory mapping:
stack at sp + 0 slots: 0x00007ffb5242aa97 jvm.dll
stack at sp + 1 slots: 0x000000008cce8760 is an oop: 
[error occurred during error reporting (inspecting top of stack), id 0xc0000005, EXCEPTION_ACCESS_VIOLATION (0xc0000005) at pc=0x0000000000000000]


---------------  P R O C E S S  ---------------

Threads class SMR info:
_java_thread_list=0x0000017f2625df40, length=85, elements={
0x0000017f7fb2c000, 0x0000017f1b3b3800, 0x0000017f1b3b7000, 0x0000017f1bc0a800,
0x0000017f1bc0c800, 0x0000017f1bc0f800, 0x0000017f1bc12800, 0x0000017f1bc14800,
0x0000017f1bc77800, 0x0000017f1bd80800, 0x0000017f1db0c000, 0x0000017f1dfd5800,
0x0000017f1dd8a000, 0x0000017f1e2e4000, 0x0000017f1e2e3800, 0x0000017f1e2e5000,
0x0000017f1e2e7800, 0x0000017f1e2e5800, 0x0000017f1fde5000, 0x0000017f1fde6000,
0x0000017f1fdea000, 0x0000017f1fde8800, 0x0000017f1fde4800, 0x0000017f21807000,
0x0000017f21806000, 0x0000017f27686800, 0x0000017f1f5bc000, 0x0000017f1f5b7000,
0x0000017f1f5bd800, 0x0000017f1f5be800, 0x0000017f1dfaf800, 0x0000017f21801800,
0x0000017f21800800, 0x0000017f217fb800, 0x0000017f217ff800, 0x0000017f21802000,
0x0000017f217fc800, 0x0000017f21803000, 0x0000017f217fd000, 0x0000017f217ff000,
0x0000017f21803800, 0x0000017f217fe000, 0x0000017f21804800, 0x0000017f21805800,
0x0000017f2753d800, 0x0000017f21808800, 0x0000017f21808000, 0x0000017f21809800,
0x0000017f1dfb0800, 0x0000017f1dfb2000, 0x0000017f1dfad000, 0x0000017f1dfae800,
0x0000017f1dfb1000, 0x0000017f1dfb2800, 0x0000017f1dfb3800, 0x0000017f1dfae000,
0x0000017f1dfb6000, 0x0000017f1dfb8800, 0x0000017f1dfba000, 0x0000017f1dfb7000,
0x0000017f1dfb5000, 0x0000017f1dfb7800, 0x0000017f1dfb9800, 0x0000017f1dfb4800,
0x0000017f1dfbb000, 0x0000017f1dfbb800, 0x0000017f27688800, 0x0000017f27689800,
0x0000017f27688000, 0x0000017f2768a800, 0x0000017f2768b000, 0x0000017f2768c000,
0x0000017f2768d000, 0x0000017f27687000, 0x0000017f2768f800, 0x0000017f27692800,
0x0000017f27691800, 0x0000017f27693800, 0x0000017f2768e800, 0x0000017f2768d800,
0x0000017f27694000, 0x0000017f27695000, 0x0000017f27690000, 0x0000017f27691000,
0x0000017f1f5b0800
}

Java Threads: ( => current thread )
  0x0000017f7fb2c000 JavaThread "main" [_thread_blocked, id=1816, stack(0x00000044a0100000,0x00000044a0200000)]
  0x0000017f1b3b3800 JavaThread "Reference Handler" daemon [_thread_blocked, id=3120, stack(0x00000044a0800000,0x00000044a0900000)]
  0x0000017f1b3b7000 JavaThread "Finalizer" daemon [_thread_blocked, id=4528, stack(0x00000044a0900000,0x00000044a0a00000)]
  0x0000017f1bc0a800 JavaThread "Signal Dispatcher" daemon [_thread_blocked, id=3216, stack(0x00000044a0a00000,0x00000044a0b00000)]
  0x0000017f1bc0c800 JavaThread "Attach Listener" daemon [_thread_blocked, id=9364, stack(0x00000044a0b00000,0x00000044a0c00000)]
  0x0000017f1bc0f800 JavaThread "Service Thread" daemon [_thread_blocked, id=6800, stack(0x00000044a0c00000,0x00000044a0d00000)]
  0x0000017f1bc12800 JavaThread "C2 CompilerThread0" daemon [_thread_blocked, id=8268, stack(0x00000044a0d00000,0x00000044a0e00000)]
  0x0000017f1bc14800 JavaThread "C1 CompilerThread0" daemon [_thread_blocked, id=8672, stack(0x00000044a0e00000,0x00000044a0f00000)]
  0x0000017f1bc77800 JavaThread "Sweeper thread" daemon [_thread_blocked, id=5608, stack(0x00000044a0f00000,0x00000044a1000000)]
  0x0000017f1bd80800 JavaThread "Common-Cleaner" daemon [_thread_blocked, id=4048, stack(0x00000044a1000000,0x00000044a1100000)]
  0x0000017f1db0c000 JavaThread "Daemon health stats" [_thread_blocked, id=8648, stack(0x00000044a1700000,0x00000044a1800000)]
  0x0000017f1dfd5800 JavaThread "Incoming local TCP Connector on port 62428" [_thread_in_native, id=4944, stack(0x00000044a1800000,0x00000044a1900000)]
  0x0000017f1dd8a000 JavaThread "Daemon periodic checks" [_thread_blocked, id=1480, stack(0x00000044a1900000,0x00000044a1a00000)]
  0x0000017f1e2e4000 JavaThread "Cache worker for journal cache (C:\Users\Administrator\.gradle\caches\journal-1)" [_thread_blocked, id=6172, stack(0x00000044a2100000,0x00000044a2200000)]
  0x0000017f1e2e3800 JavaThread "File lock request listener" [_thread_in_native, id=9484, stack(0x00000044a2200000,0x00000044a2300000)]
  0x0000017f1e2e5000 JavaThread "Cache worker for file hash cache (C:\Users\Administrator\.gradle\caches\7.4\fileHashes)" [_thread_blocked, id=9528, stack(0x00000044a2300000,0x00000044a2400000)]
  0x0000017f1e2e7800 JavaThread "File watcher server" daemon [_thread_blocked, id=1568, stack(0x00000044a2400000,0x00000044a2500000)]
  0x0000017f1e2e5800 JavaThread "File watcher consumer" daemon [_thread_blocked, id=4640, stack(0x00000044a2500000,0x00000044a2600000)]
  0x0000017f1fde5000 JavaThread "Cache worker for execution history cache (C:\Users\Administrator\.gradle\caches\7.4\executionHistory)" [_thread_blocked, id=3148, stack(0x00000044a2a00000,0x00000044a2b00000)]
  0x0000017f1fde6000 JavaThread "jar transforms" [_thread_blocked, id=10528, stack(0x00000044a2b00000,0x00000044a2c00000)]
  0x0000017f1fdea000 JavaThread "Cache worker for file content cache (C:\Users\Administrator\.gradle\caches\7.4\fileContent)" [_thread_blocked, id=12504, stack(0x00000044a2c00000,0x00000044a2d00000)]
  0x0000017f1fde8800 JavaThread "jar transforms Thread 2" [_thread_blocked, id=9596, stack(0x00000044a2d00000,0x00000044a2e00000)]
  0x0000017f1fde4800 JavaThread "jar transforms Thread 3" [_thread_blocked, id=3104, stack(0x00000044a2f00000,0x00000044a3000000)]
  0x0000017f21807000 JavaThread "jar transforms Thread 4" [_thread_blocked, id=6856, stack(0x00000044a5900000,0x00000044a5a00000)]
  0x0000017f21806000 JavaThread "Memory manager" [_thread_blocked, id=4556, stack(0x00000044a5a00000,0x00000044a5b00000)]
  0x0000017f27686800 JavaThread "ForkJoinPool.commonPool-worker-7" daemon [_thread_blocked, id=1548, stack(0x00000044a6800000,0x00000044a6900000)]
  0x0000017f1f5bc000 JavaThread "RMI Scheduler(0)" daemon [_thread_blocked, id=7856, stack(0x00000044a2700000,0x00000044a2800000)]
  0x0000017f1f5b7000 JavaThread "RMI GC Daemon" daemon [_thread_blocked, id=12692, stack(0x00000044a6700000,0x00000044a6800000)]
  0x0000017f1f5bd800 JavaThread "RMI TCP Accept-0" daemon [_thread_in_native, id=2292, stack(0x00000044a6900000,0x00000044a6a00000)]
  0x0000017f1f5be800 JavaThread "RMI Reaper" [_thread_blocked, id=2736, stack(0x00000044a6a00000,0x00000044a6b00000)]
  0x0000017f1dfaf800 JavaThread "Cache worker for Java compile cache (C:\Users\Administrator\.gradle\caches\7.4\javaCompile)" [_thread_blocked, id=1352, stack(0x00000044a6c00000,0x00000044a6d00000)]
  0x0000017f21801800 JavaThread "Daemon Thread 5" [_thread_blocked, id=10844, stack(0x000000449fe00000,0x000000449ff00000)]
  0x0000017f21800800 JavaThread "Handler for socket connection from /127.0.0.1:62428 to /127.0.0.1:64680" [_thread_in_native, id=4416, stack(0x000000449ff00000,0x00000044a0000000)]
  0x0000017f217fb800 JavaThread "Cancel handler" [_thread_blocked, id=932, stack(0x00000044a0000000,0x00000044a0100000)]
  0x0000017f217ff800 JavaThread "Daemon worker Thread 5" [_thread_blocked, id=12328, stack(0x00000044a1200000,0x00000044a1300000)]
  0x0000017f21802000 JavaThread "Asynchronous log dispatcher for DefaultDaemonConnection: socket connection from /127.0.0.1:62428 to /127.0.0.1:64680" [_thread_blocked, id=4820, stack(0x00000044a1a00000,0x00000044a1b00000)]
  0x0000017f217fc800 JavaThread "Stdin handler" [_thread_blocked, id=6256, stack(0x00000044a1b00000,0x00000044a1c00000)]
  0x0000017f21803000 JavaThread "Daemon client event forwarder" [_thread_blocked, id=2412, stack(0x00000044a1c00000,0x00000044a1d00000)]
  0x0000017f217fd000 JavaThread "Cache worker for checksums cache (P:\NavigationComponent\.gradle\7.4\checksums)" [_thread_blocked, id=11956, stack(0x00000044a1d00000,0x00000044a1e00000)]
  0x0000017f217ff000 JavaThread "Cache worker for cache directory md-rule (C:\Users\Administrator\.gradle\caches\7.4\md-rule)" [_thread_blocked, id=6348, stack(0x00000044a1e00000,0x00000044a1f00000)]
  0x0000017f21803800 JavaThread "Cache worker for file hash cache (P:\NavigationComponent\.gradle\7.4\fileHashes)" [_thread_blocked, id=6768, stack(0x00000044a1f00000,0x00000044a2000000)]
  0x0000017f217fe000 JavaThread "Cache worker for cache directory md-supplier (C:\Users\Administrator\.gradle\caches\7.4\md-supplier)" [_thread_blocked, id=2204, stack(0x00000044a2000000,0x00000044a2100000)]
  0x0000017f21804800 JavaThread "Cache worker for dependencies-accessors (P:\NavigationComponent\.gradle\7.4\dependencies-accessors)" [_thread_blocked, id=684, stack(0x00000044a2600000,0x00000044a2700000)]
  0x0000017f21805800 JavaThread "Cache worker for Build Output Cleanup Cache (P:\NavigationComponent\.gradle\buildOutputCleanup)" [_thread_blocked, id=12964, stack(0x00000044a2800000,0x00000044a2900000)]
  0x0000017f2753d800 JavaThread "C2 CompilerThread1" daemon [_thread_blocked, id=6600, stack(0x00000044a2900000,0x00000044a2a00000)]
  0x0000017f21808800 JavaThread "Unconstrained build operations" [_thread_blocked, id=1232, stack(0x00000044a2e00000,0x00000044a2f00000)]
  0x0000017f21808000 JavaThread "Unconstrained build operations Thread 2" [_thread_blocked, id=8432, stack(0x00000044a3000000,0x00000044a3100000)]
  0x0000017f21809800 JavaThread "Unconstrained build operations Thread 3" [_thread_blocked, id=7712, stack(0x00000044a3100000,0x00000044a3200000)]
  0x0000017f1dfb0800 JavaThread "Unconstrained build operations Thread 4" [_thread_blocked, id=7800, stack(0x00000044a3200000,0x00000044a3300000)]
  0x0000017f1dfb2000 JavaThread "Unconstrained build operations Thread 5" [_thread_blocked, id=5760, stack(0x00000044a3300000,0x00000044a3400000)]
  0x0000017f1dfad000 JavaThread "Unconstrained build operations Thread 6" [_thread_blocked, id=224, stack(0x00000044a3400000,0x00000044a3500000)]
  0x0000017f1dfae800 JavaThread "Unconstrained build operations Thread 7" [_thread_blocked, id=10376, stack(0x00000044a3500000,0x00000044a3600000)]
  0x0000017f1dfb1000 JavaThread "Unconstrained build operations Thread 8" [_thread_blocked, id=2368, stack(0x00000044a3600000,0x00000044a3700000)]
  0x0000017f1dfb2800 JavaThread "Unconstrained build operations Thread 9" [_thread_blocked, id=11788, stack(0x00000044a3700000,0x00000044a3800000)]
  0x0000017f1dfb3800 JavaThread "Unconstrained build operations Thread 10" [_thread_blocked, id=11088, stack(0x00000044a3800000,0x00000044a3900000)]
  0x0000017f1dfae000 JavaThread "Unconstrained build operations Thread 11" [_thread_blocked, id=7848, stack(0x00000044a3900000,0x00000044a3a00000)]
  0x0000017f1dfb6000 JavaThread "Unconstrained build operations Thread 12" [_thread_blocked, id=12532, stack(0x00000044a3a00000,0x00000044a3b00000)]
  0x0000017f1dfb8800 JavaThread "Unconstrained build operations Thread 13" [_thread_blocked, id=3616, stack(0x00000044a3b00000,0x00000044a3c00000)]
  0x0000017f1dfba000 JavaThread "Unconstrained build operations Thread 14" [_thread_blocked, id=4540, stack(0x00000044a3c00000,0x00000044a3d00000)]
  0x0000017f1dfb7000 JavaThread "Unconstrained build operations Thread 15" [_thread_blocked, id=5340, stack(0x00000044a3d00000,0x00000044a3e00000)]
  0x0000017f1dfb5000 JavaThread "Unconstrained build operations Thread 16" [_thread_blocked, id=1496, stack(0x00000044a3e00000,0x00000044a3f00000)]
  0x0000017f1dfb7800 JavaThread "Unconstrained build operations Thread 17" [_thread_blocked, id=1176, stack(0x00000044a3f00000,0x00000044a4000000)]
  0x0000017f1dfb9800 JavaThread "Unconstrained build operations Thread 18" [_thread_blocked, id=3376, stack(0x00000044a4000000,0x00000044a4100000)]
  0x0000017f1dfb4800 JavaThread "Unconstrained build operations Thread 19" [_thread_blocked, id=10296, stack(0x00000044a4100000,0x00000044a4200000)]
  0x0000017f1dfbb000 JavaThread "Unconstrained build operations Thread 20" [_thread_blocked, id=7052, stack(0x00000044a4200000,0x00000044a4300000)]
  0x0000017f1dfbb800 JavaThread "Unconstrained build operations Thread 21" [_thread_blocked, id=8888, stack(0x00000044a4300000,0x00000044a4400000)]
  0x0000017f27688800 JavaThread "Unconstrained build operations Thread 22" [_thread_blocked, id=1844, stack(0x00000044a4400000,0x00000044a4500000)]
  0x0000017f27689800 JavaThread "Unconstrained build operations Thread 23" [_thread_blocked, id=8856, stack(0x00000044a4500000,0x00000044a4600000)]
  0x0000017f27688000 JavaThread "Unconstrained build operations Thread 24" [_thread_blocked, id=12284, stack(0x00000044a4600000,0x00000044a4700000)]
  0x0000017f2768a800 JavaThread "Unconstrained build operations Thread 25" [_thread_blocked, id=6956, stack(0x00000044a4700000,0x00000044a4800000)]
  0x0000017f2768b000 JavaThread "Unconstrained build operations Thread 26" [_thread_blocked, id=10540, stack(0x00000044a4800000,0x00000044a4900000)]
  0x0000017f2768c000 JavaThread "Unconstrained build operations Thread 27" [_thread_blocked, id=5464, stack(0x00000044a4900000,0x00000044a4a00000)]
  0x0000017f2768d000 JavaThread "Unconstrained build operations Thread 28" [_thread_blocked, id=12484, stack(0x00000044a4a00000,0x00000044a4b00000)]
  0x0000017f27687000 JavaThread "Unconstrained build operations Thread 29" [_thread_blocked, id=12752, stack(0x00000044a4b00000,0x00000044a4c00000)]
  0x0000017f2768f800 JavaThread "Unconstrained build operations Thread 30" [_thread_blocked, id=5200, stack(0x00000044a4c00000,0x00000044a4d00000)]
  0x0000017f27692800 JavaThread "Unconstrained build operations Thread 31" [_thread_blocked, id=7332, stack(0x00000044a4d00000,0x00000044a4e00000)]
  0x0000017f27691800 JavaThread "Unconstrained build operations Thread 32" [_thread_blocked, id=400, stack(0x00000044a4e00000,0x00000044a4f00000)]
  0x0000017f27693800 JavaThread "Unconstrained build operations Thread 33" [_thread_blocked, id=8596, stack(0x00000044a4f00000,0x00000044a5000000)]
  0x0000017f2768e800 JavaThread "Unconstrained build operations Thread 34" [_thread_blocked, id=3428, stack(0x00000044a5000000,0x00000044a5100000)]
  0x0000017f2768d800 JavaThread "Unconstrained build operations Thread 35" [_thread_blocked, id=3804, stack(0x00000044a5100000,0x00000044a5200000)]
  0x0000017f27694000 JavaThread "Unconstrained build operations Thread 36" [_thread_blocked, id=8448, stack(0x00000044a5200000,0x00000044a5300000)]
  0x0000017f27695000 JavaThread "Unconstrained build operations Thread 37" [_thread_blocked, id=660, stack(0x00000044a5300000,0x00000044a5400000)]
  0x0000017f27690000 JavaThread "Unconstrained build operations Thread 38" [_thread_blocked, id=2316, stack(0x00000044a5400000,0x00000044a5500000)]
  0x0000017f27691000 JavaThread "Unconstrained build operations Thread 39" [_thread_blocked, id=3060, stack(0x00000044a5500000,0x00000044a5600000)]
  0x0000017f1f5b0800 JavaThread "Unconstrained build operations Thread 40" [_thread_blocked, id=6104, stack(0x00000044a5600000,0x00000044a5700000)]

Other Threads:
  0x0000017f1b39b800 VMThread "VM Thread" [stack: 0x00000044a0700000,0x00000044a0800000] [id=9440]
  0x0000017f1bd89800 WatcherThread [stack: 0x00000044a1100000,0x00000044a1200000] [id=4872]
=>0x0000017f7fb46000 GCTaskThread "GC Thread#0" [stack: 0x00000044a0200000,0x00000044a0300000] [id=1540]
  0x0000017f1c18b000 GCTaskThread "GC Thread#1" [stack: 0x00000044a1300000,0x00000044a1400000] [id=4132]
  0x0000017f1c3aa000 GCTaskThread "GC Thread#2" [stack: 0x00000044a1400000,0x00000044a1500000] [id=8772]
  0x0000017f1bfb6000 GCTaskThread "GC Thread#3" [stack: 0x00000044a1500000,0x00000044a1600000] [id=3580]
  0x0000017f7fb76800 ConcurrentGCThread "G1 Main Marker" [stack: 0x00000044a0300000,0x00000044a0400000] [id=8048]
  0x0000017f7fb77800 ConcurrentGCThread "G1 Conc#0" [stack: 0x00000044a0400000,0x00000044a0500000] [id=5108]
  0x0000017f1b1f0800 ConcurrentGCThread "G1 Refine#0" [stack: 0x00000044a0500000,0x00000044a0600000] [id=3596]
  0x0000017f1d58e000 ConcurrentGCThread "G1 Refine#1" [stack: 0x00000044a1600000,0x00000044a1700000] [id=6596]
  0x0000017f1b1f1000 ConcurrentGCThread "G1 Young RemSet Sampling" [stack: 0x00000044a0600000,0x00000044a0700000] [id=4992]

Threads with active compile tasks:
C2 CompilerThread05763742 24403       4       org.gradle.api.internal.attributes.DefaultMutableAttributeContainer::checkInsertionAllowed (125 bytes)
C2 CompilerThread15763742 24412       4       java.security.AccessControlContext::combine (205 bytes)

VM state:at safepoint (normal execution)

VM Mutex/Monitor currently owned by a thread:  ([mutex/lock_event])
[0x0000017f7fb27eb0] Threads_lock - owner thread: 0x0000017f1b39b800
[0x0000017f7fb279a0] Heap_lock - owner thread: 0x0000017f27691800

Heap address: 0x0000000080000000, size: 2048 MB, Compressed Oops mode: 32-bit
Narrow klass base: 0x0000000000000000, Narrow klass shift: 3
Compressed class space size: 1073741824 Address: 0x0000000100000000

Heap:
 garbage-first heap   total 236544K, used 179433K [0x0000000080000000, 0x0000000100000000)
  region size 1024K, 69 young (70656K), 5 survivors (5120K)
 Metaspace       used 139508K, capacity 143210K, committed 143900K, reserved 1175552K
  class space    used 17116K, capacity 18537K, committed 18840K, reserved 1048576K
Heap Regions: E=young(eden), S=young(survivor), O=old, HS=humongous(starts), HC=humongous(continues), CS=collection set, F=free, A=archive, TAMS=top-at-mark-start (previous, next)
|   0|0x0000000080000000, 0x0000000080100000, 0x0000000080100000|100%|HS|  |TAMS 0x0000000080100000, 0x0000000080100000| Complete 
|   1|0x0000000080100000, 0x0000000080200000, 0x0000000080200000|100%|HC|  |TAMS 0x0000000080200000, 0x0000000080200000| Complete 
|   2|0x0000000080200000, 0x0000000080300000, 0x0000000080300000|100%|HC|  |TAMS 0x0000000080300000, 0x0000000080300000| Complete 
|   3|0x0000000080300000, 0x0000000080400000, 0x0000000080400000|100%| O|  |TAMS 0x0000000080400000, 0x0000000080400000| Untracked 
|   4|0x0000000080400000, 0x0000000080500000, 0x0000000080500000|100%| O|  |TAMS 0x0000000080500000, 0x0000000080500000| Untracked 
|   5|0x0000000080500000, 0x0000000080600000, 0x0000000080600000|100%| O|  |TAMS 0x0000000080600000, 0x0000000080600000| Untracked 
|   6|0x0000000080600000, 0x0000000080700000, 0x0000000080700000|100%| O|  |TAMS 0x0000000080700000, 0x0000000080700000| Untracked 
|   7|0x0000000080700000, 0x0000000080800000, 0x0000000080800000|100%| O|  |TAMS 0x0000000080800000, 0x0000000080800000| Untracked 
|   8|0x0000000080800000, 0x0000000080900000, 0x0000000080900000|100%| O|  |TAMS 0x0000000080900000, 0x0000000080900000| Untracked 
|   9|0x0000000080900000, 0x0000000080a00000, 0x0000000080a00000|100%| O|  |TAMS 0x0000000080a00000, 0x0000000080a00000| Untracked 
|  10|0x0000000080a00000, 0x0000000080b00000, 0x0000000080b00000|100%| O|  |TAMS 0x0000000080b00000, 0x0000000080b00000| Untracked 
|  11|0x0000000080b00000, 0x0000000080c00000, 0x0000000080c00000|100%| O|  |TAMS 0x0000000080c00000, 0x0000000080c00000| Untracked 
|  12|0x0000000080c00000, 0x0000000080d00000, 0x0000000080d00000|100%| O|  |TAMS 0x0000000080d00000, 0x0000000080d00000| Untracked 
|  13|0x0000000080d00000, 0x0000000080e00000, 0x0000000080e00000|100%| O|  |TAMS 0x0000000080e00000, 0x0000000080e00000| Untracked 
|  14|0x0000000080e00000, 0x0000000080f00000, 0x0000000080f00000|100%|HS|  |TAMS 0x0000000080f00000, 0x0000000080f00000| Complete 
|  15|0x0000000080f00000, 0x0000000081000000, 0x0000000081000000|100%| O|  |TAMS 0x0000000081000000, 0x0000000081000000| Untracked 
|  16|0x0000000081000000, 0x0000000081100000, 0x0000000081100000|100%| O|  |TAMS 0x0000000081100000, 0x0000000081100000| Untracked 
|  17|0x0000000081100000, 0x0000000081200000, 0x0000000081200000|100%| O|  |TAMS 0x0000000081200000, 0x0000000081200000| Untracked 
|  18|0x0000000081200000, 0x0000000081300000, 0x0000000081300000|100%| O|  |TAMS 0x0000000081300000, 0x0000000081300000| Untracked 
|  19|0x0000000081300000, 0x0000000081400000, 0x0000000081400000|100%| O|  |TAMS 0x0000000081400000, 0x0000000081400000| Untracked 
|  20|0x0000000081400000, 0x0000000081500000, 0x0000000081500000|100%| O|  |TAMS 0x0000000081500000, 0x0000000081500000| Untracked 
|  21|0x0000000081500000, 0x0000000081600000, 0x0000000081600000|100%| O|  |TAMS 0x0000000081600000, 0x0000000081600000| Untracked 
|  22|0x0000000081600000, 0x0000000081700000, 0x0000000081700000|100%| O|  |TAMS 0x0000000081700000, 0x0000000081700000| Untracked 
|  23|0x0000000081700000, 0x0000000081800000, 0x0000000081800000|100%|HS|  |TAMS 0x0000000081800000, 0x0000000081800000| Complete 
|  24|0x0000000081800000, 0x0000000081900000, 0x0000000081900000|100%|HS|  |TAMS 0x0000000081900000, 0x0000000081900000| Complete 
|  25|0x0000000081900000, 0x0000000081a00000, 0x0000000081a00000|100%|HS|  |TAMS 0x0000000081a00000, 0x0000000081a00000| Complete 
|  26|0x0000000081a00000, 0x0000000081b00000, 0x0000000081b00000|100%|HC|  |TAMS 0x0000000081b00000, 0x0000000081b00000| Complete 
|  27|0x0000000081b00000, 0x0000000081c00000, 0x0000000081c00000|100%|HC|  |TAMS 0x0000000081c00000, 0x0000000081c00000| Complete 
|  28|0x0000000081c00000, 0x0000000081d00000, 0x0000000081d00000|100%|HC|  |TAMS 0x0000000081d00000, 0x0000000081d00000| Complete 
|  29|0x0000000081d00000, 0x0000000081e00000, 0x0000000081e00000|100%| O|  |TAMS 0x0000000081e00000, 0x0000000081e00000| Untracked 
|  30|0x0000000081e00000, 0x0000000081f00000, 0x0000000081f00000|100%|HS|  |TAMS 0x0000000081f00000, 0x0000000081f00000| Complete 
|  31|0x0000000081f00000, 0x0000000082000000, 0x0000000082000000|100%|HC|  |TAMS 0x0000000082000000, 0x0000000082000000| Complete 
|  32|0x0000000082000000, 0x0000000082100000, 0x0000000082100000|100%| O|  |TAMS 0x0000000082100000, 0x0000000082100000| Untracked 
|  33|0x0000000082100000, 0x0000000082200000, 0x0000000082200000|100%| O|  |TAMS 0x0000000082100000, 0x0000000082200000| Untracked 
|  34|0x0000000082200000, 0x0000000082300000, 0x0000000082300000|100%| O|  |TAMS 0x0000000082300000, 0x0000000082300000| Untracked 
|  35|0x0000000082300000, 0x0000000082400000, 0x0000000082400000|100%| O|  |TAMS 0x0000000082400000, 0x0000000082400000| Untracked 
|  36|0x0000000082400000, 0x0000000082500000, 0x0000000082500000|100%| O|  |TAMS 0x0000000082500000, 0x0000000082500000| Untracked 
|  37|0x0000000082500000, 0x0000000082600000, 0x0000000082600000|100%| O|  |TAMS 0x0000000082500000, 0x0000000082600000| Untracked 
|  38|0x0000000082600000, 0x0000000082700000, 0x0000000082700000|100%| O|  |TAMS 0x0000000082700000, 0x0000000082700000| Untracked 
|  39|0x0000000082700000, 0x0000000082800000, 0x0000000082800000|100%| O|  |TAMS 0x0000000082800000, 0x0000000082800000| Untracked 
|  40|0x0000000082800000, 0x0000000082900000, 0x0000000082900000|100%| O|  |TAMS 0x0000000082900000, 0x0000000082900000| Untracked 
|  41|0x0000000082900000, 0x0000000082a00000, 0x0000000082a00000|100%| O|  |TAMS 0x0000000082a00000, 0x0000000082a00000| Untracked 
|  42|0x0000000082a00000, 0x0000000082b00000, 0x0000000082b00000|100%| O|  |TAMS 0x0000000082b00000, 0x0000000082b00000| Untracked 
|  43|0x0000000082b00000, 0x0000000082c00000, 0x0000000082c00000|100%| O|  |TAMS 0x0000000082c00000, 0x0000000082c00000| Untracked 
|  44|0x0000000082c00000, 0x0000000082d00000, 0x0000000082d00000|100%| O|  |TAMS 0x0000000082c00000, 0x0000000082d00000| Untracked 
|  45|0x0000000082d00000, 0x0000000082e00000, 0x0000000082e00000|100%| O|  |TAMS 0x0000000082e00000, 0x0000000082e00000| Untracked 
|  46|0x0000000082e00000, 0x0000000082f00000, 0x0000000082f00000|100%| O|  |TAMS 0x0000000082f00000, 0x0000000082f00000| Untracked 
|  47|0x0000000082f00000, 0x0000000083000000, 0x0000000083000000|100%| O|  |TAMS 0x0000000083000000, 0x0000000083000000| Untracked 
|  48|0x0000000083000000, 0x0000000083100000, 0x0000000083100000|100%| O|  |TAMS 0x0000000083100000, 0x0000000083100000| Untracked 
|  49|0x0000000083100000, 0x0000000083200000, 0x0000000083200000|100%| O|  |TAMS 0x0000000083100000, 0x0000000083200000| Untracked 
|  50|0x0000000083200000, 0x0000000083300000, 0x0000000083300000|100%| O|  |TAMS 0x0000000083300000, 0x0000000083300000| Untracked 
|  51|0x0000000083300000, 0x0000000083400000, 0x0000000083400000|100%| O|  |TAMS 0x0000000083400000, 0x0000000083400000| Untracked 
|  52|0x0000000083400000, 0x0000000083500000, 0x0000000083500000|100%| O|  |TAMS 0x0000000083500000, 0x0000000083500000| Untracked 
|  53|0x0000000083500000, 0x0000000083600000, 0x0000000083600000|100%| O|  |TAMS 0x0000000083600000, 0x0000000083600000| Untracked 
|  54|0x0000000083600000, 0x0000000083700000, 0x0000000083700000|100%| O|  |TAMS 0x0000000083700000, 0x0000000083700000| Untracked 
|  55|0x0000000083700000, 0x0000000083800000, 0x0000000083800000|100%| O|  |TAMS 0x0000000083800000, 0x0000000083800000| Untracked 
|  56|0x0000000083800000, 0x0000000083900000, 0x0000000083900000|100%| O|  |TAMS 0x0000000083800000, 0x0000000083900000| Untracked 
|  57|0x0000000083900000, 0x0000000083a00000, 0x0000000083a00000|100%| O|  |TAMS 0x0000000083900000, 0x0000000083a00000| Untracked 
|  58|0x0000000083a00000, 0x0000000083b00000, 0x0000000083b00000|100%| O|  |TAMS 0x0000000083a00000, 0x0000000083b00000| Untracked 
|  59|0x0000000083b00000, 0x0000000083c00000, 0x0000000083c00000|100%| O|  |TAMS 0x0000000083b00000, 0x0000000083c00000| Untracked 
|  60|0x0000000083c00000, 0x0000000083d00000, 0x0000000083d00000|100%| O|  |TAMS 0x0000000083c00000, 0x0000000083d00000| Untracked 
|  61|0x0000000083d00000, 0x0000000083e00000, 0x0000000083e00000|100%| O|  |TAMS 0x0000000083e00000, 0x0000000083e00000| Untracked 
|  62|0x0000000083e00000, 0x0000000083f00000, 0x0000000083f00000|100%| O|  |TAMS 0x0000000083e00000, 0x0000000083f00000| Untracked 
|  63|0x0000000083f00000, 0x0000000084000000, 0x0000000084000000|100%| O|  |TAMS 0x0000000084000000, 0x0000000084000000| Untracked 
|  64|0x0000000084000000, 0x0000000084100000, 0x0000000084100000|100%| O|  |TAMS 0x0000000084000000, 0x0000000084100000| Untracked 
|  65|0x0000000084100000, 0x0000000084200000, 0x0000000084200000|100%| O|  |TAMS 0x0000000084200000, 0x0000000084200000| Untracked 
|  66|0x0000000084200000, 0x0000000084300000, 0x0000000084300000|100%| O|  |TAMS 0x0000000084300000, 0x0000000084300000| Untracked 
|  67|0x0000000084300000, 0x0000000084300000, 0x0000000084400000|  0%| F|  |TAMS 0x0000000084300000, 0x0000000084300000| Untracked 
|  68|0x0000000084400000, 0x0000000084500000, 0x0000000084500000|100%| O|  |TAMS 0x0000000084500000, 0x0000000084500000| Untracked 
|  69|0x0000000084500000, 0x0000000084600000, 0x0000000084600000|100%| O|  |TAMS 0x0000000084600000, 0x0000000084600000| Untracked 
|  70|0x0000000084600000, 0x0000000084700000, 0x0000000084700000|100%| O|  |TAMS 0x0000000084700000, 0x0000000084700000| Untracked 
|  71|0x0000000084700000, 0x0000000084800000, 0x0000000084800000|100%| O|  |TAMS 0x0000000084800000, 0x0000000084800000| Untracked 
|  72|0x0000000084800000, 0x0000000084900000, 0x0000000084900000|100%| O|  |TAMS 0x0000000084900000, 0x0000000084900000| Untracked 
|  73|0x0000000084900000, 0x0000000084a00000, 0x0000000084a00000|100%| O|  |TAMS 0x0000000084a00000, 0x0000000084a00000| Untracked 
|  74|0x0000000084a00000, 0x0000000084b00000, 0x0000000084b00000|100%| O|  |TAMS 0x0000000084b00000, 0x0000000084b00000| Untracked 
|  75|0x0000000084b00000, 0x0000000084c00000, 0x0000000084c00000|100%| O|  |TAMS 0x0000000084c00000, 0x0000000084c00000| Untracked 
|  76|0x0000000084c00000, 0x0000000084d00000, 0x0000000084d00000|100%| O|  |TAMS 0x0000000084d00000, 0x0000000084d00000| Untracked 
|  77|0x0000000084d00000, 0x0000000084e00000, 0x0000000084e00000|100%| O|  |TAMS 0x0000000084e00000, 0x0000000084e00000| Untracked 
|  78|0x0000000084e00000, 0x0000000084f00000, 0x0000000084f00000|100%| O|  |TAMS 0x0000000084f00000, 0x0000000084f00000| Untracked 
|  79|0x0000000084f00000, 0x0000000085000000, 0x0000000085000000|100%| O|  |TAMS 0x0000000085000000, 0x0000000085000000| Untracked 
|  80|0x0000000085000000, 0x0000000085100000, 0x0000000085100000|100%| O|  |TAMS 0x0000000085100000, 0x0000000085100000| Untracked 
|  81|0x0000000085100000, 0x0000000085200000, 0x0000000085200000|100%| O|  |TAMS 0x0000000085200000, 0x0000000085200000| Untracked 
|  82|0x0000000085200000, 0x0000000085300000, 0x0000000085300000|100%| O|  |TAMS 0x0000000085300000, 0x0000000085300000| Untracked 
|  83|0x0000000085300000, 0x0000000085400000, 0x0000000085400000|100%| O|  |TAMS 0x0000000085400000, 0x0000000085400000| Untracked 
|  84|0x0000000085400000, 0x0000000085400000, 0x0000000085500000|  0%| F|  |TAMS 0x0000000085400000, 0x0000000085400000| Untracked 
|  85|0x0000000085500000, 0x0000000085600000, 0x0000000085600000|100%| O|  |TAMS 0x0000000085600000, 0x0000000085600000| Untracked 
|  86|0x0000000085600000, 0x0000000085700000, 0x0000000085700000|100%| O|  |TAMS 0x0000000085700000, 0x0000000085700000| Untracked 
|  87|0x0000000085700000, 0x0000000085800000, 0x0000000085800000|100%| O|  |TAMS 0x0000000085800000, 0x0000000085800000| Untracked 
|  88|0x0000000085800000, 0x0000000085900000, 0x0000000085900000|100%| O|  |TAMS 0x0000000085900000, 0x0000000085900000| Untracked 
|  89|0x0000000085900000, 0x0000000085a00000, 0x0000000085a00000|100%| O|  |TAMS 0x0000000085a00000, 0x0000000085a00000| Untracked 
|  90|0x0000000085a00000, 0x0000000085b00000, 0x0000000085b00000|100%| O|  |TAMS 0x0000000085b00000, 0x0000000085b00000| Untracked 
|  91|0x0000000085b00000, 0x0000000085c00000, 0x0000000085c00000|100%| O|  |TAMS 0x0000000085c00000, 0x0000000085c00000| Untracked 
|  92|0x0000000085c00000, 0x0000000085c00000, 0x0000000085d00000|  0%| F|  |TAMS 0x0000000085c00000, 0x0000000085c00000| Untracked 
|  93|0x0000000085d00000, 0x0000000085e00000, 0x0000000085e00000|100%| O|  |TAMS 0x0000000085e00000, 0x0000000085e00000| Untracked 
|  94|0x0000000085e00000, 0x0000000085f00000, 0x0000000085f00000|100%| O|  |TAMS 0x0000000085f00000, 0x0000000085f00000| Untracked 
|  95|0x0000000085f00000, 0x0000000086000000, 0x0000000086000000|100%| O|  |TAMS 0x0000000086000000, 0x0000000086000000| Untracked 
|  96|0x0000000086000000, 0x0000000086100000, 0x0000000086100000|100%| O|  |TAMS 0x00000000860d7400, 0x0000000086100000| Untracked 
|  97|0x0000000086100000, 0x0000000086100000, 0x0000000086200000|  0%| F|  |TAMS 0x0000000086100000, 0x0000000086100000| Untracked 
|  98|0x0000000086200000, 0x0000000086200000, 0x0000000086300000|  0%| F|  |TAMS 0x0000000086200000, 0x0000000086200000| Untracked 
|  99|0x0000000086300000, 0x0000000086400000, 0x0000000086400000|100%| O|  |TAMS 0x0000000086400000, 0x0000000086400000| Untracked 
| 100|0x0000000086400000, 0x0000000086500000, 0x0000000086500000|100%| O|  |TAMS 0x0000000086500000, 0x0000000086500000| Untracked 
| 101|0x0000000086500000, 0x0000000086500000, 0x0000000086600000|  0%| F|  |TAMS 0x0000000086500000, 0x0000000086500000| Untracked 
| 102|0x0000000086600000, 0x0000000086600000, 0x0000000086700000|  0%| F|  |TAMS 0x0000000086600000, 0x0000000086600000| Untracked 
| 103|0x0000000086700000, 0x0000000086700000, 0x0000000086800000|  0%| F|  |TAMS 0x0000000086700000, 0x0000000086700000| Untracked 
| 104|0x0000000086800000, 0x0000000086900000, 0x0000000086900000|100%| O|  |TAMS 0x0000000086900000, 0x0000000086900000| Untracked 
| 105|0x0000000086900000, 0x0000000086a00000, 0x0000000086a00000|100%| O|  |TAMS 0x0000000086a00000, 0x0000000086a00000| Untracked 
| 106|0x0000000086a00000, 0x0000000086a00000, 0x0000000086b00000|  0%| F|  |TAMS 0x0000000086a00000, 0x0000000086a00000| Untracked 
| 107|0x0000000086b00000, 0x0000000086b00000, 0x0000000086c00000|  0%| F|  |TAMS 0x0000000086b00000, 0x0000000086b00000| Untracked 
| 108|0x0000000086c00000, 0x0000000086d00000, 0x0000000086d00000|100%| O|  |TAMS 0x0000000086d00000, 0x0000000086d00000| Untracked 
| 109|0x0000000086d00000, 0x0000000086e00000, 0x0000000086e00000|100%| O|  |TAMS 0x0000000086e00000, 0x0000000086e00000| Untracked 
| 110|0x0000000086e00000, 0x0000000086e00000, 0x0000000086f00000|  0%| F|  |TAMS 0x0000000086e00000, 0x0000000086e00000| Untracked 
| 111|0x0000000086f00000, 0x0000000086f00000, 0x0000000087000000|  0%| F|  |TAMS 0x0000000086f00000, 0x0000000086f00000| Untracked 
| 112|0x0000000087000000, 0x0000000087000000, 0x0000000087100000|  0%| F|  |TAMS 0x0000000087000000, 0x0000000087000000| Untracked 
| 113|0x0000000087100000, 0x0000000087200000, 0x0000000087200000|100%| O|  |TAMS 0x0000000087200000, 0x0000000087200000| Untracked 
| 114|0x0000000087200000, 0x0000000087200000, 0x0000000087300000|  0%| F|  |TAMS 0x0000000087200000, 0x0000000087200000| Untracked 
| 115|0x0000000087300000, 0x0000000087300000, 0x0000000087400000|  0%| F|  |TAMS 0x0000000087300000, 0x0000000087300000| Untracked 
| 116|0x0000000087400000, 0x0000000087500000, 0x0000000087500000|100%| O|  |TAMS 0x0000000087500000, 0x0000000087500000| Untracked 
| 117|0x0000000087500000, 0x0000000087600000, 0x0000000087600000|100%| O|  |TAMS 0x0000000087600000, 0x0000000087600000| Untracked 
| 118|0x0000000087600000, 0x0000000087700000, 0x0000000087700000|100%| O|  |TAMS 0x0000000087700000, 0x0000000087700000| Untracked 
| 119|0x0000000087700000, 0x0000000087700000, 0x0000000087800000|  0%| F|  |TAMS 0x0000000087700000, 0x0000000087700000| Untracked 
| 120|0x0000000087800000, 0x0000000087900000, 0x0000000087900000|100%| O|  |TAMS 0x0000000087900000, 0x0000000087900000| Untracked 
| 121|0x0000000087900000, 0x0000000087a00000, 0x0000000087a00000|100%| O|  |TAMS 0x0000000087a00000, 0x0000000087a00000| Untracked 
| 122|0x0000000087a00000, 0x0000000087b00000, 0x0000000087b00000|100%| O|  |TAMS 0x0000000087b00000, 0x0000000087b00000| Untracked 
| 123|0x0000000087b00000, 0x0000000087c00000, 0x0000000087c00000|100%| O|  |TAMS 0x0000000087c00000, 0x0000000087c00000| Untracked 
| 124|0x0000000087c00000, 0x0000000087d00000, 0x0000000087d00000|100%| O|  |TAMS 0x0000000087d00000, 0x0000000087d00000| Untracked 
| 125|0x0000000087d00000, 0x0000000087e00000, 0x0000000087e00000|100%| O|  |TAMS 0x0000000087e00000, 0x0000000087e00000| Untracked 
| 126|0x0000000087e00000, 0x0000000087f00000, 0x0000000087f00000|100%| O|  |TAMS 0x0000000087f00000, 0x0000000087f00000| Untracked 
| 127|0x0000000087f00000, 0x0000000087f00000, 0x0000000088000000|  0%| F|  |TAMS 0x0000000087f00000, 0x0000000087f00000| Untracked 
| 128|0x0000000088000000, 0x0000000088000000, 0x0000000088100000|  0%| F|  |TAMS 0x0000000088000000, 0x0000000088000000| Untracked 
| 129|0x0000000088100000, 0x0000000088100000, 0x0000000088200000|  0%| F|  |TAMS 0x0000000088100000, 0x0000000088100000| Untracked 
| 130|0x0000000088200000, 0x0000000088200000, 0x0000000088300000|  0%| F|  |TAMS 0x0000000088200000, 0x0000000088200000| Untracked 
| 131|0x0000000088300000, 0x0000000088300000, 0x0000000088400000|  0%| F|  |TAMS 0x0000000088300000, 0x0000000088300000| Untracked 
| 132|0x0000000088400000, 0x0000000088400000, 0x0000000088500000|  0%| F|  |TAMS 0x0000000088400000, 0x0000000088400000| Untracked 
| 133|0x0000000088500000, 0x0000000088500000, 0x0000000088600000|  0%| F|  |TAMS 0x0000000088500000, 0x0000000088500000| Untracked 
| 134|0x0000000088600000, 0x0000000088600000, 0x0000000088700000|  0%| F|  |TAMS 0x0000000088600000, 0x0000000088600000| Untracked 
| 135|0x0000000088700000, 0x0000000088700000, 0x0000000088800000|  0%| F|  |TAMS 0x0000000088700000, 0x0000000088700000| Untracked 
| 136|0x0000000088800000, 0x0000000088800000, 0x0000000088900000|  0%| F|  |TAMS 0x0000000088800000, 0x0000000088800000| Untracked 
| 137|0x0000000088900000, 0x0000000088900000, 0x0000000088a00000|  0%| F|  |TAMS 0x0000000088900000, 0x0000000088900000| Untracked 
| 138|0x0000000088a00000, 0x0000000088a00000, 0x0000000088b00000|  0%| F|  |TAMS 0x0000000088a00000, 0x0000000088a00000| Untracked 
| 139|0x0000000088b00000, 0x0000000088b00000, 0x0000000088c00000|  0%| F|  |TAMS 0x0000000088b00000, 0x0000000088b00000| Untracked 
| 140|0x0000000088c00000, 0x0000000088c00000, 0x0000000088d00000|  0%| F|  |TAMS 0x0000000088c00000, 0x0000000088c00000| Untracked 
| 141|0x0000000088d00000, 0x0000000088d00000, 0x0000000088e00000|  0%| F|  |TAMS 0x0000000088d00000, 0x0000000088d00000| Untracked 
| 142|0x0000000088e00000, 0x0000000088e00000, 0x0000000088f00000|  0%| F|  |TAMS 0x0000000088e00000, 0x0000000088e00000| Untracked 
| 143|0x0000000088f00000, 0x0000000088f00000, 0x0000000089000000|  0%| F|  |TAMS 0x0000000088f00000, 0x0000000088f00000| Untracked 
| 144|0x0000000089000000, 0x0000000089000000, 0x0000000089100000|  0%| F|  |TAMS 0x0000000089000000, 0x0000000089000000| Untracked 
| 145|0x0000000089100000, 0x0000000089100000, 0x0000000089200000|  0%| F|  |TAMS 0x0000000089100000, 0x0000000089100000| Untracked 
| 146|0x0000000089200000, 0x0000000089200000, 0x0000000089300000|  0%| F|  |TAMS 0x0000000089200000, 0x0000000089200000| Untracked 
| 147|0x0000000089300000, 0x0000000089300000, 0x0000000089400000|  0%| F|  |TAMS 0x0000000089300000, 0x0000000089300000| Untracked 
| 148|0x0000000089400000, 0x0000000089400000, 0x0000000089500000|  0%| F|  |TAMS 0x0000000089400000, 0x0000000089400000| Untracked 
| 149|0x0000000089500000, 0x0000000089500000, 0x0000000089600000|  0%| F|  |TAMS 0x0000000089500000, 0x0000000089500000| Untracked 
| 150|0x0000000089600000, 0x0000000089600000, 0x0000000089700000|  0%| F|  |TAMS 0x0000000089600000, 0x0000000089600000| Untracked 
| 151|0x0000000089700000, 0x0000000089700000, 0x0000000089800000|  0%| F|  |TAMS 0x0000000089700000, 0x0000000089700000| Untracked 
| 152|0x0000000089800000, 0x0000000089800000, 0x0000000089900000|  0%| F|  |TAMS 0x0000000089800000, 0x0000000089800000| Untracked 
| 153|0x0000000089900000, 0x0000000089900000, 0x0000000089a00000|  0%| F|  |TAMS 0x0000000089900000, 0x0000000089900000| Untracked 
| 154|0x0000000089a00000, 0x0000000089a00000, 0x0000000089b00000|  0%| F|  |TAMS 0x0000000089a00000, 0x0000000089a00000| Untracked 
| 155|0x0000000089b00000, 0x0000000089b00000, 0x0000000089c00000|  0%| F|  |TAMS 0x0000000089b00000, 0x0000000089b00000| Untracked 
| 156|0x0000000089c00000, 0x0000000089c00000, 0x0000000089d00000|  0%| F|  |TAMS 0x0000000089c00000, 0x0000000089c00000| Untracked 
| 157|0x0000000089d00000, 0x0000000089d00000, 0x0000000089e00000|  0%| F|  |TAMS 0x0000000089d00000, 0x0000000089d00000| Untracked 
| 158|0x0000000089e00000, 0x0000000089e00000, 0x0000000089f00000|  0%| F|  |TAMS 0x0000000089e00000, 0x0000000089e00000| Untracked 
| 159|0x0000000089f00000, 0x0000000089f00000, 0x000000008a000000|  0%| F|  |TAMS 0x0000000089f00000, 0x0000000089f00000| Untracked 
| 160|0x000000008a000000, 0x000000008a100000, 0x000000008a100000|100%| S|  |TAMS 0x000000008a000000, 0x000000008a000000| Complete 
| 161|0x000000008a100000, 0x000000008a200000, 0x000000008a200000|100%| S|  |TAMS 0x000000008a100000, 0x000000008a100000| Complete 
| 162|0x000000008a200000, 0x000000008a300000, 0x000000008a300000|100%| S|  |TAMS 0x000000008a200000, 0x000000008a200000| Complete 
| 163|0x000000008a300000, 0x000000008a400000, 0x000000008a400000|100%| S|  |TAMS 0x000000008a300000, 0x000000008a300000| Complete 
| 164|0x000000008a400000, 0x000000008a500000, 0x000000008a500000|100%| S|  |TAMS 0x000000008a400000, 0x000000008a400000| Complete 
| 165|0x000000008a500000, 0x000000008a600000, 0x000000008a600000|100%| E|CS|TAMS 0x000000008a500000, 0x000000008a600000| Complete 
| 166|0x000000008a600000, 0x000000008a700000, 0x000000008a700000|100%| E|CS|TAMS 0x000000008a600000, 0x000000008a700000| Complete 
| 167|0x000000008a700000, 0x000000008a800000, 0x000000008a800000|100%| E|CS|TAMS 0x000000008a700000, 0x000000008a800000| Complete 
| 168|0x000000008a800000, 0x000000008a900000, 0x000000008a900000|100%| E|CS|TAMS 0x000000008a800000, 0x000000008a900000| Complete 
| 169|0x000000008a900000, 0x000000008aa00000, 0x000000008aa00000|100%| E|CS|TAMS 0x000000008a900000, 0x000000008aa00000| Complete 
| 170|0x000000008aa00000, 0x000000008ab00000, 0x000000008ab00000|100%| E|CS|TAMS 0x000000008aa00000, 0x000000008ab00000| Complete 
| 171|0x000000008ab00000, 0x000000008ac00000, 0x000000008ac00000|100%| E|CS|TAMS 0x000000008ab00000, 0x000000008ac00000| Complete 
| 172|0x000000008ac00000, 0x000000008ad00000, 0x000000008ad00000|100%| E|CS|TAMS 0x000000008ac00000, 0x000000008ad00000| Complete 
| 173|0x000000008ad00000, 0x000000008ae00000, 0x000000008ae00000|100%| E|CS|TAMS 0x000000008ad00000, 0x000000008ae00000| Complete 
| 174|0x000000008ae00000, 0x000000008af00000, 0x000000008af00000|100%| E|CS|TAMS 0x000000008ae00000, 0x000000008af00000| Complete 
| 175|0x000000008af00000, 0x000000008b000000, 0x000000008b000000|100%| E|CS|TAMS 0x000000008af00000, 0x000000008b000000| Complete 
| 176|0x000000008b000000, 0x000000008b100000, 0x000000008b100000|100%| E|CS|TAMS 0x000000008b000000, 0x000000008b100000| Complete 
| 177|0x000000008b100000, 0x000000008b200000, 0x000000008b200000|100%| E|CS|TAMS 0x000000008b100000, 0x000000008b200000| Complete 
| 178|0x000000008b200000, 0x000000008b300000, 0x000000008b300000|100%| E|CS|TAMS 0x000000008b200000, 0x000000008b300000| Complete 
| 179|0x000000008b300000, 0x000000008b400000, 0x000000008b400000|100%| E|CS|TAMS 0x000000008b300000, 0x000000008b400000| Complete 
| 180|0x000000008b400000, 0x000000008b500000, 0x000000008b500000|100%| E|CS|TAMS 0x000000008b400000, 0x000000008b500000| Complete 
| 181|0x000000008b500000, 0x000000008b600000, 0x000000008b600000|100%| E|CS|TAMS 0x000000008b500000, 0x000000008b600000| Complete 
| 182|0x000000008b600000, 0x000000008b700000, 0x000000008b700000|100%| E|CS|TAMS 0x000000008b600000, 0x000000008b700000| Complete 
| 183|0x000000008b700000, 0x000000008b800000, 0x000000008b800000|100%| E|CS|TAMS 0x000000008b700000, 0x000000008b800000| Complete 
| 184|0x000000008b800000, 0x000000008b900000, 0x000000008b900000|100%| E|CS|TAMS 0x000000008b800000, 0x000000008b900000| Complete 
| 185|0x000000008b900000, 0x000000008ba00000, 0x000000008ba00000|100%| E|CS|TAMS 0x000000008b900000, 0x000000008ba00000| Complete 
| 186|0x000000008ba00000, 0x000000008bb00000, 0x000000008bb00000|100%| E|CS|TAMS 0x000000008ba00000, 0x000000008bb00000| Complete 
| 187|0x000000008bb00000, 0x000000008bc00000, 0x000000008bc00000|100%| E|CS|TAMS 0x000000008bb00000, 0x000000008bc00000| Complete 
| 188|0x000000008bc00000, 0x000000008bd00000, 0x000000008bd00000|100%| E|CS|TAMS 0x000000008bc00000, 0x000000008bd00000| Complete 
| 189|0x000000008bd00000, 0x000000008be00000, 0x000000008be00000|100%| E|CS|TAMS 0x000000008bd00000, 0x000000008be00000| Complete 
| 190|0x000000008be00000, 0x000000008bf00000, 0x000000008bf00000|100%| E|CS|TAMS 0x000000008be00000, 0x000000008bf00000| Complete 
| 191|0x000000008bf00000, 0x000000008c000000, 0x000000008c000000|100%| E|CS|TAMS 0x000000008bf00000, 0x000000008c000000| Complete 
| 192|0x000000008c000000, 0x000000008c100000, 0x000000008c100000|100%| E|CS|TAMS 0x000000008c000000, 0x000000008c100000| Complete 
| 193|0x000000008c100000, 0x000000008c200000, 0x000000008c200000|100%| E|CS|TAMS 0x000000008c100000, 0x000000008c200000| Complete 
| 194|0x000000008c200000, 0x000000008c300000, 0x000000008c300000|100%| E|CS|TAMS 0x000000008c200000, 0x000000008c300000| Complete 
| 195|0x000000008c300000, 0x000000008c400000, 0x000000008c400000|100%| E|CS|TAMS 0x000000008c300000, 0x000000008c400000| Complete 
| 196|0x000000008c400000, 0x000000008c500000, 0x000000008c500000|100%| E|CS|TAMS 0x000000008c400000, 0x000000008c500000| Complete 
| 197|0x000000008c500000, 0x000000008c600000, 0x000000008c600000|100%| E|CS|TAMS 0x000000008c500000, 0x000000008c600000| Complete 
| 198|0x000000008c600000, 0x000000008c700000, 0x000000008c700000|100%| E|CS|TAMS 0x000000008c600000, 0x000000008c700000| Complete 
| 199|0x000000008c700000, 0x000000008c800000, 0x000000008c800000|100%| E|CS|TAMS 0x000000008c700000, 0x000000008c800000| Complete 
| 200|0x000000008c800000, 0x000000008c900000, 0x000000008c900000|100%| E|CS|TAMS 0x000000008c800000, 0x000000008c900000| Complete 
| 201|0x000000008c900000, 0x000000008ca00000, 0x000000008ca00000|100%| E|CS|TAMS 0x000000008c900000, 0x000000008ca00000| Complete 
| 202|0x000000008ca00000, 0x000000008cb00000, 0x000000008cb00000|100%| E|CS|TAMS 0x000000008ca00000, 0x000000008cb00000| Complete 
| 203|0x000000008cb00000, 0x000000008cc00000, 0x000000008cc00000|100%| E|CS|TAMS 0x000000008cb00000, 0x000000008cc00000| Complete 
| 204|0x000000008cc00000, 0x000000008cd00000, 0x000000008cd00000|100%| E|CS|TAMS 0x000000008cc00000, 0x000000008cd00000| Complete 
| 205|0x000000008cd00000, 0x000000008ce00000, 0x000000008ce00000|100%| E|CS|TAMS 0x000000008cd00000, 0x000000008ce00000| Complete 
| 206|0x000000008ce00000, 0x000000008cf00000, 0x000000008cf00000|100%| E|CS|TAMS 0x000000008ce00000, 0x000000008cf00000| Complete 
| 207|0x000000008cf00000, 0x000000008d000000, 0x000000008d000000|100%| E|CS|TAMS 0x000000008cf00000, 0x000000008d000000| Complete 
| 208|0x000000008d000000, 0x000000008d100000, 0x000000008d100000|100%| E|CS|TAMS 0x000000008d000000, 0x000000008d100000| Complete 
| 209|0x000000008d100000, 0x000000008d200000, 0x000000008d200000|100%| E|CS|TAMS 0x000000008d100000, 0x000000008d200000| Complete 
| 210|0x000000008d200000, 0x000000008d300000, 0x000000008d300000|100%| E|CS|TAMS 0x000000008d200000, 0x000000008d300000| Complete 
| 211|0x000000008d300000, 0x000000008d400000, 0x000000008d400000|100%| E|CS|TAMS 0x000000008d300000, 0x000000008d400000| Complete 
| 212|0x000000008d400000, 0x000000008d500000, 0x000000008d500000|100%| E|CS|TAMS 0x000000008d400000, 0x000000008d500000| Complete 
| 213|0x000000008d500000, 0x000000008d600000, 0x000000008d600000|100%| E|CS|TAMS 0x000000008d500000, 0x000000008d600000| Complete 
| 214|0x000000008d600000, 0x000000008d700000, 0x000000008d700000|100%| E|CS|TAMS 0x000000008d600000, 0x000000008d700000| Complete 
| 215|0x000000008d700000, 0x000000008d800000, 0x000000008d800000|100%| E|CS|TAMS 0x000000008d700000, 0x000000008d800000| Complete 
| 216|0x000000008d800000, 0x000000008d900000, 0x000000008d900000|100%| E|CS|TAMS 0x000000008d800000, 0x000000008d900000| Complete 
| 217|0x000000008d900000, 0x000000008da00000, 0x000000008da00000|100%| E|CS|TAMS 0x000000008d900000, 0x000000008da00000| Complete 
| 218|0x000000008da00000, 0x000000008db00000, 0x000000008db00000|100%| E|CS|TAMS 0x000000008da00000, 0x000000008db00000| Complete 
| 219|0x000000008db00000, 0x000000008dc00000, 0x000000008dc00000|100%| E|CS|TAMS 0x000000008db00000, 0x000000008dc00000| Complete 
| 220|0x000000008dc00000, 0x000000008dd00000, 0x000000008dd00000|100%| E|CS|TAMS 0x000000008dc00000, 0x000000008dd00000| Complete 
| 221|0x000000008dd00000, 0x000000008de00000, 0x000000008de00000|100%| E|CS|TAMS 0x000000008dd00000, 0x000000008de00000| Complete 
| 222|0x000000008de00000, 0x000000008df00000, 0x000000008df00000|100%| E|CS|TAMS 0x000000008de00000, 0x000000008df00000| Complete 
| 223|0x000000008df00000, 0x000000008e000000, 0x000000008e000000|100%| E|CS|TAMS 0x000000008df00000, 0x000000008e000000| Complete 
| 224|0x000000008e000000, 0x000000008e0c2400, 0x000000008e100000| 75%| E|CS|TAMS 0x000000008e000000, 0x000000008e0c2400| Complete 
| 225|0x000000008e100000, 0x000000008e200000, 0x000000008e200000|100%| E|CS|TAMS 0x000000008e100000, 0x000000008e200000| Complete 
| 226|0x000000008e200000, 0x000000008e300000, 0x000000008e300000|100%| E|CS|TAMS 0x000000008e200000, 0x000000008e300000| Complete 
| 227|0x000000008e300000, 0x000000008e400000, 0x000000008e400000|100%| E|CS|TAMS 0x000000008e300000, 0x000000008e400000| Complete 
| 228|0x000000008e400000, 0x000000008e500000, 0x000000008e500000|100%| E|CS|TAMS 0x000000008e400000, 0x000000008e500000| Complete 
| 229|0x000000008e500000, 0x000000008e600000, 0x000000008e600000|100%| E|CS|TAMS 0x000000008e500000, 0x000000008e600000| Complete 
| 230|0x000000008e600000, 0x000000008e700000, 0x000000008e700000|100%| E|CS|TAMS 0x000000008e600000, 0x000000008e700000| Complete 

Card table byte_map: [0x0000017f14580000,0x0000017f14980000] _byte_map_base: 0x0000017f14180000

Marking Bits (Prev, Next): (CMBitMap*) 0x0000017f7fb6dbf0, (CMBitMap*) 0x0000017f7fb6dbb8
 Prev Bits: [0x0000017f16d80000, 0x0000017f18d80000)
 Next Bits: [0x0000017f14d80000, 0x0000017f16d80000)

Polling page: 0x0000017f7f660000

Metaspace:

Usage:
  Non-class:    121.75 MB capacity,   119.52 MB ( 98%) used,     1.78 MB (  1%) free+waste,   458.44 KB ( <1%) overhead. 
      Class:     18.10 MB capacity,    16.72 MB ( 92%) used,     1.19 MB (  7%) free+waste,   199.31 KB (  1%) overhead. 
       Both:    139.85 MB capacity,   136.24 MB ( 97%) used,     2.97 MB (  2%) free+waste,   657.75 KB ( <1%) overhead. 

Virtual space:
  Non-class space:      124.00 MB reserved,     122.13 MB ( 98%) committed 
      Class space:        1.00 GB reserved,      18.40 MB (  2%) committed 
             Both:        1.12 GB reserved,     140.53 MB ( 12%) committed 

Chunk freelists:
   Non-Class:  259.00 KB
       Class:  183.00 KB
        Both:  442.00 KB

MaxMetaspaceSize: 17179869184.00 GB
CompressedClassSpaceSize: 1.00 GB
Initial GC threshold: 20.80 MB
Current GC threshold: 233.80 MB
CDS: off

CodeHeap 'non-profiled nmethods': size=120064Kb used=15714Kb max_used=15714Kb free=104349Kb
 bounds [0x0000017f0c910000, 0x0000017f0d870000, 0x0000017f13e50000]
CodeHeap 'profiled nmethods': size=120000Kb used=49242Kb max_used=50215Kb free=70758Kb
 bounds [0x0000017f053e0000, 0x0000017f084f0000, 0x0000017f0c910000]
CodeHeap 'non-nmethods': size=5696Kb used=2495Kb max_used=2552Kb free=3200Kb
 bounds [0x0000017f04e50000, 0x0000017f050d0000, 0x0000017f053e0000]
 total_blobs=22865 nmethods=21825 adapters=949
 compilation: enabled
              stopped_count=0, restarted_count=0
 full_count=0

Compilation events (20 events):
Event: 5763.617 Thread 0x0000017f1bc14800 nmethod 24397 0x0000017f0d01ee90 code [0x0000017f0d01f040, 0x0000017f0d01f0f8]
Event: 5763.626 Thread 0x0000017f1bc14800 24400       3       org.gradle.internal.component.model.AttributeConfigurationSelector::unwrap (19 bytes)
Event: 5763.627 Thread 0x0000017f1bc14800 nmethod 24400 0x0000017f0675c290 code [0x0000017f0675c460, 0x0000017f0675c7f8]
Event: 5763.673 Thread 0x0000017f1bc12800 nmethod 24387 0x0000017f0d868190 code [0x0000017f0d8685c0, 0x0000017f0d86af48]
Event: 5763.673 Thread 0x0000017f1bc12800 24403       4       org.gradle.api.internal.attributes.DefaultMutableAttributeContainer::checkInsertionAllowed (125 bytes)
Event: 5763.674 Thread 0x0000017f2753d800 24401       4       org.gradle.internal.component.external.model.AbstractConfigurationMetadata::<init> (74 bytes)
Event: 5763.681 Thread 0x0000017f2753d800 nmethod 24401 0x0000017f0d01e590 code [0x0000017f0d01e720, 0x0000017f0d01edf8]
Event: 5763.681 Thread 0x0000017f2753d800 24399       4       org.gradle.api.internal.attributes.DefaultImmutableAttributesFactory::concat (12 bytes)
Event: 5763.691 Thread 0x0000017f1bc14800 24409       3       org.gradle.api.internal.artifacts.ivyservice.DefaultLenientConfiguration$2::visitArtifacts (93 bytes)
Event: 5763.692 Thread 0x0000017f1bc14800 nmethod 24409 0x0000017f06ae5a90 code [0x0000017f06ae5d20, 0x0000017f06ae67d8]
Event: 5763.692 Thread 0x0000017f1bc14800 24410       3       org.gradle.api.internal.artifacts.ivyservice.DefaultLenientConfiguration::access$200 (10 bytes)
Event: 5763.692 Thread 0x0000017f1bc14800 nmethod 24410 0x0000017f073cdc90 code [0x0000017f073cde80, 0x0000017f073ce1f8]
Event: 5763.692 Thread 0x0000017f1bc14800 24411       3       org.gradle.api.internal.artifacts.ivyservice.DefaultLenientConfiguration::visitArtifactsWithBuildOperation (23 bytes)
Event: 5763.693 Thread 0x0000017f1bc14800 nmethod 24411 0x0000017f07189610 code [0x0000017f07189800, 0x0000017f07189d68]
Event: 5763.693 Thread 0x0000017f2753d800 nmethod 24399 0x0000017f0d01d010 code [0x0000017f0d01d2a0, 0x0000017f0d01de68]
Event: 5763.694 Thread 0x0000017f2753d800 24407       4       com.esotericsoftware.kryo.io.Output::writeBoolean (44 bytes)
Event: 5763.694 Thread 0x0000017f2753d800 nmethod 24407 0x0000017f0d01cc90 code [0x0000017f0d01ce20, 0x0000017f0d01cef8]
Event: 5763.694 Thread 0x0000017f2753d800 24405       4       org.gradle.internal.serialize.kryo.StringDeduplicatingKryoBackedEncoder::writeBoolean (9 bytes)
Event: 5763.695 Thread 0x0000017f2753d800 nmethod 24405 0x0000017f0d01c910 code [0x0000017f0d01caa0, 0x0000017f0d01cb78]
Event: 5763.695 Thread 0x0000017f2753d800 24412       4       java.security.AccessControlContext::combine (205 bytes)

GC Heap History (20 events):
Event: 2892.791 GC heap after
{Heap after GC invocations=49 (full 0):
 garbage-first heap   total 236544K, used 120010K [0x0000000080000000, 0x0000000100000000)
  region size 1024K, 1 young (1024K), 1 survivors (1024K)
 Metaspace       used 137987K, capacity 141596K, committed 141980K, reserved 1173504K
  class space    used 17089K, capacity 18508K, committed 18712K, reserved 1048576K
}
Event: 3503.207 GC heap before
{Heap before GC invocations=49 (full 0):
 garbage-first heap   total 236544K, used 192714K [0x0000000080000000, 0x0000000100000000)
  region size 1024K, 73 young (74752K), 1 survivors (1024K)
 Metaspace       used 138686K, capacity 142600K, committed 142748K, reserved 1173504K
  class space    used 17186K, capacity 18675K, committed 18712K, reserved 1048576K
}
Event: 3503.218 GC heap after
{Heap after GC invocations=50 (full 0):
 garbage-first heap   total 236544K, used 126128K [0x0000000080000000, 0x0000000100000000)
  region size 1024K, 7 young (7168K), 7 survivors (7168K)
 Metaspace       used 138686K, capacity 142600K, committed 142748K, reserved 1173504K
  class space    used 17186K, capacity 18675K, committed 18712K, reserved 1048576K
}
Event: 5475.236 GC heap before
{Heap before GC invocations=51 (full 0):
 garbage-first heap   total 236544K, used 192688K [0x0000000080000000, 0x0000000100000000)
  region size 1024K, 73 young (74752K), 7 survivors (7168K)
 Metaspace       used 138764K, capacity 142686K, committed 142748K, reserved 1173504K
  class space    used 17187K, capacity 18677K, committed 18712K, reserved 1048576K
}
Event: 5475.249 GC heap after
{Heap after GC invocations=52 (full 0):
 garbage-first heap   total 236544K, used 129113K [0x0000000080000000, 0x0000000100000000)
  region size 1024K, 4 young (4096K), 4 survivors (4096K)
 Metaspace       used 138764K, capacity 142686K, committed 142748K, reserved 1173504K
  class space    used 17187K, capacity 18677K, committed 18712K, reserved 1048576K
}
Event: 5475.331 GC heap before
{Heap before GC invocations=52 (full 0):
 garbage-first heap   total 236544K, used 136281K [0x0000000080000000, 0x0000000100000000)
  region size 1024K, 11 young (11264K), 4 survivors (4096K)
 Metaspace       used 138857K, capacity 142814K, committed 143004K, reserved 1173504K
  class space    used 17191K, capacity 18677K, committed 18712K, reserved 1048576K
}
Event: 5475.358 GC heap after
{Heap after GC invocations=53 (full 0):
 garbage-first heap   total 236544K, used 114173K [0x0000000080000000, 0x0000000100000000)
  region size 1024K, 2 young (2048K), 2 survivors (2048K)
 Metaspace       used 138857K, capacity 142814K, committed 143004K, reserved 1173504K
  class space    used 17191K, capacity 18677K, committed 18712K, reserved 1048576K
}
Event: 5475.643 GC heap before
{Heap before GC invocations=53 (full 0):
 garbage-first heap   total 236544K, used 134653K [0x0000000080000000, 0x0000000100000000)
  region size 1024K, 23 young (23552K), 2 survivors (2048K)
 Metaspace       used 138893K, capacity 142879K, committed 143004K, reserved 1173504K
  class space    used 17191K, capacity 18677K, committed 18712K, reserved 1048576K
}
Event: 5475.679 GC heap after
{Heap after GC invocations=54 (full 0):
 garbage-first heap   total 236544K, used 116536K [0x0000000080000000, 0x0000000100000000)
  region size 1024K, 5 young (5120K), 5 survivors (5120K)
 Metaspace       used 138893K, capacity 142879K, committed 143004K, reserved 1173504K
  class space    used 17191K, capacity 18677K, committed 18712K, reserved 1048576K
}
Event: 5476.344 GC heap before
{Heap before GC invocations=55 (full 0):
 garbage-first heap   total 236544K, used 189240K [0x0000000080000000, 0x0000000100000000)
  region size 1024K, 59 young (60416K), 5 survivors (5120K)
 Metaspace       used 138193K, capacity 141674K, committed 143004K, reserved 1173504K
  class space    used 17019K, capacity 18349K, committed 18712K, reserved 1048576K
}
Event: 5476.356 GC heap after
{Heap after GC invocations=56 (full 0):
 garbage-first heap   total 236544K, used 116744K [0x0000000080000000, 0x0000000100000000)
  region size 1024K, 4 young (4096K), 4 survivors (4096K)
 Metaspace       used 138193K, capacity 141674K, committed 143004K, reserved 1173504K
  class space    used 17019K, capacity 18349K, committed 18712K, reserved 1048576K
}
Event: 5476.418 GC heap before
{Heap before GC invocations=56 (full 0):
 garbage-first heap   total 236544K, used 122888K [0x0000000080000000, 0x0000000100000000)
  region size 1024K, 11 young (11264K), 4 survivors (4096K)
 Metaspace       used 138195K, capacity 141674K, committed 143004K, reserved 1173504K
  class space    used 17019K, capacity 18349K, committed 18712K, reserved 1048576K
}
Event: 5476.444 GC heap after
{Heap after GC invocations=57 (full 0):
 garbage-first heap   total 236544K, used 103962K [0x0000000080000000, 0x0000000100000000)
  region size 1024K, 1 young (1024K), 1 survivors (1024K)
 Metaspace       used 138195K, capacity 141674K, committed 143004K, reserved 1173504K
  class space    used 17019K, capacity 18349K, committed 18712K, reserved 1048576K
}
Event: 5480.295 GC heap before
{Heap before GC invocations=57 (full 0):
 garbage-first heap   total 236544K, used 169498K [0x0000000080000000, 0x0000000100000000)
  region size 1024K, 66 young (67584K), 1 survivors (1024K)
 Metaspace       used 138846K, capacity 142476K, committed 143516K, reserved 1173504K
  class space    used 17060K, capacity 18424K, committed 18712K, reserved 1048576K
}
Event: 5480.308 GC heap after
{Heap after GC invocations=58 (full 0):
 garbage-first heap   total 236544K, used 109531K [0x0000000080000000, 0x0000000100000000)
  region size 1024K, 7 young (7168K), 7 survivors (7168K)
 Metaspace       used 138846K, capacity 142476K, committed 143516K, reserved 1173504K
  class space    used 17060K, capacity 18424K, committed 18712K, reserved 1048576K
}
Event: 5484.529 GC heap before
{Heap before GC invocations=59 (full 0):
 garbage-first heap   total 236544K, used 184283K [0x0000000080000000, 0x0000000100000000)
  region size 1024K, 71 young (72704K), 7 survivors (7168K)
 Metaspace       used 139279K, capacity 143065K, committed 143900K, reserved 1175552K
  class space    used 17109K, capacity 18524K, committed 18840K, reserved 1048576K
}
Event: 5484.545 GC heap after
{Heap after GC invocations=60 (full 0):
 garbage-first heap   total 236544K, used 112853K [0x0000000080000000, 0x0000000100000000)
  region size 1024K, 6 young (6144K), 6 survivors (6144K)
 Metaspace       used 139279K, capacity 143065K, committed 143900K, reserved 1175552K
  class space    used 17109K, capacity 18524K, committed 18840K, reserved 1048576K
}
Event: 5484.622 GC heap before
{Heap before GC invocations=60 (full 0):
 garbage-first heap   total 236544K, used 117973K [0x0000000080000000, 0x0000000100000000)
  region size 1024K, 11 young (11264K), 6 survivors (6144K)
 Metaspace       used 139323K, capacity 143077K, committed 143900K, reserved 1175552K
  class space    used 17110K, capacity 18526K, committed 18840K, reserved 1048576K
}
Event: 5484.638 GC heap after
{Heap after GC invocations=61 (full 0):
 garbage-first heap   total 236544K, used 113897K [0x0000000080000000, 0x0000000100000000)
  region size 1024K, 2 young (2048K), 2 survivors (2048K)
 Metaspace       used 139323K, capacity 143077K, committed 143900K, reserved 1175552K
  class space    used 17110K, capacity 18526K, committed 18840K, reserved 1048576K
}
Event: 5763.702 GC heap before
{Heap before GC invocations=61 (full 0):
 garbage-first heap   total 236544K, used 178409K [0x0000000080000000, 0x0000000100000000)
  region size 1024K, 66 young (67584K), 2 survivors (2048K)
 Metaspace       used 139508K, capacity 143210K, committed 143900K, reserved 1175552K
  class space    used 17116K, capacity 18537K, committed 18840K, reserved 1048576K
}

Deoptimization events (20 events):
Event: 5480.785 Thread 0x0000017f21802000 DEOPT PACKING pc=0x0000017f060ab7bf sp=0x00000044a5ffd0f0
Event: 5480.785 Thread 0x0000017f21802000 DEOPT UNPACKING pc=0x0000017f04e9a95e sp=0x00000044a5ffc570 mode 0
Event: 5480.786 Thread 0x0000017f21802000 DEOPT PACKING pc=0x0000017f060ab7bf sp=0x00000044a5ffd0f0
Event: 5480.786 Thread 0x0000017f21802000 DEOPT UNPACKING pc=0x0000017f04e9a95e sp=0x00000044a5ffc570 mode 0
Event: 5480.844 Thread 0x0000017f1f5b4800 Uncommon trap: trap_request=0xffffffc6 fr.pc=0x0000017f0d36822c relative=0x0000000000000b2c
Event: 5480.844 Thread 0x0000017f1f5b4800 Uncommon trap: reason=bimorphic_or_optimized_type_check action=maybe_recompile pc=0x0000017f0d36822c method=kotlin.collections.CollectionsKt___CollectionsKt.toList(Ljava/lang/Iterable;)Ljava/util/List; @ 71 c2
Event: 5480.844 Thread 0x0000017f1f5b4800 DEOPT PACKING pc=0x0000017f0d36822c sp=0x00000044a12fb980
Event: 5480.844 Thread 0x0000017f1f5b4800 DEOPT UNPACKING pc=0x0000017f04e9a1af sp=0x00000044a12fb950 mode 2
Event: 5484.256 Thread 0x0000017f1f5b4800 DEOPT PACKING pc=0x0000017f05c26819 sp=0x00000044a12f9880
Event: 5484.256 Thread 0x0000017f1f5b4800 DEOPT UNPACKING pc=0x0000017f04e9a95e sp=0x00000044a12f8d90 mode 0
Event: 5484.364 Thread 0x0000017f1f5b4800 DEOPT PACKING pc=0x0000017f05da21ab sp=0x00000044a12f8ee0
Event: 5484.364 Thread 0x0000017f1f5b4800 DEOPT UNPACKING pc=0x0000017f04e9a95e sp=0x00000044a12f8378 mode 0
Event: 5484.370 Thread 0x0000017f1f5b4800 DEOPT PACKING pc=0x0000017f05da21ab sp=0x00000044a12f8ee0
Event: 5484.370 Thread 0x0000017f1f5b4800 DEOPT UNPACKING pc=0x0000017f04e9a95e sp=0x00000044a12f8378 mode 0
Event: 5484.898 Thread 0x0000017f21801800 DEOPT PACKING pc=0x0000017f06ac2be7 sp=0x00000044a5bfaeb0
Event: 5484.898 Thread 0x0000017f21801800 DEOPT UNPACKING pc=0x0000017f04e9a95e sp=0x00000044a5bfa488 mode 0
Event: 5485.225 Thread 0x0000017f217fc800 DEOPT PACKING pc=0x0000017f06ac2be7 sp=0x00000044a5efbe10
Event: 5485.225 Thread 0x0000017f217fc800 DEOPT UNPACKING pc=0x0000017f04e9a95e sp=0x00000044a5efb3e8 mode 0
Event: 5763.695 Thread 0x0000017f217ff800 DEOPT PACKING pc=0x0000017f05da21ab sp=0x00000044a12f8fe0
Event: 5763.695 Thread 0x0000017f217ff800 DEOPT UNPACKING pc=0x0000017f04e9a95e sp=0x00000044a12f8478 mode 0

Classes redefined (0 events):
No events

Internal exceptions (20 events):
Event: 5480.598 Thread 0x0000017f21805800 Implicit null exception at 0x0000017f0d5c0edd to 0x0000017f0d5c1004
Event: 5480.600 Thread 0x0000017f21805800 Implicit null exception at 0x0000017f0d5cab7a to 0x0000017f0d5cad44
Event: 5480.637 Thread 0x0000017f21805800 Exception <a 'sun/nio/fs/WindowsException'{0x000000008dc1dc58}> (0x000000008dc1dc58) thrown at [./src/hotspot/share/prims/jni.cpp, line 616]
Event: 5480.657 Thread 0x0000017f21809800 Exception <a 'sun/nio/fs/WindowsException'{0x000000008db54788}> (0x000000008db54788) thrown at [./src/hotspot/share/prims/jni.cpp, line 616]
Event: 5480.674 Thread 0x0000017f21809800 Exception <a 'sun/nio/fs/WindowsException'{0x000000008d9036c0}> (0x000000008d9036c0) thrown at [./src/hotspot/share/prims/jni.cpp, line 616]
Event: 5480.827 Thread 0x0000017f1f5b4800 Exception <a 'sun/nio/fs/WindowsException'{0x000000008d001f50}> (0x000000008d001f50) thrown at [./src/hotspot/share/prims/jni.cpp, line 616]
Event: 5480.827 Thread 0x0000017f1f5b4800 Exception <a 'sun/nio/fs/WindowsException'{0x000000008d001fd0}> (0x000000008d001fd0) thrown at [./src/hotspot/share/prims/jni.cpp, line 616]
Event: 5480.827 Thread 0x0000017f1f5b4800 Exception <a 'sun/nio/fs/WindowsException'{0x000000008d003850}> (0x000000008d003850) thrown at [./src/hotspot/share/prims/jni.cpp, line 616]
Event: 5484.235 Thread 0x0000017f1fde9800 Exception <a 'java/lang/NoSuchMethodError'{0x000000008cb41a30}: <clinit>> (0x000000008cb41a30) thrown at [./src/hotspot/share/prims/jni.cpp, line 1366]
Event: 5484.287 Thread 0x0000017f1f5b4800 Exception <a 'java/lang/NoSuchMethodError'{0x000000008c3ecda0}: 'java.lang.Object java.lang.invoke.DelegatingMethodHandle$Holder.reinvoke_L(java.lang.Object, java.lang.Object, java.lang.Object, java.lang.Object, java.lang.Object, java.lang.Object, java.lang.Object, java.lang.Object, java.lang.Object, java.lang.Object, java.lang.Object, java.lang.Object, java.lang.Object, java.lang.Object, java.lang.Object, java.lang.Object, java.lang.Object, java.lang.Object, java.lang.Object, java.lang.Object, java.lang.O
Event: 5484.290 Thread 0x0000017f1f5b4800 Exception <a 'java/lang/NoSuchMethodError'{0x000000008c245490}: 'java.lang.Object java.lang.invoke.DelegatingMethodHandle$Holder.reinvoke_L(java.lang.Object, java.lang.Object, java.lang.Object, java.lang.Object, java.lang.Object, java.lang.Object, java.lang.Object, java.lang.Object, java.lang.Object, java.lang.Object, java.lang.Object, java.lang.Object, java.lang.Object, java.lang.Object, java.lang.Object, java.lang.Object, java.lang.Object, java.lang.Object, java.lang.Object, java.lang.Object)'> (0x000000
Event: 5484.464 Thread 0x0000017f1f5b4800 Exception <a 'sun/nio/fs/WindowsException'{0x000000008ad2ce58}> (0x000000008ad2ce58) thrown at [./src/hotspot/share/prims/jni.cpp, line 616]
Event: 5484.659 Thread 0x0000017f1f5b4800 Exception <a 'sun/nio/fs/WindowsException'{0x000000008e6653c8}> (0x000000008e6653c8) thrown at [./src/hotspot/share/prims/jni.cpp, line 616]
Event: 5484.665 Thread 0x0000017f1f5b4800 Exception <a 'sun/nio/fs/WindowsException'{0x000000008e506438}> (0x000000008e506438) thrown at [./src/hotspot/share/prims/jni.cpp, line 616]
Event: 5484.666 Thread 0x0000017f1f5b4800 Exception <a 'sun/nio/fs/WindowsException'{0x000000008e5077e0}> (0x000000008e5077e0) thrown at [./src/hotspot/share/prims/jni.cpp, line 616]
Event: 5484.666 Thread 0x0000017f1f5b4800 Exception <a 'sun/nio/fs/WindowsException'{0x000000008e508bd8}> (0x000000008e508bd8) thrown at [./src/hotspot/share/prims/jni.cpp, line 616]
Event: 5484.666 Thread 0x0000017f1f5b4800 Exception <a 'sun/nio/fs/WindowsException'{0x000000008e509fd0}> (0x000000008e509fd0) thrown at [./src/hotspot/share/prims/jni.cpp, line 616]
Event: 5485.533 Thread 0x0000017f1f5b4800 Exception <a 'sun/nio/fs/WindowsException'{0x000000008de7e1a8}> (0x000000008de7e1a8) thrown at [./src/hotspot/share/prims/jni.cpp, line 616]
Event: 5485.533 Thread 0x0000017f1f5b4800 Exception <a 'sun/nio/fs/WindowsException'{0x000000008de7e228}> (0x000000008de7e228) thrown at [./src/hotspot/share/prims/jni.cpp, line 616]
Event: 5485.533 Thread 0x0000017f1f5b4800 Exception <a 'sun/nio/fs/WindowsException'{0x000000008de7faa8}> (0x000000008de7faa8) thrown at [./src/hotspot/share/prims/jni.cpp, line 616]

Events (20 events):
Event: 5763.695 Thread 0x0000017f2768d000 Thread added: 0x0000017f2768d000
Event: 5763.695 Thread 0x0000017f27687000 Thread added: 0x0000017f27687000
Event: 5763.695 Thread 0x0000017f2768f800 Thread added: 0x0000017f2768f800
Event: 5763.696 Thread 0x0000017f27692800 Thread added: 0x0000017f27692800
Event: 5763.696 Thread 0x0000017f27691800 Thread added: 0x0000017f27691800
Event: 5763.696 Thread 0x0000017f27693800 Thread added: 0x0000017f27693800
Event: 5763.696 Thread 0x0000017f2768e800 Thread added: 0x0000017f2768e800
Event: 5763.696 Executing VM operation: RevokeBias
Event: 5763.696 Executing coalesced safepoint VM operation: RevokeBias
Event: 5763.696 Executing coalesced safepoint VM operation: RevokeBias done
Event: 5763.696 Executing coalesced safepoint VM operation: RevokeBias
Event: 5763.696 Executing coalesced safepoint VM operation: RevokeBias done
Event: 5763.696 Executing VM operation: RevokeBias done
Event: 5763.698 Thread 0x0000017f2768d800 Thread added: 0x0000017f2768d800
Event: 5763.698 Thread 0x0000017f27694000 Thread added: 0x0000017f27694000
Event: 5763.698 Thread 0x0000017f27695000 Thread added: 0x0000017f27695000
Event: 5763.698 Thread 0x0000017f27690000 Thread added: 0x0000017f27690000
Event: 5763.698 Thread 0x0000017f27691000 Thread added: 0x0000017f27691000
Event: 5763.698 Thread 0x0000017f1f5b0800 Thread added: 0x0000017f1f5b0800
Event: 5763.702 Executing VM operation: G1CollectForAllocation


Dynamic libraries:
0x00007ff658d40000 - 0x00007ff658d4a000 	C:\Program Files\Android\Android Studio\jre\bin\java.exe
0x00007ffbb8450000 - 0x00007ffbb8648000 	C:\Windows\SYSTEM32\ntdll.dll
0x00007ffbb8180000 - 0x00007ffbb823f000 	C:\Windows\System32\KERNEL32.DLL
0x00007ffbb5da0000 - 0x00007ffbb6072000 	C:\Windows\System32\KERNELBASE.dll
0x00007ffbb5b40000 - 0x00007ffbb5c40000 	C:\Windows\System32\ucrtbase.dll
0x00007ffb9cdb0000 - 0x00007ffb9cdc9000 	C:\Program Files\Android\Android Studio\jre\bin\jli.dll
0x00007ffbb7e90000 - 0x00007ffbb8031000 	C:\Windows\System32\USER32.dll
0x00007ffbb63b0000 - 0x00007ffbb63d2000 	C:\Windows\System32\win32u.dll
0x00007ffbb7460000 - 0x00007ffbb748b000 	C:\Windows\System32\GDI32.dll
0x00007ffbb5c40000 - 0x00007ffbb5d4f000 	C:\Windows\System32\gdi32full.dll
0x00007ffbb6120000 - 0x00007ffbb61bd000 	C:\Windows\System32\msvcp_win.dll
0x00007ffb9be80000 - 0x00007ffb9be97000 	C:\Program Files\Android\Android Studio\jre\bin\VCRUNTIME140.dll
0x00007ffbb4ed0000 - 0x00007ffbb516a000 	C:\Windows\WinSxS\amd64_microsoft.windows.common-controls_6595b64144ccf1df_6.0.19041.1110_none_60b5254171f9507e\COMCTL32.dll
0x00007ffbb80e0000 - 0x00007ffbb817e000 	C:\Windows\System32\msvcrt.dll
0x00007ffbb6bf0000 - 0x00007ffbb6c22000 	C:\Windows\System32\IMM32.DLL
0x00007ffb4f790000 - 0x00007ffb4f82d000 	C:\Program Files\Android\Android Studio\jre\bin\msvcp140.dll
0x00007ffb52120000 - 0x00007ffb52c22000 	C:\Program Files\Android\Android Studio\jre\bin\server\jvm.dll
0x00007ffbb7900000 - 0x00007ffbb79ae000 	C:\Windows\System32\ADVAPI32.dll
0x00007ffbb8240000 - 0x00007ffbb82dc000 	C:\Windows\System32\sechost.dll
0x00007ffbb68b0000 - 0x00007ffbb69d5000 	C:\Windows\System32\RPCRT4.dll
0x00007ffbb7380000 - 0x00007ffbb7388000 	C:\Windows\System32\PSAPI.DLL
0x00007ffbb08f0000 - 0x00007ffbb08f9000 	C:\Windows\SYSTEM32\WSOCK32.dll
0x00007ffbb7490000 - 0x00007ffbb74fb000 	C:\Windows\System32\WS2_32.dll
0x00007ffbaaae0000 - 0x00007ffbaab07000 	C:\Windows\SYSTEM32\WINMM.dll
0x00007ffbaeb00000 - 0x00007ffbaeb0a000 	C:\Windows\SYSTEM32\VERSION.dll
0x00007ffbb2c20000 - 0x00007ffbb2c32000 	C:\Windows\SYSTEM32\kernel.appcore.dll
0x00007ffba3a90000 - 0x00007ffba3aa1000 	C:\Program Files\Android\Android Studio\jre\bin\verify.dll
0x00007ffbb5330000 - 0x00007ffbb5514000 	C:\Windows\SYSTEM32\DBGHELP.DLL
0x00007ffbb52f0000 - 0x00007ffbb5325000 	C:\Windows\SYSTEM32\dbgcore.DLL
0x00007ffbb61c0000 - 0x00007ffbb6242000 	C:\Windows\System32\bcryptPrimitives.dll
0x00007ffba39d0000 - 0x00007ffba39f9000 	C:\Program Files\Android\Android Studio\jre\bin\java.dll
0x00007ffbb0430000 - 0x00007ffbb043b000 	C:\Program Files\Android\Android Studio\jre\bin\jimage.dll
0x00007ffba3870000 - 0x00007ffba3888000 	C:\Program Files\Android\Android Studio\jre\bin\zip.dll
0x00007ffbb6c30000 - 0x00007ffbb7374000 	C:\Windows\System32\SHELL32.dll
0x00007ffbb35b0000 - 0x00007ffbb3d42000 	C:\Windows\SYSTEM32\windows.storage.dll
0x00007ffbb6490000 - 0x00007ffbb67e5000 	C:\Windows\System32\combase.dll
0x00007ffbb4e30000 - 0x00007ffbb4e60000 	C:\Windows\SYSTEM32\Wldp.dll
0x00007ffbb6b40000 - 0x00007ffbb6bed000 	C:\Windows\System32\SHCORE.dll
0x00007ffbb67f0000 - 0x00007ffbb6845000 	C:\Windows\System32\shlwapi.dll
0x00007ffbb5a80000 - 0x00007ffbb5a9f000 	C:\Windows\SYSTEM32\profapi.dll
0x00007ffba3850000 - 0x00007ffba386a000 	C:\Program Files\Android\Android Studio\jre\bin\net.dll
0x00007ffbaf390000 - 0x00007ffbaf49c000 	C:\Windows\SYSTEM32\WINHTTP.dll
0x00007ffbb4d00000 - 0x00007ffbb4d6a000 	C:\Windows\system32\mswsock.dll
0x00007ffba1f60000 - 0x00007ffba1f74000 	C:\Program Files\Android\Android Studio\jre\bin\nio.dll
0x00007ffba3930000 - 0x00007ffba3957000 	C:\Users\Administrator\.gradle\native\e1d6ef7f7dcc3fd88c89a11ec53ec762bb8ba0a96d01ffa2cd45eb1d1d8dd5c5\windows-amd64\native-platform.dll
0x00007ffb4f640000 - 0x00007ffb4f784000 	C:\Users\Administrator\.gradle\native\0d407fdbe67a94daf76414ababcb853783967236a71b16ec16e742cd7a986fd3\windows-amd64\native-platform-file-events.dll
0x00007ffba3a80000 - 0x00007ffba3a8a000 	C:\Program Files\Android\Android Studio\jre\bin\management.dll
0x00007ffba39c0000 - 0x00007ffba39cd000 	C:\Program Files\Android\Android Studio\jre\bin\management_ext.dll
0x00007ffbb5860000 - 0x00007ffbb5878000 	C:\Windows\SYSTEM32\CRYPTSP.dll
0x00007ffbb4510000 - 0x00007ffbb4544000 	C:\Windows\system32\rsaenh.dll
0x00007ffbb6080000 - 0x00007ffbb60a7000 	C:\Windows\System32\bcrypt.dll
0x00007ffbb5a40000 - 0x00007ffbb5a6e000 	C:\Windows\SYSTEM32\USERENV.dll
0x00007ffbb4df0000 - 0x00007ffbb4dfc000 	C:\Windows\SYSTEM32\CRYPTBASE.dll
0x00007ffbb4880000 - 0x00007ffbb48bb000 	C:\Windows\SYSTEM32\IPHLPAPI.DLL
0x00007ffbb79b0000 - 0x00007ffbb79b8000 	C:\Windows\System32\NSI.dll
0x00007ffbaebe0000 - 0x00007ffbaebf7000 	C:\Windows\SYSTEM32\dhcpcsvc6.DLL
0x00007ffbaebc0000 - 0x00007ffbaebdd000 	C:\Windows\SYSTEM32\dhcpcsvc.DLL
0x00007ffbb48c0000 - 0x00007ffbb498a000 	C:\Windows\SYSTEM32\DNSAPI.dll
0x00007ffbb5820000 - 0x00007ffbb5853000 	C:\Windows\SYSTEM32\ntmarta.dll
0x00007ffba1260000 - 0x00007ffba1287000 	C:\Program Files\Android\Android Studio\jre\bin\sunec.dll
0x00007ffbb0960000 - 0x00007ffbb097e000 	C:\Users\Administrator\AppData\Local\Temp\native-platform16400803056906269808dir\native-platform.dll
0x00007ffba36a0000 - 0x00007ffba36a8000 	C:\Program Files\Android\Android Studio\jre\bin\rmi.dll

dbghelp: loaded successfully - version: 4.0.5 - missing functions: none
symbol engine: initialized successfully - sym options: 0x614 - pdb path: .;C:\Program Files\Android\Android Studio\jre\bin;C:\Windows\SYSTEM32;C:\Windows\WinSxS\amd64_microsoft.windows.common-controls_6595b64144ccf1df_6.0.19041.1110_none_60b5254171f9507e;C:\Program Files\Android\Android Studio\jre\bin\server;C:\Users\Administrator\.gradle\native\e1d6ef7f7dcc3fd88c89a11ec53ec762bb8ba0a96d01ffa2cd45eb1d1d8dd5c5\windows-amd64;C:\Users\Administrator\.gradle\native\0d407fdbe67a94daf76414ababcb853783967236a71b16ec16e742cd7a986fd3\windows-amd64;C:\Users\Administrator\AppData\Local\Temp\native-platform16400803056906269808dir

VM Arguments:
jvm_args: --add-opens=java.base/java.util=ALL-UNNAMED --add-opens=java.base/java.lang=ALL-UNNAMED --add-opens=java.base/java.lang.invoke=ALL-UNNAMED --add-opens=java.base/java.util=ALL-UNNAMED --add-opens=java.prefs/java.util.prefs=ALL-UNNAMED --add-opens=java.prefs/java.util.prefs=ALL-UNNAMED --add-opens=java.base/java.nio.charset=ALL-UNNAMED --add-opens=java.base/java.net=ALL-UNNAMED --add-opens=java.base/java.util.concurrent.atomic=ALL-UNNAMED -Xmx2048m -Dfile.encoding=UTF-8 -Duser.country=US -Duser.language=en -Duser.variant 
java_command: org.gradle.launcher.daemon.bootstrap.GradleDaemon 7.4
java_class_path (initial): C:\Users\Administrator\.gradle\wrapper\dists\gradle-7.4-bin\c0gwcg53nkjbqw7r0h0umtfvt\gradle-7.4\lib\gradle-launcher-7.4.jar
Launcher Type: SUN_STANDARD

[Global flags]
     intx CICompilerCount                          = 3                                         {product} {ergonomic}
     uint ConcGCThreads                            = 1                                         {product} {ergonomic}
     uint G1ConcRefinementThreads                  = 4                                         {product} {ergonomic}
   size_t G1HeapRegionSize                         = 1048576                                   {product} {ergonomic}
    uintx GCDrainStackTargetSize                   = 64                                        {product} {ergonomic}
   size_t InitialHeapSize                          = 201326592                                 {product} {ergonomic}
   size_t MarkStackSize                            = 4194304                                   {product} {ergonomic}
   size_t MaxHeapSize                              = 2147483648                                {product} {command line}
   size_t MaxNewSize                               = 1287651328                                {product} {ergonomic}
   size_t MinHeapDeltaBytes                        = 1048576                                   {product} {ergonomic}
    uintx NonNMethodCodeHeapSize                   = 5830732                                {pd product} {ergonomic}
    uintx NonProfiledCodeHeapSize                  = 122913754                              {pd product} {ergonomic}
    uintx ProfiledCodeHeapSize                     = 122913754                              {pd product} {ergonomic}
    uintx ReservedCodeCacheSize                    = 251658240                              {pd product} {ergonomic}
     bool SegmentedCodeCache                       = true                                      {product} {ergonomic}
     bool UseCompressedClassPointers               = true                                 {lp64_product} {ergonomic}
     bool UseCompressedOops                        = true                                 {lp64_product} {ergonomic}
     bool UseG1GC                                  = true                                      {product} {ergonomic}
     bool UseLargePagesIndividualAllocation        = false                                  {pd product} {ergonomic}

Logging:
Log output configuration:
 #0: stdout all=warning uptime,level,tags
 #1: stderr all=off uptime,level,tags

Environment Variables:
PATH=C:\Program Files\Common Files\Oracle\Java\javapath;C:\Windows\system32;C:\Windows;C:\Windows\System32\Wbem;C:\Windows\System32\WindowsPowerShell\v1.0\;C:\Windows\System32\OpenSSH\;C:\Program Files\Git\cmd;C:\Users\Administrator\AppData\Local\Microsoft\WindowsApps;D:\Microsoft VS Code\bin;C:\Program Files\Java\jdk-19\bin;;C:\Program Files\JetBrains\IntelliJ IDEA Community Edition 2022.3.1\bin;
USERNAME=Administrator
OS=Windows_NT
PROCESSOR_IDENTIFIER=Intel64 Family 6 Model 158 Stepping 9, GenuineIntel



---------------  S Y S T E M  ---------------

OS: Windows 10 , 64 bit Build 19041 (10.0.19041.2364)
OS uptime: 0 days 2:24 hours

CPU:total 4 (initial active 4) (2 cores per cpu, 2 threads per core) family 6 model 158 stepping 9 microcode 0xb4, cmov, cx8, fxsr, mmx, sse, sse2, sse3, ssse3, sse4.1, sse4.2, popcnt, avx, avx2, aes, clmul, erms, 3dnowpref, lzcnt, ht, tsc, tscinvbit, bmi1, bmi2, adx, fma

Memory: 4k page, system-wide physical 12246M (3209M free)
TotalPageFile size 16214M (AvailPageFile size 4773M)
current process WorkingSet (physical memory assigned to process): 532M, peak: 562M
current process commit charge ("private bytes"): 632M, peak: 649M

vm_info: OpenJDK 64-Bit Server VM (11.0.13+0-b1751.21-8125866) for windows-amd64 JRE (11.0.13+0-b1751.21-8125866), built on Feb  2 2022 03:00:22 by "builder" with MS VC++ 14.0 (VS2015)

END.
