#
# A fatal error has been detected by the Java Runtime Environment:
#
#  EXCEPTION_ACCESS_VIOLATION (0xc0000005) at pc=0x00007ffc6dfb2346, pid=11100, tid=10040
#
# JRE version: OpenJDK Runtime Environment (11.0.13) (build 11.0.13+0-b1751.21-8125866)
# Java VM: OpenJDK 64-Bit Server VM (11.0.13+0-b1751.21-8125866, mixed mode, tiered, compressed oops, g1 gc, windows-amd64)
# Problematic frame:
# V  [jvm.dll+0x192346]
#
# No core dump will be written. Minidumps are not enabled by default on client versions of Windows
#
# If you would like to submit a bug report, please visit:
#   https://bugreport.java.com/bugreport/crash.jsp
#

---------------  S U M M A R Y ------------

Command Line: --add-opens=java.base/java.util=ALL-UNNAMED --add-opens=java.base/java.lang=ALL-UNNAMED --add-opens=java.base/java.lang.invoke=ALL-UNNAMED --add-opens=java.base/java.util=ALL-UNNAMED --add-opens=java.prefs/java.util.prefs=ALL-UNNAMED --add-opens=java.prefs/java.util.prefs=ALL-UNNAMED --add-opens=java.base/java.nio.charset=ALL-UNNAMED --add-opens=java.base/java.net=ALL-UNNAMED --add-opens=java.base/java.util.concurrent.atomic=ALL-UNNAMED -Xmx2048m -Dfile.encoding=UTF-8 -Duser.country=US -Duser.language=en -Duser.variant org.gradle.launcher.daemon.bootstrap.GradleDaemon 7.4

Host: Intel(R) Core(TM) i3-7100 CPU @ 3.90GHz, 4 cores, 11G,  Windows 10 , 64 bit Build 19041 (10.0.19041.2364)
Time: Sun Jan 22 22:53:35 2023 Bangladesh Standard Time elapsed time: 7.058273 seconds (0d 0h 0m 7s)

---------------  T H R E A D  ---------------

Current thread (0x0000017af34a6800):  ConcurrentGCThread "G1 Conc#0" [stack: 0x00000007a0e00000,0x00000007a0f00000] [id=10040]

Stack: [0x00000007a0e00000,0x00000007a0f00000],  sp=0x00000007a0eff5f8,  free space=1021k
Native frames: (J=compiled Java code, j=interpreted, Vv=VM code, C=native code)
V  [jvm.dll+0x192346]


siginfo: EXCEPTION_ACCESS_VIOLATION (0xc0000005), reading address 0x0000000000000070


Register to memory mapping:

RIP=0x00007ffc6dfb2346 jvm.dll
RAX=0x4880000800209001 is an unknown value
RBX=0x000000008278dbb0 is pointing into object: [B 
{0x000000008278db30} - klass: {type array byte}
 - length: 115
RCX=0x000000008278dbb0 is pointing into object: [B 
{0x000000008278db30} - klass: {type array byte}
 - length: 115
RDX=0x000000008278dbb0 is pointing into object: [B 
{0x000000008278db30} - klass: {type array byte}
 - length: 115
RSP=0x00000007a0eff5f8 points into unknown readable memory: 0x00007ffc6e1050ba | ba 50 10 6e fc 7f 00 00
RBP=0x0000017af349c1c0 points into unknown readable memory: 0x0000017af34a5000 | 00 50 4a f3 7a 01 00 00
RSI=0x0000000000000001 is an unknown value
RDI=0x0 is NULL
R8 =0x4880000800209010 is an unknown value
R9 =0x0000000000000068 is an unknown value
R10=0x0000017af349c1c0 points into unknown readable memory: 0x0000017af34a5000 | 00 50 4a f3 7a 01 00 00
R11=0x0000017af81a0000 points into unknown readable memory: 0x0000000000000001 | 01 00 00 00 00 00 00 00
R12=0x000000000000000c is an unknown value
R13=0xaaaaaaaaaaaaaaab is an unknown value
R14=0x0 is NULL
R15=0x000000008278db18 is an oop: java.lang.String 
{0x000000008278db18} - klass: 'java/lang/String'


Registers:
RAX=0x4880000800209001, RBX=0x000000008278dbb0, RCX=0x000000008278dbb0, RDX=0x000000008278dbb0
RSP=0x00000007a0eff5f8, RBP=0x0000017af349c1c0, RSI=0x0000000000000001, RDI=0x0000000000000000
R8 =0x4880000800209010, R9 =0x0000000000000068, R10=0x0000017af349c1c0, R11=0x0000017af81a0000
R12=0x000000000000000c, R13=0xaaaaaaaaaaaaaaab, R14=0x0000000000000000, R15=0x000000008278db18
RIP=0x00007ffc6dfb2346, EFLAGS=0x0000000000010202

Top of Stack: (sp=0x00000007a0eff5f8)
0x00000007a0eff5f8:   00007ffc6e1050ba 000000008278dbb0
0x00000007a0eff608:   0000000100001a68 0000017af34acc30
0x00000007a0eff618:   00007ffc6e47b290 0000000100001a70
0x00000007a0eff628:   00007ffc6e104f66 0000000100001a68
0x00000007a0eff638:   000000008278dbb0 0000017af34accd0
0x00000007a0eff648:   00000007a0eff838 0000000000000000
0x00000007a0eff658:   00007ffc6e104f66 000000008278db28
0x00000007a0eff668:   00007ffc6e0fcdcd 0000000000000003
0x00000007a0eff678:   000000008278db24 0000000000000000
0x00000007a0eff688:   00000007a0eff6e0 00000007a0eff810
0x00000007a0eff698:   0000017af34a6e01 0000000100001808
0x00000007a0eff6a8:   00007ffc6e0fc681 0000000000000003
0x00000007a0eff6b8:   00000007a0eff838 000000008278db18
0x00000007a0eff6c8:   0000017af34a6e01 000000008278db18
0x00000007a0eff6d8:   00007ffc6e10ac0f 0000017af34accd0
0x00000007a0eff6e8:   0000000000540000 0000000000000000 

Instructions: (pc=0x00007ffc6dfb2346)
0x00007ffc6dfb2246:   48 89 5c 24 20 e8 f0 00 00 00 80 7f 30 00 48 63
0x00007ffc6dfb2256:   c8 48 89 4c 24 28 0f 28 44 24 20 74 17 0f 11 86
0x00007ffc6dfb2266:   98 03 00 00 48 8b 5c 24 40 48 8b 74 24 48 48 83
0x00007ffc6dfb2276:   c4 30 5f c3 48 8b 07 48 8d 54 24 20 48 8b cf 66
0x00007ffc6dfb2286:   0f 7f 44 24 20 ff 50 38 48 8b 5c 24 40 48 8b 74
0x00007ffc6dfb2296:   24 48 48 83 c4 30 5f c3 cc cc 40 53 48 83 ec 30
0x00007ffc6dfb22a6:   0f 10 82 98 03 00 00 48 8b da 0f 10 c8 66 0f 73
0x00007ffc6dfb22b6:   d9 08 66 48 0f 7e c8 48 85 c0 74 28 48 8b 01 48
0x00007ffc6dfb22c6:   8d 54 24 20 0f 29 44 24 20 ff 50 40 33 c0 48 89
0x00007ffc6dfb22d6:   44 24 20 48 89 44 24 28 0f 10 44 24 20 0f 11 83
0x00007ffc6dfb22e6:   98 03 00 00 48 83 c4 30 5b c3 48 8b 49 38 48 8b
0x00007ffc6dfb22f6:   01 48 ff 60 28 cc cc cc cc cc 80 3d d2 5e 89 00
0x00007ffc6dfb2306:   00 48 8b c1 74 1b 8b 51 08 8b 0d 03 cb 84 00 48
0x00007ffc6dfb2316:   d3 e2 48 8b c8 48 03 15 ee ca 84 00 e9 19 00 00
0x00007ffc6dfb2326:   00 48 8b 51 08 48 8b c8 e9 0d 00 00 00 cc cc cc
0x00007ffc6dfb2336:   cc cc cc cc cc cc cc cc cc cc 4c 8b ca 48 8b d1
0x00007ffc6dfb2346:   45 8b 41 08 45 85 c0 7e 0e 41 f6 c0 01 75 59 41
0x00007ffc6dfb2356:   c1 f8 03 41 8b c0 c3 79 4f 80 3d 73 5e 89 00 00
0x00007ffc6dfb2366:   b8 0c 00 00 00 b9 10 00 00 00 0f 45 c8 8b 05 1b
0x00007ffc6dfb2376:   14 83 00 ff c8 4c 63 c8 48 63 c1 41 8b c8 83 e1
0x00007ffc6dfb2386:   3f 48 63 14 10 41 8b c0 48 c1 f8 10 0f b6 c0 48
0x00007ffc6dfb2396:   d3 e2 49 8d 0c 11 49 f7 d1 48 03 c1 49 c1 e9 03
0x00007ffc6dfb23a6:   48 c1 e8 03 41 23 c1 c3 49 8b 01 49 8b c9 48 ff
0x00007ffc6dfb23b6:   a0 10 01 00 00 cc cc cc cc cc 48 8b c2 c3 cc cc
0x00007ffc6dfb23c6:   cc cc cc cc cc cc cc cc cc cc 48 83 ec 38 48 8b
0x00007ffc6dfb23d6:   41 38 80 78 08 00 74 00 0f 10 02 48 8b 49 38 48
0x00007ffc6dfb23e6:   8d 54 24 20 0f 29 44 24 20 e8 3c f0 ff ff 48 83
0x00007ffc6dfb23f6:   c4 38 c3 cc cc cc cc cc cc cc 48 83 ec 38 0f 10
0x00007ffc6dfb2406:   02 48 8b 01 48 8d 54 24 20 0f 29 44 24 20 ff 50
0x00007ffc6dfb2416:   38 48 83 c4 38 c3 cc cc cc cc 48 89 5c 24 08 55
0x00007ffc6dfb2426:   56 57 41 54 41 55 41 56 41 57 48 8d 6c 24 e0 48
0x00007ffc6dfb2436:   81 ec 20 01 00 00 48 8b 05 4d 51 86 00 48 33 c4 


Stack slot to memory mapping:
stack at sp + 0 slots: 0x00007ffc6e1050ba jvm.dll
stack at sp + 1 slots: 0x000000008278dbb0 is pointing into object: [B 
{0x000000008278db30} - klass: {type array byte}
 - length: 115
stack at sp + 2 slots: 0x0000000100001a68 is pointing into metadata
stack at sp + 3 slots: 0x0000017af34acc30 points into unknown readable memory: 0x0000017a00000041 | 41 00 00 00 7a 01 00 00
stack at sp + 4 slots: 0x00007ffc6e47b290 jvm.dll
stack at sp + 5 slots: 0x0000000100001a70 is a pointer to class: 
java.lang.reflect.AnnotatedElement {0x0000000100001a78}
stack at sp + 6 slots: 0x00007ffc6e104f66 jvm.dll
stack at sp + 7 slots: 0x0000000100001a68 is pointing into metadata


---------------  P R O C E S S  ---------------

Threads class SMR info:
_java_thread_list=0x0000017a8f114810, length=79, elements={
0x0000017af345b000, 0x0000017afe7e5800, 0x0000017afe7e8800, 0x0000017aff036800,
0x0000017aff038800, 0x0000017aff03b800, 0x0000017aff03f800, 0x0000017aff04c800,
0x0000017aff0ae000, 0x0000017aff1af000, 0x0000017aff254000, 0x0000017a8fd8f800,
0x0000017a90eaa800, 0x0000017a90090800, 0x0000017a907c9000, 0x0000017a91769800,
0x0000017a90bf1000, 0x0000017a906a4000, 0x0000017a90cb3800, 0x0000017a90f04800,
0x0000017a908a7800, 0x0000017a90be7800, 0x0000017a90beb000, 0x0000017a90be9800,
0x0000017a90bea000, 0x0000017a90beb800, 0x0000017a90bec800, 0x0000017a90be7000,
0x0000017a90bed800, 0x0000017a90be8800, 0x0000017a9003f800, 0x0000017a9003e000,
0x0000017a90040800, 0x0000017a90042000, 0x0000017a90041000, 0x0000017a9003d000,
0x0000017a90045000, 0x0000017a90049800, 0x0000017a90046000, 0x0000017a90047000,
0x0000017a90044800, 0x0000017a90043800, 0x0000017a9004b000, 0x0000017a9004a000,
0x0000017a9004c000, 0x0000017a90047800, 0x0000017a90048800, 0x0000017a9330b800,
0x0000017a9330a800, 0x0000017a93307800, 0x0000017a93308800, 0x0000017a9330a000,
0x0000017a93309000, 0x0000017a93306000, 0x0000017a9330c800, 0x0000017a93306800,
0x0000017a9330f800, 0x0000017a93311000, 0x0000017a9330d000, 0x0000017a9330e000,
0x0000017a93312000, 0x0000017a93313000, 0x0000017a93313800, 0x0000017a93310800,
0x0000017a9330f000, 0x0000017a93314800, 0x0000017a93773000, 0x0000017a93775800,
0x0000017a93778000, 0x0000017a93776800, 0x0000017a93774000, 0x0000017a9377a800,
0x0000017a93777000, 0x0000017a93779000, 0x0000017a93774800, 0x0000017a9377e800,
0x0000017a9377f800, 0x0000017a9377c000, 0x0000017a93779800
}

Java Threads: ( => current thread )
  0x0000017af345b000 JavaThread "main" [_thread_blocked, id=5832, stack(0x00000007a0b00000,0x00000007a0c00000)]
  0x0000017afe7e5800 JavaThread "Reference Handler" daemon [_thread_blocked, id=3944, stack(0x00000007a1200000,0x00000007a1300000)]
  0x0000017afe7e8800 JavaThread "Finalizer" daemon [_thread_blocked, id=11140, stack(0x00000007a1300000,0x00000007a1400000)]
  0x0000017aff036800 JavaThread "Signal Dispatcher" daemon [_thread_blocked, id=8304, stack(0x00000007a1400000,0x00000007a1500000)]
  0x0000017aff038800 JavaThread "Attach Listener" daemon [_thread_blocked, id=9608, stack(0x00000007a1500000,0x00000007a1600000)]
  0x0000017aff03b800 JavaThread "Service Thread" daemon [_thread_blocked, id=10348, stack(0x00000007a1600000,0x00000007a1700000)]
  0x0000017aff03f800 JavaThread "C2 CompilerThread0" daemon [_thread_in_native, id=6912, stack(0x00000007a1700000,0x00000007a1800000)]
  0x0000017aff04c800 JavaThread "C1 CompilerThread0" daemon [_thread_blocked, id=7736, stack(0x00000007a1800000,0x00000007a1900000)]
  0x0000017aff0ae000 JavaThread "Sweeper thread" daemon [_thread_blocked, id=9360, stack(0x00000007a1900000,0x00000007a1a00000)]
  0x0000017aff1af000 JavaThread "Common-Cleaner" daemon [_thread_blocked, id=10056, stack(0x00000007a1a00000,0x00000007a1b00000)]
  0x0000017aff254000 JavaThread "C2 CompilerThread1" daemon [_thread_in_native, id=3092, stack(0x00000007a1c00000,0x00000007a1d00000)]
  0x0000017a8fd8f800 JavaThread "Daemon health stats" [_thread_blocked, id=2372, stack(0x00000007a2000000,0x00000007a2100000)]
  0x0000017a90eaa800 JavaThread "Incoming local TCP Connector on port 53988" [_thread_in_native, id=8332, stack(0x00000007a2100000,0x00000007a2200000)]
  0x0000017a90090800 JavaThread "Daemon periodic checks" [_thread_blocked, id=9992, stack(0x00000007a2200000,0x00000007a2300000)]
  0x0000017a907c9000 JavaThread "Daemon" [_thread_blocked, id=7764, stack(0x00000007a2300000,0x00000007a2400000)]
  0x0000017a91769800 JavaThread "Handler for socket connection from /127.0.0.1:53988 to /127.0.0.1:53989" [_thread_in_native, id=9176, stack(0x00000007a2400000,0x00000007a2500000)]
  0x0000017a90bf1000 JavaThread "Cancel handler" [_thread_blocked, id=1716, stack(0x00000007a2500000,0x00000007a2600000)]
  0x0000017a906a4000 JavaThread "Daemon worker" [_thread_in_vm, id=2504, stack(0x00000007a2600000,0x00000007a2700000)]
  0x0000017a90cb3800 JavaThread "Asynchronous log dispatcher for DefaultDaemonConnection: socket connection from /127.0.0.1:53988 to /127.0.0.1:53989" [_thread_blocked, id=5316, stack(0x00000007a2700000,0x00000007a2800000)]
  0x0000017a90f04800 JavaThread "Stdin handler" [_thread_blocked, id=9688, stack(0x00000007a2800000,0x00000007a2900000)]
  0x0000017a908a7800 JavaThread "Daemon client event forwarder" [_thread_blocked, id=8640, stack(0x00000007a2900000,0x00000007a2a00000)]
  0x0000017a90be7800 JavaThread "Cache worker for journal cache (C:\Users\Administrator\.gradle\caches\journal-1)" [_thread_blocked, id=6728, stack(0x00000007a2a00000,0x00000007a2b00000)]
  0x0000017a90beb000 JavaThread "File lock request listener" [_thread_in_native, id=6184, stack(0x00000007a2b00000,0x00000007a2c00000)]
  0x0000017a90be9800 JavaThread "Cache worker for file hash cache (C:\Users\Administrator\.gradle\caches\7.4\fileHashes)" [_thread_blocked, id=10412, stack(0x00000007a2c00000,0x00000007a2d00000)]
  0x0000017a90bea000 JavaThread "File watcher server" daemon [_thread_in_native, id=9244, stack(0x00000007a2d00000,0x00000007a2e00000)]
  0x0000017a90beb800 JavaThread "File watcher consumer" daemon [_thread_blocked, id=8812, stack(0x00000007a2e00000,0x00000007a2f00000)]
  0x0000017a90bec800 JavaThread "Cache worker for checksums cache (P:\NavigationComponent\.gradle\7.4\checksums)" [_thread_blocked, id=9072, stack(0x00000007a2f00000,0x00000007a3000000)]
  0x0000017a90be7000 JavaThread "Cache worker for cache directory md-rule (C:\Users\Administrator\.gradle\caches\7.4\md-rule)" [_thread_blocked, id=10836, stack(0x00000007a3000000,0x00000007a3100000)]
  0x0000017a90bed800 JavaThread "Cache worker for file hash cache (P:\NavigationComponent\.gradle\7.4\fileHashes)" [_thread_blocked, id=9168, stack(0x00000007a3100000,0x00000007a3200000)]
  0x0000017a90be8800 JavaThread "Cache worker for cache directory md-supplier (C:\Users\Administrator\.gradle\caches\7.4\md-supplier)" [_thread_blocked, id=4144, stack(0x00000007a3200000,0x00000007a3300000)]
  0x0000017a9003f800 JavaThread "Cache worker for execution history cache (C:\Users\Administrator\.gradle\caches\7.4\executionHistory)" [_thread_blocked, id=788, stack(0x00000007a3300000,0x00000007a3400000)]
  0x0000017a9003e000 JavaThread "jar transforms" [_thread_blocked, id=3932, stack(0x00000007a3400000,0x00000007a3500000)]
  0x0000017a90040800 JavaThread "Cache worker for file content cache (C:\Users\Administrator\.gradle\caches\7.4\fileContent)" [_thread_blocked, id=5672, stack(0x00000007a3500000,0x00000007a3600000)]
  0x0000017a90042000 JavaThread "jar transforms Thread 2" [_thread_blocked, id=10488, stack(0x00000007a3600000,0x00000007a3700000)]
  0x0000017a90041000 JavaThread "Cache worker for dependencies-accessors (P:\NavigationComponent\.gradle\7.4\dependencies-accessors)" [_thread_blocked, id=5116, stack(0x00000007a3700000,0x00000007a3800000)]
  0x0000017a9003d000 JavaThread "jar transforms Thread 3" [_thread_blocked, id=9612, stack(0x00000007a3800000,0x00000007a3900000)]
  0x0000017a90045000 JavaThread "Cache worker for Build Output Cleanup Cache (P:\NavigationComponent\.gradle\buildOutputCleanup)" [_thread_blocked, id=7860, stack(0x00000007a3900000,0x00000007a3a00000)]
  0x0000017a90049800 JavaThread "Unconstrained build operations" [_thread_blocked, id=7864, stack(0x00000007a3a00000,0x00000007a3b00000)]
  0x0000017a90046000 JavaThread "Unconstrained build operations Thread 2" [_thread_blocked, id=8212, stack(0x00000007a3b00000,0x00000007a3c00000)]
  0x0000017a90047000 JavaThread "Unconstrained build operations Thread 3" [_thread_blocked, id=8960, stack(0x00000007a3c00000,0x00000007a3d00000)]
  0x0000017a90044800 JavaThread "Unconstrained build operations Thread 4" [_thread_blocked, id=5436, stack(0x00000007a3d00000,0x00000007a3e00000)]
  0x0000017a90043800 JavaThread "Unconstrained build operations Thread 5" [_thread_blocked, id=10420, stack(0x00000007a3e00000,0x00000007a3f00000)]
  0x0000017a9004b000 JavaThread "Unconstrained build operations Thread 6" [_thread_blocked, id=4984, stack(0x00000007a3f00000,0x00000007a4000000)]
  0x0000017a9004a000 JavaThread "Unconstrained build operations Thread 7" [_thread_blocked, id=1456, stack(0x00000007a4000000,0x00000007a4100000)]
  0x0000017a9004c000 JavaThread "Unconstrained build operations Thread 8" [_thread_blocked, id=4952, stack(0x00000007a4100000,0x00000007a4200000)]
  0x0000017a90047800 JavaThread "Unconstrained build operations Thread 9" [_thread_blocked, id=8828, stack(0x00000007a4200000,0x00000007a4300000)]
  0x0000017a90048800 JavaThread "Unconstrained build operations Thread 10" [_thread_blocked, id=2348, stack(0x00000007a4300000,0x00000007a4400000)]
  0x0000017a9330b800 JavaThread "Unconstrained build operations Thread 11" [_thread_blocked, id=1956, stack(0x00000007a4400000,0x00000007a4500000)]
  0x0000017a9330a800 JavaThread "Unconstrained build operations Thread 12" [_thread_blocked, id=6744, stack(0x00000007a4500000,0x00000007a4600000)]
  0x0000017a93307800 JavaThread "Unconstrained build operations Thread 13" [_thread_blocked, id=3188, stack(0x00000007a4600000,0x00000007a4700000)]
  0x0000017a93308800 JavaThread "Unconstrained build operations Thread 14" [_thread_blocked, id=9916, stack(0x00000007a4700000,0x00000007a4800000)]
  0x0000017a9330a000 JavaThread "Unconstrained build operations Thread 15" [_thread_blocked, id=2532, stack(0x00000007a4800000,0x00000007a4900000)]
  0x0000017a93309000 JavaThread "Unconstrained build operations Thread 16" [_thread_blocked, id=5376, stack(0x00000007a4900000,0x00000007a4a00000)]
  0x0000017a93306000 JavaThread "Unconstrained build operations Thread 17" [_thread_blocked, id=8948, stack(0x00000007a4a00000,0x00000007a4b00000)]
  0x0000017a9330c800 JavaThread "Unconstrained build operations Thread 18" [_thread_blocked, id=9856, stack(0x00000007a4b00000,0x00000007a4c00000)]
  0x0000017a93306800 JavaThread "Unconstrained build operations Thread 19" [_thread_blocked, id=3548, stack(0x00000007a4c00000,0x00000007a4d00000)]
  0x0000017a9330f800 JavaThread "Unconstrained build operations Thread 20" [_thread_blocked, id=9204, stack(0x00000007a4d00000,0x00000007a4e00000)]
  0x0000017a93311000 JavaThread "Unconstrained build operations Thread 21" [_thread_blocked, id=9632, stack(0x00000007a4e00000,0x00000007a4f00000)]
  0x0000017a9330d000 JavaThread "Unconstrained build operations Thread 22" [_thread_blocked, id=7720, stack(0x00000007a4f00000,0x00000007a5000000)]
  0x0000017a9330e000 JavaThread "Unconstrained build operations Thread 23" [_thread_blocked, id=4592, stack(0x00000007a5000000,0x00000007a5100000)]
  0x0000017a93312000 JavaThread "Unconstrained build operations Thread 24" [_thread_blocked, id=9748, stack(0x00000007a5100000,0x00000007a5200000)]
  0x0000017a93313000 JavaThread "Unconstrained build operations Thread 25" [_thread_blocked, id=9964, stack(0x00000007a5200000,0x00000007a5300000)]
  0x0000017a93313800 JavaThread "Unconstrained build operations Thread 26" [_thread_blocked, id=10000, stack(0x00000007a5300000,0x00000007a5400000)]
  0x0000017a93310800 JavaThread "Unconstrained build operations Thread 27" [_thread_blocked, id=216, stack(0x00000007a5400000,0x00000007a5500000)]
  0x0000017a9330f000 JavaThread "Unconstrained build operations Thread 28" [_thread_blocked, id=7984, stack(0x00000007a5500000,0x00000007a5600000)]
  0x0000017a93314800 JavaThread "Unconstrained build operations Thread 29" [_thread_blocked, id=10632, stack(0x00000007a5600000,0x00000007a5700000)]
  0x0000017a93773000 JavaThread "Unconstrained build operations Thread 30" [_thread_blocked, id=6364, stack(0x00000007a5700000,0x00000007a5800000)]
  0x0000017a93775800 JavaThread "Unconstrained build operations Thread 31" [_thread_blocked, id=1292, stack(0x00000007a5800000,0x00000007a5900000)]
  0x0000017a93778000 JavaThread "Unconstrained build operations Thread 32" [_thread_blocked, id=10332, stack(0x00000007a5900000,0x00000007a5a00000)]
  0x0000017a93776800 JavaThread "Unconstrained build operations Thread 33" [_thread_blocked, id=3948, stack(0x00000007a5a00000,0x00000007a5b00000)]
  0x0000017a93774000 JavaThread "Unconstrained build operations Thread 34" [_thread_blocked, id=10256, stack(0x00000007a5b00000,0x00000007a5c00000)]
  0x0000017a9377a800 JavaThread "Unconstrained build operations Thread 35" [_thread_blocked, id=3512, stack(0x00000007a5c00000,0x00000007a5d00000)]
  0x0000017a93777000 JavaThread "Unconstrained build operations Thread 36" [_thread_blocked, id=9976, stack(0x00000007a5d00000,0x00000007a5e00000)]
  0x0000017a93779000 JavaThread "Unconstrained build operations Thread 37" [_thread_blocked, id=6096, stack(0x00000007a5e00000,0x00000007a5f00000)]
  0x0000017a93774800 JavaThread "Unconstrained build operations Thread 38" [_thread_blocked, id=10160, stack(0x00000007a5f00000,0x00000007a6000000)]
  0x0000017a9377e800 JavaThread "Unconstrained build operations Thread 39" [_thread_blocked, id=7824, stack(0x00000007a6000000,0x00000007a6100000)]
  0x0000017a9377f800 JavaThread "Unconstrained build operations Thread 40" [_thread_blocked, id=4024, stack(0x00000007a6100000,0x00000007a6200000)]
  0x0000017a9377c000 JavaThread "jar transforms Thread 4" [_thread_blocked, id=5680, stack(0x00000007a6200000,0x00000007a6300000)]
  0x0000017a93779800 JavaThread "Memory manager" [_thread_blocked, id=1660, stack(0x00000007a6300000,0x00000007a6400000)]

Other Threads:
  0x0000017afe7ce000 VMThread "VM Thread" [stack: 0x00000007a1100000,0x00000007a1200000] [id=2828]
  0x0000017aff1da800 WatcherThread [stack: 0x00000007a1b00000,0x00000007a1c00000] [id=6148]
  0x0000017af3474000 GCTaskThread "GC Thread#0" [stack: 0x00000007a0c00000,0x00000007a0d00000] [id=6672]
  0x0000017aff307800 GCTaskThread "GC Thread#1" [stack: 0x00000007a1d00000,0x00000007a1e00000] [id=6384]
  0x0000017aff8f4000 GCTaskThread "GC Thread#2" [stack: 0x00000007a1e00000,0x00000007a1f00000] [id=6504]
  0x0000017affa49000 GCTaskThread "GC Thread#3" [stack: 0x00000007a1f00000,0x00000007a2000000] [id=8052]
  0x0000017af34a5000 ConcurrentGCThread "G1 Main Marker" [stack: 0x00000007a0d00000,0x00000007a0e00000] [id=5844]
=>0x0000017af34a6800 ConcurrentGCThread "G1 Conc#0" [stack: 0x00000007a0e00000,0x00000007a0f00000] [id=10040]
  0x0000017afe622800 ConcurrentGCThread "G1 Refine#0" [stack: 0x00000007a0f00000,0x00000007a1000000] [id=5404]
  0x0000017afe623800 ConcurrentGCThread "G1 Young RemSet Sampling" [stack: 0x00000007a1000000,0x00000007a1100000] [id=6840]

Threads with active compile tasks:
C2 CompilerThread0   7075 6480  s    4       java.util.jar.JarFile::getInputStream (72 bytes)
C2 CompilerThread1   7075 6530       4       sun.nio.fs.WindowsPathParser::normalize (233 bytes)

VM state:not at safepoint (normal execution)

VM Mutex/Monitor currently owned by a thread: None

Heap address: 0x0000000080000000, size: 2048 MB, Compressed Oops mode: 32-bit
Narrow klass base: 0x0000000000000000, Narrow klass shift: 3
Compressed class space size: 1073741824 Address: 0x0000000100000000

Heap:
 garbage-first heap   total 238592K, used 63298K [0x0000000080000000, 0x0000000100000000)
  region size 1024K, 10 young (10240K), 7 survivors (7168K)
 Metaspace       used 64745K, capacity 66296K, committed 66640K, reserved 1107968K
  class space    used 8138K, capacity 8757K, committed 8864K, reserved 1048576K
Heap Regions: E=young(eden), S=young(survivor), O=old, HS=humongous(starts), HC=humongous(continues), CS=collection set, F=free, A=archive, TAMS=top-at-mark-start (previous, next)
|   0|0x0000000080000000, 0x0000000080100000, 0x0000000080100000|100%|HS|  |TAMS 0x0000000080100000, 0x0000000080100000| Complete 
|   1|0x0000000080100000, 0x0000000080200000, 0x0000000080200000|100%|HC|  |TAMS 0x0000000080200000, 0x0000000080200000| Complete 
|   2|0x0000000080200000, 0x0000000080300000, 0x0000000080300000|100%|HC|  |TAMS 0x0000000080300000, 0x0000000080300000| Complete 
|   3|0x0000000080300000, 0x0000000080400000, 0x0000000080400000|100%| O|  |TAMS 0x0000000080400000, 0x0000000080400000| Untracked 
|   4|0x0000000080400000, 0x0000000080500000, 0x0000000080500000|100%| O|  |TAMS 0x0000000080500000, 0x0000000080500000| Untracked 
|   5|0x0000000080500000, 0x0000000080600000, 0x0000000080600000|100%| O|  |TAMS 0x0000000080600000, 0x0000000080600000| Untracked 
|   6|0x0000000080600000, 0x0000000080700000, 0x0000000080700000|100%| O|  |TAMS 0x0000000080700000, 0x0000000080700000| Untracked 
|   7|0x0000000080700000, 0x0000000080800000, 0x0000000080800000|100%| O|  |TAMS 0x0000000080800000, 0x0000000080800000| Untracked 
|   8|0x0000000080800000, 0x0000000080900000, 0x0000000080900000|100%| O|  |TAMS 0x0000000080900000, 0x0000000080900000| Untracked 
|   9|0x0000000080900000, 0x0000000080a00000, 0x0000000080a00000|100%| O|  |TAMS 0x0000000080a00000, 0x0000000080a00000| Untracked 
|  10|0x0000000080a00000, 0x0000000080b00000, 0x0000000080b00000|100%| O|  |TAMS 0x0000000080b00000, 0x0000000080b00000| Untracked 
|  11|0x0000000080b00000, 0x0000000080c00000, 0x0000000080c00000|100%| O|  |TAMS 0x0000000080c00000, 0x0000000080c00000| Untracked 
|  12|0x0000000080c00000, 0x0000000080d00000, 0x0000000080d00000|100%| O|  |TAMS 0x0000000080d00000, 0x0000000080d00000| Untracked 
|  13|0x0000000080d00000, 0x0000000080e00000, 0x0000000080e00000|100%| O|  |TAMS 0x0000000080e00000, 0x0000000080e00000| Untracked 
|  14|0x0000000080e00000, 0x0000000080f00000, 0x0000000080f00000|100%| O|  |TAMS 0x0000000080f00000, 0x0000000080f00000| Untracked 
|  15|0x0000000080f00000, 0x0000000081000000, 0x0000000081000000|100%| O|  |TAMS 0x0000000081000000, 0x0000000081000000| Untracked 
|  16|0x0000000081000000, 0x0000000081100000, 0x0000000081100000|100%|HS|  |TAMS 0x0000000081100000, 0x0000000081100000| Complete 
|  17|0x0000000081100000, 0x0000000081200000, 0x0000000081200000|100%| O|  |TAMS 0x0000000081200000, 0x0000000081200000| Untracked 
|  18|0x0000000081200000, 0x0000000081300000, 0x0000000081300000|100%| O|  |TAMS 0x0000000081300000, 0x0000000081300000| Untracked 
|  19|0x0000000081300000, 0x0000000081400000, 0x0000000081400000|100%| O|  |TAMS 0x0000000081400000, 0x0000000081400000| Untracked 
|  20|0x0000000081400000, 0x0000000081500000, 0x0000000081500000|100%| O|  |TAMS 0x0000000081500000, 0x0000000081500000| Untracked 
|  21|0x0000000081500000, 0x0000000081600000, 0x0000000081600000|100%| O|  |TAMS 0x0000000081600000, 0x0000000081600000| Untracked 
|  22|0x0000000081600000, 0x0000000081700000, 0x0000000081700000|100%| O|  |TAMS 0x0000000081700000, 0x0000000081700000| Untracked 
|  23|0x0000000081700000, 0x0000000081800000, 0x0000000081800000|100%| O|  |TAMS 0x0000000081800000, 0x0000000081800000| Untracked 
|  24|0x0000000081800000, 0x0000000081900000, 0x0000000081900000|100%|HS|  |TAMS 0x0000000081900000, 0x0000000081900000| Complete 
|  25|0x0000000081900000, 0x0000000081a00000, 0x0000000081a00000|100%|HS|  |TAMS 0x0000000081a00000, 0x0000000081a00000| Complete 
|  26|0x0000000081a00000, 0x0000000081b00000, 0x0000000081b00000|100%|HS|  |TAMS 0x0000000081b00000, 0x0000000081b00000| Complete 
|  27|0x0000000081b00000, 0x0000000081c00000, 0x0000000081c00000|100%|HC|  |TAMS 0x0000000081c00000, 0x0000000081c00000| Complete 
|  28|0x0000000081c00000, 0x0000000081d00000, 0x0000000081d00000|100%|HC|  |TAMS 0x0000000081d00000, 0x0000000081d00000| Complete 
|  29|0x0000000081d00000, 0x0000000081e00000, 0x0000000081e00000|100%|HC|  |TAMS 0x0000000081e00000, 0x0000000081e00000| Complete 
|  30|0x0000000081e00000, 0x0000000081f00000, 0x0000000081f00000|100%| O|  |TAMS 0x0000000081f00000, 0x0000000081f00000| Untracked 
|  31|0x0000000081f00000, 0x0000000082000000, 0x0000000082000000|100%|HS|  |TAMS 0x0000000082000000, 0x0000000082000000| Complete 
|  32|0x0000000082000000, 0x0000000082100000, 0x0000000082100000|100%|HC|  |TAMS 0x0000000082100000, 0x0000000082100000| Complete 
|  33|0x0000000082100000, 0x0000000082200000, 0x0000000082200000|100%| O|  |TAMS 0x0000000082200000, 0x0000000082200000| Untracked 
|  34|0x0000000082200000, 0x0000000082300000, 0x0000000082300000|100%| O|  |TAMS 0x0000000082300000, 0x0000000082300000| Untracked 
|  35|0x0000000082300000, 0x0000000082400000, 0x0000000082400000|100%| O|  |TAMS 0x0000000082400000, 0x0000000082400000| Untracked 
|  36|0x0000000082400000, 0x0000000082500000, 0x0000000082500000|100%| O|  |TAMS 0x0000000082500000, 0x0000000082500000| Untracked 
|  37|0x0000000082500000, 0x0000000082600000, 0x0000000082600000|100%| O|  |TAMS 0x0000000082600000, 0x0000000082600000| Untracked 
|  38|0x0000000082600000, 0x0000000082700000, 0x0000000082700000|100%| O|  |TAMS 0x0000000082700000, 0x0000000082700000| Untracked 
|  39|0x0000000082700000, 0x0000000082800000, 0x0000000082800000|100%| O|  |TAMS 0x0000000082800000, 0x0000000082800000| Untracked 
|  40|0x0000000082800000, 0x0000000082900000, 0x0000000082900000|100%| O|  |TAMS 0x0000000082900000, 0x0000000082900000| Untracked 
|  41|0x0000000082900000, 0x0000000082a00000, 0x0000000082a00000|100%| O|  |TAMS 0x0000000082a00000, 0x0000000082a00000| Untracked 
|  42|0x0000000082a00000, 0x0000000082b00000, 0x0000000082b00000|100%| O|  |TAMS 0x0000000082b00000, 0x0000000082b00000| Untracked 
|  43|0x0000000082b00000, 0x0000000082c00000, 0x0000000082c00000|100%| O|  |TAMS 0x0000000082c00000, 0x0000000082c00000| Untracked 
|  44|0x0000000082c00000, 0x0000000082d00000, 0x0000000082d00000|100%| O|  |TAMS 0x0000000082d00000, 0x0000000082d00000| Untracked 
|  45|0x0000000082d00000, 0x0000000082e00000, 0x0000000082e00000|100%| O|  |TAMS 0x0000000082e00000, 0x0000000082e00000| Untracked 
|  46|0x0000000082e00000, 0x0000000082f00000, 0x0000000082f00000|100%| O|  |TAMS 0x0000000082f00000, 0x0000000082f00000| Untracked 
|  47|0x0000000082f00000, 0x0000000083000000, 0x0000000083000000|100%| O|  |TAMS 0x0000000083000000, 0x0000000083000000| Untracked 
|  48|0x0000000083000000, 0x0000000083100000, 0x0000000083100000|100%| O|  |TAMS 0x0000000083100000, 0x0000000083100000| Untracked 
|  49|0x0000000083100000, 0x0000000083200000, 0x0000000083200000|100%| O|  |TAMS 0x0000000083200000, 0x0000000083200000| Untracked 
|  50|0x0000000083200000, 0x0000000083300000, 0x0000000083300000|100%| O|  |TAMS 0x0000000083300000, 0x0000000083300000| Untracked 
|  51|0x0000000083300000, 0x0000000083400000, 0x0000000083400000|100%| O|  |TAMS 0x0000000083400000, 0x0000000083400000| Untracked 
|  52|0x0000000083400000, 0x00000000834dd600, 0x0000000083500000| 86%| O|  |TAMS 0x00000000834dd600, 0x00000000834dd600| Untracked 
|  53|0x0000000083500000, 0x0000000083500000, 0x0000000083600000|  0%| F|  |TAMS 0x0000000083500000, 0x0000000083500000| Untracked 
|  54|0x0000000083600000, 0x0000000083600000, 0x0000000083700000|  0%| F|  |TAMS 0x0000000083600000, 0x0000000083600000| Untracked 
|  55|0x0000000083700000, 0x0000000083700000, 0x0000000083800000|  0%| F|  |TAMS 0x0000000083700000, 0x0000000083700000| Untracked 
|  56|0x0000000083800000, 0x0000000083800000, 0x0000000083900000|  0%| F|  |TAMS 0x0000000083800000, 0x0000000083800000| Untracked 
|  57|0x0000000083900000, 0x0000000083900000, 0x0000000083a00000|  0%| F|  |TAMS 0x0000000083900000, 0x0000000083900000| Untracked 
|  58|0x0000000083a00000, 0x0000000083a00000, 0x0000000083b00000|  0%| F|  |TAMS 0x0000000083a00000, 0x0000000083a00000| Untracked 
|  59|0x0000000083b00000, 0x0000000083b00000, 0x0000000083c00000|  0%| F|  |TAMS 0x0000000083b00000, 0x0000000083b00000| Untracked 
|  60|0x0000000083c00000, 0x0000000083c00000, 0x0000000083d00000|  0%| F|  |TAMS 0x0000000083c00000, 0x0000000083c00000| Untracked 
|  61|0x0000000083d00000, 0x0000000083d00000, 0x0000000083e00000|  0%| F|  |TAMS 0x0000000083d00000, 0x0000000083d00000| Untracked 
|  62|0x0000000083e00000, 0x0000000083e00000, 0x0000000083f00000|  0%| F|  |TAMS 0x0000000083e00000, 0x0000000083e00000| Untracked 
|  63|0x0000000083f00000, 0x0000000083f00000, 0x0000000084000000|  0%| F|  |TAMS 0x0000000083f00000, 0x0000000083f00000| Untracked 
|  64|0x0000000084000000, 0x0000000084000000, 0x0000000084100000|  0%| F|  |TAMS 0x0000000084000000, 0x0000000084000000| Untracked 
|  65|0x0000000084100000, 0x0000000084100000, 0x0000000084200000|  0%| F|  |TAMS 0x0000000084100000, 0x0000000084100000| Untracked 
|  66|0x0000000084200000, 0x0000000084200000, 0x0000000084300000|  0%| F|  |TAMS 0x0000000084200000, 0x0000000084200000| Untracked 
|  67|0x0000000084300000, 0x0000000084300000, 0x0000000084400000|  0%| F|  |TAMS 0x0000000084300000, 0x0000000084300000| Untracked 
|  68|0x0000000084400000, 0x0000000084400000, 0x0000000084500000|  0%| F|  |TAMS 0x0000000084400000, 0x0000000084400000| Untracked 
|  69|0x0000000084500000, 0x0000000084500000, 0x0000000084600000|  0%| F|  |TAMS 0x0000000084500000, 0x0000000084500000| Untracked 
|  70|0x0000000084600000, 0x0000000084600000, 0x0000000084700000|  0%| F|  |TAMS 0x0000000084600000, 0x0000000084600000| Untracked 
|  71|0x0000000084700000, 0x0000000084700000, 0x0000000084800000|  0%| F|  |TAMS 0x0000000084700000, 0x0000000084700000| Untracked 
|  72|0x0000000084800000, 0x0000000084800000, 0x0000000084900000|  0%| F|  |TAMS 0x0000000084800000, 0x0000000084800000| Untracked 
|  73|0x0000000084900000, 0x0000000084900000, 0x0000000084a00000|  0%| F|  |TAMS 0x0000000084900000, 0x0000000084900000| Untracked 
|  74|0x0000000084a00000, 0x0000000084a00000, 0x0000000084b00000|  0%| F|  |TAMS 0x0000000084a00000, 0x0000000084a00000| Untracked 
|  75|0x0000000084b00000, 0x0000000084b00000, 0x0000000084c00000|  0%| F|  |TAMS 0x0000000084b00000, 0x0000000084b00000| Untracked 
|  76|0x0000000084c00000, 0x0000000084c00000, 0x0000000084d00000|  0%| F|  |TAMS 0x0000000084c00000, 0x0000000084c00000| Untracked 
|  77|0x0000000084d00000, 0x0000000084d00000, 0x0000000084e00000|  0%| F|  |TAMS 0x0000000084d00000, 0x0000000084d00000| Untracked 
|  78|0x0000000084e00000, 0x0000000084e00000, 0x0000000084f00000|  0%| F|  |TAMS 0x0000000084e00000, 0x0000000084e00000| Untracked 
|  79|0x0000000084f00000, 0x0000000084f00000, 0x0000000085000000|  0%| F|  |TAMS 0x0000000084f00000, 0x0000000084f00000| Untracked 
|  80|0x0000000085000000, 0x0000000085000000, 0x0000000085100000|  0%| F|  |TAMS 0x0000000085000000, 0x0000000085000000| Untracked 
|  81|0x0000000085100000, 0x0000000085100000, 0x0000000085200000|  0%| F|  |TAMS 0x0000000085100000, 0x0000000085100000| Untracked 
|  82|0x0000000085200000, 0x0000000085200000, 0x0000000085300000|  0%| F|  |TAMS 0x0000000085200000, 0x0000000085200000| Untracked 
|  83|0x0000000085300000, 0x0000000085300000, 0x0000000085400000|  0%| F|  |TAMS 0x0000000085300000, 0x0000000085300000| Untracked 
|  84|0x0000000085400000, 0x0000000085400000, 0x0000000085500000|  0%| F|  |TAMS 0x0000000085400000, 0x0000000085400000| Untracked 
|  85|0x0000000085500000, 0x0000000085500000, 0x0000000085600000|  0%| F|  |TAMS 0x0000000085500000, 0x0000000085500000| Untracked 
|  86|0x0000000085600000, 0x0000000085600000, 0x0000000085700000|  0%| F|  |TAMS 0x0000000085600000, 0x0000000085600000| Untracked 
|  87|0x0000000085700000, 0x0000000085700000, 0x0000000085800000|  0%| F|  |TAMS 0x0000000085700000, 0x0000000085700000| Untracked 
|  88|0x0000000085800000, 0x0000000085800000, 0x0000000085900000|  0%| F|  |TAMS 0x0000000085800000, 0x0000000085800000| Untracked 
|  89|0x0000000085900000, 0x0000000085900000, 0x0000000085a00000|  0%| F|  |TAMS 0x0000000085900000, 0x0000000085900000| Untracked 
|  90|0x0000000085a00000, 0x0000000085a00000, 0x0000000085b00000|  0%| F|  |TAMS 0x0000000085a00000, 0x0000000085a00000| Untracked 
|  91|0x0000000085b00000, 0x0000000085b00000, 0x0000000085c00000|  0%| F|  |TAMS 0x0000000085b00000, 0x0000000085b00000| Untracked 
|  92|0x0000000085c00000, 0x0000000085c00000, 0x0000000085d00000|  0%| F|  |TAMS 0x0000000085c00000, 0x0000000085c00000| Untracked 
|  93|0x0000000085d00000, 0x0000000085d00000, 0x0000000085e00000|  0%| F|  |TAMS 0x0000000085d00000, 0x0000000085d00000| Untracked 
|  94|0x0000000085e00000, 0x0000000085e00000, 0x0000000085f00000|  0%| F|  |TAMS 0x0000000085e00000, 0x0000000085e00000| Untracked 
|  95|0x0000000085f00000, 0x0000000085f00000, 0x0000000086000000|  0%| F|  |TAMS 0x0000000085f00000, 0x0000000085f00000| Untracked 
|  96|0x0000000086000000, 0x0000000086000000, 0x0000000086100000|  0%| F|  |TAMS 0x0000000086000000, 0x0000000086000000| Untracked 
|  97|0x0000000086100000, 0x0000000086100000, 0x0000000086200000|  0%| F|  |TAMS 0x0000000086100000, 0x0000000086100000| Untracked 
|  98|0x0000000086200000, 0x0000000086200000, 0x0000000086300000|  0%| F|  |TAMS 0x0000000086200000, 0x0000000086200000| Untracked 
|  99|0x0000000086300000, 0x0000000086300000, 0x0000000086400000|  0%| F|  |TAMS 0x0000000086300000, 0x0000000086300000| Untracked 
| 100|0x0000000086400000, 0x0000000086400000, 0x0000000086500000|  0%| F|  |TAMS 0x0000000086400000, 0x0000000086400000| Untracked 
| 101|0x0000000086500000, 0x0000000086500000, 0x0000000086600000|  0%| F|  |TAMS 0x0000000086500000, 0x0000000086500000| Untracked 
| 102|0x0000000086600000, 0x0000000086600000, 0x0000000086700000|  0%| F|  |TAMS 0x0000000086600000, 0x0000000086600000| Untracked 
| 103|0x0000000086700000, 0x0000000086700000, 0x0000000086800000|  0%| F|  |TAMS 0x0000000086700000, 0x0000000086700000| Untracked 
| 104|0x0000000086800000, 0x0000000086800000, 0x0000000086900000|  0%| F|  |TAMS 0x0000000086800000, 0x0000000086800000| Untracked 
| 105|0x0000000086900000, 0x0000000086900000, 0x0000000086a00000|  0%| F|  |TAMS 0x0000000086900000, 0x0000000086900000| Untracked 
| 106|0x0000000086a00000, 0x0000000086a00000, 0x0000000086b00000|  0%| F|  |TAMS 0x0000000086a00000, 0x0000000086a00000| Untracked 
| 107|0x0000000086b00000, 0x0000000086b00000, 0x0000000086c00000|  0%| F|  |TAMS 0x0000000086b00000, 0x0000000086b00000| Untracked 
| 108|0x0000000086c00000, 0x0000000086c00000, 0x0000000086d00000|  0%| F|  |TAMS 0x0000000086c00000, 0x0000000086c00000| Untracked 
| 109|0x0000000086d00000, 0x0000000086d00000, 0x0000000086e00000|  0%| F|  |TAMS 0x0000000086d00000, 0x0000000086d00000| Untracked 
| 110|0x0000000086e00000, 0x0000000086e00000, 0x0000000086f00000|  0%| F|  |TAMS 0x0000000086e00000, 0x0000000086e00000| Untracked 
| 111|0x0000000086f00000, 0x0000000086f00000, 0x0000000087000000|  0%| F|  |TAMS 0x0000000086f00000, 0x0000000086f00000| Untracked 
| 112|0x0000000087000000, 0x0000000087000000, 0x0000000087100000|  0%| F|  |TAMS 0x0000000087000000, 0x0000000087000000| Untracked 
| 113|0x0000000087100000, 0x0000000087100000, 0x0000000087200000|  0%| F|  |TAMS 0x0000000087100000, 0x0000000087100000| Untracked 
| 114|0x0000000087200000, 0x0000000087200000, 0x0000000087300000|  0%| F|  |TAMS 0x0000000087200000, 0x0000000087200000| Untracked 
| 115|0x0000000087300000, 0x0000000087300000, 0x0000000087400000|  0%| F|  |TAMS 0x0000000087300000, 0x0000000087300000| Untracked 
| 116|0x0000000087400000, 0x0000000087400000, 0x0000000087500000|  0%| F|  |TAMS 0x0000000087400000, 0x0000000087400000| Untracked 
| 117|0x0000000087500000, 0x0000000087500000, 0x0000000087600000|  0%| F|  |TAMS 0x0000000087500000, 0x0000000087500000| Untracked 
| 118|0x0000000087600000, 0x0000000087600000, 0x0000000087700000|  0%| F|  |TAMS 0x0000000087600000, 0x0000000087600000| Untracked 
| 119|0x0000000087700000, 0x0000000087700000, 0x0000000087800000|  0%| F|  |TAMS 0x0000000087700000, 0x0000000087700000| Untracked 
| 120|0x0000000087800000, 0x0000000087800000, 0x0000000087900000|  0%| F|  |TAMS 0x0000000087800000, 0x0000000087800000| Untracked 
| 121|0x0000000087900000, 0x0000000087900000, 0x0000000087a00000|  0%| F|  |TAMS 0x0000000087900000, 0x0000000087900000| Untracked 
| 122|0x0000000087a00000, 0x0000000087a00000, 0x0000000087b00000|  0%| F|  |TAMS 0x0000000087a00000, 0x0000000087a00000| Untracked 
| 123|0x0000000087b00000, 0x0000000087b00000, 0x0000000087c00000|  0%| F|  |TAMS 0x0000000087b00000, 0x0000000087b00000| Untracked 
| 124|0x0000000087c00000, 0x0000000087c00000, 0x0000000087d00000|  0%| F|  |TAMS 0x0000000087c00000, 0x0000000087c00000| Untracked 
| 125|0x0000000087d00000, 0x0000000087d00000, 0x0000000087e00000|  0%| F|  |TAMS 0x0000000087d00000, 0x0000000087d00000| Untracked 
| 126|0x0000000087e00000, 0x0000000087e00000, 0x0000000087f00000|  0%| F|  |TAMS 0x0000000087e00000, 0x0000000087e00000| Untracked 
| 127|0x0000000087f00000, 0x0000000087f00000, 0x0000000088000000|  0%| F|  |TAMS 0x0000000087f00000, 0x0000000087f00000| Untracked 
| 128|0x0000000088000000, 0x0000000088000000, 0x0000000088100000|  0%| F|  |TAMS 0x0000000088000000, 0x0000000088000000| Untracked 
| 129|0x0000000088100000, 0x0000000088100000, 0x0000000088200000|  0%| F|  |TAMS 0x0000000088100000, 0x0000000088100000| Untracked 
| 130|0x0000000088200000, 0x0000000088200000, 0x0000000088300000|  0%| F|  |TAMS 0x0000000088200000, 0x0000000088200000| Untracked 
| 131|0x0000000088300000, 0x0000000088300000, 0x0000000088400000|  0%| F|  |TAMS 0x0000000088300000, 0x0000000088300000| Untracked 
| 132|0x0000000088400000, 0x0000000088400000, 0x0000000088500000|  0%| F|  |TAMS 0x0000000088400000, 0x0000000088400000| Untracked 
| 133|0x0000000088500000, 0x0000000088500000, 0x0000000088600000|  0%| F|  |TAMS 0x0000000088500000, 0x0000000088500000| Untracked 
| 134|0x0000000088600000, 0x0000000088600000, 0x0000000088700000|  0%| F|  |TAMS 0x0000000088600000, 0x0000000088600000| Untracked 
| 135|0x0000000088700000, 0x0000000088700000, 0x0000000088800000|  0%| F|  |TAMS 0x0000000088700000, 0x0000000088700000| Untracked 
| 136|0x0000000088800000, 0x0000000088800000, 0x0000000088900000|  0%| F|  |TAMS 0x0000000088800000, 0x0000000088800000| Untracked 
| 137|0x0000000088900000, 0x0000000088900000, 0x0000000088a00000|  0%| F|  |TAMS 0x0000000088900000, 0x0000000088900000| Untracked 
| 138|0x0000000088a00000, 0x0000000088a00000, 0x0000000088b00000|  0%| F|  |TAMS 0x0000000088a00000, 0x0000000088a00000| Untracked 
| 139|0x0000000088b00000, 0x0000000088b00000, 0x0000000088c00000|  0%| F|  |TAMS 0x0000000088b00000, 0x0000000088b00000| Untracked 
| 140|0x0000000088c00000, 0x0000000088c00000, 0x0000000088d00000|  0%| F|  |TAMS 0x0000000088c00000, 0x0000000088c00000| Untracked 
| 141|0x0000000088d00000, 0x0000000088d00000, 0x0000000088e00000|  0%| F|  |TAMS 0x0000000088d00000, 0x0000000088d00000| Untracked 
| 142|0x0000000088e00000, 0x0000000088e00000, 0x0000000088f00000|  0%| F|  |TAMS 0x0000000088e00000, 0x0000000088e00000| Untracked 
| 143|0x0000000088f00000, 0x0000000088f00000, 0x0000000089000000|  0%| F|  |TAMS 0x0000000088f00000, 0x0000000088f00000| Untracked 
| 144|0x0000000089000000, 0x0000000089000000, 0x0000000089100000|  0%| F|  |TAMS 0x0000000089000000, 0x0000000089000000| Untracked 
| 145|0x0000000089100000, 0x0000000089100000, 0x0000000089200000|  0%| F|  |TAMS 0x0000000089100000, 0x0000000089100000| Untracked 
| 146|0x0000000089200000, 0x0000000089200000, 0x0000000089300000|  0%| F|  |TAMS 0x0000000089200000, 0x0000000089200000| Untracked 
| 147|0x0000000089300000, 0x0000000089300000, 0x0000000089400000|  0%| F|  |TAMS 0x0000000089300000, 0x0000000089300000| Untracked 
| 148|0x0000000089400000, 0x0000000089400000, 0x0000000089500000|  0%| F|  |TAMS 0x0000000089400000, 0x0000000089400000| Untracked 
| 149|0x0000000089500000, 0x0000000089500000, 0x0000000089600000|  0%| F|  |TAMS 0x0000000089500000, 0x0000000089500000| Untracked 
| 150|0x0000000089600000, 0x0000000089600000, 0x0000000089700000|  0%| F|  |TAMS 0x0000000089600000, 0x0000000089600000| Untracked 
| 151|0x0000000089700000, 0x00000000897f33c0, 0x0000000089800000| 95%| S|CS|TAMS 0x0000000089700000, 0x0000000089700000| Complete 
| 152|0x0000000089800000, 0x0000000089900000, 0x0000000089900000|100%| S|CS|TAMS 0x0000000089800000, 0x0000000089800000| Complete 
| 153|0x0000000089900000, 0x0000000089a00000, 0x0000000089a00000|100%| S|CS|TAMS 0x0000000089900000, 0x0000000089900000| Complete 
| 154|0x0000000089a00000, 0x0000000089b00000, 0x0000000089b00000|100%| S|CS|TAMS 0x0000000089a00000, 0x0000000089a00000| Complete 
| 155|0x0000000089b00000, 0x0000000089c00000, 0x0000000089c00000|100%| S|CS|TAMS 0x0000000089b00000, 0x0000000089b00000| Complete 
| 156|0x0000000089c00000, 0x0000000089d00000, 0x0000000089d00000|100%| S|CS|TAMS 0x0000000089c00000, 0x0000000089c00000| Complete 
| 157|0x0000000089d00000, 0x0000000089e00000, 0x0000000089e00000|100%| S|CS|TAMS 0x0000000089d00000, 0x0000000089d00000| Complete 
| 158|0x0000000089e00000, 0x0000000089e00000, 0x0000000089f00000|  0%| F|  |TAMS 0x0000000089e00000, 0x0000000089e00000| Untracked 
| 159|0x0000000089f00000, 0x0000000089f00000, 0x000000008a000000|  0%| F|  |TAMS 0x0000000089f00000, 0x0000000089f00000| Untracked 
| 160|0x000000008a000000, 0x000000008a000000, 0x000000008a100000|  0%| F|  |TAMS 0x000000008a000000, 0x000000008a000000| Untracked 
| 161|0x000000008a100000, 0x000000008a100000, 0x000000008a200000|  0%| F|  |TAMS 0x000000008a100000, 0x000000008a100000| Untracked 
| 162|0x000000008a200000, 0x000000008a200000, 0x000000008a300000|  0%| F|  |TAMS 0x000000008a200000, 0x000000008a200000| Untracked 
| 163|0x000000008a300000, 0x000000008a300000, 0x000000008a400000|  0%| F|  |TAMS 0x000000008a300000, 0x000000008a300000| Untracked 
| 164|0x000000008a400000, 0x000000008a400000, 0x000000008a500000|  0%| F|  |TAMS 0x000000008a400000, 0x000000008a400000| Untracked 
| 165|0x000000008a500000, 0x000000008a500000, 0x000000008a600000|  0%| F|  |TAMS 0x000000008a500000, 0x000000008a500000| Untracked 
| 166|0x000000008a600000, 0x000000008a600000, 0x000000008a700000|  0%| F|  |TAMS 0x000000008a600000, 0x000000008a600000| Untracked 
| 167|0x000000008a700000, 0x000000008a700000, 0x000000008a800000|  0%| F|  |TAMS 0x000000008a700000, 0x000000008a700000| Untracked 
| 168|0x000000008a800000, 0x000000008a800000, 0x000000008a900000|  0%| F|  |TAMS 0x000000008a800000, 0x000000008a800000| Untracked 
| 169|0x000000008a900000, 0x000000008a900000, 0x000000008aa00000|  0%| F|  |TAMS 0x000000008a900000, 0x000000008a900000| Untracked 
| 170|0x000000008aa00000, 0x000000008aa00000, 0x000000008ab00000|  0%| F|  |TAMS 0x000000008aa00000, 0x000000008aa00000| Untracked 
| 171|0x000000008ab00000, 0x000000008ab00000, 0x000000008ac00000|  0%| F|  |TAMS 0x000000008ab00000, 0x000000008ab00000| Untracked 
| 172|0x000000008ac00000, 0x000000008ac00000, 0x000000008ad00000|  0%| F|  |TAMS 0x000000008ac00000, 0x000000008ac00000| Untracked 
| 173|0x000000008ad00000, 0x000000008ad00000, 0x000000008ae00000|  0%| F|  |TAMS 0x000000008ad00000, 0x000000008ad00000| Untracked 
| 174|0x000000008ae00000, 0x000000008ae00000, 0x000000008af00000|  0%| F|  |TAMS 0x000000008ae00000, 0x000000008ae00000| Untracked 
| 175|0x000000008af00000, 0x000000008af00000, 0x000000008b000000|  0%| F|  |TAMS 0x000000008af00000, 0x000000008af00000| Untracked 
| 176|0x000000008b000000, 0x000000008b000000, 0x000000008b100000|  0%| F|  |TAMS 0x000000008b000000, 0x000000008b000000| Untracked 
| 177|0x000000008b100000, 0x000000008b100000, 0x000000008b200000|  0%| F|  |TAMS 0x000000008b100000, 0x000000008b100000| Untracked 
| 178|0x000000008b200000, 0x000000008b200000, 0x000000008b300000|  0%| F|  |TAMS 0x000000008b200000, 0x000000008b200000| Untracked 
| 179|0x000000008b300000, 0x000000008b300000, 0x000000008b400000|  0%| F|  |TAMS 0x000000008b300000, 0x000000008b300000| Untracked 
| 180|0x000000008b400000, 0x000000008b400000, 0x000000008b500000|  0%| F|  |TAMS 0x000000008b400000, 0x000000008b400000| Untracked 
| 181|0x000000008b500000, 0x000000008b500000, 0x000000008b600000|  0%| F|  |TAMS 0x000000008b500000, 0x000000008b500000| Untracked 
| 182|0x000000008b600000, 0x000000008b600000, 0x000000008b700000|  0%| F|  |TAMS 0x000000008b600000, 0x000000008b600000| Untracked 
| 183|0x000000008b700000, 0x000000008b700000, 0x000000008b800000|  0%| F|  |TAMS 0x000000008b700000, 0x000000008b700000| Untracked 
| 184|0x000000008b800000, 0x000000008b800000, 0x000000008b900000|  0%| F|  |TAMS 0x000000008b800000, 0x000000008b800000| Untracked 
| 185|0x000000008b900000, 0x000000008b900000, 0x000000008ba00000|  0%| F|  |TAMS 0x000000008b900000, 0x000000008b900000| Untracked 
| 186|0x000000008ba00000, 0x000000008ba00000, 0x000000008bb00000|  0%| F|  |TAMS 0x000000008ba00000, 0x000000008ba00000| Untracked 
| 187|0x000000008bb00000, 0x000000008bb00000, 0x000000008bc00000|  0%| F|  |TAMS 0x000000008bb00000, 0x000000008bb00000| Untracked 
| 188|0x000000008bc00000, 0x000000008bc00000, 0x000000008bd00000|  0%| F|  |TAMS 0x000000008bc00000, 0x000000008bc00000| Untracked 
| 189|0x000000008bd00000, 0x000000008bd00000, 0x000000008be00000|  0%| F|  |TAMS 0x000000008bd00000, 0x000000008bd00000| Untracked 
| 190|0x000000008be00000, 0x000000008be00000, 0x000000008bf00000|  0%| F|  |TAMS 0x000000008be00000, 0x000000008be00000| Untracked 
| 191|0x000000008bf00000, 0x000000008bf00000, 0x000000008c000000|  0%| F|  |TAMS 0x000000008bf00000, 0x000000008bf00000| Untracked 
| 192|0x000000008c000000, 0x000000008c000000, 0x000000008c100000|  0%| F|  |TAMS 0x000000008c000000, 0x000000008c000000| Untracked 
| 193|0x000000008c100000, 0x000000008c100000, 0x000000008c200000|  0%| F|  |TAMS 0x000000008c100000, 0x000000008c100000| Untracked 
| 194|0x000000008c200000, 0x000000008c200000, 0x000000008c300000|  0%| F|  |TAMS 0x000000008c200000, 0x000000008c200000| Untracked 
| 195|0x000000008c300000, 0x000000008c300000, 0x000000008c400000|  0%| F|  |TAMS 0x000000008c300000, 0x000000008c300000| Untracked 
| 196|0x000000008c400000, 0x000000008c400000, 0x000000008c500000|  0%| F|  |TAMS 0x000000008c400000, 0x000000008c400000| Untracked 
| 197|0x000000008c500000, 0x000000008c500000, 0x000000008c600000|  0%| F|  |TAMS 0x000000008c500000, 0x000000008c500000| Untracked 
| 198|0x000000008c600000, 0x000000008c600000, 0x000000008c700000|  0%| F|  |TAMS 0x000000008c600000, 0x000000008c600000| Untracked 
| 199|0x000000008c700000, 0x000000008c700000, 0x000000008c800000|  0%| F|  |TAMS 0x000000008c700000, 0x000000008c700000| Untracked 
| 200|0x000000008c800000, 0x000000008c800000, 0x000000008c900000|  0%| F|  |TAMS 0x000000008c800000, 0x000000008c800000| Untracked 
| 201|0x000000008c900000, 0x000000008c900000, 0x000000008ca00000|  0%| F|  |TAMS 0x000000008c900000, 0x000000008c900000| Untracked 
| 202|0x000000008ca00000, 0x000000008ca00000, 0x000000008cb00000|  0%| F|  |TAMS 0x000000008ca00000, 0x000000008ca00000| Untracked 
| 203|0x000000008cb00000, 0x000000008cb00000, 0x000000008cc00000|  0%| F|  |TAMS 0x000000008cb00000, 0x000000008cb00000| Untracked 
| 204|0x000000008cc00000, 0x000000008cc00000, 0x000000008cd00000|  0%| F|  |TAMS 0x000000008cc00000, 0x000000008cc00000| Untracked 
| 205|0x000000008cd00000, 0x000000008cd00000, 0x000000008ce00000|  0%| F|  |TAMS 0x000000008cd00000, 0x000000008cd00000| Untracked 
| 206|0x000000008ce00000, 0x000000008ce00000, 0x000000008cf00000|  0%| F|  |TAMS 0x000000008ce00000, 0x000000008ce00000| Untracked 
| 207|0x000000008cf00000, 0x000000008cf00000, 0x000000008d000000|  0%| F|  |TAMS 0x000000008cf00000, 0x000000008cf00000| Untracked 
| 208|0x000000008d000000, 0x000000008d000000, 0x000000008d100000|  0%| F|  |TAMS 0x000000008d000000, 0x000000008d000000| Untracked 
| 209|0x000000008d100000, 0x000000008d100000, 0x000000008d200000|  0%| F|  |TAMS 0x000000008d100000, 0x000000008d100000| Untracked 
| 210|0x000000008d200000, 0x000000008d200000, 0x000000008d300000|  0%| F|  |TAMS 0x000000008d200000, 0x000000008d200000| Untracked 
| 211|0x000000008d300000, 0x000000008d300000, 0x000000008d400000|  0%| F|  |TAMS 0x000000008d300000, 0x000000008d300000| Untracked 
| 212|0x000000008d400000, 0x000000008d400000, 0x000000008d500000|  0%| F|  |TAMS 0x000000008d400000, 0x000000008d400000| Untracked 
| 213|0x000000008d500000, 0x000000008d500000, 0x000000008d600000|  0%| F|  |TAMS 0x000000008d500000, 0x000000008d500000| Untracked 
| 214|0x000000008d600000, 0x000000008d600000, 0x000000008d700000|  0%| F|  |TAMS 0x000000008d600000, 0x000000008d600000| Untracked 
| 215|0x000000008d700000, 0x000000008d700000, 0x000000008d800000|  0%| F|  |TAMS 0x000000008d700000, 0x000000008d700000| Untracked 
| 216|0x000000008d800000, 0x000000008d800000, 0x000000008d900000|  0%| F|  |TAMS 0x000000008d800000, 0x000000008d800000| Untracked 
| 217|0x000000008d900000, 0x000000008d900000, 0x000000008da00000|  0%| F|  |TAMS 0x000000008d900000, 0x000000008d900000| Untracked 
| 218|0x000000008da00000, 0x000000008da00000, 0x000000008db00000|  0%| F|  |TAMS 0x000000008da00000, 0x000000008da00000| Untracked 
| 219|0x000000008db00000, 0x000000008db00000, 0x000000008dc00000|  0%| F|  |TAMS 0x000000008db00000, 0x000000008db00000| Untracked 
| 220|0x000000008dc00000, 0x000000008dc00000, 0x000000008dd00000|  0%| F|  |TAMS 0x000000008dc00000, 0x000000008dc00000| Untracked 
| 221|0x000000008dd00000, 0x000000008dd00000, 0x000000008de00000|  0%| F|  |TAMS 0x000000008dd00000, 0x000000008dd00000| Untracked 
| 222|0x000000008de00000, 0x000000008de00000, 0x000000008df00000|  0%| F|  |TAMS 0x000000008de00000, 0x000000008de00000| Untracked 
| 223|0x000000008df00000, 0x000000008df00000, 0x000000008e000000|  0%| F|  |TAMS 0x000000008df00000, 0x000000008df00000| Untracked 
| 224|0x000000008e000000, 0x000000008e000000, 0x000000008e100000|  0%| F|  |TAMS 0x000000008e000000, 0x000000008e000000| Untracked 
| 225|0x000000008e100000, 0x000000008e100000, 0x000000008e200000|  0%| F|  |TAMS 0x000000008e100000, 0x000000008e100000| Untracked 
| 226|0x000000008e200000, 0x000000008e200000, 0x000000008e300000|  0%| F|  |TAMS 0x000000008e200000, 0x000000008e200000| Untracked 
| 227|0x000000008e300000, 0x000000008e300000, 0x000000008e400000|  0%| F|  |TAMS 0x000000008e300000, 0x000000008e300000| Untracked 
| 228|0x000000008e400000, 0x000000008e400000, 0x000000008e500000|  0%| F|  |TAMS 0x000000008e400000, 0x000000008e400000| Untracked 
| 229|0x000000008e500000, 0x000000008e500000, 0x000000008e600000|  0%| F|  |TAMS 0x000000008e500000, 0x000000008e500000| Untracked 
| 230|0x000000008e600000, 0x000000008e700000, 0x000000008e700000|100%| E|  |TAMS 0x000000008e600000, 0x000000008e600000| Complete 
| 231|0x000000008e700000, 0x000000008e800000, 0x000000008e800000|100%| E|CS|TAMS 0x000000008e700000, 0x000000008e700000| Complete 
| 232|0x000000008e800000, 0x000000008e900000, 0x000000008e900000|100%| E|CS|TAMS 0x000000008e800000, 0x000000008e800000| Complete 

Card table byte_map: [0x0000017af79a0000,0x0000017af7da0000] _byte_map_base: 0x0000017af75a0000

Marking Bits (Prev, Next): (CMBitMap*) 0x0000017af349c210, (CMBitMap*) 0x0000017af349c1d8
 Prev Bits: [0x0000017afa1a0000, 0x0000017afc1a0000)
 Next Bits: [0x0000017af81a0000, 0x0000017afa1a0000)

Polling page: 0x0000017af1bb0000

Metaspace:

Usage:
  Non-class:     56.25 MB capacity,    55.32 MB ( 98%) used,   795.95 KB (  1%) free+waste,   164.44 KB ( <1%) overhead. 
      Class:      8.55 MB capacity,     7.95 MB ( 93%) used,   538.13 KB (  6%) free+waste,    76.81 KB ( <1%) overhead. 
       Both:     64.80 MB capacity,    63.27 MB ( 98%) used,     1.30 MB (  2%) free+waste,   241.25 KB ( <1%) overhead. 

Virtual space:
  Non-class space:       58.00 MB reserved,      56.42 MB ( 97%) committed 
      Class space:        1.00 GB reserved,       8.66 MB ( <1%) committed 
             Both:        1.06 GB reserved,      65.08 MB (  6%) committed 

Chunk freelists:
   Non-Class:  45.00 KB
       Class:  11.00 KB
        Both:  56.00 KB

MaxMetaspaceSize: 17179869184.00 GB
CompressedClassSpaceSize: 1.00 GB
Initial GC threshold: 20.80 MB
Current GC threshold: 99.92 MB
CDS: off

CodeHeap 'non-profiled nmethods': size=120064Kb used=3467Kb max_used=3467Kb free=116596Kb
 bounds [0x0000017a87ac0000, 0x0000017a87e30000, 0x0000017a8f000000]
CodeHeap 'profiled nmethods': size=120000Kb used=13324Kb max_used=13324Kb free=106675Kb
 bounds [0x0000017a80590000, 0x0000017a812a0000, 0x0000017a87ac0000]
CodeHeap 'non-nmethods': size=5696Kb used=2340Kb max_used=2371Kb free=3355Kb
 bounds [0x0000017a80000000, 0x0000017a80270000, 0x0000017a80590000]
 total_blobs=7391 nmethods=6538 adapters=765
 compilation: enabled
              stopped_count=0, restarted_count=0
 full_count=0

Compilation events (20 events):
Event: 7.037 Thread 0x0000017aff04c800 nmethod 6566 0x0000017a81281790 code [0x0000017a81281b00, 0x0000017a81282e48]
Event: 7.042 Thread 0x0000017aff04c800 6568       3       com.google.gson.stream.JsonReader$1::promoteNameToValue (112 bytes)
Event: 7.043 Thread 0x0000017aff04c800 nmethod 6568 0x0000017a81283510 code [0x0000017a81283800, 0x0000017a81284908]
Event: 7.047 Thread 0x0000017aff04c800 6570       3       java.util.concurrent.locks.AbstractQueuedSynchronizer$ConditionObject::unlinkCancelledWaiters (67 bytes)
Event: 7.047 Thread 0x0000017aff04c800 nmethod 6570 0x0000017a81284d90 code [0x0000017a81284f60, 0x0000017a81285358]
Event: 7.048 Thread 0x0000017aff04c800 6571   !   3       java.io.StringReader::read (133 bytes)
Event: 7.048 Thread 0x0000017aff04c800 nmethod 6571 0x0000017a81285490 code [0x0000017a812856c0, 0x0000017a81285f48]
Event: 7.048 Thread 0x0000017aff04c800 6572       3       com.google.gson.stream.JsonReader::fillBuffer (169 bytes)
Event: 7.049 Thread 0x0000017aff04c800 nmethod 6572 0x0000017a81286310 code [0x0000017a81286500, 0x0000017a81286a38]
Event: 7.051 Thread 0x0000017aff04c800 6574       2       java.util.regex.Pattern::createGroup (86 bytes)
Event: 7.052 Thread 0x0000017aff04c800 nmethod 6574 0x0000017a81286b90 code [0x0000017a81286d60, 0x0000017a812871f8]
Event: 7.052 Thread 0x0000017aff04c800 6575       2       java.util.regex.Pattern::accept (43 bytes)
Event: 7.052 Thread 0x0000017aff04c800 nmethod 6575 0x0000017a81287390 code [0x0000017a81287560, 0x0000017a812877f8]
Event: 7.052 Thread 0x0000017aff04c800 6576       2       kotlin.jvm.internal.Intrinsics::checkParameterIsNotNull (9 bytes)
Event: 7.052 Thread 0x0000017aff04c800 nmethod 6576 0x0000017a81287990 code [0x0000017a81287b80, 0x0000017a81287dd8]
Event: 7.052 Thread 0x0000017aff04c800 6577       2       kotlin.text.StringsKt__StringsKt::indexOf (65 bytes)
Event: 7.053 Thread 0x0000017aff04c800 nmethod 6577 0x0000017a81287f90 code [0x0000017a81288200, 0x0000017a81288768]
Event: 7.053 Thread 0x0000017aff04c800 6578       2       kotlin.text.StringsKt__StringsJVMKt::replace$default (17 bytes)
Event: 7.053 Thread 0x0000017aff04c800 nmethod 6578 0x0000017a81288b90 code [0x0000017a81288d40, 0x0000017a81288e48]
Event: 7.053 Thread 0x0000017aff04c800 6579       2       java.util.regex.Pattern::group0 (1102 bytes)

GC Heap History (20 events):
Event: 1.122 GC heap before
{Heap before GC invocations=2 (full 0):
 garbage-first heap   total 196608K, used 40050K [0x0000000080000000, 0x0000000100000000)
  region size 1024K, 31 young (31744K), 2 survivors (2048K)
 Metaspace       used 10883K, capacity 11077K, committed 11264K, reserved 1058816K
  class space    used 1112K, capacity 1207K, committed 1280K, reserved 1048576K
}
Event: 1.125 GC heap after
{Heap after GC invocations=3 (full 0):
 garbage-first heap   total 196608K, used 12651K [0x0000000080000000, 0x0000000100000000)
  region size 1024K, 4 young (4096K), 4 survivors (4096K)
 Metaspace       used 10883K, capacity 11077K, committed 11264K, reserved 1058816K
  class space    used 1112K, capacity 1207K, committed 1280K, reserved 1048576K
}
Event: 1.796 GC heap before
{Heap before GC invocations=3 (full 0):
 garbage-first heap   total 196608K, used 56683K [0x0000000080000000, 0x0000000100000000)
  region size 1024K, 47 young (48128K), 4 survivors (4096K)
 Metaspace       used 17634K, capacity 18007K, committed 18176K, reserved 1064960K
  class space    used 2055K, capacity 2177K, committed 2304K, reserved 1048576K
}
Event: 1.801 GC heap after
{Heap after GC invocations=4 (full 0):
 garbage-first heap   total 196608K, used 16566K [0x0000000080000000, 0x0000000100000000)
  region size 1024K, 6 young (6144K), 6 survivors (6144K)
 Metaspace       used 17634K, capacity 18007K, committed 18176K, reserved 1064960K
  class space    used 2055K, capacity 2177K, committed 2304K, reserved 1048576K
}
Event: 2.011 GC heap before
{Heap before GC invocations=4 (full 0):
 garbage-first heap   total 196608K, used 44214K [0x0000000080000000, 0x0000000100000000)
  region size 1024K, 34 young (34816K), 6 survivors (6144K)
 Metaspace       used 20794K, capacity 21193K, committed 21296K, reserved 1069056K
  class space    used 2527K, capacity 2688K, committed 2688K, reserved 1048576K
}
Event: 2.015 GC heap after
{Heap after GC invocations=5 (full 0):
 garbage-first heap   total 196608K, used 17342K [0x0000000080000000, 0x0000000100000000)
  region size 1024K, 5 young (5120K), 5 survivors (5120K)
 Metaspace       used 20794K, capacity 21193K, committed 21296K, reserved 1069056K
  class space    used 2527K, capacity 2688K, committed 2688K, reserved 1048576K
}
Event: 2.564 GC heap before
{Heap before GC invocations=6 (full 0):
 garbage-first heap   total 196608K, used 73662K [0x0000000080000000, 0x0000000100000000)
  region size 1024K, 60 young (61440K), 5 survivors (5120K)
 Metaspace       used 26684K, capacity 27307K, committed 27516K, reserved 1073152K
  class space    used 3454K, capacity 3670K, committed 3788K, reserved 1048576K
}
Event: 2.572 GC heap after
{Heap after GC invocations=7 (full 0):
 garbage-first heap   total 196608K, used 19245K [0x0000000080000000, 0x0000000100000000)
  region size 1024K, 3 young (3072K), 3 survivors (3072K)
 Metaspace       used 26684K, capacity 27307K, committed 27516K, reserved 1073152K
  class space    used 3454K, capacity 3670K, committed 3788K, reserved 1048576K
}
Event: 3.225 GC heap before
{Heap before GC invocations=7 (full 0):
 garbage-first heap   total 196608K, used 77613K [0x0000000080000000, 0x0000000100000000)
  region size 1024K, 61 young (62464K), 3 survivors (3072K)
 Metaspace       used 35161K, capacity 35973K, committed 36048K, reserved 1081344K
  class space    used 4516K, capacity 4838K, committed 4896K, reserved 1048576K
}
Event: 3.234 GC heap after
{Heap after GC invocations=8 (full 0):
 garbage-first heap   total 196608K, used 22787K [0x0000000080000000, 0x0000000100000000)
  region size 1024K, 7 young (7168K), 7 survivors (7168K)
 Metaspace       used 35161K, capacity 35973K, committed 36048K, reserved 1081344K
  class space    used 4516K, capacity 4838K, committed 4896K, reserved 1048576K
}
Event: 3.986 GC heap before
{Heap before GC invocations=9 (full 0):
 garbage-first heap   total 196608K, used 105731K [0x0000000080000000, 0x0000000100000000)
  region size 1024K, 85 young (87040K), 7 survivors (7168K)
 Metaspace       used 41522K, capacity 42551K, committed 42704K, reserved 1087488K
  class space    used 5271K, capacity 5630K, committed 5664K, reserved 1048576K
}
Event: 4.002 GC heap after
{Heap after GC invocations=10 (full 0):
 garbage-first heap   total 196608K, used 29143K [0x0000000080000000, 0x0000000100000000)
  region size 1024K, 11 young (11264K), 11 survivors (11264K)
 Metaspace       used 41522K, capacity 42551K, committed 42704K, reserved 1087488K
  class space    used 5271K, capacity 5630K, committed 5664K, reserved 1048576K
}
Event: 4.916 GC heap before
{Heap before GC invocations=10 (full 0):
 garbage-first heap   total 196608K, used 130519K [0x0000000080000000, 0x0000000100000000)
  region size 1024K, 110 young (112640K), 11 survivors (11264K)
 Metaspace       used 48308K, capacity 49572K, committed 49872K, reserved 1093632K
  class space    used 6107K, capacity 6563K, committed 6688K, reserved 1048576K
}
Event: 4.938 GC heap after
{Heap after GC invocations=11 (full 0):
 garbage-first heap   total 196608K, used 33408K [0x0000000080000000, 0x0000000100000000)
  region size 1024K, 10 young (10240K), 10 survivors (10240K)
 Metaspace       used 48308K, capacity 49572K, committed 49872K, reserved 1093632K
  class space    used 6107K, capacity 6563K, committed 6688K, reserved 1048576K
}
Event: 6.070 GC heap before
{Heap before GC invocations=11 (full 0):
 garbage-first heap   total 196608K, used 147072K [0x0000000080000000, 0x0000000100000000)
  region size 1024K, 112 young (114688K), 10 survivors (10240K)
 Metaspace       used 57244K, capacity 58763K, committed 58960K, reserved 1099776K
  class space    used 7185K, capacity 7751K, committed 7840K, reserved 1048576K
}
Event: 6.085 GC heap after
{Heap after GC invocations=12 (full 0):
 garbage-first heap   total 238592K, used 53643K [0x0000000080000000, 0x0000000100000000)
  region size 1024K, 14 young (14336K), 14 survivors (14336K)
 Metaspace       used 57244K, capacity 58763K, committed 58960K, reserved 1099776K
  class space    used 7185K, capacity 7751K, committed 7840K, reserved 1048576K
}
Event: 6.227 GC heap before
{Heap before GC invocations=12 (full 0):
 garbage-first heap   total 238592K, used 61835K [0x0000000080000000, 0x0000000100000000)
  region size 1024K, 23 young (23552K), 14 survivors (14336K)
 Metaspace       used 58824K, capacity 60386K, committed 60496K, reserved 1101824K
  class space    used 7402K, capacity 7995K, committed 8096K, reserved 1048576K
}
Event: 6.242 GC heap after
{Heap after GC invocations=13 (full 0):
 garbage-first heap   total 238592K, used 55669K [0x0000000080000000, 0x0000000100000000)
  region size 1024K, 2 young (2048K), 2 survivors (2048K)
 Metaspace       used 58824K, capacity 60386K, committed 60496K, reserved 1101824K
  class space    used 7402K, capacity 7995K, committed 8096K, reserved 1048576K
}
Event: 6.998 GC heap before
{Heap before GC invocations=14 (full 0):
 garbage-first heap   total 238592K, used 137589K [0x0000000080000000, 0x0000000100000000)
  region size 1024K, 75 young (76800K), 2 survivors (2048K)
 Metaspace       used 64506K, capacity 66126K, committed 66256K, reserved 1107968K
  class space    used 8117K, capacity 8723K, committed 8736K, reserved 1048576K
}
Event: 7.007 GC heap after
{Heap after GC invocations=15 (full 0):
 garbage-first heap   total 238592K, used 61250K [0x0000000080000000, 0x0000000100000000)
  region size 1024K, 7 young (7168K), 7 survivors (7168K)
 Metaspace       used 64506K, capacity 66126K, committed 66256K, reserved 1107968K
  class space    used 8117K, capacity 8723K, committed 8736K, reserved 1048576K
}

Deoptimization events (20 events):
Event: 6.991 Thread 0x0000017a906a4000 DEOPT PACKING pc=0x0000017a80809997 sp=0x00000007a26f6720
Event: 6.991 Thread 0x0000017a906a4000 DEOPT UNPACKING pc=0x0000017a8004a95e sp=0x00000007a26f5ca8 mode 0
Event: 6.991 Thread 0x0000017a906a4000 DEOPT PACKING pc=0x0000017a80809997 sp=0x00000007a26f6720
Event: 6.991 Thread 0x0000017a906a4000 DEOPT UNPACKING pc=0x0000017a8004a95e sp=0x00000007a26f5ca8 mode 0
Event: 6.991 Thread 0x0000017a906a4000 DEOPT PACKING pc=0x0000017a80809997 sp=0x00000007a26f6720
Event: 6.991 Thread 0x0000017a906a4000 DEOPT UNPACKING pc=0x0000017a8004a95e sp=0x00000007a26f5ca8 mode 0
Event: 6.992 Thread 0x0000017a906a4000 DEOPT PACKING pc=0x0000017a80809997 sp=0x00000007a26f6720
Event: 6.992 Thread 0x0000017a906a4000 DEOPT UNPACKING pc=0x0000017a8004a95e sp=0x00000007a26f5ca8 mode 0
Event: 6.992 Thread 0x0000017a906a4000 DEOPT PACKING pc=0x0000017a80809997 sp=0x00000007a26f6720
Event: 6.992 Thread 0x0000017a906a4000 DEOPT UNPACKING pc=0x0000017a8004a95e sp=0x00000007a26f5ca8 mode 0
Event: 6.992 Thread 0x0000017a906a4000 DEOPT PACKING pc=0x0000017a80809997 sp=0x00000007a26f6720
Event: 6.992 Thread 0x0000017a906a4000 DEOPT UNPACKING pc=0x0000017a8004a95e sp=0x00000007a26f5ca8 mode 0
Event: 6.992 Thread 0x0000017a906a4000 DEOPT PACKING pc=0x0000017a80809997 sp=0x00000007a26f6720
Event: 6.992 Thread 0x0000017a906a4000 DEOPT UNPACKING pc=0x0000017a8004a95e sp=0x00000007a26f5ca8 mode 0
Event: 6.992 Thread 0x0000017a906a4000 DEOPT PACKING pc=0x0000017a80809997 sp=0x00000007a26f6720
Event: 6.992 Thread 0x0000017a906a4000 DEOPT UNPACKING pc=0x0000017a8004a95e sp=0x00000007a26f5ca8 mode 0
Event: 6.992 Thread 0x0000017a906a4000 DEOPT PACKING pc=0x0000017a80809997 sp=0x00000007a26f6720
Event: 6.992 Thread 0x0000017a906a4000 DEOPT UNPACKING pc=0x0000017a8004a95e sp=0x00000007a26f5ca8 mode 0
Event: 6.992 Thread 0x0000017a906a4000 DEOPT PACKING pc=0x0000017a80809997 sp=0x00000007a26f6720
Event: 6.992 Thread 0x0000017a906a4000 DEOPT UNPACKING pc=0x0000017a8004a95e sp=0x00000007a26f5ca8 mode 0

Classes redefined (0 events):
No events

Internal exceptions (20 events):
Event: 5.337 Thread 0x0000017a906a4000 Exception <a 'java/lang/ClassNotFoundException'{0x0000000089661260}: org/gradle/api/internal/plugins/DefaultObjectConfigurationActionCustomizer> (0x0000000089661260) thrown at [./src/hotspot/share/classfile/systemDictionary.cpp, line 231]
Event: 5.457 Thread 0x0000017a906a4000 Exception <a 'java/lang/NoSuchMethodError'{0x0000000088a182c8}: 'java.lang.Object java.lang.invoke.DirectMethodHandle$Holder.invokeStatic(java.lang.Object, java.lang.Object, java.lang.Object, java.lang.Object, int)'> (0x0000000088a182c8) thrown at [./src/hotspot/share/interpreter/linkResolver.cpp, line 773]
Event: 5.458 Thread 0x0000017a906a4000 Exception <a 'java/lang/NoSuchMethodError'{0x0000000088a1ccc0}: 'java.lang.Object java.lang.invoke.DirectMethodHandle$Holder.invokeSpecial(java.lang.Object, java.lang.Object, java.lang.Object, java.lang.Object, java.lang.Object, int)'> (0x0000000088a1ccc0) thrown at [./src/hotspot/share/interpreter/linkResolver.cpp, line 773]
Event: 5.458 Thread 0x0000017a906a4000 Exception <a 'java/lang/NoSuchMethodError'{0x0000000088a21300}: 'java.lang.Object java.lang.invoke.Invokers$Holder.linkToTargetMethod(java.lang.Object, java.lang.Object, java.lang.Object, int, java.lang.Object)'> (0x0000000088a21300) thrown at [./src/hotspot/share/interpreter/linkResolver.cpp, line 773]
Event: 5.648 Thread 0x0000017a906a4000 Exception <a 'java/lang/NoSuchMethodError'{0x0000000087b354f0}: 'java.lang.Object java.lang.invoke.DirectMethodHandle$Holder.invokeSpecial(java.lang.Object, java.lang.Object, int, int, java.lang.Object, java.lang.Object, java.lang.Object)'> (0x0000000087b354f0) thrown at [./src/hotspot/share/interpreter/linkResolver.cpp, line 773]
Event: 5.648 Thread 0x0000017a906a4000 Exception <a 'java/lang/NoSuchMethodError'{0x0000000087b39a70}: 'java.lang.Object java.lang.invoke.DelegatingMethodHandle$Holder.reinvoke_L(java.lang.Object, int, int, java.lang.Object, java.lang.Object, java.lang.Object)'> (0x0000000087b39a70) thrown at [./src/hotspot/share/interpreter/linkResolver.cpp, line 773]
Event: 5.834 Thread 0x0000017a906a4000 Exception <a 'java/lang/NoSuchMethodError'{0x0000000086d1d730}: 'int java.lang.invoke.DirectMethodHandle$Holder.invokeInterface(java.lang.Object, java.lang.Object, java.lang.Object, java.lang.Object)'> (0x0000000086d1d730) thrown at [./src/hotspot/share/interpreter/linkResolver.cpp, line 773]
Event: 6.175 Thread 0x0000017a906a4000 Exception <a 'java/lang/IncompatibleClassChangeError'{0x000000008e268be8}: Found class java.lang.Object, but interface was expected> (0x000000008e268be8) thrown at [./src/hotspot/share/interpreter/linkResolver.cpp, line 839]
Event: 6.219 Thread 0x0000017a906a4000 Implicit null exception at 0x0000017a87db3f6f to 0x0000017a87db5b7c
Event: 6.349 Thread 0x0000017a906a4000 Implicit null exception at 0x0000017a87d53c2d to 0x0000017a87d53ea4
Event: 6.391 Thread 0x0000017a906a4000 Implicit null exception at 0x0000017a87c2b0ac to 0x0000017a87c2b25a
Event: 6.553 Thread 0x0000017a906a4000 Exception <a 'sun/nio/fs/WindowsException'{0x000000008c982740}> (0x000000008c982740) thrown at [./src/hotspot/share/prims/jni.cpp, line 616]
Event: 6.852 Thread 0x0000017a906a4000 Exception <a 'java/lang/ClassNotFoundException'{0x000000008ad09190}: org/gradle/api/plugins/internal/DefaultBasePluginConventionBeanInfo> (0x000000008ad09190) thrown at [./src/hotspot/share/classfile/systemDictionary.cpp, line 231]
Event: 6.853 Thread 0x0000017a906a4000 Exception <a 'java/lang/ClassNotFoundException'{0x000000008ad4bfd8}: org/gradle/api/plugins/BasePluginConventionBeanInfo> (0x000000008ad4bfd8) thrown at [./src/hotspot/share/classfile/systemDictionary.cpp, line 231]
Event: 6.854 Thread 0x0000017a906a4000 Exception <a 'java/lang/ClassNotFoundException'{0x000000008ad8f2e0}: org/gradle/api/plugins/BasePluginConventionCustomizer> (0x000000008ad8f2e0) thrown at [./src/hotspot/share/classfile/systemDictionary.cpp, line 231]
Event: 6.856 Thread 0x0000017a906a4000 Exception <a 'java/lang/ClassNotFoundException'{0x000000008ade4398}: org/gradle/api/plugins/internal/DefaultBasePluginConventionCustomizer> (0x000000008ade4398) thrown at [./src/hotspot/share/classfile/systemDictionary.cpp, line 231]
Event: 6.858 Thread 0x0000017a906a4000 Exception <a 'java/lang/ClassNotFoundException'{0x000000008ac6e2c8}: org/gradle/api/plugins/internal/DefaultJavaPluginConventionBeanInfo> (0x000000008ac6e2c8) thrown at [./src/hotspot/share/classfile/systemDictionary.cpp, line 231]
Event: 6.859 Thread 0x0000017a906a4000 Exception <a 'java/lang/ClassNotFoundException'{0x000000008acb1368}: org/gradle/api/plugins/JavaPluginConventionBeanInfo> (0x000000008acb1368) thrown at [./src/hotspot/share/classfile/systemDictionary.cpp, line 231]
Event: 6.860 Thread 0x0000017a906a4000 Exception <a 'java/lang/ClassNotFoundException'{0x000000008acf43d8}: org/gradle/api/plugins/JavaPluginConventionCustomizer> (0x000000008acf43d8) thrown at [./src/hotspot/share/classfile/systemDictionary.cpp, line 231]
Event: 6.862 Thread 0x0000017a906a4000 Exception <a 'java/lang/ClassNotFoundException'{0x000000008ab53598}: org/gradle/api/plugins/internal/DefaultJavaPluginConventionCustomizer> (0x000000008ab53598) thrown at [./src/hotspot/share/classfile/systemDictionary.cpp, line 231]

Events (20 events):
Event: 7.009 loading class com/android/tools/build/jetifier/core/PackageMap$PackageRule$JsonData
Event: 7.009 loading class com/android/tools/build/jetifier/core/PackageMap$PackageRule$JsonData done
Event: 7.010 loading class com/android/tools/build/jetifier/core/pom/PomRewriteRule$JsonData
Event: 7.010 loading class com/android/tools/build/jetifier/core/pom/PomRewriteRule$JsonData done
Event: 7.011 loading class com/android/tools/build/jetifier/core/pom/PomDependency
Event: 7.011 loading class com/android/tools/build/jetifier/core/pom/PomDependency done
Event: 7.014 loading class com/google/gson/internal/ConstructorConstructor$13
Event: 7.014 loading class com/google/gson/internal/ConstructorConstructor$13 done
Event: 7.015 loading class jdk/internal/vm/annotation/ForceInline
Event: 7.015 loading class jdk/internal/vm/annotation/ForceInline done
Event: 7.039 loading class com/google/gson/internal/LinkedTreeMap
Event: 7.039 loading class com/google/gson/internal/LinkedTreeMap done
Event: 7.040 loading class com/google/gson/internal/LinkedTreeMap$1
Event: 7.040 loading class com/google/gson/internal/LinkedTreeMap$1 done
Event: 7.040 loading class com/google/gson/internal/LinkedTreeMap$Node
Event: 7.040 loading class com/google/gson/internal/LinkedTreeMap$Node done
Event: 7.050 loading class com/android/tools/build/jetifier/core/rule/RewriteRule
Event: 7.050 loading class com/android/tools/build/jetifier/core/rule/RewriteRule done
Event: 7.050 loading class com/android/tools/build/jetifier/core/rule/RewriteRule$Companion
Event: 7.050 loading class com/android/tools/build/jetifier/core/rule/RewriteRule$Companion done


Dynamic libraries:
0x00007ff641910000 - 0x00007ff64191a000 	C:\Program Files\Android\Android Studio\jre\bin\java.exe
0x00007ffcd1770000 - 0x00007ffcd1968000 	C:\Windows\SYSTEM32\ntdll.dll
0x00007ffccfe90000 - 0x00007ffccff4f000 	C:\Windows\System32\KERNEL32.DLL
0x00007ffccf130000 - 0x00007ffccf402000 	C:\Windows\System32\KERNELBASE.dll
0x00007ffccf440000 - 0x00007ffccf540000 	C:\Windows\System32\ucrtbase.dll
0x00007ffcc61a0000 - 0x00007ffcc61b9000 	C:\Program Files\Android\Android Studio\jre\bin\jli.dll
0x00007ffcd13d0000 - 0x00007ffcd1571000 	C:\Windows\System32\USER32.dll
0x00007ffccf410000 - 0x00007ffccf432000 	C:\Windows\System32\win32u.dll
0x00007ffccfd90000 - 0x00007ffccfdbb000 	C:\Windows\System32\GDI32.dll
0x00007ffccee60000 - 0x00007ffccef6f000 	C:\Windows\System32\gdi32full.dll
0x00007ffccf5b0000 - 0x00007ffccf64d000 	C:\Windows\System32\msvcp_win.dll
0x00007ffcb8b40000 - 0x00007ffcb8b57000 	C:\Program Files\Android\Android Studio\jre\bin\VCRUNTIME140.dll
0x00007ffcce1f0000 - 0x00007ffcce48a000 	C:\Windows\WinSxS\amd64_microsoft.windows.common-controls_6595b64144ccf1df_6.0.19041.1110_none_60b5254171f9507e\COMCTL32.dll
0x00007ffccffb0000 - 0x00007ffcd004e000 	C:\Windows\System32\msvcrt.dll
0x00007ffcd1260000 - 0x00007ffcd1292000 	C:\Windows\System32\IMM32.DLL
0x00007ffcac5a0000 - 0x00007ffcac63d000 	C:\Program Files\Android\Android Studio\jre\bin\msvcp140.dll
0x00007ffc6de20000 - 0x00007ffc6e922000 	C:\Program Files\Android\Android Studio\jre\bin\server\jvm.dll
0x00007ffcd0810000 - 0x00007ffcd08be000 	C:\Windows\System32\ADVAPI32.dll
0x00007ffcd0770000 - 0x00007ffcd080c000 	C:\Windows\System32\sechost.dll
0x00007ffcd12a0000 - 0x00007ffcd13c5000 	C:\Windows\System32\RPCRT4.dll
0x00007ffcd08c0000 - 0x00007ffcd08c8000 	C:\Windows\System32\PSAPI.DLL
0x00007ffcc6560000 - 0x00007ffcc6569000 	C:\Windows\SYSTEM32\WSOCK32.dll
0x00007ffcd0170000 - 0x00007ffcd01db000 	C:\Windows\System32\WS2_32.dll
0x00007ffcc6fc0000 - 0x00007ffcc6fe7000 	C:\Windows\SYSTEM32\WINMM.dll
0x00007ffcc8fd0000 - 0x00007ffcc8fda000 	C:\Windows\SYSTEM32\VERSION.dll
0x00007ffccbe60000 - 0x00007ffccbe72000 	C:\Windows\SYSTEM32\kernel.appcore.dll
0x00007ffcb9e20000 - 0x00007ffcb9e31000 	C:\Program Files\Android\Android Studio\jre\bin\verify.dll
0x00007ffcce650000 - 0x00007ffcce834000 	C:\Windows\SYSTEM32\DBGHELP.DLL
0x00007ffcce610000 - 0x00007ffcce645000 	C:\Windows\SYSTEM32\dbgcore.DLL
0x00007ffcceff0000 - 0x00007ffccf072000 	C:\Windows\System32\bcryptPrimitives.dll
0x00007ffca6610000 - 0x00007ffca6639000 	C:\Program Files\Android\Android Studio\jre\bin\java.dll
0x00007ffcc6190000 - 0x00007ffcc619b000 	C:\Program Files\Android\Android Studio\jre\bin\jimage.dll
0x00007ffcaab70000 - 0x00007ffcaab88000 	C:\Program Files\Android\Android Studio\jre\bin\zip.dll
0x00007ffcd0b10000 - 0x00007ffcd1254000 	C:\Windows\System32\SHELL32.dll
0x00007ffccc8d0000 - 0x00007ffccd062000 	C:\Windows\SYSTEM32\windows.storage.dll
0x00007ffccfa30000 - 0x00007ffccfd85000 	C:\Windows\System32\combase.dll
0x00007ffcce150000 - 0x00007ffcce180000 	C:\Windows\SYSTEM32\Wldp.dll
0x00007ffcd08d0000 - 0x00007ffcd097d000 	C:\Windows\System32\SHCORE.dll
0x00007ffccff50000 - 0x00007ffccffa5000 	C:\Windows\System32\shlwapi.dll
0x00007ffcceda0000 - 0x00007ffccedbf000 	C:\Windows\SYSTEM32\profapi.dll
0x00007ffca65f0000 - 0x00007ffca660a000 	C:\Program Files\Android\Android Studio\jre\bin\net.dll
0x00007ffcc6ff0000 - 0x00007ffcc70fc000 	C:\Windows\SYSTEM32\WINHTTP.dll
0x00007ffcce020000 - 0x00007ffcce08a000 	C:\Windows\system32\mswsock.dll
0x00007ffca36b0000 - 0x00007ffca36c4000 	C:\Program Files\Android\Android Studio\jre\bin\nio.dll
0x00007ffcb8b60000 - 0x00007ffcb8b87000 	C:\Users\Administrator\.gradle\native\e1d6ef7f7dcc3fd88c89a11ec53ec762bb8ba0a96d01ffa2cd45eb1d1d8dd5c5\windows-amd64\native-platform.dll
0x00007ffca2c80000 - 0x00007ffca2dc4000 	C:\Users\Administrator\.gradle\native\0d407fdbe67a94daf76414ababcb853783967236a71b16ec16e742cd7a986fd3\windows-amd64\native-platform-file-events.dll
0x00007ffcbb430000 - 0x00007ffcbb43a000 	C:\Program Files\Android\Android Studio\jre\bin\management.dll
0x00007ffcba600000 - 0x00007ffcba60d000 	C:\Program Files\Android\Android Studio\jre\bin\management_ext.dll
0x00007ffcceb80000 - 0x00007ffcceb98000 	C:\Windows\SYSTEM32\CRYPTSP.dll
0x00007ffccd830000 - 0x00007ffccd864000 	C:\Windows\system32\rsaenh.dll
0x00007ffccef70000 - 0x00007ffccef97000 	C:\Windows\System32\bcrypt.dll
0x00007ffcced60000 - 0x00007ffcced8e000 	C:\Windows\SYSTEM32\USERENV.dll
0x00007ffcce110000 - 0x00007ffcce11c000 	C:\Windows\SYSTEM32\CRYPTBASE.dll
0x00007ffccdba0000 - 0x00007ffccdbdb000 	C:\Windows\SYSTEM32\IPHLPAPI.DLL
0x00007ffccf880000 - 0x00007ffccf888000 	C:\Windows\System32\NSI.dll
0x00007ffcc7db0000 - 0x00007ffcc7dc7000 	C:\Windows\SYSTEM32\dhcpcsvc6.DLL
0x00007ffcc7f60000 - 0x00007ffcc7f7d000 	C:\Windows\SYSTEM32\dhcpcsvc.DLL
0x00007ffccdbe0000 - 0x00007ffccdcaa000 	C:\Windows\SYSTEM32\DNSAPI.dll

dbghelp: loaded successfully - version: 4.0.5 - missing functions: none
symbol engine: initialized successfully - sym options: 0x614 - pdb path: .;C:\Program Files\Android\Android Studio\jre\bin;C:\Windows\SYSTEM32;C:\Windows\WinSxS\amd64_microsoft.windows.common-controls_6595b64144ccf1df_6.0.19041.1110_none_60b5254171f9507e;C:\Program Files\Android\Android Studio\jre\bin\server;C:\Users\Administrator\.gradle\native\e1d6ef7f7dcc3fd88c89a11ec53ec762bb8ba0a96d01ffa2cd45eb1d1d8dd5c5\windows-amd64;C:\Users\Administrator\.gradle\native\0d407fdbe67a94daf76414ababcb853783967236a71b16ec16e742cd7a986fd3\windows-amd64

VM Arguments:
jvm_args: --add-opens=java.base/java.util=ALL-UNNAMED --add-opens=java.base/java.lang=ALL-UNNAMED --add-opens=java.base/java.lang.invoke=ALL-UNNAMED --add-opens=java.base/java.util=ALL-UNNAMED --add-opens=java.prefs/java.util.prefs=ALL-UNNAMED --add-opens=java.prefs/java.util.prefs=ALL-UNNAMED --add-opens=java.base/java.nio.charset=ALL-UNNAMED --add-opens=java.base/java.net=ALL-UNNAMED --add-opens=java.base/java.util.concurrent.atomic=ALL-UNNAMED -Xmx2048m -Dfile.encoding=UTF-8 -Duser.country=US -Duser.language=en -Duser.variant 
java_command: org.gradle.launcher.daemon.bootstrap.GradleDaemon 7.4
java_class_path (initial): C:\Users\Administrator\.gradle\wrapper\dists\gradle-7.4-bin\c0gwcg53nkjbqw7r0h0umtfvt\gradle-7.4\lib\gradle-launcher-7.4.jar
Launcher Type: SUN_STANDARD

[Global flags]
     intx CICompilerCount                          = 3                                         {product} {ergonomic}
     uint ConcGCThreads                            = 1                                         {product} {ergonomic}
     uint G1ConcRefinementThreads                  = 4                                         {product} {ergonomic}
   size_t G1HeapRegionSize                         = 1048576                                   {product} {ergonomic}
    uintx GCDrainStackTargetSize                   = 64                                        {product} {ergonomic}
   size_t InitialHeapSize                          = 201326592                                 {product} {ergonomic}
   size_t MarkStackSize                            = 4194304                                   {product} {ergonomic}
   size_t MaxHeapSize                              = 2147483648                                {product} {command line}
   size_t MaxNewSize                               = 1287651328                                {product} {ergonomic}
   size_t MinHeapDeltaBytes                        = 1048576                                   {product} {ergonomic}
    uintx NonNMethodCodeHeapSize                   = 5830732                                {pd product} {ergonomic}
    uintx NonProfiledCodeHeapSize                  = 122913754                              {pd product} {ergonomic}
    uintx ProfiledCodeHeapSize                     = 122913754                              {pd product} {ergonomic}
    uintx ReservedCodeCacheSize                    = 251658240                              {pd product} {ergonomic}
     bool SegmentedCodeCache                       = true                                      {product} {ergonomic}
     bool UseCompressedClassPointers               = true                                 {lp64_product} {ergonomic}
     bool UseCompressedOops                        = true                                 {lp64_product} {ergonomic}
     bool UseG1GC                                  = true                                      {product} {ergonomic}
     bool UseLargePagesIndividualAllocation        = false                                  {pd product} {ergonomic}

Logging:
Log output configuration:
 #0: stdout all=warning uptime,level,tags
 #1: stderr all=off uptime,level,tags

Environment Variables:
PATH=C:\Program Files\Common Files\Oracle\Java\javapath;C:\Windows\system32;C:\Windows;C:\Windows\System32\Wbem;C:\Windows\System32\WindowsPowerShell\v1.0\;C:\Windows\System32\OpenSSH\;C:\Program Files\Git\cmd;C:\Users\Administrator\AppData\Local\Microsoft\WindowsApps;D:\Microsoft VS Code\bin;C:\Program Files\Java\jdk-19\bin;;C:\Program Files\JetBrains\IntelliJ IDEA Community Edition 2022.3.1\bin;
USERNAME=Administrator
OS=Windows_NT
PROCESSOR_IDENTIFIER=Intel64 Family 6 Model 158 Stepping 9, GenuineIntel



---------------  S Y S T E M  ---------------

OS: Windows 10 , 64 bit Build 19041 (10.0.19041.2364)
OS uptime: 0 days 5:13 hours

CPU:total 4 (initial active 4) (2 cores per cpu, 2 threads per core) family 6 model 158 stepping 9 microcode 0xb4, cmov, cx8, fxsr, mmx, sse, sse2, sse3, ssse3, sse4.1, sse4.2, popcnt, avx, avx2, aes, clmul, erms, 3dnowpref, lzcnt, ht, tsc, tscinvbit, bmi1, bmi2, adx, fma

Memory: 4k page, system-wide physical 12246M (5065M free)
TotalPageFile size 16342M (AvailPageFile size 8070M)
current process WorkingSet (physical memory assigned to process): 424M, peak: 429M
current process commit charge ("private bytes"): 466M, peak: 471M

vm_info: OpenJDK 64-Bit Server VM (11.0.13+0-b1751.21-8125866) for windows-amd64 JRE (11.0.13+0-b1751.21-8125866), built on Feb  2 2022 03:00:22 by "builder" with MS VC++ 14.0 (VS2015)

END.
