#
# A fatal error has been detected by the Java Runtime Environment:
#
#  EXCEPTION_ACCESS_VIOLATION (0xc0000005) at pc=0x00007ffc6e0feded, pid=9268, tid=7796
#
# JRE version: OpenJDK Runtime Environment (11.0.13) (build 11.0.13+0-b1751.21-8125866)
# Java VM: OpenJDK 64-Bit Server VM (11.0.13+0-b1751.21-8125866, mixed mode, tiered, compressed oops, g1 gc, windows-amd64)
# Problematic frame:
# V  [jvm.dll+0x2deded]
#
# No core dump will be written. Minidumps are not enabled by default on client versions of Windows
#
# If you would like to submit a bug report, please visit:
#   https://bugreport.java.com/bugreport/crash.jsp
#

---------------  S U M M A R Y ------------

Command Line: --add-opens=java.base/java.util=ALL-UNNAMED --add-opens=java.base/java.lang=ALL-UNNAMED --add-opens=java.base/java.lang.invoke=ALL-UNNAMED --add-opens=java.base/java.util=ALL-UNNAMED --add-opens=java.prefs/java.util.prefs=ALL-UNNAMED --add-opens=java.prefs/java.util.prefs=ALL-UNNAMED --add-opens=java.base/java.nio.charset=ALL-UNNAMED --add-opens=java.base/java.net=ALL-UNNAMED --add-opens=java.base/java.util.concurrent.atomic=ALL-UNNAMED -Xmx2048m -Dfile.encoding=UTF-8 -Duser.country=US -Duser.language=en -Duser.variant org.gradle.launcher.daemon.bootstrap.GradleDaemon 7.4

Host: Intel(R) Core(TM) i3-7100 CPU @ 3.90GHz, 4 cores, 11G,  Windows 10 , 64 bit Build 19041 (10.0.19041.2364)
Time: Sun Jan 22 22:53:59 2023 Bangladesh Standard Time elapsed time: 12.040735 seconds (0d 0h 0m 12s)

---------------  T H R E A D  ---------------

Current thread (0x000001ac26160000):  GCTaskThread "GC Thread#1" [stack: 0x0000001a55d00000,0x0000001a55e00000] [id=7796]

Stack: [0x0000001a55d00000,0x0000001a55e00000],  sp=0x0000001a55dff470,  free space=1021k
Native frames: (J=compiled Java code, j=interpreted, Vv=VM code, C=native code)
V  [jvm.dll+0x2deded]
V  [jvm.dll+0x3096bd]
V  [jvm.dll+0x30a6c8]
V  [jvm.dll+0x2dbe62]
V  [jvm.dll+0x30889b]
V  [jvm.dll+0x30ac1a]
V  [jvm.dll+0x2e7975]
V  [jvm.dll+0x2e807b]
V  [jvm.dll+0x771260]
V  [jvm.dll+0x706a75]
V  [jvm.dll+0x60ed66]
C  [ucrtbase.dll+0x21bb2]
C  [KERNEL32.DLL+0x17614]
C  [ntdll.dll+0x526a1]


siginfo: EXCEPTION_ACCESS_VIOLATION (0xc0000005), reading address 0x00000000000000f8


Register to memory mapping:

RIP=0x00007ffc6e0feded jvm.dll
RAX=0x000001ac0a9b7080 points into unknown readable memory: 0x0000000000000000 | 00 00 00 00 00 00 00 00
RBX=0x000001ac2ad5b420 points into unknown readable memory: 0x00007ffc6e66d828 | 28 d8 66 6e fc 7f 00 00
RCX=0x0 is NULL
RDX=0x000001ac0aa33b10 points into unknown readable memory: 0x00007ffc6e6751a0 | a0 51 67 6e fc 7f 00 00
RSP=0x0000001a55dff470 points into unknown readable memory: 0x000001ac0a9a89f0 | f0 89 9a 0a ac 01 00 00
RBP=0x0000000000000001 is an unknown value
RSI=0x000001ac2ad5b590 points into unknown readable memory: 0x00007ffc6e66d7e0 | e0 d7 66 6e fc 7f 00 00
RDI=0x00000000851c361c is pointing into object: [Ljava.util.Hashtable$Entry; 
{0x00000000851c35e0} - klass: 'java/util/Hashtable$Entry'[]
 - length: 11
R8 =0x00000000851c35fc is pointing into object: [Ljava.util.Hashtable$Entry; 
{0x00000000851c35e0} - klass: 'java/util/Hashtable$Entry'[]
 - length: 11
R9 =0x0 is NULL
R10=0x00000000851c35fc is pointing into object: [Ljava.util.Hashtable$Entry; 
{0x00000000851c35e0} - klass: 'java/util/Hashtable$Entry'[]
 - length: 11
R11=0x000001ac2ad5b590 points into unknown readable memory: 0x00007ffc6e66d7e0 | e0 d7 66 6e fc 7f 00 00
R12=0x0000000000000008 is an unknown value
R13=0x0 is NULL
R14=0x0 is NULL
R15=0x000000008cebdb08 is an oop: [Ljava.util.Hashtable$Entry; 
{0x000000008cebdb08} - klass: 'java/util/Hashtable$Entry'[]
 - length: 11


Registers:
RAX=0x000001ac0a9b7080, RBX=0x000001ac2ad5b420, RCX=0x0000000000000000, RDX=0x000001ac0aa33b10
RSP=0x0000001a55dff470, RBP=0x0000000000000001, RSI=0x000001ac2ad5b590, RDI=0x00000000851c361c
R8 =0x00000000851c35fc, R9 =0x0000000000000000, R10=0x00000000851c35fc, R11=0x000001ac2ad5b590
R12=0x0000000000000008, R13=0x0000000000000000, R14=0x0000000000000000, R15=0x000000008cebdb08
RIP=0x00007ffc6e0feded, EFLAGS=0x0000000000010246

Top of Stack: (sp=0x0000001a55dff470)
0x0000001a55dff470:   000001ac0a9a89f0 00000000851c3588
0x0000001a55dff480:   00000000851c35cc 00007ffc6e12942f
0x0000001a55dff490:   00000000851c35fc 00007ffc6e1296bd
0x0000001a55dff4a0:   000001ac2ad5b590 0000000100035190
0x0000001a55dff4b0:   000000008cebdad8 0000000000000000
0x0000001a55dff4c0:   00000000851c35e0 00007ffc6e12a6c8
0x0000001a55dff4d0:   0000000000000002 000001ac2ad5b420
0x0000001a55dff4e0:   000001ac2ad5b420 00007ffc6e0fafde
0x0000001a55dff4f0:   000001ac0a9a89f0 0000000000000000
0x0000001a55dff500:   000000532ad5b590 0000000000000001
0x0000001a55dff510:   0000000000000000 000001ac2ad5b420
0x0000001a55dff520:   0000000000000000 000001ac0a9a8a70
0x0000001a55dff530:   0000000000000000 000001ac2ad5b420
0x0000001a55dff540:   0000001a551feb50 00007ffc6e0fbe62
0x0000001a55dff550:   000001ac2ad5b420 00007ffc6e129401
0x0000001a55dff560:   00000000000009c4 00000000851c35cc 

Instructions: (pc=0x00007ffc6e0feded)
0x00007ffc6e0feced:   74 24 38 48 83 c4 20 5f c3 cc cc cc cc cc cc cc
0x00007ffc6e0fecfd:   cc cc cc 48 89 5c 24 08 57 48 83 ec 20 48 8b 41
0x00007ffc6e0fed0d:   18 48 8b da 48 83 cb 01 48 8b d3 48 8b 78 10 48
0x00007ffc6e0fed1d:   8b cf e8 cc 7b 00 00 84 c0 75 29 48 81 c7 90 00
0x00007ffc6e0fed2d:   00 00 48 8b 47 08 48 39 47 20 75 08 48 8b cf e8
0x00007ffc6e0fed3d:   7f ce f5 ff 48 8b 4f 20 48 8b 47 38 48 89 1c c8
0x00007ffc6e0fed4d:   48 ff 47 20 48 8b 5c 24 30 48 83 c4 20 5f c3 cc
0x00007ffc6e0fed5d:   cc cc cc 48 89 5c 24 08 57 48 83 ec 20 48 8b 79
0x00007ffc6e0fed6d:   10 48 8b da 48 83 cb 01 48 8b cf 48 8b d3 e8 70
0x00007ffc6e0fed7d:   7b 00 00 84 c0 75 29 48 81 c7 90 00 00 00 48 8b
0x00007ffc6e0fed8d:   47 08 48 39 47 20 75 08 48 8b cf e8 23 ce f5 ff
0x00007ffc6e0fed9d:   48 8b 4f 20 48 8b 47 38 48 89 1c c8 48 ff 47 20
0x00007ffc6e0fedad:   48 8b 5c 24 30 48 83 c4 20 5f c3 cc cc cc cc cc
0x00007ffc6e0fedbd:   cc cc cc 40 53 48 83 ec 20 8b 82 04 01 00 00 48
0x00007ffc6e0fedcd:   8b d9 d1 e8 a8 01 75 6b 48 8b 41 08 8b 88 c0 02
0x00007ffc6e0feddd:   00 00 48 8b 80 b0 02 00 00 49 d3 e9 4a 8b 0c c8
0x00007ffc6e0feded:   48 8b 81 f8 00 00 00 83 b8 18 01 00 00 00 74 43
0x00007ffc6e0fedfd:   48 8b 4b 50 48 89 7c 24 30 49 c1 e8 09 48 8b 79
0x00007ffc6e0fee0d:   48 48 2b 79 40 49 03 f8 48 8b d7 e8 93 c1 ff ff
0x00007ffc6e0fee1d:   84 c0 74 1a 80 7b 28 00 48 8d 4b 18 74 10 48 8b
0x00007ffc6e0fee2d:   43 50 48 8b 50 40 48 03 d7 e8 25 b0 37 00 48 8b
0x00007ffc6e0fee3d:   7c 24 30 48 83 c4 20 5b c3 cc cc cc cc cc cc cc
0x00007ffc6e0fee4d:   cc cc cc 48 89 5c 24 08 48 89 74 24 10 57 48 83
0x00007ffc6e0fee5d:   ec 20 48 63 fa 48 8d 05 17 8c 56 00 45 33 c0 48
0x00007ffc6e0fee6d:   89 01 48 8b f1 89 79 08 48 8b df 48 8d 0c fd 00
0x00007ffc6e0fee7d:   00 00 00 41 8d 50 05 e8 37 8a dd ff 45 33 db 48
0x00007ffc6e0fee8d:   89 46 10 4c 8d 4e 10 4c 8b d0 45 8b c3 85 ff 7e
0x00007ffc6e0fee9d:   56 83 ff 02 72 51 8d 4f ff 48 63 d1 48 8d 04 d0
0x00007ffc6e0feead:   4d 3b d1 77 05 49 3b c1 73 3d 8b c7 25 01 00 00
0x00007ffc6e0feebd:   80 7d 07 ff c8 83 c8 fe ff c0 2b f8 0f 1f 80 00
0x00007ffc6e0feecd:   00 00 00 41 83 c0 02 44 3b c7 7c f7 8d 47 01 49
0x00007ffc6e0feedd:   8b fa 99 2b c2 d1 f8 48 63 c8 48 c1 e1 04 48 c1 


Stack slot to memory mapping:
stack at sp + 0 slots: 0x000001ac0a9a89f0 points into unknown readable memory: 0x00000000000006be | be 06 00 00 00 00 00 00
stack at sp + 1 slots: 0x00000000851c3588 is an oop: java.util.WeakHashMap$Entry 
{0x00000000851c3588} - klass: 'java/util/WeakHashMap$Entry'
stack at sp + 2 slots: 0x00000000851c35cc is pointing into object: java.util.Hashtable 
{0x00000000851c35b0} - klass: 'java/util/Hashtable'
stack at sp + 3 slots: 0x00007ffc6e12942f jvm.dll
stack at sp + 4 slots: 0x00000000851c35fc is pointing into object: [Ljava.util.Hashtable$Entry; 
{0x00000000851c35e0} - klass: 'java/util/Hashtable$Entry'[]
 - length: 11
stack at sp + 5 slots: 0x00007ffc6e1296bd jvm.dll
stack at sp + 6 slots: 0x000001ac2ad5b590 points into unknown readable memory: 0x00007ffc6e66d7e0 | e0 d7 66 6e fc 7f 00 00
stack at sp + 7 slots: 0x0000000100035190 is a pointer to class: 
java.util.WeakHashMap$Entry {0x0000000100035198}


---------------  P R O C E S S  ---------------

Threads class SMR info:
_java_thread_list=0x000001ac2f452380, length=86, elements={
0x000001ac0a98d000, 0x000001ac24d6f800, 0x000001ac24d72000, 0x000001ac24d8d800,
0x000001ac255d4800, 0x000001ac255d8000, 0x000001ac255dc000, 0x000001ac255e1000,
0x000001ac255e5000, 0x000001ac25732800, 0x000001ac25986800, 0x000001ac281a3000,
0x000001ac27552800, 0x000001ac27cb5800, 0x000001ac27641000, 0x000001ac2667a800,
0x000001ac281be800, 0x000001ac2843d800, 0x000001ac2801d800, 0x000001ac2833a000,
0x000001ac27ca8800, 0x000001ac281f2800, 0x000001ac281f1000, 0x000001ac281f5000,
0x000001ac281f1800, 0x000001ac281f7800, 0x000001ac281f6800, 0x000001ac281f6000,
0x000001ac281f3800, 0x000001ac281f4000, 0x000001ac2ab45000, 0x000001ac2ab46000,
0x000001ac2ab47000, 0x000001ac2ab49000, 0x000001ac2ab43800, 0x000001ac2ab4a000,
0x000001ac2ab44800, 0x000001ac2ab4c800, 0x000001ac2ab4e000, 0x000001ac2ab4b000,
0x000001ac2ab4f000, 0x000001ac2ab4d800, 0x000001ac2ab50000, 0x000001ac2ab50800,
0x000001ac2ab4b800, 0x000001ac2ca18800, 0x000001ac2ca16000, 0x000001ac2ca1c800,
0x000001ac2ca19000, 0x000001ac2ca1b800, 0x000001ac2ca17000, 0x000001ac2ca17800,
0x000001ac2ca1a000, 0x000001ac2ca1d800, 0x000001ac2ca1e000, 0x000001ac2ca1b000,
0x000001ac2ca20800, 0x000001ac2ca1f000, 0x000001ac2ca20000, 0x000001ac2ca21800,
0x000001ac2ca22000, 0x000001ac2ca24000, 0x000001ac2ca23000, 0x000001ac2ca24800,
0x000001ac292c5000, 0x000001ac292c4000, 0x000001ac292bf800, 0x000001ac292c1800,
0x000001ac292c6000, 0x000001ac292c0000, 0x000001ac292c6800, 0x000001ac292c1000,
0x000001ac292c2800, 0x000001ac292c7800, 0x000001ac292c9000, 0x000001ac292c8800,
0x000001ac292c3800, 0x000001ac292ca800, 0x000001ac292cd000, 0x000001ac292cc800,
0x000001ac292ce000, 0x000001ac292ca000, 0x000001ac2f10c800, 0x000001ac2f10b000,
0x000001ac2f10e800, 0x000001ac2f10f000
}

Java Threads: ( => current thread )
  0x000001ac0a98d000 JavaThread "main" [_thread_blocked, id=8536, stack(0x0000001a54b00000,0x0000001a54c00000)]
  0x000001ac24d6f800 JavaThread "Reference Handler" daemon [_thread_blocked, id=6484, stack(0x0000001a55200000,0x0000001a55300000)]
  0x000001ac24d72000 JavaThread "Finalizer" daemon [_thread_blocked, id=1964, stack(0x0000001a55300000,0x0000001a55400000)]
  0x000001ac24d8d800 JavaThread "Signal Dispatcher" daemon [_thread_blocked, id=7052, stack(0x0000001a55400000,0x0000001a55500000)]
  0x000001ac255d4800 JavaThread "Attach Listener" daemon [_thread_blocked, id=8660, stack(0x0000001a55500000,0x0000001a55600000)]
  0x000001ac255d8000 JavaThread "Service Thread" daemon [_thread_blocked, id=6216, stack(0x0000001a55600000,0x0000001a55700000)]
  0x000001ac255dc000 JavaThread "C2 CompilerThread0" daemon [_thread_blocked, id=2876, stack(0x0000001a55700000,0x0000001a55800000)]
  0x000001ac255e1000 JavaThread "C1 CompilerThread0" daemon [_thread_blocked, id=10156, stack(0x0000001a55800000,0x0000001a55900000)]
  0x000001ac255e5000 JavaThread "Sweeper thread" daemon [_thread_blocked, id=7012, stack(0x0000001a55900000,0x0000001a55a00000)]
  0x000001ac25732800 JavaThread "Common-Cleaner" daemon [_thread_blocked, id=2184, stack(0x0000001a55a00000,0x0000001a55b00000)]
  0x000001ac25986800 JavaThread "C2 CompilerThread1" daemon [_thread_blocked, id=7868, stack(0x0000001a55c00000,0x0000001a55d00000)]
  0x000001ac281a3000 JavaThread "Daemon health stats" [_thread_blocked, id=3588, stack(0x0000001a56000000,0x0000001a56100000)]
  0x000001ac27552800 JavaThread "Incoming local TCP Connector on port 53994" [_thread_in_native, id=9920, stack(0x0000001a56100000,0x0000001a56200000)]
  0x000001ac27cb5800 JavaThread "Daemon periodic checks" [_thread_blocked, id=2644, stack(0x0000001a56200000,0x0000001a56300000)]
  0x000001ac27641000 JavaThread "Daemon" [_thread_blocked, id=6624, stack(0x0000001a56300000,0x0000001a56400000)]
  0x000001ac2667a800 JavaThread "Handler for socket connection from /127.0.0.1:53994 to /127.0.0.1:53995" [_thread_in_native, id=11052, stack(0x0000001a56400000,0x0000001a56500000)]
  0x000001ac281be800 JavaThread "Cancel handler" [_thread_blocked, id=6692, stack(0x0000001a56500000,0x0000001a56600000)]
  0x000001ac2843d800 JavaThread "Daemon worker" [_thread_blocked, id=8852, stack(0x0000001a56600000,0x0000001a56700000)]
  0x000001ac2801d800 JavaThread "Asynchronous log dispatcher for DefaultDaemonConnection: socket connection from /127.0.0.1:53994 to /127.0.0.1:53995" [_thread_blocked, id=7412, stack(0x0000001a56700000,0x0000001a56800000)]
  0x000001ac2833a000 JavaThread "Stdin handler" [_thread_blocked, id=6124, stack(0x0000001a56800000,0x0000001a56900000)]
  0x000001ac27ca8800 JavaThread "Daemon client event forwarder" [_thread_blocked, id=4848, stack(0x0000001a56900000,0x0000001a56a00000)]
  0x000001ac281f2800 JavaThread "Cache worker for journal cache (C:\Users\Administrator\.gradle\caches\journal-1)" [_thread_blocked, id=5200, stack(0x0000001a56a00000,0x0000001a56b00000)]
  0x000001ac281f1000 JavaThread "File lock request listener" [_thread_in_native, id=1468, stack(0x0000001a56b00000,0x0000001a56c00000)]
  0x000001ac281f5000 JavaThread "Cache worker for file hash cache (C:\Users\Administrator\.gradle\caches\7.4\fileHashes)" [_thread_blocked, id=5716, stack(0x0000001a56c00000,0x0000001a56d00000)]
  0x000001ac281f1800 JavaThread "File watcher server" daemon [_thread_blocked, id=6192, stack(0x0000001a56d00000,0x0000001a56e00000)]
  0x000001ac281f7800 JavaThread "File watcher consumer" daemon [_thread_blocked, id=6120, stack(0x0000001a56e00000,0x0000001a56f00000)]
  0x000001ac281f6800 JavaThread "Cache worker for checksums cache (P:\NavigationComponent\.gradle\7.4\checksums)" [_thread_blocked, id=5012, stack(0x0000001a56f00000,0x0000001a57000000)]
  0x000001ac281f6000 JavaThread "Cache worker for cache directory md-rule (C:\Users\Administrator\.gradle\caches\7.4\md-rule)" [_thread_blocked, id=7076, stack(0x0000001a57000000,0x0000001a57100000)]
  0x000001ac281f3800 JavaThread "Cache worker for file hash cache (P:\NavigationComponent\.gradle\7.4\fileHashes)" [_thread_blocked, id=8684, stack(0x0000001a57100000,0x0000001a57200000)]
  0x000001ac281f4000 JavaThread "Cache worker for cache directory md-supplier (C:\Users\Administrator\.gradle\caches\7.4\md-supplier)" [_thread_blocked, id=7620, stack(0x0000001a57200000,0x0000001a57300000)]
  0x000001ac2ab45000 JavaThread "Cache worker for execution history cache (C:\Users\Administrator\.gradle\caches\7.4\executionHistory)" [_thread_blocked, id=476, stack(0x0000001a57300000,0x0000001a57400000)]
  0x000001ac2ab46000 JavaThread "jar transforms" [_thread_blocked, id=2636, stack(0x0000001a57400000,0x0000001a57500000)]
  0x000001ac2ab47000 JavaThread "Cache worker for file content cache (C:\Users\Administrator\.gradle\caches\7.4\fileContent)" [_thread_blocked, id=2388, stack(0x0000001a57500000,0x0000001a57600000)]
  0x000001ac2ab49000 JavaThread "jar transforms Thread 2" [_thread_blocked, id=1892, stack(0x0000001a57600000,0x0000001a57700000)]
  0x000001ac2ab43800 JavaThread "Cache worker for dependencies-accessors (P:\NavigationComponent\.gradle\7.4\dependencies-accessors)" [_thread_blocked, id=10960, stack(0x0000001a57700000,0x0000001a57800000)]
  0x000001ac2ab4a000 JavaThread "jar transforms Thread 3" [_thread_blocked, id=4396, stack(0x0000001a57800000,0x0000001a57900000)]
  0x000001ac2ab44800 JavaThread "Cache worker for Build Output Cleanup Cache (P:\NavigationComponent\.gradle\buildOutputCleanup)" [_thread_blocked, id=7016, stack(0x0000001a57900000,0x0000001a57a00000)]
  0x000001ac2ab4c800 JavaThread "Unconstrained build operations" [_thread_blocked, id=2752, stack(0x0000001a57a00000,0x0000001a57b00000)]
  0x000001ac2ab4e000 JavaThread "Unconstrained build operations Thread 2" [_thread_blocked, id=10164, stack(0x0000001a57b00000,0x0000001a57c00000)]
  0x000001ac2ab4b000 JavaThread "Unconstrained build operations Thread 3" [_thread_blocked, id=6244, stack(0x0000001a57c00000,0x0000001a57d00000)]
  0x000001ac2ab4f000 JavaThread "Unconstrained build operations Thread 4" [_thread_blocked, id=10480, stack(0x0000001a57d00000,0x0000001a57e00000)]
  0x000001ac2ab4d800 JavaThread "Unconstrained build operations Thread 5" [_thread_blocked, id=3276, stack(0x0000001a57e00000,0x0000001a57f00000)]
  0x000001ac2ab50000 JavaThread "Unconstrained build operations Thread 6" [_thread_blocked, id=5780, stack(0x0000001a57f00000,0x0000001a58000000)]
  0x000001ac2ab50800 JavaThread "Unconstrained build operations Thread 7" [_thread_blocked, id=8928, stack(0x0000001a58000000,0x0000001a58100000)]
  0x000001ac2ab4b800 JavaThread "Unconstrained build operations Thread 8" [_thread_blocked, id=9292, stack(0x0000001a58100000,0x0000001a58200000)]
  0x000001ac2ca18800 JavaThread "Unconstrained build operations Thread 9" [_thread_blocked, id=4360, stack(0x0000001a58200000,0x0000001a58300000)]
  0x000001ac2ca16000 JavaThread "Unconstrained build operations Thread 10" [_thread_blocked, id=9776, stack(0x0000001a58300000,0x0000001a58400000)]
  0x000001ac2ca1c800 JavaThread "Unconstrained build operations Thread 11" [_thread_blocked, id=6592, stack(0x0000001a58400000,0x0000001a58500000)]
  0x000001ac2ca19000 JavaThread "Unconstrained build operations Thread 12" [_thread_blocked, id=8636, stack(0x0000001a58500000,0x0000001a58600000)]
  0x000001ac2ca1b800 JavaThread "Unconstrained build operations Thread 13" [_thread_blocked, id=7588, stack(0x0000001a58600000,0x0000001a58700000)]
  0x000001ac2ca17000 JavaThread "Unconstrained build operations Thread 14" [_thread_blocked, id=4788, stack(0x0000001a58700000,0x0000001a58800000)]
  0x000001ac2ca17800 JavaThread "Unconstrained build operations Thread 15" [_thread_blocked, id=3956, stack(0x0000001a58800000,0x0000001a58900000)]
  0x000001ac2ca1a000 JavaThread "Unconstrained build operations Thread 16" [_thread_blocked, id=10996, stack(0x0000001a58900000,0x0000001a58a00000)]
  0x000001ac2ca1d800 JavaThread "Unconstrained build operations Thread 17" [_thread_blocked, id=2948, stack(0x0000001a58a00000,0x0000001a58b00000)]
  0x000001ac2ca1e000 JavaThread "Unconstrained build operations Thread 18" [_thread_blocked, id=7912, stack(0x0000001a58b00000,0x0000001a58c00000)]
  0x000001ac2ca1b000 JavaThread "Unconstrained build operations Thread 19" [_thread_blocked, id=8128, stack(0x0000001a58c00000,0x0000001a58d00000)]
  0x000001ac2ca20800 JavaThread "Unconstrained build operations Thread 20" [_thread_blocked, id=9336, stack(0x0000001a58d00000,0x0000001a58e00000)]
  0x000001ac2ca1f000 JavaThread "Unconstrained build operations Thread 21" [_thread_blocked, id=9928, stack(0x0000001a58e00000,0x0000001a58f00000)]
  0x000001ac2ca20000 JavaThread "Unconstrained build operations Thread 22" [_thread_blocked, id=232, stack(0x0000001a58f00000,0x0000001a59000000)]
  0x000001ac2ca21800 JavaThread "Unconstrained build operations Thread 23" [_thread_blocked, id=4548, stack(0x0000001a59000000,0x0000001a59100000)]
  0x000001ac2ca22000 JavaThread "Unconstrained build operations Thread 24" [_thread_blocked, id=7960, stack(0x0000001a59100000,0x0000001a59200000)]
  0x000001ac2ca24000 JavaThread "Unconstrained build operations Thread 25" [_thread_blocked, id=10308, stack(0x0000001a59200000,0x0000001a59300000)]
  0x000001ac2ca23000 JavaThread "Unconstrained build operations Thread 26" [_thread_blocked, id=8456, stack(0x0000001a59300000,0x0000001a59400000)]
  0x000001ac2ca24800 JavaThread "Unconstrained build operations Thread 27" [_thread_blocked, id=2216, stack(0x0000001a59400000,0x0000001a59500000)]
  0x000001ac292c5000 JavaThread "Unconstrained build operations Thread 28" [_thread_blocked, id=2640, stack(0x0000001a59500000,0x0000001a59600000)]
  0x000001ac292c4000 JavaThread "Unconstrained build operations Thread 29" [_thread_blocked, id=4000, stack(0x0000001a59600000,0x0000001a59700000)]
  0x000001ac292bf800 JavaThread "Unconstrained build operations Thread 30" [_thread_blocked, id=6320, stack(0x0000001a59700000,0x0000001a59800000)]
  0x000001ac292c1800 JavaThread "Unconstrained build operations Thread 31" [_thread_blocked, id=5552, stack(0x0000001a59800000,0x0000001a59900000)]
  0x000001ac292c6000 JavaThread "Unconstrained build operations Thread 32" [_thread_blocked, id=10644, stack(0x0000001a59900000,0x0000001a59a00000)]
  0x000001ac292c0000 JavaThread "Unconstrained build operations Thread 33" [_thread_blocked, id=9024, stack(0x0000001a59a00000,0x0000001a59b00000)]
  0x000001ac292c6800 JavaThread "Unconstrained build operations Thread 34" [_thread_blocked, id=9876, stack(0x0000001a59b00000,0x0000001a59c00000)]
  0x000001ac292c1000 JavaThread "Unconstrained build operations Thread 35" [_thread_blocked, id=7940, stack(0x0000001a59c00000,0x0000001a59d00000)]
  0x000001ac292c2800 JavaThread "Unconstrained build operations Thread 36" [_thread_blocked, id=372, stack(0x0000001a59d00000,0x0000001a59e00000)]
  0x000001ac292c7800 JavaThread "Unconstrained build operations Thread 37" [_thread_blocked, id=3000, stack(0x0000001a59e00000,0x0000001a59f00000)]
  0x000001ac292c9000 JavaThread "Unconstrained build operations Thread 38" [_thread_blocked, id=6404, stack(0x0000001a59f00000,0x0000001a5a000000)]
  0x000001ac292c8800 JavaThread "Unconstrained build operations Thread 39" [_thread_blocked, id=9432, stack(0x0000001a5a000000,0x0000001a5a100000)]
  0x000001ac292c3800 JavaThread "Unconstrained build operations Thread 40" [_thread_blocked, id=6288, stack(0x0000001a5a100000,0x0000001a5a200000)]
  0x000001ac292ca800 JavaThread "jar transforms Thread 4" [_thread_blocked, id=9792, stack(0x0000001a5a200000,0x0000001a5a300000)]
  0x000001ac292cd000 JavaThread "Memory manager" [_thread_blocked, id=7852, stack(0x0000001a5a400000,0x0000001a5a500000)]
  0x000001ac292cc800 JavaThread "build event listener" [_thread_blocked, id=1764, stack(0x0000001a5a500000,0x0000001a5a600000)]
  0x000001ac292ce000 JavaThread "included builds" [_thread_blocked, id=9480, stack(0x0000001a5a600000,0x0000001a5a700000)]
  0x000001ac292ca000 JavaThread "Execution worker for ':'" [_thread_blocked, id=10372, stack(0x0000001a5a700000,0x0000001a5a800000)]
  0x000001ac2f10c800 JavaThread "Execution worker for ':' Thread 2" [_thread_blocked, id=7836, stack(0x0000001a5a800000,0x0000001a5a900000)]
  0x000001ac2f10b000 JavaThread "Execution worker for ':' Thread 3" [_thread_blocked, id=4180, stack(0x0000001a5a900000,0x0000001a5aa00000)]
  0x000001ac2f10e800 JavaThread "Cache worker for execution history cache (P:\NavigationComponent\.gradle\7.4\executionHistory)" [_thread_blocked, id=6868, stack(0x0000001a5aa00000,0x0000001a5ab00000)]
  0x000001ac2f10f000 JavaThread "WorkerExecutor Queue" [_thread_blocked, id=6260, stack(0x0000001a5ab00000,0x0000001a5ac00000)]

Other Threads:
  0x000001ac24d6b000 VMThread "VM Thread" [stack: 0x0000001a55100000,0x0000001a55200000] [id=3300]
  0x000001ac25769800 WatcherThread [stack: 0x0000001a55b00000,0x0000001a55c00000] [id=9580]
  0x000001ac0a9a6000 GCTaskThread "GC Thread#0" [stack: 0x0000001a54c00000,0x0000001a54d00000] [id=10944]
=>0x000001ac26160000 GCTaskThread "GC Thread#1" [stack: 0x0000001a55d00000,0x0000001a55e00000] [id=7796]
  0x000001ac2629e000 GCTaskThread "GC Thread#2" [stack: 0x0000001a55e00000,0x0000001a55f00000] [id=8216]
  0x000001ac25eea000 GCTaskThread "GC Thread#3" [stack: 0x0000001a55f00000,0x0000001a56000000] [id=11092]
  0x000001ac0a9d7800 ConcurrentGCThread "G1 Main Marker" [stack: 0x0000001a54d00000,0x0000001a54e00000] [id=9548]
  0x000001ac0a9d8800 ConcurrentGCThread "G1 Conc#0" [stack: 0x0000001a54e00000,0x0000001a54f00000] [id=3420]
  0x000001ac0aa6e000 ConcurrentGCThread "G1 Refine#0" [stack: 0x0000001a54f00000,0x0000001a55000000] [id=9156]
  0x000001ac2a8d0000 ConcurrentGCThread "G1 Refine#1" [stack: 0x0000001a5a300000,0x0000001a5a400000] [id=7000]
  0x000001ac24bc0800 ConcurrentGCThread "G1 Young RemSet Sampling" [stack: 0x0000001a55000000,0x0000001a55100000] [id=8180]

Threads with active compile tasks:
C2 CompilerThread0  12062 10618       4       org.apache.xerces.impl.XMLNSDocumentScannerImpl::scanAttribute (586 bytes)
C2 CompilerThread1  12062 10622       4       org.apache.xerces.impl.XMLNSDocumentScannerImpl::scanStartElement (873 bytes)

VM state:at safepoint (normal execution)

VM Mutex/Monitor currently owned by a thread:  ([mutex/lock_event])
[0x000001ac0a989770] Threads_lock - owner thread: 0x000001ac24d6b000
[0x000001ac0a98a7c0] Heap_lock - owner thread: 0x000001ac2f10c800

Heap address: 0x0000000080000000, size: 2048 MB, Compressed Oops mode: 32-bit
Narrow klass base: 0x0000000000000000, Narrow klass shift: 3
Compressed class space size: 1073741824 Address: 0x0000000100000000

Heap:
 garbage-first heap   total 284672K, used 197632K [0x0000000080000000, 0x0000000100000000)
  region size 1024K, 126 young (129024K), 16 survivors (16384K)
 Metaspace       used 90423K, capacity 92646K, committed 92880K, reserved 1130496K
  class space    used 11584K, capacity 12443K, committed 12544K, reserved 1048576K
Heap Regions: E=young(eden), S=young(survivor), O=old, HS=humongous(starts), HC=humongous(continues), CS=collection set, F=free, A=archive, TAMS=top-at-mark-start (previous, next)
|   0|0x0000000080000000, 0x0000000080100000, 0x0000000080100000|100%|HS|  |TAMS 0x0000000080100000, 0x0000000080000000| Complete 
|   1|0x0000000080100000, 0x0000000080200000, 0x0000000080200000|100%|HC|  |TAMS 0x0000000080200000, 0x0000000080100000| Complete 
|   2|0x0000000080200000, 0x0000000080300000, 0x0000000080300000|100%|HC|  |TAMS 0x0000000080300000, 0x0000000080200000| Complete 
|   3|0x0000000080300000, 0x0000000080400000, 0x0000000080400000|100%| O|  |TAMS 0x0000000080400000, 0x0000000080300000| Untracked 
|   4|0x0000000080400000, 0x0000000080500000, 0x0000000080500000|100%| O|  |TAMS 0x0000000080500000, 0x0000000080400000| Untracked 
|   5|0x0000000080500000, 0x0000000080600000, 0x0000000080600000|100%| O|  |TAMS 0x0000000080600000, 0x0000000080500000| Untracked 
|   6|0x0000000080600000, 0x0000000080700000, 0x0000000080700000|100%| O|  |TAMS 0x0000000080700000, 0x0000000080600000| Untracked 
|   7|0x0000000080700000, 0x0000000080800000, 0x0000000080800000|100%| O|  |TAMS 0x0000000080800000, 0x0000000080700000| Untracked 
|   8|0x0000000080800000, 0x0000000080900000, 0x0000000080900000|100%| O|  |TAMS 0x0000000080900000, 0x0000000080800000| Untracked 
|   9|0x0000000080900000, 0x0000000080a00000, 0x0000000080a00000|100%| O|  |TAMS 0x0000000080a00000, 0x0000000080900000| Untracked 
|  10|0x0000000080a00000, 0x0000000080b00000, 0x0000000080b00000|100%| O|  |TAMS 0x0000000080b00000, 0x0000000080a00000| Untracked 
|  11|0x0000000080b00000, 0x0000000080c00000, 0x0000000080c00000|100%| O|  |TAMS 0x0000000080c00000, 0x0000000080b00000| Untracked 
|  12|0x0000000080c00000, 0x0000000080d00000, 0x0000000080d00000|100%| O|  |TAMS 0x0000000080d00000, 0x0000000080c00000| Untracked 
|  13|0x0000000080d00000, 0x0000000080e00000, 0x0000000080e00000|100%| O|  |TAMS 0x0000000080e00000, 0x0000000080d00000| Untracked 
|  14|0x0000000080e00000, 0x0000000080f00000, 0x0000000080f00000|100%| O|  |TAMS 0x0000000080f00000, 0x0000000080e00000| Untracked 
|  15|0x0000000080f00000, 0x0000000081000000, 0x0000000081000000|100%| O|  |TAMS 0x0000000081000000, 0x0000000080f00000| Untracked 
|  16|0x0000000081000000, 0x0000000081100000, 0x0000000081100000|100%|HS|  |TAMS 0x0000000081100000, 0x0000000081000000| Complete 
|  17|0x0000000081100000, 0x0000000081200000, 0x0000000081200000|100%| O|  |TAMS 0x0000000081200000, 0x0000000081100000| Untracked 
|  18|0x0000000081200000, 0x0000000081300000, 0x0000000081300000|100%| O|  |TAMS 0x0000000081300000, 0x0000000081200000| Untracked 
|  19|0x0000000081300000, 0x0000000081400000, 0x0000000081400000|100%| O|  |TAMS 0x0000000081400000, 0x0000000081300000| Untracked 
|  20|0x0000000081400000, 0x0000000081500000, 0x0000000081500000|100%| O|  |TAMS 0x0000000081500000, 0x0000000081400000| Untracked 
|  21|0x0000000081500000, 0x0000000081600000, 0x0000000081600000|100%| O|  |TAMS 0x0000000081600000, 0x0000000081500000| Untracked 
|  22|0x0000000081600000, 0x0000000081700000, 0x0000000081700000|100%| O|  |TAMS 0x0000000081700000, 0x0000000081600000| Untracked 
|  23|0x0000000081700000, 0x0000000081800000, 0x0000000081800000|100%|HS|  |TAMS 0x0000000081800000, 0x0000000081700000| Complete 
|  24|0x0000000081800000, 0x0000000081900000, 0x0000000081900000|100%|HS|  |TAMS 0x0000000081900000, 0x0000000081800000| Complete 
|  25|0x0000000081900000, 0x0000000081a00000, 0x0000000081a00000|100%|HS|  |TAMS 0x0000000081a00000, 0x0000000081900000| Complete 
|  26|0x0000000081a00000, 0x0000000081b00000, 0x0000000081b00000|100%|HC|  |TAMS 0x0000000081b00000, 0x0000000081a00000| Complete 
|  27|0x0000000081b00000, 0x0000000081c00000, 0x0000000081c00000|100%|HC|  |TAMS 0x0000000081c00000, 0x0000000081b00000| Complete 
|  28|0x0000000081c00000, 0x0000000081d00000, 0x0000000081d00000|100%|HC|  |TAMS 0x0000000081d00000, 0x0000000081c00000| Complete 
|  29|0x0000000081d00000, 0x0000000081e00000, 0x0000000081e00000|100%| O|  |TAMS 0x0000000081e00000, 0x0000000081d00000| Untracked 
|  30|0x0000000081e00000, 0x0000000081f00000, 0x0000000081f00000|100%|HS|  |TAMS 0x0000000081f00000, 0x0000000081e00000| Complete 
|  31|0x0000000081f00000, 0x0000000082000000, 0x0000000082000000|100%|HC|  |TAMS 0x0000000082000000, 0x0000000081f00000| Complete 
|  32|0x0000000082000000, 0x0000000082100000, 0x0000000082100000|100%| O|  |TAMS 0x0000000082100000, 0x0000000082000000| Untracked 
|  33|0x0000000082100000, 0x0000000082200000, 0x0000000082200000|100%| O|  |TAMS 0x0000000082200000, 0x0000000082100000| Untracked 
|  34|0x0000000082200000, 0x0000000082300000, 0x0000000082300000|100%| O|  |TAMS 0x0000000082300000, 0x0000000082200000| Untracked 
|  35|0x0000000082300000, 0x0000000082400000, 0x0000000082400000|100%| O|  |TAMS 0x0000000082400000, 0x0000000082300000| Untracked 
|  36|0x0000000082400000, 0x0000000082500000, 0x0000000082500000|100%| O|  |TAMS 0x0000000082500000, 0x0000000082400000| Untracked 
|  37|0x0000000082500000, 0x0000000082600000, 0x0000000082600000|100%| O|  |TAMS 0x0000000082600000, 0x0000000082500000| Untracked 
|  38|0x0000000082600000, 0x0000000082700000, 0x0000000082700000|100%| O|  |TAMS 0x0000000082700000, 0x0000000082600000| Untracked 
|  39|0x0000000082700000, 0x0000000082800000, 0x0000000082800000|100%| O|  |TAMS 0x0000000082800000, 0x0000000082700000| Untracked 
|  40|0x0000000082800000, 0x0000000082900000, 0x0000000082900000|100%| O|  |TAMS 0x0000000082900000, 0x0000000082800000| Untracked 
|  41|0x0000000082900000, 0x0000000082a00000, 0x0000000082a00000|100%| O|  |TAMS 0x0000000082a00000, 0x0000000082900000| Untracked 
|  42|0x0000000082a00000, 0x0000000082b00000, 0x0000000082b00000|100%| O|  |TAMS 0x0000000082b00000, 0x0000000082a00000| Untracked 
|  43|0x0000000082b00000, 0x0000000082c00000, 0x0000000082c00000|100%| O|  |TAMS 0x0000000082c00000, 0x0000000082b00000| Untracked 
|  44|0x0000000082c00000, 0x0000000082d00000, 0x0000000082d00000|100%| O|  |TAMS 0x0000000082d00000, 0x0000000082c00000| Untracked 
|  45|0x0000000082d00000, 0x0000000082e00000, 0x0000000082e00000|100%| O|  |TAMS 0x0000000082e00000, 0x0000000082d00000| Untracked 
|  46|0x0000000082e00000, 0x0000000082f00000, 0x0000000082f00000|100%| O|  |TAMS 0x0000000082f00000, 0x0000000082e00000| Untracked 
|  47|0x0000000082f00000, 0x0000000083000000, 0x0000000083000000|100%| O|  |TAMS 0x0000000083000000, 0x0000000082f00000| Untracked 
|  48|0x0000000083000000, 0x0000000083100000, 0x0000000083100000|100%| O|  |TAMS 0x0000000083100000, 0x0000000083000000| Untracked 
|  49|0x0000000083100000, 0x0000000083200000, 0x0000000083200000|100%| O|  |TAMS 0x0000000083200000, 0x0000000083100000| Untracked 
|  50|0x0000000083200000, 0x0000000083300000, 0x0000000083300000|100%| O|  |TAMS 0x0000000083300000, 0x0000000083200000| Untracked 
|  51|0x0000000083300000, 0x0000000083400000, 0x0000000083400000|100%| O|  |TAMS 0x0000000083400000, 0x0000000083300000| Untracked 
|  52|0x0000000083400000, 0x0000000083500000, 0x0000000083500000|100%| O|  |TAMS 0x00000000834a5200, 0x0000000083400000| Untracked 
|  53|0x0000000083500000, 0x0000000083600000, 0x0000000083600000|100%| O|  |TAMS 0x0000000083500000, 0x0000000083500000| Untracked 
|  54|0x0000000083600000, 0x0000000083700000, 0x0000000083700000|100%| O|  |TAMS 0x0000000083600000, 0x0000000083600000| Untracked 
|  55|0x0000000083700000, 0x0000000083800000, 0x0000000083800000|100%| O|  |TAMS 0x0000000083700000, 0x0000000083700000| Untracked 
|  56|0x0000000083800000, 0x0000000083900000, 0x0000000083900000|100%| O|  |TAMS 0x0000000083800000, 0x0000000083800000| Untracked 
|  57|0x0000000083900000, 0x0000000083a00000, 0x0000000083a00000|100%| O|  |TAMS 0x0000000083900000, 0x0000000083900000| Untracked 
|  58|0x0000000083a00000, 0x0000000083b00000, 0x0000000083b00000|100%| O|  |TAMS 0x0000000083a00000, 0x0000000083a00000| Untracked 
|  59|0x0000000083b00000, 0x0000000083c00000, 0x0000000083c00000|100%| O|  |TAMS 0x0000000083b00000, 0x0000000083b00000| Untracked 
|  60|0x0000000083c00000, 0x0000000083d00000, 0x0000000083d00000|100%| O|  |TAMS 0x0000000083c00000, 0x0000000083c00000| Untracked 
|  61|0x0000000083d00000, 0x0000000083e00000, 0x0000000083e00000|100%| O|  |TAMS 0x0000000083d00000, 0x0000000083d00000| Untracked 
|  62|0x0000000083e00000, 0x0000000083f00000, 0x0000000083f00000|100%| O|  |TAMS 0x0000000083e00000, 0x0000000083e00000| Untracked 
|  63|0x0000000083f00000, 0x0000000084000000, 0x0000000084000000|100%| O|  |TAMS 0x0000000083f00000, 0x0000000083f00000| Untracked 
|  64|0x0000000084000000, 0x0000000084100000, 0x0000000084100000|100%| O|  |TAMS 0x0000000084000000, 0x0000000084000000| Untracked 
|  65|0x0000000084100000, 0x0000000084200000, 0x0000000084200000|100%| O|  |TAMS 0x0000000084100000, 0x0000000084100000| Untracked 
|  66|0x0000000084200000, 0x0000000084300000, 0x0000000084300000|100%| O|  |TAMS 0x0000000084200000, 0x0000000084200000| Untracked 
|  67|0x0000000084300000, 0x0000000084400000, 0x0000000084400000|100%| O|  |TAMS 0x0000000084300000, 0x0000000084300000| Untracked 
|  68|0x0000000084400000, 0x0000000084500000, 0x0000000084500000|100%|HS|  |TAMS 0x0000000084400000, 0x0000000084400000| Complete 
|  69|0x0000000084500000, 0x0000000084600000, 0x0000000084600000|100%|HS|  |TAMS 0x0000000084500000, 0x0000000084500000| Complete 
|  70|0x0000000084600000, 0x0000000084700000, 0x0000000084700000|100%|HS|  |TAMS 0x0000000084600000, 0x0000000084600000| Complete 
|  71|0x0000000084700000, 0x0000000084800000, 0x0000000084800000|100%| O|  |TAMS 0x0000000084700000, 0x0000000084700000| Untracked 
|  72|0x0000000084800000, 0x0000000084900000, 0x0000000084900000|100%| O|  |TAMS 0x0000000084800000, 0x0000000084800000| Untracked 
|  73|0x0000000084900000, 0x0000000084a00000, 0x0000000084a00000|100%| O|  |TAMS 0x0000000084900000, 0x0000000084900000| Untracked 
|  74|0x0000000084a00000, 0x0000000084b00000, 0x0000000084b00000|100%| O|  |TAMS 0x0000000084a00000, 0x0000000084a00000| Untracked 
|  75|0x0000000084b00000, 0x0000000084c00000, 0x0000000084c00000|100%| O|  |TAMS 0x0000000084b00000, 0x0000000084b00000| Untracked 
|  76|0x0000000084c00000, 0x0000000084d00000, 0x0000000084d00000|100%| O|  |TAMS 0x0000000084c00000, 0x0000000084c00000| Untracked 
|  77|0x0000000084d00000, 0x0000000084e00000, 0x0000000084e00000|100%| O|  |TAMS 0x0000000084d00000, 0x0000000084d00000| Untracked 
|  78|0x0000000084e00000, 0x0000000084f00000, 0x0000000084f00000|100%| O|  |TAMS 0x0000000084e00000, 0x0000000084e00000| Untracked 
|  79|0x0000000084f00000, 0x0000000085000000, 0x0000000085000000|100%| O|  |TAMS 0x0000000084f00000, 0x0000000084f00000| Untracked 
|  80|0x0000000085000000, 0x0000000085100000, 0x0000000085100000|100%| O|  |TAMS 0x0000000085000000, 0x0000000085000000| Untracked 
|  81|0x0000000085100000, 0x0000000085200000, 0x0000000085200000|100%| O|  |TAMS 0x0000000085100000, 0x0000000085100000| Untracked 
|  82|0x0000000085200000, 0x0000000085300000, 0x0000000085300000|100%| O|  |TAMS 0x0000000085200000, 0x0000000085200000| Untracked 
|  83|0x0000000085300000, 0x0000000085400000, 0x0000000085400000|100%| O|  |TAMS 0x0000000085300000, 0x0000000085300000| Untracked 
|  84|0x0000000085400000, 0x0000000085500000, 0x0000000085500000|100%| O|  |TAMS 0x0000000085400000, 0x0000000085400000| Untracked 
|  85|0x0000000085500000, 0x00000000855e8620, 0x0000000085600000| 90%| O|  |TAMS 0x0000000085500000, 0x0000000085500000| Untracked 
|  86|0x0000000085600000, 0x0000000085600000, 0x0000000085700000|  0%| F|  |TAMS 0x0000000085600000, 0x0000000085600000| Untracked 
|  87|0x0000000085700000, 0x0000000085700000, 0x0000000085800000|  0%| F|  |TAMS 0x0000000085700000, 0x0000000085700000| Untracked 
|  88|0x0000000085800000, 0x0000000085800000, 0x0000000085900000|  0%| F|  |TAMS 0x0000000085800000, 0x0000000085800000| Untracked 
|  89|0x0000000085900000, 0x0000000085900000, 0x0000000085a00000|  0%| F|  |TAMS 0x0000000085900000, 0x0000000085900000| Untracked 
|  90|0x0000000085a00000, 0x0000000085a00000, 0x0000000085b00000|  0%| F|  |TAMS 0x0000000085a00000, 0x0000000085a00000| Untracked 
|  91|0x0000000085b00000, 0x0000000085b00000, 0x0000000085c00000|  0%| F|  |TAMS 0x0000000085b00000, 0x0000000085b00000| Untracked 
|  92|0x0000000085c00000, 0x0000000085c00000, 0x0000000085d00000|  0%| F|  |TAMS 0x0000000085c00000, 0x0000000085c00000| Untracked 
|  93|0x0000000085d00000, 0x0000000085d00000, 0x0000000085e00000|  0%| F|  |TAMS 0x0000000085d00000, 0x0000000085d00000| Untracked 
|  94|0x0000000085e00000, 0x0000000085e00000, 0x0000000085f00000|  0%| F|  |TAMS 0x0000000085e00000, 0x0000000085e00000| Untracked 
|  95|0x0000000085f00000, 0x0000000085f00000, 0x0000000086000000|  0%| F|  |TAMS 0x0000000085f00000, 0x0000000085f00000| Untracked 
|  96|0x0000000086000000, 0x0000000086000000, 0x0000000086100000|  0%| F|  |TAMS 0x0000000086000000, 0x0000000086000000| Untracked 
|  97|0x0000000086100000, 0x0000000086100000, 0x0000000086200000|  0%| F|  |TAMS 0x0000000086100000, 0x0000000086100000| Untracked 
|  98|0x0000000086200000, 0x0000000086200000, 0x0000000086300000|  0%| F|  |TAMS 0x0000000086200000, 0x0000000086200000| Untracked 
|  99|0x0000000086300000, 0x0000000086300000, 0x0000000086400000|  0%| F|  |TAMS 0x0000000086300000, 0x0000000086300000| Untracked 
| 100|0x0000000086400000, 0x0000000086400000, 0x0000000086500000|  0%| F|  |TAMS 0x0000000086400000, 0x0000000086400000| Untracked 
| 101|0x0000000086500000, 0x0000000086500000, 0x0000000086600000|  0%| F|  |TAMS 0x0000000086500000, 0x0000000086500000| Untracked 
| 102|0x0000000086600000, 0x0000000086600000, 0x0000000086700000|  0%| F|  |TAMS 0x0000000086600000, 0x0000000086600000| Untracked 
| 103|0x0000000086700000, 0x0000000086700000, 0x0000000086800000|  0%| F|  |TAMS 0x0000000086700000, 0x0000000086700000| Untracked 
| 104|0x0000000086800000, 0x0000000086800000, 0x0000000086900000|  0%| F|  |TAMS 0x0000000086800000, 0x0000000086800000| Untracked 
| 105|0x0000000086900000, 0x0000000086900000, 0x0000000086a00000|  0%| F|  |TAMS 0x0000000086900000, 0x0000000086900000| Untracked 
| 106|0x0000000086a00000, 0x0000000086a00000, 0x0000000086b00000|  0%| F|  |TAMS 0x0000000086a00000, 0x0000000086a00000| Untracked 
| 107|0x0000000086b00000, 0x0000000086b00000, 0x0000000086c00000|  0%| F|  |TAMS 0x0000000086b00000, 0x0000000086b00000| Untracked 
| 108|0x0000000086c00000, 0x0000000086c00000, 0x0000000086d00000|  0%| F|  |TAMS 0x0000000086c00000, 0x0000000086c00000| Untracked 
| 109|0x0000000086d00000, 0x0000000086d00000, 0x0000000086e00000|  0%| F|  |TAMS 0x0000000086d00000, 0x0000000086d00000| Untracked 
| 110|0x0000000086e00000, 0x0000000086e00000, 0x0000000086f00000|  0%| F|  |TAMS 0x0000000086e00000, 0x0000000086e00000| Untracked 
| 111|0x0000000086f00000, 0x0000000086f00000, 0x0000000087000000|  0%| F|  |TAMS 0x0000000086f00000, 0x0000000086f00000| Untracked 
| 112|0x0000000087000000, 0x0000000087000000, 0x0000000087100000|  0%| F|  |TAMS 0x0000000087000000, 0x0000000087000000| Untracked 
| 113|0x0000000087100000, 0x0000000087100000, 0x0000000087200000|  0%| F|  |TAMS 0x0000000087100000, 0x0000000087100000| Untracked 
| 114|0x0000000087200000, 0x0000000087200000, 0x0000000087300000|  0%| F|  |TAMS 0x0000000087200000, 0x0000000087200000| Untracked 
| 115|0x0000000087300000, 0x0000000087300000, 0x0000000087400000|  0%| F|  |TAMS 0x0000000087300000, 0x0000000087300000| Untracked 
| 116|0x0000000087400000, 0x0000000087400000, 0x0000000087500000|  0%| F|  |TAMS 0x0000000087400000, 0x0000000087400000| Untracked 
| 117|0x0000000087500000, 0x0000000087500000, 0x0000000087600000|  0%| F|  |TAMS 0x0000000087500000, 0x0000000087500000| Untracked 
| 118|0x0000000087600000, 0x0000000087600000, 0x0000000087700000|  0%| F|  |TAMS 0x0000000087600000, 0x0000000087600000| Untracked 
| 119|0x0000000087700000, 0x0000000087700000, 0x0000000087800000|  0%| F|  |TAMS 0x0000000087700000, 0x0000000087700000| Untracked 
| 120|0x0000000087800000, 0x0000000087800000, 0x0000000087900000|  0%| F|  |TAMS 0x0000000087800000, 0x0000000087800000| Untracked 
| 121|0x0000000087900000, 0x0000000087900000, 0x0000000087a00000|  0%| F|  |TAMS 0x0000000087900000, 0x0000000087900000| Untracked 
| 122|0x0000000087a00000, 0x0000000087a00000, 0x0000000087b00000|  0%| F|  |TAMS 0x0000000087a00000, 0x0000000087a00000| Untracked 
| 123|0x0000000087b00000, 0x0000000087b00000, 0x0000000087c00000|  0%| F|  |TAMS 0x0000000087b00000, 0x0000000087b00000| Untracked 
| 124|0x0000000087c00000, 0x0000000087d00000, 0x0000000087d00000|100%| E|CS|TAMS 0x0000000087c00000, 0x0000000087c00000| Complete 
| 125|0x0000000087d00000, 0x0000000087e00000, 0x0000000087e00000|100%| E|CS|TAMS 0x0000000087d00000, 0x0000000087d00000| Complete 
| 126|0x0000000087e00000, 0x0000000087f00000, 0x0000000087f00000|100%| E|CS|TAMS 0x0000000087e00000, 0x0000000087e00000| Complete 
| 127|0x0000000087f00000, 0x0000000088000000, 0x0000000088000000|100%| E|CS|TAMS 0x0000000087f00000, 0x0000000087f00000| Complete 
| 128|0x0000000088000000, 0x0000000088100000, 0x0000000088100000|100%| E|CS|TAMS 0x0000000088000000, 0x0000000088000000| Complete 
| 129|0x0000000088100000, 0x0000000088100000, 0x0000000088200000|  0%| F|  |TAMS 0x0000000088100000, 0x0000000088100000| Untracked 
| 130|0x0000000088200000, 0x0000000088200000, 0x0000000088300000|  0%| F|  |TAMS 0x0000000088200000, 0x0000000088200000| Untracked 
| 131|0x0000000088300000, 0x0000000088300000, 0x0000000088400000|  0%| F|  |TAMS 0x0000000088300000, 0x0000000088300000| Untracked 
| 132|0x0000000088400000, 0x0000000088400000, 0x0000000088500000|  0%| F|  |TAMS 0x0000000088400000, 0x0000000088400000| Untracked 
| 133|0x0000000088500000, 0x0000000088500000, 0x0000000088600000|  0%| F|  |TAMS 0x0000000088500000, 0x0000000088500000| Untracked 
| 134|0x0000000088600000, 0x0000000088600000, 0x0000000088700000|  0%| F|  |TAMS 0x0000000088600000, 0x0000000088600000| Untracked 
| 135|0x0000000088700000, 0x0000000088700000, 0x0000000088800000|  0%| F|  |TAMS 0x0000000088700000, 0x0000000088700000| Untracked 
| 136|0x0000000088800000, 0x0000000088800000, 0x0000000088900000|  0%| F|  |TAMS 0x0000000088800000, 0x0000000088800000| Untracked 
| 137|0x0000000088900000, 0x0000000088900000, 0x0000000088a00000|  0%| F|  |TAMS 0x0000000088900000, 0x0000000088900000| Untracked 
| 138|0x0000000088a00000, 0x0000000088b00000, 0x0000000088b00000|100%| E|CS|TAMS 0x0000000088a00000, 0x0000000088a00000| Complete 
| 139|0x0000000088b00000, 0x0000000088c00000, 0x0000000088c00000|100%| E|CS|TAMS 0x0000000088b00000, 0x0000000088b00000| Complete 
| 140|0x0000000088c00000, 0x0000000088d00000, 0x0000000088d00000|100%| E|CS|TAMS 0x0000000088c00000, 0x0000000088c00000| Complete 
| 141|0x0000000088d00000, 0x0000000088e00000, 0x0000000088e00000|100%| E|CS|TAMS 0x0000000088d00000, 0x0000000088d00000| Complete 
| 142|0x0000000088e00000, 0x0000000088f00000, 0x0000000088f00000|100%| E|CS|TAMS 0x0000000088e00000, 0x0000000088e00000| Complete 
| 143|0x0000000088f00000, 0x0000000089000000, 0x0000000089000000|100%| E|CS|TAMS 0x0000000088f00000, 0x0000000088f00000| Complete 
| 144|0x0000000089000000, 0x0000000089100000, 0x0000000089100000|100%| E|CS|TAMS 0x0000000089000000, 0x0000000089000000| Complete 
| 145|0x0000000089100000, 0x0000000089100000, 0x0000000089200000|  0%| F|  |TAMS 0x0000000089100000, 0x0000000089100000| Untracked 
| 146|0x0000000089200000, 0x0000000089200000, 0x0000000089300000|  0%| F|  |TAMS 0x0000000089200000, 0x0000000089200000| Untracked 
| 147|0x0000000089300000, 0x0000000089300000, 0x0000000089400000|  0%| F|  |TAMS 0x0000000089300000, 0x0000000089300000| Untracked 
| 148|0x0000000089400000, 0x0000000089400000, 0x0000000089500000|  0%| F|  |TAMS 0x0000000089400000, 0x0000000089400000| Untracked 
| 149|0x0000000089500000, 0x0000000089500000, 0x0000000089600000|  0%| F|  |TAMS 0x0000000089500000, 0x0000000089500000| Untracked 
| 150|0x0000000089600000, 0x0000000089600000, 0x0000000089700000|  0%| F|  |TAMS 0x0000000089600000, 0x0000000089600000| Untracked 
| 151|0x0000000089700000, 0x0000000089700000, 0x0000000089800000|  0%| F|  |TAMS 0x0000000089700000, 0x0000000089700000| Untracked 
| 152|0x0000000089800000, 0x0000000089900000, 0x0000000089900000|100%| S|  |TAMS 0x0000000089800000, 0x0000000089800000| Complete 
| 153|0x0000000089900000, 0x0000000089a00000, 0x0000000089a00000|100%| S|  |TAMS 0x0000000089900000, 0x0000000089900000| Complete 
| 154|0x0000000089a00000, 0x0000000089b00000, 0x0000000089b00000|100%| S|  |TAMS 0x0000000089a00000, 0x0000000089a00000| Complete 
| 155|0x0000000089b00000, 0x0000000089c00000, 0x0000000089c00000|100%| S|  |TAMS 0x0000000089b00000, 0x0000000089b00000| Complete 
| 156|0x0000000089c00000, 0x0000000089d00000, 0x0000000089d00000|100%| S|  |TAMS 0x0000000089c00000, 0x0000000089c00000| Complete 
| 157|0x0000000089d00000, 0x0000000089e00000, 0x0000000089e00000|100%| S|  |TAMS 0x0000000089d00000, 0x0000000089d00000| Complete 
| 158|0x0000000089e00000, 0x0000000089f00000, 0x0000000089f00000|100%| S|  |TAMS 0x0000000089e00000, 0x0000000089e00000| Complete 
| 159|0x0000000089f00000, 0x000000008a000000, 0x000000008a000000|100%| S|  |TAMS 0x0000000089f00000, 0x0000000089f00000| Complete 
| 160|0x000000008a000000, 0x000000008a100000, 0x000000008a100000|100%| S|  |TAMS 0x000000008a000000, 0x000000008a000000| Complete 
| 161|0x000000008a100000, 0x000000008a200000, 0x000000008a200000|100%| S|  |TAMS 0x000000008a100000, 0x000000008a100000| Complete 
| 162|0x000000008a200000, 0x000000008a300000, 0x000000008a300000|100%| S|  |TAMS 0x000000008a200000, 0x000000008a200000| Complete 
| 163|0x000000008a300000, 0x000000008a400000, 0x000000008a400000|100%| S|  |TAMS 0x000000008a300000, 0x000000008a300000| Complete 
| 164|0x000000008a400000, 0x000000008a500000, 0x000000008a500000|100%| S|  |TAMS 0x000000008a400000, 0x000000008a400000| Complete 
| 165|0x000000008a500000, 0x000000008a600000, 0x000000008a600000|100%| S|  |TAMS 0x000000008a500000, 0x000000008a500000| Complete 
| 166|0x000000008a600000, 0x000000008a700000, 0x000000008a700000|100%| S|  |TAMS 0x000000008a600000, 0x000000008a600000| Complete 
| 167|0x000000008a700000, 0x000000008a800000, 0x000000008a800000|100%| S|  |TAMS 0x000000008a700000, 0x000000008a700000| Complete 
| 168|0x000000008a800000, 0x000000008a900000, 0x000000008a900000|100%| E|CS|TAMS 0x000000008a800000, 0x000000008a800000| Complete 
| 169|0x000000008a900000, 0x000000008aa00000, 0x000000008aa00000|100%| E|CS|TAMS 0x000000008a900000, 0x000000008a900000| Complete 
| 170|0x000000008aa00000, 0x000000008ab00000, 0x000000008ab00000|100%| E|CS|TAMS 0x000000008aa00000, 0x000000008aa00000| Complete 
| 171|0x000000008ab00000, 0x000000008ac00000, 0x000000008ac00000|100%| E|CS|TAMS 0x000000008ab00000, 0x000000008ab00000| Complete 
| 172|0x000000008ac00000, 0x000000008ad00000, 0x000000008ad00000|100%| E|CS|TAMS 0x000000008ac00000, 0x000000008ac00000| Complete 
| 173|0x000000008ad00000, 0x000000008ae00000, 0x000000008ae00000|100%| E|CS|TAMS 0x000000008ad00000, 0x000000008ad00000| Complete 
| 174|0x000000008ae00000, 0x000000008af00000, 0x000000008af00000|100%| E|CS|TAMS 0x000000008ae00000, 0x000000008ae00000| Complete 
| 175|0x000000008af00000, 0x000000008b000000, 0x000000008b000000|100%| E|CS|TAMS 0x000000008af00000, 0x000000008af00000| Complete 
| 176|0x000000008b000000, 0x000000008b100000, 0x000000008b100000|100%| E|CS|TAMS 0x000000008b000000, 0x000000008b000000| Complete 
| 177|0x000000008b100000, 0x000000008b200000, 0x000000008b200000|100%| E|CS|TAMS 0x000000008b100000, 0x000000008b100000| Complete 
| 178|0x000000008b200000, 0x000000008b300000, 0x000000008b300000|100%| E|CS|TAMS 0x000000008b200000, 0x000000008b200000| Complete 
| 179|0x000000008b300000, 0x000000008b400000, 0x000000008b400000|100%| E|CS|TAMS 0x000000008b300000, 0x000000008b300000| Complete 
| 180|0x000000008b400000, 0x000000008b500000, 0x000000008b500000|100%| E|CS|TAMS 0x000000008b400000, 0x000000008b400000| Complete 
| 181|0x000000008b500000, 0x000000008b600000, 0x000000008b600000|100%| E|CS|TAMS 0x000000008b500000, 0x000000008b500000| Complete 
| 182|0x000000008b600000, 0x000000008b700000, 0x000000008b700000|100%| E|CS|TAMS 0x000000008b600000, 0x000000008b600000| Complete 
| 183|0x000000008b700000, 0x000000008b800000, 0x000000008b800000|100%| E|CS|TAMS 0x000000008b700000, 0x000000008b700000| Complete 
| 184|0x000000008b800000, 0x000000008b900000, 0x000000008b900000|100%| E|CS|TAMS 0x000000008b800000, 0x000000008b800000| Complete 
| 185|0x000000008b900000, 0x000000008ba00000, 0x000000008ba00000|100%| E|CS|TAMS 0x000000008b900000, 0x000000008b900000| Complete 
| 186|0x000000008ba00000, 0x000000008bb00000, 0x000000008bb00000|100%| E|CS|TAMS 0x000000008ba00000, 0x000000008ba00000| Complete 
| 187|0x000000008bb00000, 0x000000008bc00000, 0x000000008bc00000|100%| E|CS|TAMS 0x000000008bb00000, 0x000000008bb00000| Complete 
| 188|0x000000008bc00000, 0x000000008bd00000, 0x000000008bd00000|100%| E|CS|TAMS 0x000000008bc00000, 0x000000008bc00000| Complete 
| 189|0x000000008bd00000, 0x000000008be00000, 0x000000008be00000|100%| E|CS|TAMS 0x000000008bd00000, 0x000000008bd00000| Complete 
| 190|0x000000008be00000, 0x000000008bf00000, 0x000000008bf00000|100%| E|CS|TAMS 0x000000008be00000, 0x000000008be00000| Complete 
| 191|0x000000008bf00000, 0x000000008c000000, 0x000000008c000000|100%| E|CS|TAMS 0x000000008bf00000, 0x000000008bf00000| Complete 
| 192|0x000000008c000000, 0x000000008c100000, 0x000000008c100000|100%| E|CS|TAMS 0x000000008c000000, 0x000000008c000000| Complete 
| 193|0x000000008c100000, 0x000000008c200000, 0x000000008c200000|100%| E|CS|TAMS 0x000000008c100000, 0x000000008c100000| Complete 
| 194|0x000000008c200000, 0x000000008c300000, 0x000000008c300000|100%| E|CS|TAMS 0x000000008c200000, 0x000000008c200000| Complete 
| 195|0x000000008c300000, 0x000000008c400000, 0x000000008c400000|100%| E|CS|TAMS 0x000000008c300000, 0x000000008c300000| Complete 
| 196|0x000000008c400000, 0x000000008c500000, 0x000000008c500000|100%| E|CS|TAMS 0x000000008c400000, 0x000000008c400000| Complete 
| 197|0x000000008c500000, 0x000000008c600000, 0x000000008c600000|100%| E|CS|TAMS 0x000000008c500000, 0x000000008c500000| Complete 
| 198|0x000000008c600000, 0x000000008c700000, 0x000000008c700000|100%| E|CS|TAMS 0x000000008c600000, 0x000000008c600000| Complete 
| 199|0x000000008c700000, 0x000000008c800000, 0x000000008c800000|100%| E|CS|TAMS 0x000000008c700000, 0x000000008c700000| Complete 
| 200|0x000000008c800000, 0x000000008c900000, 0x000000008c900000|100%| E|CS|TAMS 0x000000008c800000, 0x000000008c800000| Complete 
| 201|0x000000008c900000, 0x000000008ca00000, 0x000000008ca00000|100%| E|CS|TAMS 0x000000008c900000, 0x000000008c900000| Complete 
| 202|0x000000008ca00000, 0x000000008cb00000, 0x000000008cb00000|100%| E|CS|TAMS 0x000000008ca00000, 0x000000008ca00000| Complete 
| 203|0x000000008cb00000, 0x000000008cc00000, 0x000000008cc00000|100%| E|CS|TAMS 0x000000008cb00000, 0x000000008cb00000| Complete 
| 204|0x000000008cc00000, 0x000000008cd00000, 0x000000008cd00000|100%| E|CS|TAMS 0x000000008cc00000, 0x000000008cc00000| Complete 
| 205|0x000000008cd00000, 0x000000008ce00000, 0x000000008ce00000|100%| E|CS|TAMS 0x000000008cd00000, 0x000000008cd00000| Complete 
| 206|0x000000008ce00000, 0x000000008cf00000, 0x000000008cf00000|100%| E|CS|TAMS 0x000000008ce00000, 0x000000008ce00000| Complete 
| 207|0x000000008cf00000, 0x000000008d000000, 0x000000008d000000|100%| E|CS|TAMS 0x000000008cf00000, 0x000000008cf00000| Complete 
| 208|0x000000008d000000, 0x000000008d100000, 0x000000008d100000|100%| E|CS|TAMS 0x000000008d000000, 0x000000008d000000| Complete 
| 209|0x000000008d100000, 0x000000008d200000, 0x000000008d200000|100%| E|CS|TAMS 0x000000008d100000, 0x000000008d100000| Complete 
| 210|0x000000008d200000, 0x000000008d300000, 0x000000008d300000|100%| E|CS|TAMS 0x000000008d200000, 0x000000008d200000| Complete 
| 211|0x000000008d300000, 0x000000008d400000, 0x000000008d400000|100%| E|CS|TAMS 0x000000008d300000, 0x000000008d300000| Complete 
| 212|0x000000008d400000, 0x000000008d500000, 0x000000008d500000|100%| E|CS|TAMS 0x000000008d400000, 0x000000008d400000| Complete 
| 213|0x000000008d500000, 0x000000008d600000, 0x000000008d600000|100%| E|CS|TAMS 0x000000008d500000, 0x000000008d500000| Complete 
| 214|0x000000008d600000, 0x000000008d700000, 0x000000008d700000|100%| E|CS|TAMS 0x000000008d600000, 0x000000008d600000| Complete 
| 215|0x000000008d700000, 0x000000008d800000, 0x000000008d800000|100%| E|CS|TAMS 0x000000008d700000, 0x000000008d700000| Complete 
| 216|0x000000008d800000, 0x000000008d900000, 0x000000008d900000|100%| E|CS|TAMS 0x000000008d800000, 0x000000008d800000| Complete 
| 217|0x000000008d900000, 0x000000008da00000, 0x000000008da00000|100%| E|CS|TAMS 0x000000008d900000, 0x000000008d900000| Complete 
| 218|0x000000008da00000, 0x000000008db00000, 0x000000008db00000|100%| E|CS|TAMS 0x000000008da00000, 0x000000008da00000| Complete 
| 219|0x000000008db00000, 0x000000008dc00000, 0x000000008dc00000|100%| E|CS|TAMS 0x000000008db00000, 0x000000008db00000| Complete 
| 220|0x000000008dc00000, 0x000000008dd00000, 0x000000008dd00000|100%| E|CS|TAMS 0x000000008dc00000, 0x000000008dc00000| Complete 
| 221|0x000000008dd00000, 0x000000008de00000, 0x000000008de00000|100%| E|CS|TAMS 0x000000008dd00000, 0x000000008dd00000| Complete 
| 222|0x000000008de00000, 0x000000008df00000, 0x000000008df00000|100%| E|CS|TAMS 0x000000008de00000, 0x000000008de00000| Complete 
| 223|0x000000008df00000, 0x000000008e000000, 0x000000008e000000|100%| E|CS|TAMS 0x000000008df00000, 0x000000008df00000| Complete 
| 224|0x000000008e000000, 0x000000008e100000, 0x000000008e100000|100%| E|CS|TAMS 0x000000008e000000, 0x000000008e000000| Complete 
| 225|0x000000008e100000, 0x000000008e200000, 0x000000008e200000|100%| E|CS|TAMS 0x000000008e100000, 0x000000008e100000| Complete 
| 226|0x000000008e200000, 0x000000008e300000, 0x000000008e300000|100%| E|CS|TAMS 0x000000008e200000, 0x000000008e200000| Complete 
| 227|0x000000008e300000, 0x000000008e400000, 0x000000008e400000|100%| E|CS|TAMS 0x000000008e300000, 0x000000008e300000| Complete 
| 228|0x000000008e400000, 0x000000008e500000, 0x000000008e500000|100%| E|CS|TAMS 0x000000008e400000, 0x000000008e400000| Complete 
| 229|0x000000008e500000, 0x000000008e600000, 0x000000008e600000|100%| E|CS|TAMS 0x000000008e500000, 0x000000008e500000| Complete 
| 230|0x000000008e600000, 0x000000008e700000, 0x000000008e700000|100%| E|CS|TAMS 0x000000008e600000, 0x000000008e600000| Complete 
| 231|0x000000008e700000, 0x000000008e800000, 0x000000008e800000|100%| E|CS|TAMS 0x000000008e700000, 0x000000008e700000| Complete 
| 232|0x000000008e800000, 0x000000008e900000, 0x000000008e900000|100%| E|CS|TAMS 0x000000008e800000, 0x000000008e800000| Complete 
| 233|0x000000008e900000, 0x000000008ea00000, 0x000000008ea00000|100%| E|CS|TAMS 0x000000008e900000, 0x000000008e900000| Complete 
| 234|0x000000008ea00000, 0x000000008eb00000, 0x000000008eb00000|100%| E|CS|TAMS 0x000000008ea00000, 0x000000008ea00000| Complete 
| 235|0x000000008eb00000, 0x000000008ec00000, 0x000000008ec00000|100%| E|CS|TAMS 0x000000008eb00000, 0x000000008eb00000| Complete 
| 236|0x000000008ec00000, 0x000000008ed00000, 0x000000008ed00000|100%| E|CS|TAMS 0x000000008ec00000, 0x000000008ec00000| Complete 
| 237|0x000000008ed00000, 0x000000008ee00000, 0x000000008ee00000|100%| E|CS|TAMS 0x000000008ed00000, 0x000000008ed00000| Complete 
| 238|0x000000008ee00000, 0x000000008ef00000, 0x000000008ef00000|100%| E|CS|TAMS 0x000000008ee00000, 0x000000008ee00000| Complete 
| 239|0x000000008ef00000, 0x000000008f000000, 0x000000008f000000|100%| E|CS|TAMS 0x000000008ef00000, 0x000000008ef00000| Complete 
| 240|0x000000008f000000, 0x000000008f100000, 0x000000008f100000|100%| E|CS|TAMS 0x000000008f000000, 0x000000008f000000| Complete 
| 241|0x000000008f100000, 0x000000008f200000, 0x000000008f200000|100%| E|CS|TAMS 0x000000008f100000, 0x000000008f100000| Complete 
| 242|0x000000008f200000, 0x000000008f300000, 0x000000008f300000|100%| E|CS|TAMS 0x000000008f200000, 0x000000008f200000| Complete 
| 243|0x000000008f300000, 0x000000008f400000, 0x000000008f400000|100%| E|CS|TAMS 0x000000008f300000, 0x000000008f300000| Complete 
| 244|0x000000008f400000, 0x000000008f500000, 0x000000008f500000|100%| E|CS|TAMS 0x000000008f400000, 0x000000008f400000| Complete 
| 245|0x000000008f500000, 0x000000008f600000, 0x000000008f600000|100%| E|CS|TAMS 0x000000008f500000, 0x000000008f500000| Complete 
| 246|0x000000008f600000, 0x000000008f700000, 0x000000008f700000|100%| E|CS|TAMS 0x000000008f600000, 0x000000008f600000| Complete 
| 247|0x000000008f700000, 0x000000008f800000, 0x000000008f800000|100%| E|CS|TAMS 0x000000008f700000, 0x000000008f700000| Complete 
| 248|0x000000008f800000, 0x000000008f900000, 0x000000008f900000|100%| E|CS|TAMS 0x000000008f800000, 0x000000008f800000| Complete 
| 249|0x000000008f900000, 0x000000008fa00000, 0x000000008fa00000|100%| E|CS|TAMS 0x000000008f900000, 0x000000008f900000| Complete 
| 250|0x000000008fa00000, 0x000000008fb00000, 0x000000008fb00000|100%| E|CS|TAMS 0x000000008fa00000, 0x000000008fa00000| Complete 
| 251|0x000000008fb00000, 0x000000008fc00000, 0x000000008fc00000|100%| E|CS|TAMS 0x000000008fb00000, 0x000000008fb00000| Complete 
| 252|0x000000008fc00000, 0x000000008fd00000, 0x000000008fd00000|100%| E|CS|TAMS 0x000000008fc00000, 0x000000008fc00000| Complete 
| 253|0x000000008fd00000, 0x000000008fe00000, 0x000000008fe00000|100%| E|CS|TAMS 0x000000008fd00000, 0x000000008fd00000| Complete 
| 254|0x000000008fe00000, 0x000000008ff00000, 0x000000008ff00000|100%| E|CS|TAMS 0x000000008fe00000, 0x000000008fe00000| Complete 
| 255|0x000000008ff00000, 0x0000000090000000, 0x0000000090000000|100%| E|CS|TAMS 0x000000008ff00000, 0x000000008ff00000| Complete 
| 256|0x0000000090000000, 0x0000000090100000, 0x0000000090100000|100%| E|CS|TAMS 0x0000000090000000, 0x0000000090000000| Complete 
| 257|0x0000000090100000, 0x0000000090200000, 0x0000000090200000|100%| E|CS|TAMS 0x0000000090100000, 0x0000000090100000| Complete 
| 258|0x0000000090200000, 0x0000000090300000, 0x0000000090300000|100%| E|CS|TAMS 0x0000000090200000, 0x0000000090200000| Complete 
| 259|0x0000000090300000, 0x0000000090400000, 0x0000000090400000|100%| E|CS|TAMS 0x0000000090300000, 0x0000000090300000| Complete 
| 260|0x0000000090400000, 0x0000000090500000, 0x0000000090500000|100%| E|CS|TAMS 0x0000000090400000, 0x0000000090400000| Complete 
| 261|0x0000000090500000, 0x0000000090600000, 0x0000000090600000|100%| E|CS|TAMS 0x0000000090500000, 0x0000000090500000| Complete 
| 262|0x0000000090600000, 0x0000000090700000, 0x0000000090700000|100%| E|CS|TAMS 0x0000000090600000, 0x0000000090600000| Complete 
| 263|0x0000000090700000, 0x0000000090800000, 0x0000000090800000|100%| E|CS|TAMS 0x0000000090700000, 0x0000000090700000| Complete 
| 264|0x0000000090800000, 0x0000000090900000, 0x0000000090900000|100%| E|CS|TAMS 0x0000000090800000, 0x0000000090800000| Complete 
| 265|0x0000000090900000, 0x0000000090a00000, 0x0000000090a00000|100%| E|CS|TAMS 0x0000000090900000, 0x0000000090900000| Complete 
| 266|0x0000000090a00000, 0x0000000090b00000, 0x0000000090b00000|100%| E|CS|TAMS 0x0000000090a00000, 0x0000000090a00000| Complete 
| 267|0x0000000090b00000, 0x0000000090c00000, 0x0000000090c00000|100%| E|CS|TAMS 0x0000000090b00000, 0x0000000090b00000| Complete 
| 268|0x0000000090c00000, 0x0000000090d00000, 0x0000000090d00000|100%| E|CS|TAMS 0x0000000090c00000, 0x0000000090c00000| Complete 
| 269|0x0000000090d00000, 0x0000000090e00000, 0x0000000090e00000|100%| E|CS|TAMS 0x0000000090d00000, 0x0000000090d00000| Complete 
| 270|0x0000000090e00000, 0x0000000090f00000, 0x0000000090f00000|100%| E|CS|TAMS 0x0000000090e00000, 0x0000000090e00000| Complete 
| 271|0x0000000090f00000, 0x0000000091000000, 0x0000000091000000|100%| E|CS|TAMS 0x0000000090f00000, 0x0000000090f00000| Complete 
| 272|0x0000000091000000, 0x0000000091100000, 0x0000000091100000|100%| E|CS|TAMS 0x0000000091000000, 0x0000000091000000| Complete 
| 273|0x0000000091100000, 0x0000000091200000, 0x0000000091200000|100%| E|CS|TAMS 0x0000000091100000, 0x0000000091100000| Complete 
| 274|0x0000000091200000, 0x0000000091300000, 0x0000000091300000|100%| E|CS|TAMS 0x0000000091200000, 0x0000000091200000| Complete 
| 275|0x0000000091300000, 0x0000000091400000, 0x0000000091400000|100%| E|CS|TAMS 0x0000000091300000, 0x0000000091300000| Complete 
| 276|0x0000000091400000, 0x0000000091500000, 0x0000000091500000|100%| E|CS|TAMS 0x0000000091400000, 0x0000000091400000| Complete 
| 277|0x0000000091500000, 0x0000000091600000, 0x0000000091600000|100%| E|CS|TAMS 0x0000000091500000, 0x0000000091500000| Complete 

Card table byte_map: [0x000001ac1dee0000,0x000001ac1e2e0000] _byte_map_base: 0x000001ac1dae0000

Marking Bits (Prev, Next): (CMBitMap*) 0x000001ac0a9cea68, (CMBitMap*) 0x000001ac0a9ceaa0
 Prev Bits: [0x000001ac1e6e0000, 0x000001ac206e0000)
 Next Bits: [0x000001ac206e0000, 0x000001ac226e0000)

Polling page: 0x000001ac091a0000

Metaspace:

Usage:
  Non-class:     78.32 MB capacity,    76.99 MB ( 98%) used,     1.09 MB (  1%) free+waste,   252.63 KB ( <1%) overhead. 
      Class:     12.15 MB capacity,    11.31 MB ( 93%) used,   743.27 KB (  6%) free+waste,   115.13 KB ( <1%) overhead. 
       Both:     90.47 MB capacity,    88.30 MB ( 98%) used,     1.81 MB (  2%) free+waste,   367.75 KB ( <1%) overhead. 

Virtual space:
  Non-class space:       80.00 MB reserved,      78.45 MB ( 98%) committed 
      Class space:        1.00 GB reserved,      12.25 MB (  1%) committed 
             Both:        1.08 GB reserved,      90.70 MB (  8%) committed 

Chunk freelists:
   Non-Class:  5.00 KB
       Class:  5.00 KB
        Both:  10.00 KB

MaxMetaspaceSize: 17179869184.00 GB
CompressedClassSpaceSize: 1.00 GB
Initial GC threshold: 20.80 MB
Current GC threshold: 108.05 MB
CDS: off

CodeHeap 'non-profiled nmethods': size=120064Kb used=5769Kb max_used=5769Kb free=114294Kb
 bounds [0x000001ac15f70000, 0x000001ac16520000, 0x000001ac1d4b0000]
CodeHeap 'profiled nmethods': size=120000Kb used=22016Kb max_used=22016Kb free=97983Kb
 bounds [0x000001ac0ea40000, 0x000001ac0ffd0000, 0x000001ac15f70000]
CodeHeap 'non-nmethods': size=5696Kb used=2366Kb max_used=2441Kb free=3329Kb
 bounds [0x000001ac0e4b0000, 0x000001ac0e720000, 0x000001ac0ea40000]
 total_blobs=11470 nmethods=10583 adapters=799
 compilation: enabled
              stopped_count=0, restarted_count=0
 full_count=0

Compilation events (20 events):
Event: 11.997 Thread 0x000001ac255e1000 10669   !   2       com.android.ide.common.resources.ValueResourceParser2::parseDocument (42 bytes)
Event: 11.997 Thread 0x000001ac255e1000 nmethod 10669 0x000001ac0ffbb210 code [0x000001ac0ffbb460, 0x000001ac0ffbb868]
Event: 11.998 Thread 0x000001ac255e1000 10670   !   2       java.lang.Class::getEnumConstantsShared (71 bytes)
Event: 11.998 Thread 0x000001ac255dc000 nmethod 10631 0x000001ac16511b90 code [0x000001ac16511d40, 0x000001ac16512498]
Event: 11.998 Thread 0x000001ac255dc000 10618       4       org.apache.xerces.impl.XMLNSDocumentScannerImpl::scanAttribute (586 bytes)
Event: 11.999 Thread 0x000001ac255e1000 nmethod 10670 0x000001ac0ffbbc10 code [0x000001ac0ffbbe40, 0x000001ac0ffbc498]
Event: 12.000 Thread 0x000001ac255e1000 10671       2       org.apache.xerces.dom.AttrNSImpl::getNamespaceURI (16 bytes)
Event: 12.000 Thread 0x000001ac255e1000 nmethod 10671 0x000001ac0ffbc810 code [0x000001ac0ffbc9c0, 0x000001ac0ffbcb08]
Event: 12.000 Thread 0x000001ac255e1000 10672       2       org.apache.xerces.dom.AttrNSImpl::getLocalName (16 bytes)
Event: 12.000 Thread 0x000001ac255e1000 nmethod 10672 0x000001ac0ffbcb90 code [0x000001ac0ffbcd40, 0x000001ac0ffbce88]
Event: 12.001 Thread 0x000001ac255e1000 10673       2       org.apache.xerces.dom.AttrNSImpl::<init> (13 bytes)
Event: 12.001 Thread 0x000001ac255e1000 nmethod 10673 0x000001ac0ffbcf10 code [0x000001ac0ffbd0c0, 0x000001ac0ffbd2e8]
Event: 12.001 Thread 0x000001ac255e1000 10674       2       org.apache.xerces.dom.AttrNSImpl::setName (188 bytes)
Event: 12.002 Thread 0x000001ac255e1000 nmethod 10674 0x000001ac0ffbd390 code [0x000001ac0ffbd640, 0x000001ac0ffbde68]
Event: 12.002 Thread 0x000001ac255e1000 10675       2       org.apache.xerces.dom.AttributeMap::setNamedItemNS (366 bytes)
Event: 12.003 Thread 0x000001ac255e1000 nmethod 10675 0x000001ac0ffbe390 code [0x000001ac0ffbe700, 0x000001ac0ffbf3c8]
Event: 12.005 Thread 0x000001ac255e1000 10676       2       java.lang.AbstractStringBuilder::inflate (42 bytes)
Event: 12.005 Thread 0x000001ac255e1000 nmethod 10676 0x000001ac0ffbfa10 code [0x000001ac0ffbfbe0, 0x000001ac0ffbfdd8]
Event: 12.005 Thread 0x000001ac255e1000 10677       2       com.android.ide.common.resources.configuration.ResourceQualifier::<init> (5 bytes)
Event: 12.006 Thread 0x000001ac255e1000 nmethod 10677 0x000001ac0ffbff10 code [0x000001ac0ffc00c0, 0x000001ac0ffc01b8]

GC Heap History (20 events):
Event: 3.056 GC heap after
{Heap after GC invocations=7 (full 0):
 garbage-first heap   total 196608K, used 22494K [0x0000000080000000, 0x0000000100000000)
  region size 1024K, 7 young (7168K), 7 survivors (7168K)
 Metaspace       used 35136K, capacity 35924K, committed 36048K, reserved 1081344K
  class space    used 4503K, capacity 4802K, committed 4864K, reserved 1048576K
}
Event: 3.790 GC heap before
{Heap before GC invocations=8 (full 0):
 garbage-first heap   total 196608K, used 99294K [0x0000000080000000, 0x0000000100000000)
  region size 1024K, 80 young (81920K), 7 survivors (7168K)
 Metaspace       used 40936K, capacity 41937K, committed 42192K, reserved 1085440K
  class space    used 5178K, capacity 5519K, committed 5632K, reserved 1048576K
}
Event: 3.806 GC heap after
{Heap after GC invocations=9 (full 0):
 garbage-first heap   total 196608K, used 28444K [0x0000000080000000, 0x0000000100000000)
  region size 1024K, 10 young (10240K), 10 survivors (10240K)
 Metaspace       used 40936K, capacity 41937K, committed 42192K, reserved 1085440K
  class space    used 5178K, capacity 5519K, committed 5632K, reserved 1048576K
}
Event: 4.473 GC heap before
{Heap before GC invocations=9 (full 0):
 garbage-first heap   total 196608K, used 111388K [0x0000000080000000, 0x0000000100000000)
  region size 1024K, 91 young (93184K), 10 survivors (10240K)
 Metaspace       used 47309K, capacity 48518K, committed 48720K, reserved 1091584K
  class space    used 6013K, capacity 6451K, committed 6528K, reserved 1048576K
}
Event: 4.485 GC heap after
{Heap after GC invocations=10 (full 0):
 garbage-first heap   total 236544K, used 31335K [0x0000000080000000, 0x0000000100000000)
  region size 1024K, 9 young (9216K), 9 survivors (9216K)
 Metaspace       used 47309K, capacity 48518K, committed 48720K, reserved 1091584K
  class space    used 6013K, capacity 6451K, committed 6528K, reserved 1048576K
}
Event: 5.944 GC heap before
{Heap before GC invocations=10 (full 0):
 garbage-first heap   total 236544K, used 172647K [0x0000000080000000, 0x0000000100000000)
  region size 1024K, 138 young (141312K), 9 survivors (9216K)
 Metaspace       used 57710K, capacity 59177K, committed 59344K, reserved 1101824K
  class space    used 7259K, capacity 7827K, committed 7936K, reserved 1048576K
}
Event: 5.961 GC heap after
{Heap after GC invocations=11 (full 0):
 garbage-first heap   total 236544K, used 52699K [0x0000000080000000, 0x0000000100000000)
  region size 1024K, 18 young (18432K), 18 survivors (18432K)
 Metaspace       used 57710K, capacity 59177K, committed 59344K, reserved 1101824K
  class space    used 7259K, capacity 7827K, committed 7936K, reserved 1048576K
}
Event: 6.028 GC heap before
{Heap before GC invocations=11 (full 0):
 garbage-first heap   total 236544K, used 54747K [0x0000000080000000, 0x0000000100000000)
  region size 1024K, 21 young (21504K), 18 survivors (18432K)
 Metaspace       used 58818K, capacity 60360K, committed 60496K, reserved 1101824K
  class space    used 7395K, capacity 7987K, committed 8064K, reserved 1048576K
}
Event: 6.047 GC heap after
{Heap after GC invocations=12 (full 0):
 garbage-first heap   total 236544K, used 55444K [0x0000000080000000, 0x0000000100000000)
  region size 1024K, 2 young (2048K), 2 survivors (2048K)
 Metaspace       used 58818K, capacity 60360K, committed 60496K, reserved 1101824K
  class space    used 7395K, capacity 7987K, committed 8064K, reserved 1048576K
}
Event: 6.750 GC heap before
{Heap before GC invocations=13 (full 0):
 garbage-first heap   total 236544K, used 131220K [0x0000000080000000, 0x0000000100000000)
  region size 1024K, 70 young (71680K), 2 survivors (2048K)
 Metaspace       used 64124K, capacity 65705K, committed 66000K, reserved 1105920K
  class space    used 8050K, capacity 8650K, committed 8704K, reserved 1048576K
}
Event: 6.760 GC heap after
{Heap after GC invocations=14 (full 0):
 garbage-first heap   total 236544K, used 59987K [0x0000000080000000, 0x0000000100000000)
  region size 1024K, 6 young (6144K), 6 survivors (6144K)
 Metaspace       used 64124K, capacity 65705K, committed 66000K, reserved 1105920K
  class space    used 8050K, capacity 8650K, committed 8704K, reserved 1048576K
}
Event: 7.535 GC heap before
{Heap before GC invocations=15 (full 0):
 garbage-first heap   total 236544K, used 135763K [0x0000000080000000, 0x0000000100000000)
  region size 1024K, 80 young (81920K), 6 survivors (6144K)
 Metaspace       used 67981K, capacity 69699K, committed 69840K, reserved 1110016K
  class space    used 8554K, capacity 9206K, committed 9216K, reserved 1048576K
}
Event: 7.545 GC heap after
{Heap after GC invocations=16 (full 0):
 garbage-first heap   total 236544K, used 64826K [0x0000000080000000, 0x0000000100000000)
  region size 1024K, 5 young (5120K), 5 survivors (5120K)
 Metaspace       used 67981K, capacity 69699K, committed 69840K, reserved 1110016K
  class space    used 8554K, capacity 9206K, committed 9216K, reserved 1048576K
}
Event: 8.528 GC heap before
{Heap before GC invocations=16 (full 0):
 garbage-first heap   total 236544K, used 144698K [0x0000000080000000, 0x0000000100000000)
  region size 1024K, 83 young (84992K), 5 survivors (5120K)
 Metaspace       used 75733K, capacity 77445K, committed 77776K, reserved 1116160K
  class space    used 9732K, capacity 10410K, committed 10496K, reserved 1048576K
}
Event: 8.539 GC heap after
{Heap after GC invocations=17 (full 0):
 garbage-first heap   total 236544K, used 70064K [0x0000000080000000, 0x0000000100000000)
  region size 1024K, 10 young (10240K), 10 survivors (10240K)
 Metaspace       used 75733K, capacity 77445K, committed 77776K, reserved 1116160K
  class space    used 9732K, capacity 10410K, committed 10496K, reserved 1048576K
}
Event: 9.443 GC heap before
{Heap before GC invocations=17 (full 0):
 garbage-first heap   total 236544K, used 153008K [0x0000000080000000, 0x0000000100000000)
  region size 1024K, 91 young (93184K), 10 survivors (10240K)
 Metaspace       used 83169K, capacity 84988K, committed 85200K, reserved 1122304K
  class space    used 10730K, capacity 11424K, committed 11520K, reserved 1048576K
}
Event: 9.461 GC heap after
{Heap after GC invocations=18 (full 0):
 garbage-first heap   total 236544K, used 75351K [0x0000000080000000, 0x0000000100000000)
  region size 1024K, 11 young (11264K), 11 survivors (11264K)
 Metaspace       used 83169K, capacity 84988K, committed 85200K, reserved 1122304K
  class space    used 10730K, capacity 11424K, committed 11520K, reserved 1048576K
}
Event: 10.743 GC heap before
{Heap before GC invocations=18 (full 0):
 garbage-first heap   total 236544K, used 160343K [0x0000000080000000, 0x0000000100000000)
  region size 1024K, 95 young (97280K), 11 survivors (11264K)
 Metaspace       used 88270K, capacity 90417K, committed 90576K, reserved 1128448K
  class space    used 11382K, capacity 12200K, committed 12288K, reserved 1048576K
}
Event: 10.761 GC heap after
{Heap after GC invocations=19 (full 0):
 garbage-first heap   total 284672K, used 81920K [0x0000000080000000, 0x0000000100000000)
  region size 1024K, 12 young (12288K), 12 survivors (12288K)
 Metaspace       used 88270K, capacity 90417K, committed 90576K, reserved 1128448K
  class space    used 11382K, capacity 12200K, committed 12288K, reserved 1048576K
}
Event: 12.014 GC heap before
{Heap before GC invocations=19 (full 0):
 garbage-first heap   total 284672K, used 196608K [0x0000000080000000, 0x0000000100000000)
  region size 1024K, 122 young (124928K), 12 survivors (12288K)
 Metaspace       used 90423K, capacity 92646K, committed 92880K, reserved 1130496K
  class space    used 11584K, capacity 12443K, committed 12544K, reserved 1048576K
}

Deoptimization events (20 events):
Event: 11.884 Thread 0x000001ac2f10c800 DEOPT PACKING pc=0x000001ac164ff2f8 sp=0x0000001a5a8f9d60
Event: 11.884 Thread 0x000001ac2f10c800 DEOPT UNPACKING pc=0x000001ac0e4fa1af sp=0x0000001a5a8f9cf8 mode 2
Event: 11.894 Thread 0x000001ac2f10c800 Uncommon trap: trap_request=0xffffffc6 fr.pc=0x000001ac164fa8e0 relative=0x0000000000000500
Event: 11.894 Thread 0x000001ac2f10c800 Uncommon trap: reason=bimorphic_or_optimized_type_check action=maybe_recompile pc=0x000001ac164fa8e0 method=org.apache.xerces.dom.NamedNodeMapImpl.findNamePoint(Ljava/lang/String;I)I @ 50 c2
Event: 11.894 Thread 0x000001ac2f10c800 DEOPT PACKING pc=0x000001ac164fa8e0 sp=0x0000001a5a8f9880
Event: 11.894 Thread 0x000001ac2f10c800 DEOPT UNPACKING pc=0x000001ac0e4fa1af sp=0x0000001a5a8f9818 mode 2
Event: 11.897 Thread 0x000001ac2f10c800 Uncommon trap: trap_request=0xffffff4d fr.pc=0x000001ac164eb084 relative=0x0000000000000664
Event: 11.897 Thread 0x000001ac2f10c800 Uncommon trap: reason=unstable_if action=reinterpret pc=0x000001ac164eb084 method=org.apache.xerces.impl.XMLEntityScanner.scanLiteral(ILorg/apache/xerces/xni/XMLString;)I @ 606 c2
Event: 11.897 Thread 0x000001ac2f10c800 DEOPT PACKING pc=0x000001ac164eb084 sp=0x0000001a5a8f9920
Event: 11.897 Thread 0x000001ac2f10c800 DEOPT UNPACKING pc=0x000001ac0e4fa1af sp=0x0000001a5a8f98a8 mode 2
Event: 11.984 Thread 0x000001ac2f10c800 DEOPT PACKING pc=0x000001ac0ff3bdd3 sp=0x0000001a5a8f9dc0
Event: 11.984 Thread 0x000001ac2f10c800 DEOPT UNPACKING pc=0x000001ac0e4fa95e sp=0x0000001a5a8f9298 mode 0
Event: 11.993 Thread 0x000001ac2f10c800 Uncommon trap: trap_request=0xffffff4d fr.pc=0x000001ac164f03d4 relative=0x0000000000000034
Event: 11.993 Thread 0x000001ac2f10c800 Uncommon trap: reason=unstable_if action=reinterpret pc=0x000001ac164f03d4 method=java.lang.Character.isSurrogate(C)Z @ 3 c2
Event: 11.993 Thread 0x000001ac2f10c800 DEOPT PACKING pc=0x000001ac164f03d4 sp=0x0000001a5a8f9ea0
Event: 11.993 Thread 0x000001ac2f10c800 DEOPT UNPACKING pc=0x000001ac0e4fa1af sp=0x0000001a5a8f9e38 mode 2
Event: 11.993 Thread 0x000001ac2f10c800 Uncommon trap: trap_request=0xffffff4d fr.pc=0x000001ac164d542c relative=0x00000000000006ac
Event: 11.993 Thread 0x000001ac2f10c800 Uncommon trap: reason=unstable_if action=reinterpret pc=0x000001ac164d542c method=java.lang.Character.isSurrogate(C)Z @ 3 c2
Event: 11.993 Thread 0x000001ac2f10c800 DEOPT PACKING pc=0x000001ac164d542c sp=0x0000001a5a8f9f30
Event: 11.993 Thread 0x000001ac2f10c800 DEOPT UNPACKING pc=0x000001ac0e4fa1af sp=0x0000001a5a8f9e50 mode 2

Classes redefined (0 events):
No events

Internal exceptions (20 events):
Event: 9.834 Thread 0x000001ac27ca8800 Exception <a 'java/lang/NoSuchMethodError'{0x000000008d649328}: <clinit>> (0x000000008d649328) thrown at [./src/hotspot/share/prims/jni.cpp, line 1366]
Event: 9.841 Thread 0x000001ac27ca8800 Exception <a 'java/lang/NoSuchMethodError'{0x000000008d69a860}: <clinit>> (0x000000008d69a860) thrown at [./src/hotspot/share/prims/jni.cpp, line 1366]
Event: 9.869 Thread 0x000001ac292cc800 Exception <a 'java/lang/NoSuchMethodError'{0x000000008d417548}: <clinit>> (0x000000008d417548) thrown at [./src/hotspot/share/prims/jni.cpp, line 1366]
Event: 9.877 Thread 0x000001ac292cc800 Exception <a 'java/lang/NoSuchMethodError'{0x000000008d42c6d0}: <clinit>> (0x000000008d42c6d0) thrown at [./src/hotspot/share/prims/jni.cpp, line 1366]
Event: 9.888 Thread 0x000001ac292cc800 Exception <a 'java/lang/NoSuchMethodError'{0x000000008d4ab210}: <clinit>> (0x000000008d4ab210) thrown at [./src/hotspot/share/prims/jni.cpp, line 1366]
Event: 9.890 Thread 0x000001ac292cc800 Exception <a 'java/lang/NoSuchMethodError'{0x000000008d4b5d80}: 'void java.lang.invoke.DirectMethodHandle$Holder.invokeSpecial(java.lang.Object, java.lang.Object, java.lang.Object, int)'> (0x000000008d4b5d80) thrown at [./src/hotspot/share/interpreter/linkResolver.cpp, line 773]
Event: 9.906 Thread 0x000001ac292ce000 Exception <a 'java/lang/IncompatibleClassChangeError'{0x000000008d3bff18}: Found class java.lang.Object, but interface was expected> (0x000000008d3bff18) thrown at [./src/hotspot/share/interpreter/linkResolver.cpp, line 839]
Event: 9.943 Thread 0x000001ac292ce000 Exception <a 'java/lang/NoSuchMethodError'{0x000000008d152208}: 'int java.lang.invoke.DirectMethodHandle$Holder.invokeStaticInit(java.lang.Object, java.lang.Object, java.lang.Object, java.lang.Object, java.lang.Object)'> (0x000000008d152208) thrown at [./src/hotspot/share/interpreter/linkResolver.cpp, line 773]
Event: 9.985 Thread 0x000001ac292ce000 Exception <a 'sun/nio/fs/WindowsException'{0x000000008ce064e0}> (0x000000008ce064e0) thrown at [./src/hotspot/share/prims/jni.cpp, line 616]
Event: 9.985 Thread 0x000001ac292ce000 Exception <a 'sun/nio/fs/WindowsException'{0x000000008ce075d0}> (0x000000008ce075d0) thrown at [./src/hotspot/share/prims/jni.cpp, line 616]
Event: 10.119 Thread 0x000001ac27ca8800 Exception <a 'java/lang/NoSuchMethodError'{0x000000008c5771a8}: <clinit>> (0x000000008c5771a8) thrown at [./src/hotspot/share/prims/jni.cpp, line 1366]
Event: 10.135 Thread 0x000001ac292ce000 Exception <a 'java/lang/NoSuchMethodError'{0x000000008c5b5748}: 'int java.lang.invoke.DirectMethodHandle$Holder.invokeSpecial(java.lang.Object, java.lang.Object, java.lang.Object, java.lang.Object, java.lang.Object)'> (0x000000008c5b5748) thrown at [./src/hotspot/share/interpreter/linkResolver.cpp, line 773]
Event: 10.377 Thread 0x000001ac292ce000 Exception <a 'java/lang/NoSuchMethodError'{0x000000008ba6eb08}: 'void java.lang.invoke.DirectMethodHandle$Holder.invokeStatic(java.lang.Object, java.lang.Object, java.lang.Object, java.lang.Object, int, java.lang.Object, java.lang.Object)'> (0x000000008ba6eb08) thrown at [./src/hotspot/share/interpreter/linkResolver.cpp, line 773]
Event: 10.402 Thread 0x000001ac2ab4f000 Exception <a 'java/lang/NoSuchMethodError'{0x000000008b5bb808}: 'java.lang.Object java.lang.invoke.DirectMethodHandle$Holder.invokeSpecialIFC(java.lang.Object, java.lang.Object, java.lang.Object)'> (0x000000008b5bb808) thrown at [./src/hotspot/share/interpreter/linkResolver.cpp, line 773]
Event: 10.402 Thread 0x000001ac2ab4c800 Exception <a 'java/lang/NoSuchMethodError'{0x000000008b5ce6b0}: 'java.lang.Object java.lang.invoke.DirectMethodHandle$Holder.invokeSpecialIFC(java.lang.Object, java.lang.Object, java.lang.Object)'> (0x000000008b5ce6b0) thrown at [./src/hotspot/share/interpreter/linkResolver.cpp, line 773]
Event: 10.402 Thread 0x000001ac2ab4b000 Exception <a 'java/lang/NoSuchMethodError'{0x000000008b564400}: 'java.lang.Object java.lang.invoke.DirectMethodHandle$Holder.invokeSpecialIFC(java.lang.Object, java.lang.Object, java.lang.Object)'> (0x000000008b564400) thrown at [./src/hotspot/share/interpreter/linkResolver.cpp, line 773]
Event: 10.402 Thread 0x000001ac292ce000 Exception <a 'java/lang/NoSuchMethodError'{0x000000008b982fa8}: 'java.lang.Object java.lang.invoke.DirectMethodHandle$Holder.invokeSpecialIFC(java.lang.Object, java.lang.Object, java.lang.Object)'> (0x000000008b982fa8) thrown at [./src/hotspot/share/interpreter/linkResolver.cpp, line 773]
Event: 10.629 Thread 0x000001ac292ce000 Implicit null exception at 0x000001ac16448ddb to 0x000001ac16448e6c
Event: 11.101 Thread 0x000001ac2f10c800 Exception <a 'java/lang/NoSuchMethodError'{0x0000000091444398}: 'void java.lang.invoke.DirectMethodHandle$Holder.invokeInterface(java.lang.Object, java.lang.Object, java.lang.Object, java.lang.Object)'> (0x0000000091444398) thrown at [./src/hotspot/share/interpreter/linkResolver.cpp, line 773]
Event: 11.114 Thread 0x000001ac292ce000 Exception <a 'java/lang/NoSuchMethodError'{0x000000008f2d3468}: 'java.lang.Object java.lang.invoke.DirectMethodHandle$Holder.newInvokeSpecial(java.lang.Object, java.lang.Object, java.lang.Object, java.lang.Object)'> (0x000000008f2d3468) thrown at [./src/hotspot/share/interpreter/linkResolver.cpp, line 773]

Events (20 events):
Event: 11.523 loading class org/gradle/launcher/daemon/server/health/DaemonMemoryStatus$1 done
Event: 11.523 loading class org/gradle/launcher/daemon/server/health/DaemonMemoryStatus$2
Event: 11.523 loading class org/gradle/launcher/daemon/server/health/DaemonMemoryStatus$2 done
Event: 11.523 loading class org/gradle/launcher/daemon/server/CompatibleDaemonExpirationStrategy$1
Event: 11.523 loading class org/gradle/launcher/daemon/server/CompatibleDaemonExpirationStrategy$1 done
Event: 11.524 loading class org/gradle/launcher/daemon/registry/PersistentDaemonRegistry$1
Event: 11.524 loading class org/gradle/launcher/daemon/registry/PersistentDaemonRegistry$1 done
Event: 11.524 loading class org/gradle/cache/internal/SimpleStateCache$1
Event: 11.524 loading class org/gradle/cache/internal/SimpleStateCache$1 done
Event: 11.527 loading class org/gradle/launcher/daemon/server/DaemonRegistryUnavailableExpirationStrategy$1
Event: 11.527 loading class org/gradle/launcher/daemon/server/DaemonRegistryUnavailableExpirationStrategy$1 done
Event: 11.527 loading class com/google/common/collect/Lists$TransformingSequentialList
Event: 11.527 loading class com/google/common/collect/Lists$TransformingSequentialList done
Event: 11.527 loading class com/google/common/collect/Lists$TransformingSequentialList$1
Event: 11.527 loading class com/google/common/collect/Lists$TransformingSequentialList$1 done
Event: 11.528 loading class com/google/common/collect/TransformedListIterator
Event: 11.528 loading class com/google/common/collect/TransformedListIterator done
Event: 11.806 Executing VM operation: ICBufferFull
Event: 11.807 Executing VM operation: ICBufferFull done
Event: 12.013 Executing VM operation: G1CollectForAllocation


Dynamic libraries:
0x00007ff641910000 - 0x00007ff64191a000 	C:\Program Files\Android\Android Studio\jre\bin\java.exe
0x00007ffcd1770000 - 0x00007ffcd1968000 	C:\Windows\SYSTEM32\ntdll.dll
0x00007ffccfe90000 - 0x00007ffccff4f000 	C:\Windows\System32\KERNEL32.DLL
0x00007ffccf130000 - 0x00007ffccf402000 	C:\Windows\System32\KERNELBASE.dll
0x00007ffccf440000 - 0x00007ffccf540000 	C:\Windows\System32\ucrtbase.dll
0x00007ffcc61a0000 - 0x00007ffcc61b9000 	C:\Program Files\Android\Android Studio\jre\bin\jli.dll
0x00007ffcb8b40000 - 0x00007ffcb8b57000 	C:\Program Files\Android\Android Studio\jre\bin\VCRUNTIME140.dll
0x00007ffcd13d0000 - 0x00007ffcd1571000 	C:\Windows\System32\USER32.dll
0x00007ffccf410000 - 0x00007ffccf432000 	C:\Windows\System32\win32u.dll
0x00007ffcce1f0000 - 0x00007ffcce48a000 	C:\Windows\WinSxS\amd64_microsoft.windows.common-controls_6595b64144ccf1df_6.0.19041.1110_none_60b5254171f9507e\COMCTL32.dll
0x00007ffccfd90000 - 0x00007ffccfdbb000 	C:\Windows\System32\GDI32.dll
0x00007ffccee60000 - 0x00007ffccef6f000 	C:\Windows\System32\gdi32full.dll
0x00007ffccf5b0000 - 0x00007ffccf64d000 	C:\Windows\System32\msvcp_win.dll
0x00007ffccffb0000 - 0x00007ffcd004e000 	C:\Windows\System32\msvcrt.dll
0x00007ffcd1260000 - 0x00007ffcd1292000 	C:\Windows\System32\IMM32.DLL
0x00007ffcac5a0000 - 0x00007ffcac63d000 	C:\Program Files\Android\Android Studio\jre\bin\msvcp140.dll
0x00007ffc6de20000 - 0x00007ffc6e922000 	C:\Program Files\Android\Android Studio\jre\bin\server\jvm.dll
0x00007ffcd0810000 - 0x00007ffcd08be000 	C:\Windows\System32\ADVAPI32.dll
0x00007ffcd0770000 - 0x00007ffcd080c000 	C:\Windows\System32\sechost.dll
0x00007ffcd12a0000 - 0x00007ffcd13c5000 	C:\Windows\System32\RPCRT4.dll
0x00007ffcd08c0000 - 0x00007ffcd08c8000 	C:\Windows\System32\PSAPI.DLL
0x00007ffcc6560000 - 0x00007ffcc6569000 	C:\Windows\SYSTEM32\WSOCK32.dll
0x00007ffcc6fc0000 - 0x00007ffcc6fe7000 	C:\Windows\SYSTEM32\WINMM.dll
0x00007ffcd0170000 - 0x00007ffcd01db000 	C:\Windows\System32\WS2_32.dll
0x00007ffcc8fd0000 - 0x00007ffcc8fda000 	C:\Windows\SYSTEM32\VERSION.dll
0x00007ffccbe60000 - 0x00007ffccbe72000 	C:\Windows\SYSTEM32\kernel.appcore.dll
0x00007ffcb9e20000 - 0x00007ffcb9e31000 	C:\Program Files\Android\Android Studio\jre\bin\verify.dll
0x00007ffcce650000 - 0x00007ffcce834000 	C:\Windows\SYSTEM32\DBGHELP.DLL
0x00007ffcce610000 - 0x00007ffcce645000 	C:\Windows\SYSTEM32\dbgcore.DLL
0x00007ffcceff0000 - 0x00007ffccf072000 	C:\Windows\System32\bcryptPrimitives.dll
0x00007ffca6610000 - 0x00007ffca6639000 	C:\Program Files\Android\Android Studio\jre\bin\java.dll
0x00007ffcc6190000 - 0x00007ffcc619b000 	C:\Program Files\Android\Android Studio\jre\bin\jimage.dll
0x00007ffcaab70000 - 0x00007ffcaab88000 	C:\Program Files\Android\Android Studio\jre\bin\zip.dll
0x00007ffcd0b10000 - 0x00007ffcd1254000 	C:\Windows\System32\SHELL32.dll
0x00007ffccc8d0000 - 0x00007ffccd062000 	C:\Windows\SYSTEM32\windows.storage.dll
0x00007ffccfa30000 - 0x00007ffccfd85000 	C:\Windows\System32\combase.dll
0x00007ffcce150000 - 0x00007ffcce180000 	C:\Windows\SYSTEM32\Wldp.dll
0x00007ffcd08d0000 - 0x00007ffcd097d000 	C:\Windows\System32\SHCORE.dll
0x00007ffccff50000 - 0x00007ffccffa5000 	C:\Windows\System32\shlwapi.dll
0x00007ffcceda0000 - 0x00007ffccedbf000 	C:\Windows\SYSTEM32\profapi.dll
0x00007ffca65f0000 - 0x00007ffca660a000 	C:\Program Files\Android\Android Studio\jre\bin\net.dll
0x00007ffcc6ff0000 - 0x00007ffcc70fc000 	C:\Windows\SYSTEM32\WINHTTP.dll
0x00007ffcce020000 - 0x00007ffcce08a000 	C:\Windows\system32\mswsock.dll
0x00007ffca36b0000 - 0x00007ffca36c4000 	C:\Program Files\Android\Android Studio\jre\bin\nio.dll
0x00007ffcb8b60000 - 0x00007ffcb8b87000 	C:\Users\Administrator\.gradle\native\e1d6ef7f7dcc3fd88c89a11ec53ec762bb8ba0a96d01ffa2cd45eb1d1d8dd5c5\windows-amd64\native-platform.dll
0x00007ffca2c80000 - 0x00007ffca2dc4000 	C:\Users\Administrator\.gradle\native\0d407fdbe67a94daf76414ababcb853783967236a71b16ec16e742cd7a986fd3\windows-amd64\native-platform-file-events.dll
0x00007ffcbb430000 - 0x00007ffcbb43a000 	C:\Program Files\Android\Android Studio\jre\bin\management.dll
0x00007ffcba600000 - 0x00007ffcba60d000 	C:\Program Files\Android\Android Studio\jre\bin\management_ext.dll
0x00007ffcceb80000 - 0x00007ffcceb98000 	C:\Windows\SYSTEM32\CRYPTSP.dll
0x00007ffccd830000 - 0x00007ffccd864000 	C:\Windows\system32\rsaenh.dll
0x00007ffccef70000 - 0x00007ffccef97000 	C:\Windows\System32\bcrypt.dll
0x00007ffcced60000 - 0x00007ffcced8e000 	C:\Windows\SYSTEM32\USERENV.dll
0x00007ffcce110000 - 0x00007ffcce11c000 	C:\Windows\SYSTEM32\CRYPTBASE.dll
0x00007ffccdba0000 - 0x00007ffccdbdb000 	C:\Windows\SYSTEM32\IPHLPAPI.DLL
0x00007ffccf880000 - 0x00007ffccf888000 	C:\Windows\System32\NSI.dll
0x00007ffcc7db0000 - 0x00007ffcc7dc7000 	C:\Windows\SYSTEM32\dhcpcsvc6.DLL
0x00007ffcc7f60000 - 0x00007ffcc7f7d000 	C:\Windows\SYSTEM32\dhcpcsvc.DLL
0x00007ffccdbe0000 - 0x00007ffccdcaa000 	C:\Windows\SYSTEM32\DNSAPI.dll

dbghelp: loaded successfully - version: 4.0.5 - missing functions: none
symbol engine: initialized successfully - sym options: 0x614 - pdb path: .;C:\Program Files\Android\Android Studio\jre\bin;C:\Windows\SYSTEM32;C:\Windows\WinSxS\amd64_microsoft.windows.common-controls_6595b64144ccf1df_6.0.19041.1110_none_60b5254171f9507e;C:\Program Files\Android\Android Studio\jre\bin\server;C:\Users\Administrator\.gradle\native\e1d6ef7f7dcc3fd88c89a11ec53ec762bb8ba0a96d01ffa2cd45eb1d1d8dd5c5\windows-amd64;C:\Users\Administrator\.gradle\native\0d407fdbe67a94daf76414ababcb853783967236a71b16ec16e742cd7a986fd3\windows-amd64

VM Arguments:
jvm_args: --add-opens=java.base/java.util=ALL-UNNAMED --add-opens=java.base/java.lang=ALL-UNNAMED --add-opens=java.base/java.lang.invoke=ALL-UNNAMED --add-opens=java.base/java.util=ALL-UNNAMED --add-opens=java.prefs/java.util.prefs=ALL-UNNAMED --add-opens=java.prefs/java.util.prefs=ALL-UNNAMED --add-opens=java.base/java.nio.charset=ALL-UNNAMED --add-opens=java.base/java.net=ALL-UNNAMED --add-opens=java.base/java.util.concurrent.atomic=ALL-UNNAMED -Xmx2048m -Dfile.encoding=UTF-8 -Duser.country=US -Duser.language=en -Duser.variant 
java_command: org.gradle.launcher.daemon.bootstrap.GradleDaemon 7.4
java_class_path (initial): C:\Users\Administrator\.gradle\wrapper\dists\gradle-7.4-bin\c0gwcg53nkjbqw7r0h0umtfvt\gradle-7.4\lib\gradle-launcher-7.4.jar
Launcher Type: SUN_STANDARD

[Global flags]
     intx CICompilerCount                          = 3                                         {product} {ergonomic}
     uint ConcGCThreads                            = 1                                         {product} {ergonomic}
     uint G1ConcRefinementThreads                  = 4                                         {product} {ergonomic}
   size_t G1HeapRegionSize                         = 1048576                                   {product} {ergonomic}
    uintx GCDrainStackTargetSize                   = 64                                        {product} {ergonomic}
   size_t InitialHeapSize                          = 201326592                                 {product} {ergonomic}
   size_t MarkStackSize                            = 4194304                                   {product} {ergonomic}
   size_t MaxHeapSize                              = 2147483648                                {product} {command line}
   size_t MaxNewSize                               = 1287651328                                {product} {ergonomic}
   size_t MinHeapDeltaBytes                        = 1048576                                   {product} {ergonomic}
    uintx NonNMethodCodeHeapSize                   = 5830732                                {pd product} {ergonomic}
    uintx NonProfiledCodeHeapSize                  = 122913754                              {pd product} {ergonomic}
    uintx ProfiledCodeHeapSize                     = 122913754                              {pd product} {ergonomic}
    uintx ReservedCodeCacheSize                    = 251658240                              {pd product} {ergonomic}
     bool SegmentedCodeCache                       = true                                      {product} {ergonomic}
     bool UseCompressedClassPointers               = true                                 {lp64_product} {ergonomic}
     bool UseCompressedOops                        = true                                 {lp64_product} {ergonomic}
     bool UseG1GC                                  = true                                      {product} {ergonomic}
     bool UseLargePagesIndividualAllocation        = false                                  {pd product} {ergonomic}

Logging:
Log output configuration:
 #0: stdout all=warning uptime,level,tags
 #1: stderr all=off uptime,level,tags

Environment Variables:
PATH=C:\Program Files\Common Files\Oracle\Java\javapath;C:\Windows\system32;C:\Windows;C:\Windows\System32\Wbem;C:\Windows\System32\WindowsPowerShell\v1.0\;C:\Windows\System32\OpenSSH\;C:\Program Files\Git\cmd;C:\Users\Administrator\AppData\Local\Microsoft\WindowsApps;D:\Microsoft VS Code\bin;C:\Program Files\Java\jdk-19\bin;;C:\Program Files\JetBrains\IntelliJ IDEA Community Edition 2022.3.1\bin;
USERNAME=Administrator
OS=Windows_NT
PROCESSOR_IDENTIFIER=Intel64 Family 6 Model 158 Stepping 9, GenuineIntel



---------------  S Y S T E M  ---------------

OS: Windows 10 , 64 bit Build 19041 (10.0.19041.2364)
OS uptime: 0 days 5:13 hours

CPU:total 4 (initial active 4) (2 cores per cpu, 2 threads per core) family 6 model 158 stepping 9 microcode 0xb4, cmov, cx8, fxsr, mmx, sse, sse2, sse3, ssse3, sse4.1, sse4.2, popcnt, avx, avx2, aes, clmul, erms, 3dnowpref, lzcnt, ht, tsc, tscinvbit, bmi1, bmi2, adx, fma

Memory: 4k page, system-wide physical 12246M (4964M free)
TotalPageFile size 16342M (AvailPageFile size 7973M)
current process WorkingSet (physical memory assigned to process): 535M, peak: 535M
current process commit charge ("private bytes"): 568M, peak: 572M

vm_info: OpenJDK 64-Bit Server VM (11.0.13+0-b1751.21-8125866) for windows-amd64 JRE (11.0.13+0-b1751.21-8125866), built on Feb  2 2022 03:00:22 by "builder" with MS VC++ 14.0 (VS2015)

END.
