#
# A fatal error has been detected by the Java Runtime Environment:
#
#  EXCEPTION_ACCESS_VIOLATION (0xc0000005) at pc=0x00007ffc7ee91310, pid=2724, tid=2376
#
# JRE version: OpenJDK Runtime Environment (11.0.15) (build 11.0.15+0-b2043.56-8887301)
# Java VM: OpenJDK 64-Bit Server VM (11.0.15+0-b2043.56-8887301, mixed mode, tiered, compressed oops, g1 gc, windows-amd64)
# Problematic frame:
# V  [jvm.dll+0x121310]
#
# No core dump will be written. Minidumps are not enabled by default on client versions of Windows
#
# If you would like to submit a bug report, please visit:
#   https://bugreport.java.com/bugreport/crash.jsp
#

---------------  S U M M A R Y ------------

Command Line: --add-opens=java.base/java.util=ALL-UNNAMED --add-opens=java.base/java.lang=ALL-UNNAMED --add-opens=java.base/java.lang.invoke=ALL-UNNAMED --add-opens=java.base/java.util=ALL-UNNAMED --add-opens=java.prefs/java.util.prefs=ALL-UNNAMED --add-opens=java.prefs/java.util.prefs=ALL-UNNAMED --add-opens=java.base/java.nio.charset=ALL-UNNAMED --add-opens=java.base/java.net=ALL-UNNAMED --add-opens=java.base/java.util.concurrent.atomic=ALL-UNNAMED -Xmx2048m -Dfile.encoding=UTF-8 -Duser.country=US -Duser.language=en -Duser.variant org.gradle.launcher.daemon.bootstrap.GradleDaemon 7.4

Host: Intel(R) Core(TM) i3-7100 CPU @ 3.90GHz, 4 cores, 11G,  Windows 10 , 64 bit Build 19041 (10.0.19041.2364)
Time: Wed Jan 25 21:14:19 2023 Bangladesh Standard Time elapsed time: 3600.366441 seconds (0d 1h 0m 0s)

---------------  T H R E A D  ---------------

Current thread (0x00000244298e0000):  VMThread "VM Thread" [stack: 0x000000a85fc00000,0x000000a85fd00000] [id=2376]

Stack: [0x000000a85fc00000,0x000000a85fd00000],  sp=0x000000a85fcfe6e8,  free space=1017k
Native frames: (J=compiled Java code, j=interpreted, Vv=VM code, C=native code)
V  [jvm.dll+0x121310]


siginfo: EXCEPTION_ACCESS_VIOLATION (0xc0000005), reading address 0x0000000078a0a0eb


Register to memory mapping:

RIP=0x00007ffc7ee91310 jvm.dll
RAX=0x000002442a31a400 points into unknown readable memory: 0x000002442a139ba0 | a0 9b 13 2a 44 02 00 00
RBX=0x000002442e069760 points into unknown readable memory: 0x000002442e105d30 | 30 5d 10 2e 44 02 00 00
RCX=0x0000000078a0a0eb is an unknown value
RDX=0x0000000000001998 is an unknown value
RSP=0x000000a85fcfe6e8 points into unknown readable memory: 0x00007ffc7f03fc38 | 38 fc 03 7f fc 7f 00 00
RBP=0x0000000000000010 is an unknown value
RSI=0x000002442d267f80 points into unknown readable memory: 0x000002449c330025 | 25 00 33 9c 44 02 00 00
RDI=0x00000244298ab3e0 points into unknown readable memory: 0x00000244298de5d0 | d0 e5 8d 29 44 02 00 00
R8 =0x0000000000000333 is an unknown value
R9 =0x0000000000000010 is an unknown value
R10=0x00000000546c6148 is an unknown value
R11=0x000000a85fcfe808 points into unknown readable memory: 0x00007ffc7ef60104 | 04 01 f6 7e fc 7f 00 00
R12=0x00007ffc7f855601 jvm.dll
R13=0x000002442987e310 points into unknown readable memory: 0x0000000200000001 | 01 00 00 00 02 00 00 00
R14=0x000002443185bdc0 points into unknown readable memory: 0x000002442e069760 | 60 97 06 2e 44 02 00 00
R15=0x0000000000000008 is an unknown value


Registers:
RAX=0x000002442a31a400, RBX=0x000002442e069760, RCX=0x0000000078a0a0eb, RDX=0x0000000000001998
RSP=0x000000a85fcfe6e8, RBP=0x0000000000000010, RSI=0x000002442d267f80, RDI=0x00000244298ab3e0
R8 =0x0000000000000333, R9 =0x0000000000000010, R10=0x00000000546c6148, R11=0x000000a85fcfe808
R12=0x00007ffc7f855601, R13=0x000002442987e310, R14=0x000002443185bdc0, R15=0x0000000000000008
RIP=0x00007ffc7ee91310, EFLAGS=0x0000000000010206

Top of Stack: (sp=0x000000a85fcfe6e8)
0x000000a85fcfe6e8:   00007ffc7f03fc38 00007ffc7f64c6a8
0x000000a85fcfe6f8:   00007ffc7f64b318 000002442a4f9440
0x000000a85fcfe708:   000002442a4f9440 000000a800000333
0x000000a85fcfe718:   000002442a3ce5b0 0000000000001998
0x000000a85fcfe728:   00000244298ab3e0 000000010008c840
0x000000a85fcfe738:   00007ffc7f364c11 0000000000000001
0x000000a85fcfe748:   0000000000000001 00007ffc7f60a5e0
0x000000a85fcfe758:   0000005000000000 0000000000000010
0x000000a85fcfe768:   00007ffc7f4ffd9a 0000000000000002
0x000000a85fcfe778:   000002442ce72000 0000000000000000
0x000000a85fcfe788:   796669746f4e2000 0000000000000000
0x000000a85fcfe798:   00007ffc7f50238b 000002440fcbb800
0x000000a85fcfe7a8:   000002442def6ab0 000000a85fcfea00
0x000000a85fcfe7b8:   00007ffc7f40137f 00007ffc7f6b4030
0x000000a85fcfe7c8:   00007ffc7f354c30 0000c9210de6ca29
0x000000a85fcfe7d8:   0000000000000a32 0000000000000162 

Instructions: (pc=0x00007ffc7ee91310)
0x00007ffc7ee91210:   e4 a7 95 00 48 83 c4 20 5b 48 ff e0 48 8d 05 1d
0x00007ffc7ee91220:   01 00 00 48 8b cb 48 89 05 cb a7 95 00 48 83 c4
0x00007ffc7ee91230:   20 5b 48 ff e0 48 8d 05 04 01 00 00 48 8b cb 48
0x00007ffc7ee91240:   89 05 b2 a7 95 00 48 83 c4 20 5b 48 ff e0 48 8b
0x00007ffc7ee91250:   0d ab ca 9b 00 8b 51 10 83 ea 01 0f 84 91 00 00
0x00007ffc7ee91260:   00 83 ea 01 74 73 83 ea 01 74 55 83 fa 01 74 37
0x00007ffc7ee91270:   4c 8d 0d 09 96 77 00 41 b8 e8 00 00 00 48 8d 15
0x00007ffc7ee91280:   3c 96 77 00 b9 00 00 00 e0 e8 c2 7b 14 00 e8 fd
0x00007ffc7ee91290:   7d 51 00 33 c0 48 8b cb 48 89 05 59 a7 95 00 48
0x00007ffc7ee912a0:   83 c4 20 5b 48 ff e0 48 8d 05 72 00 00 00 48 8b
0x00007ffc7ee912b0:   cb 48 89 05 40 a7 95 00 48 83 c4 20 5b 48 ff e0
0x00007ffc7ee912c0:   48 8d 05 49 00 00 00 48 8b cb 48 89 05 27 a7 95
0x00007ffc7ee912d0:   00 48 83 c4 20 5b 48 ff e0 48 8d 05 30 00 00 00
0x00007ffc7ee912e0:   48 8b cb 48 89 05 0e a7 95 00 48 83 c4 20 5b 48
0x00007ffc7ee912f0:   ff e0 48 8d 05 17 00 00 00 48 8b cb 48 89 05 f5
0x00007ffc7ee91300:   a6 95 00 48 83 c4 20 5b 48 ff e0 cc cc cc cc cc
0x00007ffc7ee91310:   48 8b 01 c3 cc cc cc cc cc cc cc cc cc cc cc cc
0x00007ffc7ee91320:   48 8b 01 48 85 c0 74 0f 48 8b 0d d1 c9 9b 00 48
0x00007ffc7ee91330:   8b d0 e9 19 9f 5a 00 c3 cc cc cc cc cc cc cc cc
0x00007ffc7ee91340:   8b 01 85 c0 75 03 33 c0 c3 8b 0d f9 a3 97 00 48
0x00007ffc7ee91350:   d3 e0 48 03 05 e7 a3 97 00 c3 cc cc cc cc cc cc
0x00007ffc7ee91360:   8b 01 85 c0 75 03 33 c0 c3 8b 0d d9 a3 97 00 48
0x00007ffc7ee91370:   d3 e0 48 03 05 c7 a3 97 00 74 0f 48 8b 0d 7e c9
0x00007ffc7ee91380:   9b 00 48 8b d0 e9 c6 9e 5a 00 c3 cc cc cc cc cc
0x00007ffc7ee91390:   48 89 5c 24 10 56 48 83 ec 20 48 8b d9 48 8b 49
0x00007ffc7ee913a0:   10 e8 6a 1a 08 00 48 8b 4b 10 48 8b f0 e8 2e b4
0x00007ffc7ee913b0:   0c 00 48 3b f0 73 45 48 89 7c 24 30 0f 1f 40 00
0x00007ffc7ee913c0:   48 8b 4b 10 48 8b d6 e8 d4 9f 1b 00 48 8b c8 48
0x00007ffc7ee913d0:   8b f8 e8 d9 9e 1b 00 48 8b 57 08 4c 8b c0 48 8b
0x00007ffc7ee913e0:   cb e8 4a f9 ff ff 48 8b 4b 10 48 ff c6 e8 ee b3
0x00007ffc7ee913f0:   0c 00 48 3b f0 72 c9 48 8b 7c 24 30 48 8b cb 48
0x00007ffc7ee91400:   8b 5c 24 38 48 83 c4 20 5e e9 02 00 00 00 cc cc 


Stack slot to memory mapping:
stack at sp + 0 slots: 0x00007ffc7f03fc38 jvm.dll
stack at sp + 1 slots: 0x00007ffc7f64c6a8 jvm.dll
stack at sp + 2 slots: 0x00007ffc7f64b318 jvm.dll
stack at sp + 3 slots: 0x000002442a4f9440 points into unknown readable memory: 0x000002442a2f43c8 | c8 43 2f 2a 44 02 00 00
stack at sp + 4 slots: 0x000002442a4f9440 points into unknown readable memory: 0x000002442a2f43c8 | c8 43 2f 2a 44 02 00 00
stack at sp + 5 slots: 0x000000a800000333 is an unknown value
stack at sp + 6 slots: 0x000002442a3ce5b0 points into unknown readable memory: 0x00000000000007e1 | e1 07 00 00 00 00 00 00
stack at sp + 7 slots: 0x0000000000001998 is an unknown value

VM_Operation (0x000000a85f8ff9d0): CGC_Operation, mode: safepoint, requested by thread 0x000002440fced000


---------------  P R O C E S S  ---------------

Threads class SMR info:
_java_thread_list=0x0000024431f6b150, length=92, elements={
0x000002440fca3000, 0x00000244298f6800, 0x00000244298fa000, 0x000002442a14a000,
0x000002442a14b800, 0x000002442a14f800, 0x000002442a151800, 0x000002442a153000,
0x000002442a1b4000, 0x000002442a2bc000, 0x000002442ba28800, 0x000002442b991800,
0x000002442c84f800, 0x000002442c435000, 0x000002442c42f800, 0x000002442c436000,
0x000002442c432800, 0x000002442c430800, 0x000002442ce66800, 0x000002442ce68000,
0x000002442ce6b800, 0x000002442ce67000, 0x000002442ce6c000, 0x000002442ce6e800,
0x000002442b073800, 0x000002442b071800, 0x00000244344fd800, 0x00000244344fe800,
0x00000244344ff800, 0x0000024434502000, 0x0000024434502800, 0x000002442ce75000,
0x00000244344f8000, 0x000002442ce71000, 0x00000244344f4000, 0x000002442ce72800,
0x00000244369a8800, 0x00000244369ab000, 0x00000244369a9800, 0x00000244369a7000,
0x00000244369aa800, 0x00000244369ac000, 0x00000244369ad000, 0x00000244369a8000,
0x00000244369af000, 0x00000244369b0000, 0x00000244369b1000, 0x00000244369b1800,
0x00000244369b2800, 0x00000244369ad800, 0x000002442d78a800, 0x00000244369b4000,
0x00000244369ae800, 0x00000244369b3800, 0x00000244369b5000, 0x000002442b06d000,
0x000002442b068800, 0x000002442b06a800, 0x000002442b069800, 0x000002442b06c000,
0x000002442b06b000, 0x000002442b06d800, 0x000002442b068000, 0x000002442b072800,
0x000002442b071000, 0x000002442b070000, 0x000002442b074000, 0x000002442b06e800,
0x000002442b075000, 0x000002442b06f800, 0x000002442b076800, 0x00000244344f9000,
0x00000244344fa800, 0x00000244344f4800, 0x00000244344f6800, 0x00000244344f9800,
0x00000244344fb800, 0x00000244344fc000, 0x00000244344fd000, 0x00000244344f7000,
0x0000024434501000, 0x0000024434500000, 0x000002442ce6d000, 0x000002442ce6d800,
0x000002442ce69000, 0x000002442ce6f800, 0x000002442ce69800, 0x000002442ce73800,
0x000002442ce74800, 0x000002442ce70000, 0x000002442ce72000, 0x000002442c432000
}

Java Threads: ( => current thread )
  0x000002440fca3000 JavaThread "main" [_thread_blocked, id=5276, stack(0x000000a85f600000,0x000000a85f700000)]
  0x00000244298f6800 JavaThread "Reference Handler" daemon [_thread_blocked, id=6140, stack(0x000000a85fd00000,0x000000a85fe00000)]
  0x00000244298fa000 JavaThread "Finalizer" daemon [_thread_blocked, id=9424, stack(0x000000a85fe00000,0x000000a85ff00000)]
  0x000002442a14a000 JavaThread "Signal Dispatcher" daemon [_thread_blocked, id=2356, stack(0x000000a85ff00000,0x000000a860000000)]
  0x000002442a14b800 JavaThread "Attach Listener" daemon [_thread_blocked, id=12060, stack(0x000000a860000000,0x000000a860100000)]
  0x000002442a14f800 JavaThread "Service Thread" daemon [_thread_blocked, id=5460, stack(0x000000a860100000,0x000000a860200000)]
  0x000002442a151800 JavaThread "C2 CompilerThread0" daemon [_thread_blocked, id=5372, stack(0x000000a860200000,0x000000a860300000)]
  0x000002442a153000 JavaThread "C1 CompilerThread0" daemon [_thread_blocked, id=8092, stack(0x000000a860300000,0x000000a860400000)]
  0x000002442a1b4000 JavaThread "Sweeper thread" daemon [_thread_blocked, id=5528, stack(0x000000a860400000,0x000000a860500000)]
  0x000002442a2bc000 JavaThread "Common-Cleaner" daemon [_thread_blocked, id=6608, stack(0x000000a860500000,0x000000a860600000)]
  0x000002442ba28800 JavaThread "Daemon health stats" [_thread_blocked, id=2560, stack(0x000000a860b00000,0x000000a860c00000)]
  0x000002442b991800 JavaThread "Incoming local TCP Connector on port 50556" [_thread_in_native, id=2528, stack(0x000000a860d00000,0x000000a860e00000)]
  0x000002442c84f800 JavaThread "Daemon periodic checks" [_thread_blocked, id=9248, stack(0x000000a860e00000,0x000000a860f00000)]
  0x000002442c435000 JavaThread "Cache worker for journal cache (C:\Users\Administrator\.gradle\caches\journal-1)" [_thread_blocked, id=11216, stack(0x000000a861600000,0x000000a861700000)]
  0x000002442c42f800 JavaThread "File lock request listener" [_thread_in_native, id=2092, stack(0x000000a861700000,0x000000a861800000)]
  0x000002442c436000 JavaThread "Cache worker for file hash cache (C:\Users\Administrator\.gradle\caches\7.4\fileHashes)" [_thread_blocked, id=9384, stack(0x000000a861800000,0x000000a861900000)]
  0x000002442c432800 JavaThread "File watcher server" daemon [_thread_blocked, id=4664, stack(0x000000a861900000,0x000000a861a00000)]
  0x000002442c430800 JavaThread "File watcher consumer" daemon [_thread_blocked, id=4876, stack(0x000000a861a00000,0x000000a861b00000)]
  0x000002442ce66800 JavaThread "Cache worker for execution history cache (C:\Users\Administrator\.gradle\caches\7.4\executionHistory)" [_thread_blocked, id=844, stack(0x000000a861f00000,0x000000a862000000)]
  0x000002442ce68000 JavaThread "jar transforms" [_thread_blocked, id=9956, stack(0x000000a862000000,0x000000a862100000)]
  0x000002442ce6b800 JavaThread "jar transforms Thread 2" [_thread_blocked, id=3040, stack(0x000000a862100000,0x000000a862200000)]
  0x000002442ce67000 JavaThread "Cache worker for file content cache (C:\Users\Administrator\.gradle\caches\7.4\fileContent)" [_thread_blocked, id=7992, stack(0x000000a862200000,0x000000a862300000)]
  0x000002442ce6c000 JavaThread "jar transforms Thread 3" [_thread_blocked, id=2932, stack(0x000000a862300000,0x000000a862400000)]
  0x000002442ce6e800 JavaThread "jar transforms Thread 4" [_thread_blocked, id=8084, stack(0x000000a862400000,0x000000a862500000)]
  0x000002442b073800 JavaThread "Memory manager" [_thread_blocked, id=6024, stack(0x000000a864f00000,0x000000a865000000)]
  0x000002442b071800 JavaThread "pool-3-thread-1" [_thread_blocked, id=8008, stack(0x000000a865100000,0x000000a865200000)]
  0x00000244344fd800 JavaThread "RMI Scheduler(0)" daemon [_thread_blocked, id=10012, stack(0x000000a85f300000,0x000000a85f400000)]
  0x00000244344fe800 JavaThread "RMI GC Daemon" daemon [_thread_blocked, id=6960, stack(0x000000a865f00000,0x000000a866000000)]
  0x00000244344ff800 JavaThread "RMI TCP Accept-0" daemon [_thread_in_native, id=6008, stack(0x000000a866000000,0x000000a866100000)]
  0x0000024434502000 JavaThread "RMI Reaper" [_thread_blocked, id=7448, stack(0x000000a866100000,0x000000a866200000)]
  0x0000024434502800 JavaThread "Cache worker for Java compile cache (C:\Users\Administrator\.gradle\caches\7.4\javaCompile)" [_thread_blocked, id=480, stack(0x000000a866600000,0x000000a866700000)]
  0x000002442ce75000 JavaThread "pool-8-thread-1" [_thread_blocked, id=2852, stack(0x000000a864e00000,0x000000a864f00000)]
  0x00000244344f8000 JavaThread "pool-12-thread-1" [_thread_blocked, id=9744, stack(0x000000a865000000,0x000000a865100000)]
  0x000002442ce71000 JavaThread "pool-15-thread-1" [_thread_blocked, id=1376, stack(0x000000a865200000,0x000000a865300000)]
  0x00000244344f4000 JavaThread "pool-19-thread-1" [_thread_blocked, id=11244, stack(0x000000a865300000,0x000000a865400000)]
  0x000002442ce72800 JavaThread "ForkJoinPool.commonPool-worker-3" daemon [_thread_blocked, id=4524, stack(0x000000a866900000,0x000000a866a00000)]
  0x00000244369a8800 JavaThread "RMI TCP Connection(idle)" daemon [_thread_blocked, id=4324, stack(0x000000a85f400000,0x000000a85f500000)]
  0x00000244369ab000 JavaThread "Daemon Thread 5" [_thread_blocked, id=1656, stack(0x000000a85f500000,0x000000a85f600000)]
  0x00000244369a9800 JavaThread "Handler for socket connection from /127.0.0.1:50556 to /127.0.0.1:53552" [_thread_in_native, id=5588, stack(0x000000a860700000,0x000000a860800000)]
  0x00000244369a7000 JavaThread "Cancel handler" [_thread_blocked, id=4968, stack(0x000000a860f00000,0x000000a861000000)]
  0x00000244369aa800 JavaThread "Daemon worker Thread 5" [_thread_blocked, id=11204, stack(0x000000a861000000,0x000000a861100000)]
  0x00000244369ac000 JavaThread "Asynchronous log dispatcher for DefaultDaemonConnection: socket connection from /127.0.0.1:50556 to /127.0.0.1:53552" [_thread_blocked, id=4468, stack(0x000000a861100000,0x000000a861200000)]
  0x00000244369ad000 JavaThread "Stdin handler" [_thread_blocked, id=2008, stack(0x000000a861200000,0x000000a861300000)]
  0x00000244369a8000 JavaThread "Daemon client event forwarder" [_thread_blocked, id=3540, stack(0x000000a861300000,0x000000a861400000)]
  0x00000244369af000 JavaThread "Cache worker for checksums cache (P:\NavigationComponent\.gradle\7.4\checksums)" [_thread_blocked, id=9456, stack(0x000000a861400000,0x000000a861500000)]
  0x00000244369b0000 JavaThread "Cache worker for cache directory md-rule (C:\Users\Administrator\.gradle\caches\7.4\md-rule)" [_thread_blocked, id=2024, stack(0x000000a861500000,0x000000a861600000)]
  0x00000244369b1000 JavaThread "Cache worker for file hash cache (P:\NavigationComponent\.gradle\7.4\fileHashes)" [_thread_blocked, id=5716, stack(0x000000a861b00000,0x000000a861c00000)]
  0x00000244369b1800 JavaThread "Cache worker for cache directory md-supplier (C:\Users\Administrator\.gradle\caches\7.4\md-supplier)" [_thread_blocked, id=4444, stack(0x000000a861c00000,0x000000a861d00000)]
  0x00000244369b2800 JavaThread "Cache worker for dependencies-accessors (P:\NavigationComponent\.gradle\7.4\dependencies-accessors)" [_thread_blocked, id=3276, stack(0x000000a861d00000,0x000000a861e00000)]
  0x00000244369ad800 JavaThread "Cache worker for Build Output Cleanup Cache (P:\NavigationComponent\.gradle\buildOutputCleanup)" [_thread_blocked, id=11740, stack(0x000000a861e00000,0x000000a861f00000)]
  0x000002442d78a800 JavaThread "C2 CompilerThread1" daemon [_thread_in_native, id=2088, stack(0x000000a862500000,0x000000a862600000)]
  0x00000244369b4000 JavaThread "Unconstrained build operations" [_thread_blocked, id=6660, stack(0x000000a862600000,0x000000a862700000)]
  0x00000244369ae800 JavaThread "Unconstrained build operations Thread 2" [_thread_blocked, id=108, stack(0x000000a862700000,0x000000a862800000)]
  0x00000244369b3800 JavaThread "Unconstrained build operations Thread 3" [_thread_blocked, id=11384, stack(0x000000a862800000,0x000000a862900000)]
  0x00000244369b5000 JavaThread "Unconstrained build operations Thread 4" [_thread_blocked, id=7276, stack(0x000000a862900000,0x000000a862a00000)]
  0x000002442b06d000 JavaThread "Unconstrained build operations Thread 5" [_thread_blocked, id=7788, stack(0x000000a862a00000,0x000000a862b00000)]
  0x000002442b068800 JavaThread "Unconstrained build operations Thread 6" [_thread_blocked, id=9300, stack(0x000000a862b00000,0x000000a862c00000)]
  0x000002442b06a800 JavaThread "Unconstrained build operations Thread 7" [_thread_blocked, id=9496, stack(0x000000a862c00000,0x000000a862d00000)]
  0x000002442b069800 JavaThread "Unconstrained build operations Thread 8" [_thread_blocked, id=10964, stack(0x000000a862d00000,0x000000a862e00000)]
  0x000002442b06c000 JavaThread "Unconstrained build operations Thread 9" [_thread_blocked, id=1936, stack(0x000000a862e00000,0x000000a862f00000)]
  0x000002442b06b000 JavaThread "Unconstrained build operations Thread 10" [_thread_blocked, id=10104, stack(0x000000a862f00000,0x000000a863000000)]
  0x000002442b06d800 JavaThread "Unconstrained build operations Thread 11" [_thread_blocked, id=7284, stack(0x000000a863000000,0x000000a863100000)]
  0x000002442b068000 JavaThread "Unconstrained build operations Thread 12" [_thread_blocked, id=9968, stack(0x000000a863100000,0x000000a863200000)]
  0x000002442b072800 JavaThread "Unconstrained build operations Thread 13" [_thread_blocked, id=5744, stack(0x000000a863200000,0x000000a863300000)]
  0x000002442b071000 JavaThread "Unconstrained build operations Thread 14" [_thread_blocked, id=4560, stack(0x000000a863300000,0x000000a863400000)]
  0x000002442b070000 JavaThread "Unconstrained build operations Thread 15" [_thread_blocked, id=9056, stack(0x000000a863400000,0x000000a863500000)]
  0x000002442b074000 JavaThread "Unconstrained build operations Thread 16" [_thread_blocked, id=8944, stack(0x000000a863500000,0x000000a863600000)]
  0x000002442b06e800 JavaThread "Unconstrained build operations Thread 17" [_thread_blocked, id=7528, stack(0x000000a863600000,0x000000a863700000)]
  0x000002442b075000 JavaThread "Unconstrained build operations Thread 18" [_thread_blocked, id=3228, stack(0x000000a863700000,0x000000a863800000)]
  0x000002442b06f800 JavaThread "Unconstrained build operations Thread 19" [_thread_blocked, id=2420, stack(0x000000a863800000,0x000000a863900000)]
  0x000002442b076800 JavaThread "Unconstrained build operations Thread 20" [_thread_blocked, id=332, stack(0x000000a863900000,0x000000a863a00000)]
  0x00000244344f9000 JavaThread "Unconstrained build operations Thread 21" [_thread_blocked, id=5228, stack(0x000000a863a00000,0x000000a863b00000)]
  0x00000244344fa800 JavaThread "Unconstrained build operations Thread 22" [_thread_blocked, id=11840, stack(0x000000a863b00000,0x000000a863c00000)]
  0x00000244344f4800 JavaThread "Unconstrained build operations Thread 23" [_thread_blocked, id=2460, stack(0x000000a863c00000,0x000000a863d00000)]
  0x00000244344f6800 JavaThread "Unconstrained build operations Thread 24" [_thread_blocked, id=804, stack(0x000000a863d00000,0x000000a863e00000)]
  0x00000244344f9800 JavaThread "Unconstrained build operations Thread 25" [_thread_blocked, id=6260, stack(0x000000a863e00000,0x000000a863f00000)]
  0x00000244344fb800 JavaThread "Unconstrained build operations Thread 26" [_thread_blocked, id=2508, stack(0x000000a863f00000,0x000000a864000000)]
  0x00000244344fc000 JavaThread "Unconstrained build operations Thread 27" [_thread_blocked, id=4332, stack(0x000000a864000000,0x000000a864100000)]
  0x00000244344fd000 JavaThread "Unconstrained build operations Thread 28" [_thread_blocked, id=1208, stack(0x000000a864100000,0x000000a864200000)]
  0x00000244344f7000 JavaThread "Unconstrained build operations Thread 29" [_thread_blocked, id=5260, stack(0x000000a864200000,0x000000a864300000)]
  0x0000024434501000 JavaThread "Unconstrained build operations Thread 30" [_thread_blocked, id=8724, stack(0x000000a864300000,0x000000a864400000)]
  0x0000024434500000 JavaThread "Unconstrained build operations Thread 31" [_thread_blocked, id=7744, stack(0x000000a864400000,0x000000a864500000)]
  0x000002442ce6d000 JavaThread "Unconstrained build operations Thread 32" [_thread_blocked, id=1100, stack(0x000000a864500000,0x000000a864600000)]
  0x000002442ce6d800 JavaThread "Unconstrained build operations Thread 33" [_thread_blocked, id=8188, stack(0x000000a864600000,0x000000a864700000)]
  0x000002442ce69000 JavaThread "Unconstrained build operations Thread 34" [_thread_blocked, id=6536, stack(0x000000a864700000,0x000000a864800000)]
  0x000002442ce6f800 JavaThread "Unconstrained build operations Thread 35" [_thread_blocked, id=3764, stack(0x000000a864800000,0x000000a864900000)]
  0x000002442ce69800 JavaThread "Unconstrained build operations Thread 36" [_thread_blocked, id=12076, stack(0x000000a864900000,0x000000a864a00000)]
  0x000002442ce73800 JavaThread "Unconstrained build operations Thread 37" [_thread_blocked, id=2324, stack(0x000000a864a00000,0x000000a864b00000)]
  0x000002442ce74800 JavaThread "Unconstrained build operations Thread 38" [_thread_blocked, id=9100, stack(0x000000a864b00000,0x000000a864c00000)]
  0x000002442ce70000 JavaThread "Unconstrained build operations Thread 39" [_thread_blocked, id=8228, stack(0x000000a864c00000,0x000000a864d00000)]
  0x000002442ce72000 JavaThread "Unconstrained build operations Thread 40" [_thread_blocked, id=9992, stack(0x000000a864d00000,0x000000a864e00000)]
  0x000002442c432000 JavaThread "build event listener" [_thread_blocked, id=1420, stack(0x000000a865400000,0x000000a865500000)]

Other Threads:
=>0x00000244298e0000 VMThread "VM Thread" [stack: 0x000000a85fc00000,0x000000a85fd00000] [id=2376]
  0x000002442a2f2000 WatcherThread [stack: 0x000000a860600000,0x000000a860700000] [id=4860]
  0x000002440fcbb800 GCTaskThread "GC Thread#0" [stack: 0x000000a85f700000,0x000000a85f800000] [id=9224]
  0x000002442a8dc000 GCTaskThread "GC Thread#1" [stack: 0x000000a860800000,0x000000a860900000] [id=4168]
  0x000002442ad05000 GCTaskThread "GC Thread#2" [stack: 0x000000a860900000,0x000000a860a00000] [id=9984]
  0x000002442ad05800 GCTaskThread "GC Thread#3" [stack: 0x000000a860a00000,0x000000a860b00000] [id=4176]
  0x000002440fced000 ConcurrentGCThread "G1 Main Marker" [stack: 0x000000a85f800000,0x000000a85f900000] [id=10724]
  0x000002440fcee000 ConcurrentGCThread "G1 Conc#0" [stack: 0x000000a85f900000,0x000000a85fa00000] [id=5968]
  0x0000024429732800 ConcurrentGCThread "G1 Refine#0" [stack: 0x000000a85fa00000,0x000000a85fb00000] [id=7712]
  0x000002442d2e1800 ConcurrentGCThread "G1 Refine#1" [stack: 0x000000a860c00000,0x000000a860d00000] [id=652]
  0x0000024429733800 ConcurrentGCThread "G1 Young RemSet Sampling" [stack: 0x000000a85fb00000,0x000000a85fc00000] [id=7568]

Threads with active compile tasks:
C2 CompilerThread0  3600395 24542       4       java.util.regex.Matcher::replaceAll (59 bytes)
C2 CompilerThread1  3600395 24529       4       org.gradle.api.internal.provider.DefaultValueSourceProviderFactory$ValueSourceProvider::calculateOwnValue (14 bytes)

VM state:at safepoint (normal execution)

VM Mutex/Monitor currently owned by a thread:  ([mutex/lock_event])
[0x000002440fc9f350] Threads_lock - owner thread: 0x00000244298e0000
[0x000002440fc9ff20] Heap_lock - owner thread: 0x000002440fced000

Heap address: 0x0000000080000000, size: 2048 MB, Compressed Oops mode: 32-bit
Narrow klass base: 0x0000000000000000, Narrow klass shift: 3
Compressed class space size: 1073741824 Address: 0x0000000100000000

Heap:
 garbage-first heap   total 236544K, used 151608K [0x0000000080000000, 0x0000000100000000)
  region size 1024K, 15 young (15360K), 4 survivors (4096K)
 Metaspace       used 143735K, capacity 147903K, committed 148216K, reserved 1177600K
  class space    used 17553K, capacity 19124K, committed 19276K, reserved 1048576K
Heap Regions: E=young(eden), S=young(survivor), O=old, HS=humongous(starts), HC=humongous(continues), CS=collection set, F=free, A=archive, TAMS=top-at-mark-start (previous, next)
|   0|0x0000000080000000, 0x0000000080100000, 0x0000000080100000|100%|HS|  |TAMS 0x0000000080100000, 0x0000000080100000| Complete 
|   1|0x0000000080100000, 0x0000000080200000, 0x0000000080200000|100%|HC|  |TAMS 0x0000000080200000, 0x0000000080200000| Complete 
|   2|0x0000000080200000, 0x0000000080300000, 0x0000000080300000|100%|HC|  |TAMS 0x0000000080300000, 0x0000000080300000| Complete 
|   3|0x0000000080300000, 0x0000000080400000, 0x0000000080400000|100%| O|  |TAMS 0x0000000080400000, 0x0000000080400000| Untracked 
|   4|0x0000000080400000, 0x0000000080500000, 0x0000000080500000|100%| O|  |TAMS 0x0000000080500000, 0x0000000080500000| Untracked 
|   5|0x0000000080500000, 0x0000000080600000, 0x0000000080600000|100%| O|  |TAMS 0x0000000080600000, 0x0000000080600000| Untracked 
|   6|0x0000000080600000, 0x0000000080700000, 0x0000000080700000|100%| O|  |TAMS 0x0000000080700000, 0x0000000080700000| Untracked 
|   7|0x0000000080700000, 0x0000000080800000, 0x0000000080800000|100%| O|  |TAMS 0x0000000080800000, 0x0000000080800000| Untracked 
|   8|0x0000000080800000, 0x0000000080900000, 0x0000000080900000|100%| O|  |TAMS 0x0000000080900000, 0x0000000080900000| Untracked 
|   9|0x0000000080900000, 0x0000000080a00000, 0x0000000080a00000|100%| O|  |TAMS 0x0000000080a00000, 0x0000000080a00000| Untracked 
|  10|0x0000000080a00000, 0x0000000080b00000, 0x0000000080b00000|100%| O|  |TAMS 0x0000000080b00000, 0x0000000080b00000| Untracked 
|  11|0x0000000080b00000, 0x0000000080c00000, 0x0000000080c00000|100%| O|  |TAMS 0x0000000080c00000, 0x0000000080c00000| Untracked 
|  12|0x0000000080c00000, 0x0000000080d00000, 0x0000000080d00000|100%| O|  |TAMS 0x0000000080d00000, 0x0000000080d00000| Untracked 
|  13|0x0000000080d00000, 0x0000000080e00000, 0x0000000080e00000|100%| O|  |TAMS 0x0000000080e00000, 0x0000000080e00000| Untracked 
|  14|0x0000000080e00000, 0x0000000080f00000, 0x0000000080f00000|100%| O|  |TAMS 0x0000000080f00000, 0x0000000080f00000| Untracked 
|  15|0x0000000080f00000, 0x0000000081000000, 0x0000000081000000|100%| O|  |TAMS 0x0000000081000000, 0x0000000081000000| Untracked 
|  16|0x0000000081000000, 0x0000000081100000, 0x0000000081100000|100%| O|  |TAMS 0x0000000081100000, 0x0000000081100000| Untracked 
|  17|0x0000000081100000, 0x0000000081200000, 0x0000000081200000|100%| O|  |TAMS 0x0000000081200000, 0x0000000081200000| Untracked 
|  18|0x0000000081200000, 0x0000000081300000, 0x0000000081300000|100%| O|  |TAMS 0x0000000081300000, 0x0000000081300000| Untracked 
|  19|0x0000000081300000, 0x0000000081400000, 0x0000000081400000|100%| O|  |TAMS 0x0000000081400000, 0x0000000081400000| Untracked 
|  20|0x0000000081400000, 0x0000000081500000, 0x0000000081500000|100%| O|  |TAMS 0x0000000081500000, 0x0000000081500000| Untracked 
|  21|0x0000000081500000, 0x0000000081600000, 0x0000000081600000|100%| O|  |TAMS 0x0000000081600000, 0x0000000081600000| Untracked 
|  22|0x0000000081600000, 0x0000000081700000, 0x0000000081700000|100%| O|  |TAMS 0x0000000081700000, 0x0000000081700000| Untracked 
|  23|0x0000000081700000, 0x0000000081800000, 0x0000000081800000|100%| O|  |TAMS 0x0000000081800000, 0x0000000081800000| Untracked 
|  24|0x0000000081800000, 0x0000000081900000, 0x0000000081900000|100%|HS|  |TAMS 0x0000000081900000, 0x0000000081900000| Complete 
|  25|0x0000000081900000, 0x0000000081a00000, 0x0000000081a00000|100%|HS|  |TAMS 0x0000000081a00000, 0x0000000081a00000| Complete 
|  26|0x0000000081a00000, 0x0000000081b00000, 0x0000000081b00000|100%|HS|  |TAMS 0x0000000081b00000, 0x0000000081b00000| Complete 
|  27|0x0000000081b00000, 0x0000000081c00000, 0x0000000081c00000|100%|HS|  |TAMS 0x0000000081c00000, 0x0000000081c00000| Complete 
|  28|0x0000000081c00000, 0x0000000081d00000, 0x0000000081d00000|100%|HC|  |TAMS 0x0000000081d00000, 0x0000000081d00000| Complete 
|  29|0x0000000081d00000, 0x0000000081e00000, 0x0000000081e00000|100%|HC|  |TAMS 0x0000000081e00000, 0x0000000081e00000| Complete 
|  30|0x0000000081e00000, 0x0000000081f00000, 0x0000000081f00000|100%|HC|  |TAMS 0x0000000081f00000, 0x0000000081f00000| Complete 
|  31|0x0000000081f00000, 0x0000000082000000, 0x0000000082000000|100%| O|  |TAMS 0x0000000082000000, 0x0000000082000000| Untracked 
|  32|0x0000000082000000, 0x0000000082100000, 0x0000000082100000|100%|HS|  |TAMS 0x0000000082100000, 0x0000000082100000| Complete 
|  33|0x0000000082100000, 0x0000000082200000, 0x0000000082200000|100%|HC|  |TAMS 0x0000000082200000, 0x0000000082200000| Complete 
|  34|0x0000000082200000, 0x0000000082300000, 0x0000000082300000|100%| O|  |TAMS 0x0000000082300000, 0x0000000082300000| Untracked 
|  35|0x0000000082300000, 0x0000000082400000, 0x0000000082400000|100%| O|  |TAMS 0x0000000082400000, 0x0000000082400000| Untracked 
|  36|0x0000000082400000, 0x0000000082500000, 0x0000000082500000|100%| O|  |TAMS 0x0000000082500000, 0x0000000082500000| Untracked 
|  37|0x0000000082500000, 0x0000000082600000, 0x0000000082600000|100%| O|  |TAMS 0x0000000082600000, 0x0000000082600000| Untracked 
|  38|0x0000000082600000, 0x0000000082700000, 0x0000000082700000|100%| O|  |TAMS 0x0000000082700000, 0x0000000082700000| Untracked 
|  39|0x0000000082700000, 0x0000000082800000, 0x0000000082800000|100%| O|  |TAMS 0x0000000082800000, 0x0000000082800000| Untracked 
|  40|0x0000000082800000, 0x0000000082900000, 0x0000000082900000|100%| O|  |TAMS 0x0000000082900000, 0x0000000082900000| Untracked 
|  41|0x0000000082900000, 0x0000000082a00000, 0x0000000082a00000|100%| O|  |TAMS 0x0000000082a00000, 0x0000000082a00000| Untracked 
|  42|0x0000000082a00000, 0x0000000082b00000, 0x0000000082b00000|100%| O|  |TAMS 0x0000000082b00000, 0x0000000082b00000| Untracked 
|  43|0x0000000082b00000, 0x0000000082c00000, 0x0000000082c00000|100%| O|  |TAMS 0x0000000082c00000, 0x0000000082c00000| Untracked 
|  44|0x0000000082c00000, 0x0000000082d00000, 0x0000000082d00000|100%| O|  |TAMS 0x0000000082d00000, 0x0000000082d00000| Untracked 
|  45|0x0000000082d00000, 0x0000000082e00000, 0x0000000082e00000|100%| O|  |TAMS 0x0000000082e00000, 0x0000000082e00000| Untracked 
|  46|0x0000000082e00000, 0x0000000082f00000, 0x0000000082f00000|100%| O|  |TAMS 0x0000000082f00000, 0x0000000082f00000| Untracked 
|  47|0x0000000082f00000, 0x0000000083000000, 0x0000000083000000|100%| O|  |TAMS 0x0000000083000000, 0x0000000083000000| Untracked 
|  48|0x0000000083000000, 0x0000000083100000, 0x0000000083100000|100%| O|  |TAMS 0x0000000083100000, 0x0000000083100000| Untracked 
|  49|0x0000000083100000, 0x0000000083200000, 0x0000000083200000|100%| O|  |TAMS 0x0000000083200000, 0x0000000083200000| Untracked 
|  50|0x0000000083200000, 0x0000000083300000, 0x0000000083300000|100%| O|  |TAMS 0x0000000083300000, 0x0000000083300000| Untracked 
|  51|0x0000000083300000, 0x0000000083400000, 0x0000000083400000|100%| O|  |TAMS 0x0000000083400000, 0x0000000083400000| Untracked 
|  52|0x0000000083400000, 0x0000000083500000, 0x0000000083500000|100%| O|  |TAMS 0x0000000083500000, 0x0000000083500000| Untracked 
|  53|0x0000000083500000, 0x0000000083600000, 0x0000000083600000|100%| O|  |TAMS 0x0000000083600000, 0x0000000083600000| Untracked 
|  54|0x0000000083600000, 0x0000000083700000, 0x0000000083700000|100%| O|  |TAMS 0x0000000083700000, 0x0000000083700000| Untracked 
|  55|0x0000000083700000, 0x0000000083800000, 0x0000000083800000|100%| O|  |TAMS 0x0000000083800000, 0x0000000083800000| Untracked 
|  56|0x0000000083800000, 0x0000000083900000, 0x0000000083900000|100%| O|  |TAMS 0x0000000083900000, 0x0000000083900000| Untracked 
|  57|0x0000000083900000, 0x0000000083a00000, 0x0000000083a00000|100%| O|  |TAMS 0x0000000083a00000, 0x0000000083a00000| Untracked 
|  58|0x0000000083a00000, 0x0000000083b00000, 0x0000000083b00000|100%| O|  |TAMS 0x0000000083a00000, 0x0000000083b00000| Untracked 
|  59|0x0000000083b00000, 0x0000000083c00000, 0x0000000083c00000|100%| O|  |TAMS 0x0000000083c00000, 0x0000000083c00000| Untracked 
|  60|0x0000000083c00000, 0x0000000083d00000, 0x0000000083d00000|100%| O|  |TAMS 0x0000000083d00000, 0x0000000083d00000| Untracked 
|  61|0x0000000083d00000, 0x0000000083e00000, 0x0000000083e00000|100%| O|  |TAMS 0x0000000083e00000, 0x0000000083e00000| Untracked 
|  62|0x0000000083e00000, 0x0000000083f00000, 0x0000000083f00000|100%| O|  |TAMS 0x0000000083f00000, 0x0000000083f00000| Untracked 
|  63|0x0000000083f00000, 0x0000000084000000, 0x0000000084000000|100%| O|  |TAMS 0x0000000084000000, 0x0000000084000000| Untracked 
|  64|0x0000000084000000, 0x0000000084100000, 0x0000000084100000|100%| O|  |TAMS 0x0000000084100000, 0x0000000084100000| Untracked 
|  65|0x0000000084100000, 0x0000000084200000, 0x0000000084200000|100%| O|  |TAMS 0x0000000084200000, 0x0000000084200000| Untracked 
|  66|0x0000000084200000, 0x0000000084300000, 0x0000000084300000|100%| O|  |TAMS 0x0000000084300000, 0x0000000084300000| Untracked 
|  67|0x0000000084300000, 0x0000000084400000, 0x0000000084400000|100%| O|  |TAMS 0x0000000084400000, 0x0000000084400000| Untracked 
|  68|0x0000000084400000, 0x0000000084500000, 0x0000000084500000|100%| O|  |TAMS 0x0000000084500000, 0x0000000084500000| Untracked 
|  69|0x0000000084500000, 0x0000000084600000, 0x0000000084600000|100%| O|  |TAMS 0x0000000084600000, 0x0000000084600000| Untracked 
|  70|0x0000000084600000, 0x0000000084700000, 0x0000000084700000|100%| O|  |TAMS 0x0000000084700000, 0x0000000084700000| Untracked 
|  71|0x0000000084700000, 0x0000000084800000, 0x0000000084800000|100%| O|  |TAMS 0x0000000084800000, 0x0000000084800000| Untracked 
|  72|0x0000000084800000, 0x0000000084900000, 0x0000000084900000|100%| O|  |TAMS 0x0000000084900000, 0x0000000084900000| Untracked 
|  73|0x0000000084900000, 0x0000000084a00000, 0x0000000084a00000|100%| O|  |TAMS 0x0000000084a00000, 0x0000000084a00000| Untracked 
|  74|0x0000000084a00000, 0x0000000084b00000, 0x0000000084b00000|100%| O|  |TAMS 0x0000000084b00000, 0x0000000084b00000| Untracked 
|  75|0x0000000084b00000, 0x0000000084c00000, 0x0000000084c00000|100%| O|  |TAMS 0x0000000084c00000, 0x0000000084c00000| Untracked 
|  76|0x0000000084c00000, 0x0000000084d00000, 0x0000000084d00000|100%| O|  |TAMS 0x0000000084d00000, 0x0000000084d00000| Untracked 
|  77|0x0000000084d00000, 0x0000000084e00000, 0x0000000084e00000|100%| O|  |TAMS 0x0000000084e00000, 0x0000000084e00000| Untracked 
|  78|0x0000000084e00000, 0x0000000084f00000, 0x0000000084f00000|100%| O|  |TAMS 0x0000000084f00000, 0x0000000084f00000| Untracked 
|  79|0x0000000084f00000, 0x0000000085000000, 0x0000000085000000|100%| O|  |TAMS 0x0000000085000000, 0x0000000085000000| Untracked 
|  80|0x0000000085000000, 0x0000000085100000, 0x0000000085100000|100%| O|  |TAMS 0x0000000085100000, 0x0000000085100000| Untracked 
|  81|0x0000000085100000, 0x0000000085200000, 0x0000000085200000|100%| O|  |TAMS 0x0000000085200000, 0x0000000085200000| Untracked 
|  82|0x0000000085200000, 0x0000000085300000, 0x0000000085300000|100%| O|  |TAMS 0x0000000085300000, 0x0000000085300000| Untracked 
|  83|0x0000000085300000, 0x0000000085400000, 0x0000000085400000|100%| O|  |TAMS 0x0000000085400000, 0x0000000085400000| Untracked 
|  84|0x0000000085400000, 0x0000000085500000, 0x0000000085500000|100%| O|  |TAMS 0x0000000085500000, 0x0000000085500000| Untracked 
|  85|0x0000000085500000, 0x0000000085600000, 0x0000000085600000|100%| O|  |TAMS 0x0000000085600000, 0x0000000085600000| Untracked 
|  86|0x0000000085600000, 0x0000000085700000, 0x0000000085700000|100%| O|  |TAMS 0x0000000085700000, 0x0000000085700000| Untracked 
|  87|0x0000000085700000, 0x0000000085800000, 0x0000000085800000|100%| O|  |TAMS 0x0000000085800000, 0x0000000085800000| Untracked 
|  88|0x0000000085800000, 0x0000000085900000, 0x0000000085900000|100%| O|  |TAMS 0x0000000085900000, 0x0000000085900000| Untracked 
|  89|0x0000000085900000, 0x0000000085a00000, 0x0000000085a00000|100%| O|  |TAMS 0x0000000085a00000, 0x0000000085a00000| Untracked 
|  90|0x0000000085a00000, 0x0000000085b00000, 0x0000000085b00000|100%| O|  |TAMS 0x0000000085b00000, 0x0000000085b00000| Untracked 
|  91|0x0000000085b00000, 0x0000000085c00000, 0x0000000085c00000|100%| O|  |TAMS 0x0000000085c00000, 0x0000000085c00000| Untracked 
|  92|0x0000000085c00000, 0x0000000085c00000, 0x0000000085d00000|  0%| F|  |TAMS 0x0000000085c00000, 0x0000000085c00000| Untracked 
|  93|0x0000000085d00000, 0x0000000085e00000, 0x0000000085e00000|100%| O|  |TAMS 0x0000000085e00000, 0x0000000085e00000| Untracked 
|  94|0x0000000085e00000, 0x0000000085f00000, 0x0000000085f00000|100%| O|  |TAMS 0x0000000085f00000, 0x0000000085f00000| Untracked 
|  95|0x0000000085f00000, 0x0000000086000000, 0x0000000086000000|100%| O|  |TAMS 0x0000000086000000, 0x0000000086000000| Untracked 
|  96|0x0000000086000000, 0x0000000086100000, 0x0000000086100000|100%| O|  |TAMS 0x0000000086100000, 0x0000000086100000| Untracked 
|  97|0x0000000086100000, 0x0000000086200000, 0x0000000086200000|100%| O|  |TAMS 0x0000000086200000, 0x0000000086200000| Untracked 
|  98|0x0000000086200000, 0x0000000086300000, 0x0000000086300000|100%| O|  |TAMS 0x0000000086300000, 0x0000000086300000| Untracked 
|  99|0x0000000086300000, 0x0000000086400000, 0x0000000086400000|100%| O|  |TAMS 0x0000000086400000, 0x0000000086400000| Untracked 
| 100|0x0000000086400000, 0x0000000086500000, 0x0000000086500000|100%| O|  |TAMS 0x0000000086500000, 0x0000000086500000| Untracked 
| 101|0x0000000086500000, 0x0000000086600000, 0x0000000086600000|100%| O|  |TAMS 0x0000000086600000, 0x0000000086600000| Untracked 
| 102|0x0000000086600000, 0x0000000086700000, 0x0000000086700000|100%| O|  |TAMS 0x0000000086700000, 0x0000000086700000| Untracked 
| 103|0x0000000086700000, 0x0000000086800000, 0x0000000086800000|100%| O|  |TAMS 0x0000000086800000, 0x0000000086800000| Untracked 
| 104|0x0000000086800000, 0x0000000086900000, 0x0000000086900000|100%| O|  |TAMS 0x0000000086900000, 0x0000000086900000| Untracked 
| 105|0x0000000086900000, 0x0000000086a00000, 0x0000000086a00000|100%| O|  |TAMS 0x0000000086a00000, 0x0000000086a00000| Untracked 
| 106|0x0000000086a00000, 0x0000000086b00000, 0x0000000086b00000|100%| O|  |TAMS 0x0000000086b00000, 0x0000000086b00000| Untracked 
| 107|0x0000000086b00000, 0x0000000086c00000, 0x0000000086c00000|100%| O|  |TAMS 0x0000000086c00000, 0x0000000086c00000| Untracked 
| 108|0x0000000086c00000, 0x0000000086d00000, 0x0000000086d00000|100%| O|  |TAMS 0x0000000086d00000, 0x0000000086d00000| Untracked 
| 109|0x0000000086d00000, 0x0000000086e00000, 0x0000000086e00000|100%| O|  |TAMS 0x0000000086e00000, 0x0000000086e00000| Untracked 
| 110|0x0000000086e00000, 0x0000000086f00000, 0x0000000086f00000|100%| O|  |TAMS 0x0000000086f00000, 0x0000000086f00000| Untracked 
| 111|0x0000000086f00000, 0x0000000087000000, 0x0000000087000000|100%| O|  |TAMS 0x0000000087000000, 0x0000000087000000| Untracked 
| 112|0x0000000087000000, 0x000000008701d800, 0x0000000087100000| 11%| O|  |TAMS 0x0000000087000000, 0x000000008701d800| Untracked 
| 113|0x0000000087100000, 0x0000000087200000, 0x0000000087200000|100%| O|  |TAMS 0x0000000087200000, 0x0000000087200000| Untracked 
| 114|0x0000000087200000, 0x0000000087300000, 0x0000000087300000|100%| O|  |TAMS 0x0000000087300000, 0x0000000087300000| Untracked 
| 115|0x0000000087300000, 0x0000000087400000, 0x0000000087400000|100%| O|  |TAMS 0x0000000087400000, 0x0000000087400000| Untracked 
| 116|0x0000000087400000, 0x0000000087400000, 0x0000000087500000|  0%| F|  |TAMS 0x0000000087400000, 0x0000000087400000| Untracked 
| 117|0x0000000087500000, 0x0000000087600000, 0x0000000087600000|100%| O|  |TAMS 0x0000000087600000, 0x0000000087600000| Untracked 
| 118|0x0000000087600000, 0x0000000087700000, 0x0000000087700000|100%| O|  |TAMS 0x0000000087700000, 0x0000000087700000| Untracked 
| 119|0x0000000087700000, 0x0000000087800000, 0x0000000087800000|100%| O|  |TAMS 0x0000000087800000, 0x0000000087800000| Untracked 
| 120|0x0000000087800000, 0x0000000087900000, 0x0000000087900000|100%| O|  |TAMS 0x0000000087900000, 0x0000000087900000| Untracked 
| 121|0x0000000087900000, 0x0000000087a00000, 0x0000000087a00000|100%| O|  |TAMS 0x0000000087a00000, 0x0000000087a00000| Untracked 
| 122|0x0000000087a00000, 0x0000000087b00000, 0x0000000087b00000|100%| O|  |TAMS 0x0000000087b00000, 0x0000000087b00000| Untracked 
| 123|0x0000000087b00000, 0x0000000087c00000, 0x0000000087c00000|100%| O|  |TAMS 0x0000000087c00000, 0x0000000087c00000| Untracked 
| 124|0x0000000087c00000, 0x0000000087d00000, 0x0000000087d00000|100%| O|  |TAMS 0x0000000087d00000, 0x0000000087d00000| Untracked 
| 125|0x0000000087d00000, 0x0000000087e00000, 0x0000000087e00000|100%| O|  |TAMS 0x0000000087e00000, 0x0000000087e00000| Untracked 
| 126|0x0000000087e00000, 0x0000000087f00000, 0x0000000087f00000|100%| O|  |TAMS 0x0000000087f00000, 0x0000000087f00000| Untracked 
| 127|0x0000000087f00000, 0x0000000088000000, 0x0000000088000000|100%| O|  |TAMS 0x0000000088000000, 0x0000000088000000| Untracked 
| 128|0x0000000088000000, 0x0000000088100000, 0x0000000088100000|100%| O|  |TAMS 0x0000000088100000, 0x0000000088100000| Untracked 
| 129|0x0000000088100000, 0x0000000088200000, 0x0000000088200000|100%| O|  |TAMS 0x0000000088200000, 0x0000000088200000| Untracked 
| 130|0x0000000088200000, 0x0000000088300000, 0x0000000088300000|100%| O|  |TAMS 0x0000000088300000, 0x0000000088300000| Untracked 
| 131|0x0000000088300000, 0x0000000088300000, 0x0000000088400000|  0%| F|  |TAMS 0x0000000088300000, 0x0000000088300000| Untracked 
| 132|0x0000000088400000, 0x0000000088400000, 0x0000000088500000|  0%| F|  |TAMS 0x0000000088400000, 0x0000000088400000| Untracked 
| 133|0x0000000088500000, 0x0000000088600000, 0x0000000088600000|100%| O|  |TAMS 0x0000000088600000, 0x0000000088600000| Untracked 
| 134|0x0000000088600000, 0x0000000088700000, 0x0000000088700000|100%| O|  |TAMS 0x0000000088700000, 0x0000000088700000| Untracked 
| 135|0x0000000088700000, 0x0000000088700000, 0x0000000088800000|  0%| F|  |TAMS 0x0000000088700000, 0x0000000088700000| Untracked 
| 136|0x0000000088800000, 0x0000000088800000, 0x0000000088900000|  0%| F|  |TAMS 0x0000000088800000, 0x0000000088800000| Untracked 
| 137|0x0000000088900000, 0x0000000088900000, 0x0000000088a00000|  0%| F|  |TAMS 0x0000000088900000, 0x0000000088900000| Untracked 
| 138|0x0000000088a00000, 0x0000000088a00000, 0x0000000088b00000|  0%| F|  |TAMS 0x0000000088a00000, 0x0000000088a00000| Untracked 
| 139|0x0000000088b00000, 0x0000000088b00000, 0x0000000088c00000|  0%| F|  |TAMS 0x0000000088b00000, 0x0000000088b00000| Untracked 
| 140|0x0000000088c00000, 0x0000000088c00000, 0x0000000088d00000|  0%| F|  |TAMS 0x0000000088c00000, 0x0000000088c00000| Untracked 
| 141|0x0000000088d00000, 0x0000000088e00000, 0x0000000088e00000|100%| O|  |TAMS 0x0000000088e00000, 0x0000000088e00000| Untracked 
| 142|0x0000000088e00000, 0x0000000088f00000, 0x0000000088f00000|100%| O|  |TAMS 0x0000000088f00000, 0x0000000088f00000| Untracked 
| 143|0x0000000088f00000, 0x0000000088f00000, 0x0000000089000000|  0%| F|  |TAMS 0x0000000088f00000, 0x0000000088f00000| Untracked 
| 144|0x0000000089000000, 0x0000000089100000, 0x0000000089100000|100%| O|  |TAMS 0x0000000089100000, 0x0000000089100000| Untracked 
| 145|0x0000000089100000, 0x0000000089100000, 0x0000000089200000|  0%| F|  |TAMS 0x0000000089100000, 0x0000000089100000| Untracked 
| 146|0x0000000089200000, 0x0000000089200000, 0x0000000089300000|  0%| F|  |TAMS 0x0000000089200000, 0x0000000089200000| Untracked 
| 147|0x0000000089300000, 0x0000000089300000, 0x0000000089400000|  0%| F|  |TAMS 0x0000000089300000, 0x0000000089300000| Untracked 
| 148|0x0000000089400000, 0x0000000089400000, 0x0000000089500000|  0%| F|  |TAMS 0x0000000089400000, 0x0000000089400000| Untracked 
| 149|0x0000000089500000, 0x0000000089500000, 0x0000000089600000|  0%| F|  |TAMS 0x0000000089500000, 0x0000000089500000| Untracked 
| 150|0x0000000089600000, 0x0000000089600000, 0x0000000089700000|  0%| F|  |TAMS 0x0000000089600000, 0x0000000089600000| Untracked 
| 151|0x0000000089700000, 0x0000000089700000, 0x0000000089800000|  0%| F|  |TAMS 0x0000000089700000, 0x0000000089700000| Untracked 
| 152|0x0000000089800000, 0x0000000089800000, 0x0000000089900000|  0%| F|  |TAMS 0x0000000089800000, 0x0000000089800000| Untracked 
| 153|0x0000000089900000, 0x0000000089900000, 0x0000000089a00000|  0%| F|  |TAMS 0x0000000089900000, 0x0000000089900000| Untracked 
| 154|0x0000000089a00000, 0x0000000089a00000, 0x0000000089b00000|  0%| F|  |TAMS 0x0000000089a00000, 0x0000000089a00000| Untracked 
| 155|0x0000000089b00000, 0x0000000089b00000, 0x0000000089c00000|  0%| F|  |TAMS 0x0000000089b00000, 0x0000000089b00000| Untracked 
| 156|0x0000000089c00000, 0x0000000089c00000, 0x0000000089d00000|  0%| F|  |TAMS 0x0000000089c00000, 0x0000000089c00000| Untracked 
| 157|0x0000000089d00000, 0x0000000089d00000, 0x0000000089e00000|  0%| F|  |TAMS 0x0000000089d00000, 0x0000000089d00000| Untracked 
| 158|0x0000000089e00000, 0x0000000089e00000, 0x0000000089f00000|  0%| F|  |TAMS 0x0000000089e00000, 0x0000000089e00000| Untracked 
| 159|0x0000000089f00000, 0x0000000089f00000, 0x000000008a000000|  0%| F|  |TAMS 0x0000000089f00000, 0x0000000089f00000| Untracked 
| 160|0x000000008a000000, 0x000000008a000000, 0x000000008a100000|  0%| F|  |TAMS 0x000000008a000000, 0x000000008a000000| Untracked 
| 161|0x000000008a100000, 0x000000008a100000, 0x000000008a200000|  0%| F|  |TAMS 0x000000008a100000, 0x000000008a100000| Untracked 
| 162|0x000000008a200000, 0x000000008a200000, 0x000000008a300000|  0%| F|  |TAMS 0x000000008a200000, 0x000000008a200000| Untracked 
| 163|0x000000008a300000, 0x000000008a300000, 0x000000008a400000|  0%| F|  |TAMS 0x000000008a300000, 0x000000008a300000| Untracked 
| 164|0x000000008a400000, 0x000000008a400000, 0x000000008a500000|  0%| F|  |TAMS 0x000000008a400000, 0x000000008a400000| Untracked 
| 165|0x000000008a500000, 0x000000008a500000, 0x000000008a600000|  0%| F|  |TAMS 0x000000008a500000, 0x000000008a500000| Untracked 
| 166|0x000000008a600000, 0x000000008a600000, 0x000000008a700000|  0%| F|  |TAMS 0x000000008a600000, 0x000000008a600000| Untracked 
| 167|0x000000008a700000, 0x000000008a700000, 0x000000008a800000|  0%| F|  |TAMS 0x000000008a700000, 0x000000008a700000| Untracked 
| 168|0x000000008a800000, 0x000000008a800000, 0x000000008a900000|  0%| F|  |TAMS 0x000000008a800000, 0x000000008a800000| Untracked 
| 169|0x000000008a900000, 0x000000008a900000, 0x000000008aa00000|  0%| F|  |TAMS 0x000000008a900000, 0x000000008a900000| Untracked 
| 170|0x000000008aa00000, 0x000000008aa00000, 0x000000008ab00000|  0%| F|  |TAMS 0x000000008aa00000, 0x000000008aa00000| Untracked 
| 171|0x000000008ab00000, 0x000000008ab00000, 0x000000008ac00000|  0%| F|  |TAMS 0x000000008ab00000, 0x000000008ab00000| Untracked 
| 172|0x000000008ac00000, 0x000000008ac00000, 0x000000008ad00000|  0%| F|  |TAMS 0x000000008ac00000, 0x000000008ac00000| Untracked 
| 173|0x000000008ad00000, 0x000000008ad00000, 0x000000008ae00000|  0%| F|  |TAMS 0x000000008ad00000, 0x000000008ad00000| Untracked 
| 174|0x000000008ae00000, 0x000000008ae00000, 0x000000008af00000|  0%| F|  |TAMS 0x000000008ae00000, 0x000000008ae00000| Untracked 
| 175|0x000000008af00000, 0x000000008af00000, 0x000000008b000000|  0%| F|  |TAMS 0x000000008af00000, 0x000000008af00000| Untracked 
| 176|0x000000008b000000, 0x000000008b000000, 0x000000008b100000|  0%| F|  |TAMS 0x000000008b000000, 0x000000008b000000| Untracked 
| 177|0x000000008b100000, 0x000000008b200000, 0x000000008b200000|100%| O|  |TAMS 0x000000008b200000, 0x000000008b200000| Untracked 
| 178|0x000000008b200000, 0x000000008b200000, 0x000000008b300000|  0%| F|  |TAMS 0x000000008b200000, 0x000000008b200000| Untracked 
| 179|0x000000008b300000, 0x000000008b3f0a30, 0x000000008b400000| 93%| S|CS|TAMS 0x000000008b300000, 0x000000008b300000| Complete 
| 180|0x000000008b400000, 0x000000008b500000, 0x000000008b500000|100%| S|CS|TAMS 0x000000008b400000, 0x000000008b400000| Complete 
| 181|0x000000008b500000, 0x000000008b600000, 0x000000008b600000|100%| S|CS|TAMS 0x000000008b500000, 0x000000008b500000| Complete 
| 182|0x000000008b600000, 0x000000008b700000, 0x000000008b700000|100%| S|CS|TAMS 0x000000008b600000, 0x000000008b600000| Complete 
| 183|0x000000008b700000, 0x000000008b700000, 0x000000008b800000|  0%| F|  |TAMS 0x000000008b700000, 0x000000008b700000| Untracked 
| 184|0x000000008b800000, 0x000000008b800000, 0x000000008b900000|  0%| F|  |TAMS 0x000000008b800000, 0x000000008b800000| Untracked 
| 185|0x000000008b900000, 0x000000008b900000, 0x000000008ba00000|  0%| F|  |TAMS 0x000000008b900000, 0x000000008b900000| Untracked 
| 186|0x000000008ba00000, 0x000000008ba00000, 0x000000008bb00000|  0%| F|  |TAMS 0x000000008ba00000, 0x000000008ba00000| Untracked 
| 187|0x000000008bb00000, 0x000000008bb00000, 0x000000008bc00000|  0%| F|  |TAMS 0x000000008bb00000, 0x000000008bb00000| Untracked 
| 188|0x000000008bc00000, 0x000000008bc00000, 0x000000008bd00000|  0%| F|  |TAMS 0x000000008bc00000, 0x000000008bc00000| Untracked 
| 189|0x000000008bd00000, 0x000000008bd00000, 0x000000008be00000|  0%| F|  |TAMS 0x000000008bd00000, 0x000000008bd00000| Untracked 
| 190|0x000000008be00000, 0x000000008be00000, 0x000000008bf00000|  0%| F|  |TAMS 0x000000008be00000, 0x000000008be00000| Untracked 
| 191|0x000000008bf00000, 0x000000008bf00000, 0x000000008c000000|  0%| F|  |TAMS 0x000000008bf00000, 0x000000008bf00000| Untracked 
| 192|0x000000008c000000, 0x000000008c000000, 0x000000008c100000|  0%| F|  |TAMS 0x000000008c000000, 0x000000008c000000| Untracked 
| 193|0x000000008c100000, 0x000000008c100000, 0x000000008c200000|  0%| F|  |TAMS 0x000000008c100000, 0x000000008c100000| Untracked 
| 194|0x000000008c200000, 0x000000008c200000, 0x000000008c300000|  0%| F|  |TAMS 0x000000008c200000, 0x000000008c200000| Untracked 
| 195|0x000000008c300000, 0x000000008c300000, 0x000000008c400000|  0%| F|  |TAMS 0x000000008c300000, 0x000000008c300000| Untracked 
| 196|0x000000008c400000, 0x000000008c400000, 0x000000008c500000|  0%| F|  |TAMS 0x000000008c400000, 0x000000008c400000| Untracked 
| 197|0x000000008c500000, 0x000000008c500000, 0x000000008c600000|  0%| F|  |TAMS 0x000000008c500000, 0x000000008c500000| Untracked 
| 198|0x000000008c600000, 0x000000008c600000, 0x000000008c700000|  0%| F|  |TAMS 0x000000008c600000, 0x000000008c600000| Untracked 
| 199|0x000000008c700000, 0x000000008c700000, 0x000000008c800000|  0%| F|  |TAMS 0x000000008c700000, 0x000000008c700000| Untracked 
| 200|0x000000008c800000, 0x000000008c800000, 0x000000008c900000|  0%| F|  |TAMS 0x000000008c800000, 0x000000008c800000| Untracked 
| 201|0x000000008c900000, 0x000000008c900000, 0x000000008ca00000|  0%| F|  |TAMS 0x000000008c900000, 0x000000008c900000| Untracked 
| 202|0x000000008ca00000, 0x000000008ca00000, 0x000000008cb00000|  0%| F|  |TAMS 0x000000008ca00000, 0x000000008ca00000| Untracked 
| 203|0x000000008cb00000, 0x000000008cb00000, 0x000000008cc00000|  0%| F|  |TAMS 0x000000008cb00000, 0x000000008cb00000| Untracked 
| 204|0x000000008cc00000, 0x000000008cc00000, 0x000000008cd00000|  0%| F|  |TAMS 0x000000008cc00000, 0x000000008cc00000| Untracked 
| 205|0x000000008cd00000, 0x000000008cd00000, 0x000000008ce00000|  0%| F|  |TAMS 0x000000008cd00000, 0x000000008cd00000| Untracked 
| 206|0x000000008ce00000, 0x000000008ce00000, 0x000000008cf00000|  0%| F|  |TAMS 0x000000008ce00000, 0x000000008ce00000| Untracked 
| 207|0x000000008cf00000, 0x000000008cf00000, 0x000000008d000000|  0%| F|  |TAMS 0x000000008cf00000, 0x000000008cf00000| Untracked 
| 208|0x000000008d000000, 0x000000008d000000, 0x000000008d100000|  0%| F|  |TAMS 0x000000008d000000, 0x000000008d000000| Untracked 
| 209|0x000000008d100000, 0x000000008d100000, 0x000000008d200000|  0%| F|  |TAMS 0x000000008d100000, 0x000000008d100000| Untracked 
| 210|0x000000008d200000, 0x000000008d200000, 0x000000008d300000|  0%| F|  |TAMS 0x000000008d200000, 0x000000008d200000| Untracked 
| 211|0x000000008d300000, 0x000000008d300000, 0x000000008d400000|  0%| F|  |TAMS 0x000000008d300000, 0x000000008d300000| Untracked 
| 212|0x000000008d400000, 0x000000008d400000, 0x000000008d500000|  0%| F|  |TAMS 0x000000008d400000, 0x000000008d400000| Untracked 
| 213|0x000000008d500000, 0x000000008d500000, 0x000000008d600000|  0%| F|  |TAMS 0x000000008d500000, 0x000000008d500000| Untracked 
| 214|0x000000008d600000, 0x000000008d600000, 0x000000008d700000|  0%| F|  |TAMS 0x000000008d600000, 0x000000008d600000| Untracked 
| 215|0x000000008d700000, 0x000000008d700000, 0x000000008d800000|  0%| F|  |TAMS 0x000000008d700000, 0x000000008d700000| Untracked 
| 216|0x000000008d800000, 0x000000008d800000, 0x000000008d900000|  0%| F|  |TAMS 0x000000008d800000, 0x000000008d800000| Untracked 
| 217|0x000000008d900000, 0x000000008d900000, 0x000000008da00000|  0%| F|  |TAMS 0x000000008d900000, 0x000000008d900000| Untracked 
| 218|0x000000008da00000, 0x000000008da00000, 0x000000008db00000|  0%| F|  |TAMS 0x000000008da00000, 0x000000008da00000| Untracked 
| 219|0x000000008db00000, 0x000000008db00000, 0x000000008dc00000|  0%| F|  |TAMS 0x000000008db00000, 0x000000008db00000| Untracked 
| 220|0x000000008dc00000, 0x000000008dcb8be0, 0x000000008dd00000| 72%| E|  |TAMS 0x000000008dc00000, 0x000000008dc00000| Complete 
| 221|0x000000008dd00000, 0x000000008de00000, 0x000000008de00000|100%| E|CS|TAMS 0x000000008dd00000, 0x000000008dd00000| Complete 
| 222|0x000000008de00000, 0x000000008df00000, 0x000000008df00000|100%| E|CS|TAMS 0x000000008de00000, 0x000000008de00000| Complete 
| 223|0x000000008df00000, 0x000000008e000000, 0x000000008e000000|100%| E|CS|TAMS 0x000000008df00000, 0x000000008df00000| Complete 
| 224|0x000000008e000000, 0x000000008e100000, 0x000000008e100000|100%| E|CS|TAMS 0x000000008e000000, 0x000000008e000000| Complete 
| 225|0x000000008e100000, 0x000000008e200000, 0x000000008e200000|100%| E|CS|TAMS 0x000000008e100000, 0x000000008e100000| Complete 
| 226|0x000000008e200000, 0x000000008e300000, 0x000000008e300000|100%| E|CS|TAMS 0x000000008e200000, 0x000000008e200000| Complete 
| 227|0x000000008e300000, 0x000000008e400000, 0x000000008e400000|100%| E|CS|TAMS 0x000000008e300000, 0x000000008e300000| Complete 
| 228|0x000000008e400000, 0x000000008e500000, 0x000000008e500000|100%| E|CS|TAMS 0x000000008e400000, 0x000000008e400000| Complete 
| 229|0x000000008e500000, 0x000000008e600000, 0x000000008e600000|100%| E|CS|TAMS 0x000000008e500000, 0x000000008e500000| Complete 
| 230|0x000000008e600000, 0x000000008e700000, 0x000000008e700000|100%| E|CS|TAMS 0x000000008e600000, 0x000000008e600000| Complete 

Card table byte_map: [0x0000024422bd0000,0x0000024422fd0000] _byte_map_base: 0x00000244227d0000

Marking Bits (Prev, Next): (CMBitMap*) 0x000002440fce3f50, (CMBitMap*) 0x000002440fce3f18
 Prev Bits: [0x00000244253d0000, 0x00000244273d0000)
 Next Bits: [0x00000244233d0000, 0x00000244253d0000)

Polling page: 0x000002440dc60000

Metaspace:

Usage:
  Non-class:    125.76 MB capacity,   123.22 MB ( 98%) used,     2.05 MB (  2%) free+waste,   502.25 KB ( <1%) overhead. 
      Class:     18.68 MB capacity,    17.14 MB ( 92%) used,     1.32 MB (  7%) free+waste,   218.25 KB (  1%) overhead. 
       Both:    144.44 MB capacity,   140.37 MB ( 97%) used,     3.37 MB (  2%) free+waste,   720.50 KB ( <1%) overhead. 

Virtual space:
  Non-class space:      126.00 MB reserved,     125.92 MB (>99%) committed 
      Class space:        1.00 GB reserved,      18.82 MB (  2%) committed 
             Both:        1.12 GB reserved,     144.74 MB ( 13%) committed 

Chunk freelists:
   Non-Class:  97.00 KB
       Class:  51.00 KB
        Both:  148.00 KB

MaxMetaspaceSize: 17179869184.00 GB
CompressedClassSpaceSize: 1.00 GB
Initial GC threshold: 20.80 MB
Current GC threshold: 240.41 MB
CDS: off

CodeHeap 'non-profiled nmethods': size=120064Kb used=15425Kb max_used=15425Kb free=104638Kb
 bounds [0x000002441b290000, 0x000002441c1b0000, 0x00000244227d0000]
CodeHeap 'profiled nmethods': size=120000Kb used=53708Kb max_used=53708Kb free=66292Kb
 bounds [0x0000024413d60000, 0x00000244171e0000, 0x000002441b290000]
CodeHeap 'non-nmethods': size=5696Kb used=2497Kb max_used=2559Kb free=3198Kb
 bounds [0x00000244137d0000, 0x0000024413a60000, 0x0000024413d60000]
 total_blobs=23935 nmethods=22896 adapters=949
 compilation: enabled
              stopped_count=0, restarted_count=0
 full_count=0

Compilation events (20 events):
Event: 3600.325 Thread 0x000002442a153000 24603       3       com.android.build.gradle.internal.profile.TaskMetadata::<init> (32 bytes)
Event: 3600.326 Thread 0x000002442a153000 nmethod 24603 0x00000244171cfa10 code [0x00000244171cfcc0, 0x00000244171d0878]
Event: 3600.326 Thread 0x000002442a153000 24604       3       com.google.wireless.android.sdk.stats.GradleBuildProject$Builder::addTaskNames (33 bytes)
Event: 3600.326 Thread 0x000002442a153000 nmethod 24604 0x00000244171d0c90 code [0x00000244171d0ea0, 0x00000244171d1338]
Event: 3600.326 Thread 0x000002442a153000 24605       3       com.google.protobuf.AbstractProtobufList::add (10 bytes)
Event: 3600.327 Thread 0x000002442a153000 nmethod 24605 0x00000244171d1510 code [0x00000244171d1700, 0x00000244171d1bc8]
Event: 3600.327 Thread 0x000002442a153000 24606       3       com.google.protobuf.LazyStringArrayList::add (10 bytes)
Event: 3600.327 Thread 0x000002442a153000 nmethod 24606 0x00000244171d1d90 code [0x00000244171d1f80, 0x00000244171d24b8]
Event: 3600.330 Thread 0x000002442a153000 24607       3       com.google.protobuf.LazyStringArrayList::add (26 bytes)
Event: 3600.330 Thread 0x000002442a153000 nmethod 24607 0x00000244171d2690 code [0x00000244171d2860, 0x00000244171d2c18]
Event: 3600.332 Thread 0x000002442a153000 24609   !   3       jdk.internal.reflect.GeneratedSerializationConstructorAccessor22::newInstance (49 bytes)
Event: 3600.332 Thread 0x000002442a153000 nmethod 24609 0x00000244171d2d90 code [0x00000244171d2f80, 0x00000244171d3368]
Event: 3600.332 Thread 0x000002442a153000 24610       3       org.gradle.internal.io.ClassLoaderObjectInputStream::<init> (11 bytes)
Event: 3600.332 Thread 0x000002442a153000 nmethod 24610 0x00000244171d3590 code [0x00000244171d3740, 0x00000244171d38e8]
Event: 3600.332 Thread 0x000002442a153000 24611   !   3       org.gradle.internal.snapshot.impl.JavaSerializedValueSnapshot::populateClass (58 bytes)
Event: 3600.334 Thread 0x000002442a153000 nmethod 24611 0x00000244171d3990 code [0x00000244171d3d00, 0x00000244171d5268]
Event: 3600.335 Thread 0x000002442a153000 24612       3       com.google.common.cache.LocalCache$Segment::scheduleRefresh (66 bytes)
Event: 3600.335 Thread 0x000002442a153000 nmethod 24612 0x00000244171d5b90 code [0x00000244171d5d80, 0x00000244171d61a8]
Event: 3600.335 Thread 0x000002442a153000 24613       3       java.time.format.DateTimeFormatterBuilder::appendLiteral (15 bytes)
Event: 3600.335 Thread 0x000002442a153000 nmethod 24613 0x00000244171d6390 code [0x00000244171d6560, 0x00000244171d67a8]

GC Heap History (20 events):
Event: 837.677 GC heap before
{Heap before GC invocations=69 (full 0):
 garbage-first heap   total 236544K, used 186510K [0x0000000080000000, 0x0000000100000000)
  region size 1024K, 11 young (11264K), 2 survivors (2048K)
 Metaspace       used 142842K, capacity 146897K, committed 147448K, reserved 1177600K
  class space    used 17534K, capacity 19089K, committed 19276K, reserved 1048576K
}
Event: 837.689 GC heap after
{Heap after GC invocations=70 (full 0):
 garbage-first heap   total 236544K, used 156923K [0x0000000080000000, 0x0000000100000000)
  region size 1024K, 1 young (1024K), 1 survivors (1024K)
 Metaspace       used 142842K, capacity 146897K, committed 147448K, reserved 1177600K
  class space    used 17534K, capacity 19089K, committed 19276K, reserved 1048576K
}
Event: 837.765 GC heap before
{Heap before GC invocations=70 (full 0):
 garbage-first heap   total 236544K, used 167163K [0x0000000080000000, 0x0000000100000000)
  region size 1024K, 11 young (11264K), 1 survivors (1024K)
 Metaspace       used 142860K, capacity 146903K, committed 147448K, reserved 1177600K
  class space    used 17534K, capacity 19090K, committed 19276K, reserved 1048576K
}
Event: 837.789 GC heap after
{Heap after GC invocations=71 (full 0):
 garbage-first heap   total 236544K, used 144148K [0x0000000080000000, 0x0000000100000000)
  region size 1024K, 2 young (2048K), 2 survivors (2048K)
 Metaspace       used 142860K, capacity 146903K, committed 147448K, reserved 1177600K
  class space    used 17534K, capacity 19090K, committed 19276K, reserved 1048576K
}
Event: 837.974 GC heap before
{Heap before GC invocations=71 (full 0):
 garbage-first heap   total 236544K, used 153364K [0x0000000080000000, 0x0000000100000000)
  region size 1024K, 11 young (11264K), 2 survivors (2048K)
 Metaspace       used 142922K, capacity 147095K, committed 147448K, reserved 1177600K
  class space    used 17535K, capacity 19090K, committed 19276K, reserved 1048576K
}
Event: 837.990 GC heap after
{Heap after GC invocations=72 (full 0):
 garbage-first heap   total 236544K, used 144194K [0x0000000080000000, 0x0000000100000000)
  region size 1024K, 2 young (2048K), 2 survivors (2048K)
 Metaspace       used 142922K, capacity 147095K, committed 147448K, reserved 1177600K
  class space    used 17535K, capacity 19090K, committed 19276K, reserved 1048576K
}
Event: 838.641 GC heap before
{Heap before GC invocations=72 (full 0):
 garbage-first heap   total 236544K, used 184130K [0x0000000080000000, 0x0000000100000000)
  region size 1024K, 42 young (43008K), 2 survivors (2048K)
 Metaspace       used 143064K, capacity 147132K, committed 147448K, reserved 1177600K
  class space    used 17539K, capacity 19098K, committed 19276K, reserved 1048576K
}
Event: 838.654 GC heap after
{Heap after GC invocations=73 (full 0):
 garbage-first heap   total 236544K, used 148290K [0x0000000080000000, 0x0000000100000000)
  region size 1024K, 6 young (6144K), 6 survivors (6144K)
 Metaspace       used 143064K, capacity 147132K, committed 147448K, reserved 1177600K
  class space    used 17539K, capacity 19098K, committed 19276K, reserved 1048576K
}
Event: 840.413 GC heap before
{Heap before GC invocations=74 (full 0):
 garbage-first heap   total 236544K, used 185154K [0x0000000080000000, 0x0000000100000000)
  region size 1024K, 45 young (46080K), 6 survivors (6144K)
 Metaspace       used 143117K, capacity 147218K, committed 147704K, reserved 1177600K
  class space    used 17541K, capacity 19101K, committed 19276K, reserved 1048576K
}
Event: 840.428 GC heap after
{Heap after GC invocations=75 (full 0):
 garbage-first heap   total 236544K, used 152155K [0x0000000080000000, 0x0000000100000000)
  region size 1024K, 6 young (6144K), 6 survivors (6144K)
 Metaspace       used 143117K, capacity 147218K, committed 147704K, reserved 1177600K
  class space    used 17541K, capacity 19101K, committed 19276K, reserved 1048576K
}
Event: 840.456 GC heap before
{Heap before GC invocations=75 (full 0):
 garbage-first heap   total 236544K, used 157275K [0x0000000080000000, 0x0000000100000000)
  region size 1024K, 11 young (11264K), 6 survivors (6144K)
 Metaspace       used 143124K, capacity 147218K, committed 147704K, reserved 1177600K
  class space    used 17541K, capacity 19101K, committed 19276K, reserved 1048576K
}
Event: 840.472 GC heap after
{Heap after GC invocations=76 (full 0):
 garbage-first heap   total 236544K, used 139264K [0x0000000080000000, 0x0000000100000000)
  region size 1024K, 1 young (1024K), 1 survivors (1024K)
 Metaspace       used 143124K, capacity 147218K, committed 147704K, reserved 1177600K
  class space    used 17541K, capacity 19101K, committed 19276K, reserved 1048576K
}
Event: 840.712 GC heap before
{Heap before GC invocations=76 (full 0):
 garbage-first heap   total 236544K, used 181248K [0x0000000080000000, 0x0000000100000000)
  region size 1024K, 43 young (44032K), 1 survivors (1024K)
 Metaspace       used 143161K, capacity 147282K, committed 147704K, reserved 1177600K
  class space    used 17541K, capacity 19101K, committed 19276K, reserved 1048576K
}
Event: 840.717 GC heap after
{Heap after GC invocations=77 (full 0):
 garbage-first heap   total 236544K, used 140972K [0x0000000080000000, 0x0000000100000000)
  region size 1024K, 3 young (3072K), 3 survivors (3072K)
 Metaspace       used 143161K, capacity 147282K, committed 147704K, reserved 1177600K
  class space    used 17541K, capacity 19101K, committed 19276K, reserved 1048576K
}
Event: 2152.281 GC heap before
{Heap before GC invocations=78 (full 0):
 garbage-first heap   total 236544K, used 195244K [0x0000000080000000, 0x0000000100000000)
  region size 1024K, 46 young (47104K), 3 survivors (3072K)
 Metaspace       used 143429K, capacity 147520K, committed 147960K, reserved 1177600K
  class space    used 17543K, capacity 19104K, committed 19276K, reserved 1048576K
}
Event: 2152.284 GC heap after
{Heap after GC invocations=79 (full 0):
 garbage-first heap   total 236544K, used 138948K [0x0000000080000000, 0x0000000100000000)
  region size 1024K, 1 young (1024K), 1 survivors (1024K)
 Metaspace       used 143429K, capacity 147520K, committed 147960K, reserved 1177600K
  class space    used 17543K, capacity 19104K, committed 19276K, reserved 1048576K
}
Event: 2694.903 GC heap before
{Heap before GC invocations=79 (full 0):
 garbage-first heap   total 236544K, used 149188K [0x0000000080000000, 0x0000000100000000)
  region size 1024K, 11 young (11264K), 1 survivors (1024K)
 Metaspace       used 143449K, capacity 147520K, committed 147960K, reserved 1177600K
  class space    used 17543K, capacity 19104K, committed 19276K, reserved 1048576K
}
Event: 2694.907 GC heap after
{Heap after GC invocations=80 (full 0):
 garbage-first heap   total 236544K, used 137973K [0x0000000080000000, 0x0000000100000000)
  region size 1024K, 1 young (1024K), 1 survivors (1024K)
 Metaspace       used 143449K, capacity 147520K, committed 147960K, reserved 1177600K
  class space    used 17543K, capacity 19104K, committed 19276K, reserved 1048576K
}
Event: 3600.055 GC heap before
{Heap before GC invocations=80 (full 0):
 garbage-first heap   total 236544K, used 185077K [0x0000000080000000, 0x0000000100000000)
  region size 1024K, 48 young (49152K), 1 survivors (1024K)
 Metaspace       used 143561K, capacity 147648K, committed 147960K, reserved 1177600K
  class space    used 17549K, capacity 19115K, committed 19276K, reserved 1048576K
}
Event: 3600.072 GC heap after
{Heap after GC invocations=81 (full 0):
 garbage-first heap   total 236544K, used 141368K [0x0000000080000000, 0x0000000100000000)
  region size 1024K, 4 young (4096K), 4 survivors (4096K)
 Metaspace       used 143561K, capacity 147648K, committed 147960K, reserved 1177600K
  class space    used 17549K, capacity 19115K, committed 19276K, reserved 1048576K
}

Deoptimization events (20 events):
Event: 3599.998 Thread 0x00000244369aa800 Uncommon trap: trap_request=0xffffffbe fr.pc=0x000002441c152470 relative=0x0000000000000330
Event: 3599.998 Thread 0x00000244369aa800 Uncommon trap: reason=profile_predicate action=maybe_recompile pc=0x000002441c152470 method=java.util.regex.Pattern$Slice.match(Ljava/util/regex/Matcher;ILjava/lang/CharSequence;)Z @ 18 c2
Event: 3599.998 Thread 0x00000244369aa800 DEOPT PACKING pc=0x000002441c152470 sp=0x000000a8610f91e0
Event: 3599.998 Thread 0x00000244369aa800 DEOPT UNPACKING pc=0x000002441381a1af sp=0x000000a8610f9160 mode 2
Event: 3599.998 Thread 0x00000244369aa800 Uncommon trap: trap_request=0xffffffbe fr.pc=0x000002441c152470 relative=0x0000000000000330
Event: 3599.998 Thread 0x00000244369aa800 Uncommon trap: reason=profile_predicate action=maybe_recompile pc=0x000002441c152470 method=java.util.regex.Pattern$Slice.match(Ljava/util/regex/Matcher;ILjava/lang/CharSequence;)Z @ 18 c2
Event: 3599.998 Thread 0x00000244369aa800 DEOPT PACKING pc=0x000002441c152470 sp=0x000000a8610f91e0
Event: 3599.998 Thread 0x00000244369aa800 DEOPT UNPACKING pc=0x000002441381a1af sp=0x000000a8610f9160 mode 2
Event: 3599.998 Thread 0x00000244369aa800 Uncommon trap: trap_request=0xffffffbe fr.pc=0x000002441c152470 relative=0x0000000000000330
Event: 3599.998 Thread 0x00000244369aa800 Uncommon trap: reason=profile_predicate action=maybe_recompile pc=0x000002441c152470 method=java.util.regex.Pattern$Slice.match(Ljava/util/regex/Matcher;ILjava/lang/CharSequence;)Z @ 18 c2
Event: 3599.998 Thread 0x00000244369aa800 DEOPT PACKING pc=0x000002441c152470 sp=0x000000a8610f91e0
Event: 3599.998 Thread 0x00000244369aa800 DEOPT UNPACKING pc=0x000002441381a1af sp=0x000000a8610f9160 mode 2
Event: 3599.998 Thread 0x00000244369aa800 Uncommon trap: trap_request=0xffffffbe fr.pc=0x000002441c152470 relative=0x0000000000000330
Event: 3599.998 Thread 0x00000244369aa800 Uncommon trap: reason=profile_predicate action=maybe_recompile pc=0x000002441c152470 method=java.util.regex.Pattern$Slice.match(Ljava/util/regex/Matcher;ILjava/lang/CharSequence;)Z @ 18 c2
Event: 3599.998 Thread 0x00000244369aa800 DEOPT PACKING pc=0x000002441c152470 sp=0x000000a8610f91e0
Event: 3599.998 Thread 0x00000244369aa800 DEOPT UNPACKING pc=0x000002441381a1af sp=0x000000a8610f9160 mode 2
Event: 3600.208 Thread 0x00000244369aa800 DEOPT PACKING pc=0x0000024414bb73da sp=0x000000a8610f8c90
Event: 3600.208 Thread 0x00000244369aa800 DEOPT UNPACKING pc=0x000002441381a95e sp=0x000000a8610f81b0 mode 0
Event: 3600.222 Thread 0x00000244369aa800 DEOPT PACKING pc=0x0000024414bb73da sp=0x000000a8610f8bd0
Event: 3600.222 Thread 0x00000244369aa800 DEOPT UNPACKING pc=0x000002441381a95e sp=0x000000a8610f80f0 mode 0

Classes redefined (0 events):
No events

Internal exceptions (20 events):
Event: 840.725 Thread 0x0000024434500000 Exception <a 'sun/nio/fs/WindowsException'{0x000000008e69c180}> (0x000000008e69c180) thrown at [src/hotspot/share/prims/jni.cpp, line 617]
Event: 840.787 Thread 0x000002442ce70000 Exception <a 'sun/nio/fs/WindowsException'{0x000000008e64b478}> (0x000000008e64b478) thrown at [src/hotspot/share/prims/jni.cpp, line 617]
Event: 840.793 Thread 0x0000024434500000 Exception <a 'sun/nio/fs/WindowsException'{0x000000008e6a4538}> (0x000000008e6a4538) thrown at [src/hotspot/share/prims/jni.cpp, line 617]
Event: 840.808 Thread 0x000002442ce70000 Exception <a 'sun/nio/fs/WindowsException'{0x000000008e651da8}> (0x000000008e651da8) thrown at [src/hotspot/share/prims/jni.cpp, line 617]
Event: 840.808 Thread 0x0000024434500000 Exception <a 'sun/nio/fs/WindowsException'{0x000000008e6a9750}> (0x000000008e6a9750) thrown at [src/hotspot/share/prims/jni.cpp, line 617]
Event: 840.812 Thread 0x0000024434500000 Exception <a 'sun/nio/fs/WindowsException'{0x000000008e4c3d30}> (0x000000008e4c3d30) thrown at [src/hotspot/share/prims/jni.cpp, line 617]
Event: 840.815 Thread 0x0000024434500000 Exception <a 'sun/nio/fs/WindowsException'{0x000000008e4ccd90}> (0x000000008e4ccd90) thrown at [src/hotspot/share/prims/jni.cpp, line 617]
Event: 840.850 Thread 0x000002442ce70000 Exception <a 'sun/nio/fs/WindowsException'{0x000000008e193b80}> (0x000000008e193b80) thrown at [src/hotspot/share/prims/jni.cpp, line 617]
Event: 840.883 Thread 0x000002442ce70000 Exception <a 'sun/nio/fs/WindowsException'{0x000000008dfdb878}> (0x000000008dfdb878) thrown at [src/hotspot/share/prims/jni.cpp, line 617]
Event: 841.054 Thread 0x000002442ce73800 Exception <a 'sun/nio/fs/WindowsException'{0x000000008d7f2900}> (0x000000008d7f2900) thrown at [src/hotspot/share/prims/jni.cpp, line 617]
Event: 841.054 Thread 0x000002442a60f000 Exception <a 'sun/nio/fs/WindowsException'{0x000000008d79fd08}> (0x000000008d79fd08) thrown at [src/hotspot/share/prims/jni.cpp, line 617]
Event: 841.054 Thread 0x000002442a60f000 Exception <a 'sun/nio/fs/WindowsException'{0x000000008d79fd90}> (0x000000008d79fd90) thrown at [src/hotspot/share/prims/jni.cpp, line 617]
Event: 841.054 Thread 0x000002442a60f000 Exception <a 'sun/nio/fs/WindowsException'{0x000000008d7a1610}> (0x000000008d7a1610) thrown at [src/hotspot/share/prims/jni.cpp, line 617]
Event: 1302.273 Thread 0x000002442c84f800 Implicit null exception at 0x000002441b5d5914 to 0x000002441b5d5edc
Event: 3599.980 Thread 0x00000244369aa800 Exception <a 'sun/nio/fs/WindowsException'{0x000000008bdfb310}> (0x000000008bdfb310) thrown at [src/hotspot/share/prims/jni.cpp, line 617]
Event: 3600.199 Thread 0x00000244369aa800 Exception <a 'sun/nio/fs/WindowsException'{0x000000008e0770a8}> (0x000000008e0770a8) thrown at [src/hotspot/share/prims/jni.cpp, line 617]
Event: 3600.217 Thread 0x00000244369aa800 Exception <a 'sun/nio/fs/WindowsException'{0x000000008df1d480}> (0x000000008df1d480) thrown at [src/hotspot/share/prims/jni.cpp, line 617]
Event: 3600.217 Thread 0x00000244369aa800 Exception <a 'sun/nio/fs/WindowsException'{0x000000008df1e828}> (0x000000008df1e828) thrown at [src/hotspot/share/prims/jni.cpp, line 617]
Event: 3600.217 Thread 0x00000244369aa800 Exception <a 'sun/nio/fs/WindowsException'{0x000000008df1fc20}> (0x000000008df1fc20) thrown at [src/hotspot/share/prims/jni.cpp, line 617]
Event: 3600.217 Thread 0x00000244369aa800 Exception <a 'sun/nio/fs/WindowsException'{0x000000008df21018}> (0x000000008df21018) thrown at [src/hotspot/share/prims/jni.cpp, line 617]

Events (20 events):
Event: 3599.845 Thread 0x00000244344f9800 Thread added: 0x00000244344f9800
Event: 3599.845 Thread 0x00000244344fb800 Thread added: 0x00000244344fb800
Event: 3599.845 Thread 0x00000244344fc000 Thread added: 0x00000244344fc000
Event: 3599.845 Thread 0x00000244344fd000 Thread added: 0x00000244344fd000
Event: 3599.845 Thread 0x00000244344f7000 Thread added: 0x00000244344f7000
Event: 3599.846 Thread 0x0000024434501000 Thread added: 0x0000024434501000
Event: 3599.846 Thread 0x0000024434500000 Thread added: 0x0000024434500000
Event: 3599.846 Thread 0x000002442ce6d000 Thread added: 0x000002442ce6d000
Event: 3599.848 Thread 0x000002442ce6d800 Thread added: 0x000002442ce6d800
Event: 3599.848 Thread 0x000002442ce69000 Thread added: 0x000002442ce69000
Event: 3599.848 Thread 0x000002442ce6f800 Thread added: 0x000002442ce6f800
Event: 3599.848 Thread 0x000002442ce69800 Thread added: 0x000002442ce69800
Event: 3599.848 Thread 0x000002442ce73800 Thread added: 0x000002442ce73800
Event: 3599.849 Thread 0x000002442ce74800 Thread added: 0x000002442ce74800
Event: 3599.849 Thread 0x000002442ce70000 Thread added: 0x000002442ce70000
Event: 3599.849 Thread 0x000002442ce72000 Thread added: 0x000002442ce72000
Event: 3600.055 Executing VM operation: G1CollectForAllocation
Event: 3600.072 Executing VM operation: G1CollectForAllocation done
Event: 3600.322 Thread 0x000002442c432000 Thread added: 0x000002442c432000
Event: 3600.339 Executing VM operation: CGC_Operation


Dynamic libraries:
0x00007ff6b3290000 - 0x00007ff6b329a000 	C:\Program Files\Android\Android Studio\jbr\bin\java.exe
0x00007ffce5e50000 - 0x00007ffce6048000 	C:\Windows\SYSTEM32\ntdll.dll
0x00007ffce3e90000 - 0x00007ffce3f4f000 	C:\Windows\System32\KERNEL32.DLL
0x00007ffce39a0000 - 0x00007ffce3c72000 	C:\Windows\System32\KERNELBASE.dll
0x00007ffce3d90000 - 0x00007ffce3e90000 	C:\Windows\System32\ucrtbase.dll
0x00007ffcca670000 - 0x00007ffcca687000 	C:\Program Files\Android\Android Studio\jbr\bin\jli.dll
0x00007ffce49b0000 - 0x00007ffce4b51000 	C:\Windows\System32\USER32.dll
0x00007ffce3590000 - 0x00007ffce35b2000 	C:\Windows\System32\win32u.dll
0x00007ffcca460000 - 0x00007ffcca47b000 	C:\Program Files\Android\Android Studio\jbr\bin\VCRUNTIME140.dll
0x00007ffce45e0000 - 0x00007ffce460b000 	C:\Windows\System32\GDI32.dll
0x00007ffce35c0000 - 0x00007ffce36cf000 	C:\Windows\System32\gdi32full.dll
0x00007ffcd2670000 - 0x00007ffcd290a000 	C:\Windows\WinSxS\amd64_microsoft.windows.common-controls_6595b64144ccf1df_6.0.19041.1110_none_60b5254171f9507e\COMCTL32.dll
0x00007ffce3cf0000 - 0x00007ffce3d8d000 	C:\Windows\System32\msvcp_win.dll
0x00007ffce46a0000 - 0x00007ffce473e000 	C:\Windows\System32\msvcrt.dll
0x00007ffce48e0000 - 0x00007ffce4912000 	C:\Windows\System32\IMM32.DLL
0x00007ffcba640000 - 0x00007ffcba6cd000 	C:\Program Files\Android\Android Studio\jbr\bin\msvcp140.dll
0x00007ffcdf060000 - 0x00007ffcdf06c000 	C:\Windows\SYSTEM32\VCRUNTIME140_1.dll
0x00007ffc7ed70000 - 0x00007ffc7f92c000 	C:\Program Files\Android\Android Studio\jbr\bin\server\jvm.dll
0x00007ffce57b0000 - 0x00007ffce585e000 	C:\Windows\System32\ADVAPI32.dll
0x00007ffce4150000 - 0x00007ffce41ec000 	C:\Windows\System32\sechost.dll
0x00007ffce47a0000 - 0x00007ffce48c5000 	C:\Windows\System32\RPCRT4.dll
0x00007ffce52b0000 - 0x00007ffce52b8000 	C:\Windows\System32\PSAPI.DLL
0x00007ffcdf070000 - 0x00007ffcdf079000 	C:\Windows\SYSTEM32\WSOCK32.dll
0x00007ffce4940000 - 0x00007ffce49ab000 	C:\Windows\System32\WS2_32.dll
0x00007ffcd8bd0000 - 0x00007ffcd8bf7000 	C:\Windows\SYSTEM32\WINMM.dll
0x00007ffcdd640000 - 0x00007ffcdd64a000 	C:\Windows\SYSTEM32\VERSION.dll
0x00007ffce1420000 - 0x00007ffce1432000 	C:\Windows\SYSTEM32\kernel.appcore.dll
0x00007ffcdef90000 - 0x00007ffcdefa0000 	C:\Program Files\Android\Android Studio\jbr\bin\verify.dll
0x00007ffcce580000 - 0x00007ffcce764000 	C:\Windows\SYSTEM32\DBGHELP.DLL
0x00007ffcce470000 - 0x00007ffcce4a5000 	C:\Windows\SYSTEM32\dbgcore.DLL
0x00007ffce3700000 - 0x00007ffce3782000 	C:\Windows\System32\bcryptPrimitives.dll
0x00007ffcdeb30000 - 0x00007ffcdeb58000 	C:\Program Files\Android\Android Studio\jbr\bin\java.dll
0x00007ffcdef80000 - 0x00007ffcdef8a000 	C:\Program Files\Android\Android Studio\jbr\bin\jimage.dll
0x00007ffcd18c0000 - 0x00007ffcd18d8000 	C:\Program Files\Android\Android Studio\jbr\bin\zip.dll
0x00007ffce4b60000 - 0x00007ffce52a4000 	C:\Windows\System32\SHELL32.dll
0x00007ffce1620000 - 0x00007ffce1db2000 	C:\Windows\SYSTEM32\windows.storage.dll
0x00007ffce53f0000 - 0x00007ffce5745000 	C:\Windows\System32\combase.dll
0x00007ffce2ec0000 - 0x00007ffce2ef0000 	C:\Windows\SYSTEM32\Wldp.dll
0x00007ffce41f0000 - 0x00007ffce429d000 	C:\Windows\System32\SHCORE.dll
0x00007ffce4350000 - 0x00007ffce43a5000 	C:\Windows\System32\shlwapi.dll
0x00007ffce3480000 - 0x00007ffce349f000 	C:\Windows\SYSTEM32\profapi.dll
0x00007ffcd18a0000 - 0x00007ffcd18b9000 	C:\Program Files\Android\Android Studio\jbr\bin\net.dll
0x00007ffcdbca0000 - 0x00007ffcdbdac000 	C:\Windows\SYSTEM32\WINHTTP.dll
0x00007ffce2c20000 - 0x00007ffce2c8a000 	C:\Windows\system32\mswsock.dll
0x00007ffcd1800000 - 0x00007ffcd1813000 	C:\Program Files\Android\Android Studio\jbr\bin\nio.dll
0x00007ffccd5b0000 - 0x00007ffccd5d7000 	C:\Users\Administrator\.gradle\native\e1d6ef7f7dcc3fd88c89a11ec53ec762bb8ba0a96d01ffa2cd45eb1d1d8dd5c5\windows-amd64\native-platform.dll
0x00007ffc9f010000 - 0x00007ffc9f154000 	C:\Users\Administrator\.gradle\native\0d407fdbe67a94daf76414ababcb853783967236a71b16ec16e742cd7a986fd3\windows-amd64\native-platform-file-events.dll
0x00007ffcdef70000 - 0x00007ffcdef7a000 	C:\Program Files\Android\Android Studio\jbr\bin\management.dll
0x00007ffcdbf50000 - 0x00007ffcdbf5b000 	C:\Program Files\Android\Android Studio\jbr\bin\management_ext.dll
0x00007ffce2e10000 - 0x00007ffce2e28000 	C:\Windows\SYSTEM32\CRYPTSP.dll
0x00007ffce2540000 - 0x00007ffce2574000 	C:\Windows\system32\rsaenh.dll
0x00007ffce36d0000 - 0x00007ffce36f7000 	C:\Windows\System32\bcrypt.dll
0x00007ffce3440000 - 0x00007ffce346e000 	C:\Windows\SYSTEM32\USERENV.dll
0x00007ffce2e30000 - 0x00007ffce2e3c000 	C:\Windows\SYSTEM32\CRYPTBASE.dll
0x00007ffce2910000 - 0x00007ffce294b000 	C:\Windows\SYSTEM32\IPHLPAPI.DLL
0x00007ffce5990000 - 0x00007ffce5998000 	C:\Windows\System32\NSI.dll
0x00007ffcdcd70000 - 0x00007ffcdcd87000 	C:\Windows\SYSTEM32\dhcpcsvc6.DLL
0x00007ffcdd100000 - 0x00007ffcdd11d000 	C:\Windows\SYSTEM32\dhcpcsvc.DLL
0x00007ffce2950000 - 0x00007ffce2a1a000 	C:\Windows\SYSTEM32\DNSAPI.dll
0x00007ffce2660000 - 0x00007ffce2693000 	C:\Windows\SYSTEM32\ntmarta.dll
0x00007ffcc5150000 - 0x00007ffcc516e000 	C:\Users\Administrator\AppData\Local\Temp\native-platform13659790343769974972dir\native-platform.dll
0x00007ffcca660000 - 0x00007ffcca667000 	C:\Program Files\Android\Android Studio\jbr\bin\rmi.dll
0x00007ffccf3c0000 - 0x00007ffccf3e7000 	C:\Program Files\Android\Android Studio\jbr\bin\sunec.dll

dbghelp: loaded successfully - version: 4.0.5 - missing functions: none
symbol engine: initialized successfully - sym options: 0x614 - pdb path: .;C:\Program Files\Android\Android Studio\jbr\bin;C:\Windows\SYSTEM32;C:\Windows\WinSxS\amd64_microsoft.windows.common-controls_6595b64144ccf1df_6.0.19041.1110_none_60b5254171f9507e;C:\Program Files\Android\Android Studio\jbr\bin\server;C:\Users\Administrator\.gradle\native\e1d6ef7f7dcc3fd88c89a11ec53ec762bb8ba0a96d01ffa2cd45eb1d1d8dd5c5\windows-amd64;C:\Users\Administrator\.gradle\native\0d407fdbe67a94daf76414ababcb853783967236a71b16ec16e742cd7a986fd3\windows-amd64;C:\Users\Administrator\AppData\Local\Temp\native-platform13659790343769974972dir

VM Arguments:
jvm_args: --add-opens=java.base/java.util=ALL-UNNAMED --add-opens=java.base/java.lang=ALL-UNNAMED --add-opens=java.base/java.lang.invoke=ALL-UNNAMED --add-opens=java.base/java.util=ALL-UNNAMED --add-opens=java.prefs/java.util.prefs=ALL-UNNAMED --add-opens=java.prefs/java.util.prefs=ALL-UNNAMED --add-opens=java.base/java.nio.charset=ALL-UNNAMED --add-opens=java.base/java.net=ALL-UNNAMED --add-opens=java.base/java.util.concurrent.atomic=ALL-UNNAMED -Xmx2048m -Dfile.encoding=UTF-8 -Duser.country=US -Duser.language=en -Duser.variant 
java_command: org.gradle.launcher.daemon.bootstrap.GradleDaemon 7.4
java_class_path (initial): C:\Users\Administrator\.gradle\wrapper\dists\gradle-7.4-bin\c0gwcg53nkjbqw7r0h0umtfvt\gradle-7.4\lib\gradle-launcher-7.4.jar
Launcher Type: SUN_STANDARD

[Global flags]
     intx CICompilerCount                          = 3                                         {product} {ergonomic}
     uint ConcGCThreads                            = 1                                         {product} {ergonomic}
     uint G1ConcRefinementThreads                  = 4                                         {product} {ergonomic}
   size_t G1HeapRegionSize                         = 1048576                                   {product} {ergonomic}
    uintx GCDrainStackTargetSize                   = 64                                        {product} {ergonomic}
   size_t InitialHeapSize                          = 201326592                                 {product} {ergonomic}
   size_t MarkStackSize                            = 4194304                                   {product} {ergonomic}
   size_t MaxHeapSize                              = 2147483648                                {product} {command line}
   size_t MaxNewSize                               = 1287651328                                {product} {ergonomic}
   size_t MinHeapDeltaBytes                        = 1048576                                   {product} {ergonomic}
    uintx NonNMethodCodeHeapSize                   = 5830732                                {pd product} {ergonomic}
    uintx NonProfiledCodeHeapSize                  = 122913754                              {pd product} {ergonomic}
    uintx ProfiledCodeHeapSize                     = 122913754                              {pd product} {ergonomic}
    uintx ReservedCodeCacheSize                    = 251658240                              {pd product} {ergonomic}
     bool SegmentedCodeCache                       = true                                      {product} {ergonomic}
     bool UseCompressedClassPointers               = true                                 {lp64_product} {ergonomic}
     bool UseCompressedOops                        = true                                 {lp64_product} {ergonomic}
     bool UseG1GC                                  = true                                      {product} {ergonomic}
     bool UseLargePagesIndividualAllocation        = false                                  {pd product} {ergonomic}

Logging:
Log output configuration:
 #0: stdout all=warning uptime,level,tags
 #1: stderr all=off uptime,level,tags

Environment Variables:
PATH=C:\Program Files\Common Files\Oracle\Java\javapath;C:\Windows\system32;C:\Windows;C:\Windows\System32\Wbem;C:\Windows\System32\WindowsPowerShell\v1.0\;C:\Windows\System32\OpenSSH\;C:\Program Files\Git\cmd;C:\Users\Administrator\AppData\Local\Microsoft\WindowsApps;D:\Microsoft VS Code\bin;C:\Program Files\Java\jdk-19\bin;;C:\Program Files\JetBrains\IntelliJ IDEA Community Edition 2022.3.1\bin;
USERNAME=Administrator
OS=Windows_NT
PROCESSOR_IDENTIFIER=Intel64 Family 6 Model 158 Stepping 9, GenuineIntel



---------------  S Y S T E M  ---------------

OS: Windows 10 , 64 bit Build 19041 (10.0.19041.2364)
OS uptime: 0 days 2:33 hours

CPU:total 4 (initial active 4) (2 cores per cpu, 2 threads per core) family 6 model 158 stepping 9 microcode 0xb4, cmov, cx8, fxsr, mmx, sse, sse2, sse3, ssse3, sse4.1, sse4.2, popcnt, avx, avx2, aes, clmul, erms, 3dnowpref, lzcnt, ht, tsc, tscinvbit, bmi1, bmi2, adx, fma

Memory: 4k page, system-wide physical 12246M (2754M free)
TotalPageFile size 15958M (AvailPageFile size 3817M)
current process WorkingSet (physical memory assigned to process): 372M, peak: 612M
current process commit charge ("private bytes"): 640M, peak: 644M

vm_info: OpenJDK 64-Bit Server VM (11.0.15+0-b2043.56-8887301) for windows-amd64 JRE (11.0.15+0-b2043.56-8887301), built on Jul 29 2022 23:19:47 by "builduser" with unknown MS VC++:1929

END.
