#
# A fatal error has been detected by the Java Runtime Environment:
#
#  EXCEPTION_ACCESS_VIOLATION (0xc0000005) at pc=0x00007ffc6dfb2346, pid=7904, tid=436
#
# JRE version: OpenJDK Runtime Environment (11.0.13) (build 11.0.13+0-b1751.21-8125866)
# Java VM: OpenJDK 64-Bit Server VM (11.0.13+0-b1751.21-8125866, mixed mode, tiered, compressed oops, g1 gc, windows-amd64)
# Problematic frame:
# V  [jvm.dll+0x192346]
#
# No core dump will be written. Minidumps are not enabled by default on client versions of Windows
#
# If you would like to submit a bug report, please visit:
#   https://bugreport.java.com/bugreport/crash.jsp
#

---------------  S U M M A R Y ------------

Command Line: --add-opens=java.base/java.util=ALL-UNNAMED --add-opens=java.base/java.lang=ALL-UNNAMED --add-opens=java.base/java.lang.invoke=ALL-UNNAMED --add-opens=java.base/java.util=ALL-UNNAMED --add-opens=java.prefs/java.util.prefs=ALL-UNNAMED --add-opens=java.prefs/java.util.prefs=ALL-UNNAMED --add-opens=java.base/java.nio.charset=ALL-UNNAMED --add-opens=java.base/java.net=ALL-UNNAMED --add-opens=java.base/java.util.concurrent.atomic=ALL-UNNAMED -Xmx2048m -Dfile.encoding=UTF-8 -Duser.country=US -Duser.language=en -Duser.variant org.gradle.launcher.daemon.bootstrap.GradleDaemon 7.4

Host: Intel(R) Core(TM) i3-7100 CPU @ 3.90GHz, 4 cores, 11G,  Windows 10 , 64 bit Build 19041 (10.0.19041.2364)
Time: Sun Jan 22 22:52:51 2023 Bangladesh Standard Time elapsed time: 6.585488 seconds (0d 0h 0m 6s)

---------------  T H R E A D  ---------------

Current thread (0x0000029e73f90000):  GCTaskThread "GC Thread#2" [stack: 0x000000e408900000,0x000000e408a00000] [id=436]

Stack: [0x000000e408900000,0x000000e408a00000],  sp=0x000000e4089ff6a8,  free space=1021k
Native frames: (J=compiled Java code, j=interpreted, Vv=VM code, C=native code)
V  [jvm.dll+0x192346]


siginfo: EXCEPTION_ACCESS_VIOLATION (0xc0000005), reading address 0x0000000000000090


Register to memory mapping:

RIP=0x00007ffc6dfb2346 jvm.dll
RAX=0x0000000000000001 is an unknown value
RBX=0x000000008205193c is pointing into object: java.lang.reflect.Method 
{0x0000000082051908} - klass: 'java/lang/reflect/Method'
RCX=0x0000000086c2cbc8 is pointing into object: java.lang.reflect.Method 
{0x0000000086c2cb78} - klass: 'java/lang/reflect/Method'
RDX=0x0000000086c2cbc8 is pointing into object: java.lang.reflect.Method 
{0x0000000086c2cb78} - klass: 'java/lang/reflect/Method'
RSP=0x000000e4089ff6a8 points into unknown readable memory: 0x00007ffc6e12a34c | 4c a3 12 6e fc 7f 00 00
RBP=0x0 is NULL
RSI=0x0000029e775e4240 points into unknown readable memory: 0x00007ffc6e66d828 | 28 d8 66 6e fc 7f 00 00
RDI=0x0000029e775e4240 points into unknown readable memory: 0x00007ffc6e66d828 | 28 d8 66 6e fc 7f 00 00
R8 =0x0000000086c2cbc8 is pointing into object: java.lang.reflect.Method 
{0x0000000086c2cb78} - klass: 'java/lang/reflect/Method'
R9 =0x0000000000000088 is an unknown value
R10=0x0000000086c2cbc8 is pointing into object: java.lang.reflect.Method 
{0x0000000086c2cb78} - klass: 'java/lang/reflect/Method'
R11=0x0000029e775e43b0 points into unknown readable memory: 0x00007ffc6e66d7e0 | e0 d7 66 6e fc 7f 00 00
R12=0x0 is NULL
R13=0x0 is NULL
R14=0x0000029e57308260 points into unknown readable memory: 0x0000024e00000369 | 69 03 00 00 4e 02 00 00
R15=0x0000000086c2cbc8 is pointing into object: java.lang.reflect.Method 
{0x0000000086c2cb78} - klass: 'java/lang/reflect/Method'


Registers:
RAX=0x0000000000000001, RBX=0x000000008205193c, RCX=0x0000000086c2cbc8, RDX=0x0000000086c2cbc8
RSP=0x000000e4089ff6a8, RBP=0x0000000000000000, RSI=0x0000029e775e4240, RDI=0x0000029e775e4240
R8 =0x0000000086c2cbc8, R9 =0x0000000000000088, R10=0x0000000086c2cbc8, R11=0x0000029e775e43b0
R12=0x0000000000000000, R13=0x0000000000000000, R14=0x0000029e57308260, R15=0x0000000086c2cbc8
RIP=0x00007ffc6dfb2346, EFLAGS=0x0000000000010206

Top of Stack: (sp=0x000000e4089ff6a8)
0x000000e4089ff6a8:   00007ffc6e12a34c 0000000000000002
0x000000e4089ff6b8:   0000000000000015 0000029e775e4240
0x000000e4089ff6c8:   00000000820413b5 0000029e573081e0
0x000000e4089ff6d8:   0000000000000000 0000000a775e43b0
0x000000e4089ff6e8:   0000000000000015 0000000000000000
0x000000e4089ff6f8:   0000029e775e4240 0000000000000040
0x000000e4089ff708:   0000029e57308260 0000000000000000
0x000000e4089ff718:   0000029e775e4240 0000000000000020
0x000000e4089ff728:   00007ffc6e0fbe62 0000029e775e4240
0x000000e4089ff738:   0000000000000001 0000000000000154
0x000000e4089ff748:   000000008205193c 0000029e573081e0
0x000000e4089ff758:   00007ffc6e12889b 00000000000003b5
0x000000e4089ff768:   00000000000003c1 0000029e775e43b0
0x000000e4089ff778:   00007ffc6e0fed24 000000008204c940
0x000000e4089ff788:   000000008204f851 0000000000000000
0x000000e4089ff798:   00007ffc6e429e9f 000000e4089ff840 

Instructions: (pc=0x00007ffc6dfb2346)
0x00007ffc6dfb2246:   48 89 5c 24 20 e8 f0 00 00 00 80 7f 30 00 48 63
0x00007ffc6dfb2256:   c8 48 89 4c 24 28 0f 28 44 24 20 74 17 0f 11 86
0x00007ffc6dfb2266:   98 03 00 00 48 8b 5c 24 40 48 8b 74 24 48 48 83
0x00007ffc6dfb2276:   c4 30 5f c3 48 8b 07 48 8d 54 24 20 48 8b cf 66
0x00007ffc6dfb2286:   0f 7f 44 24 20 ff 50 38 48 8b 5c 24 40 48 8b 74
0x00007ffc6dfb2296:   24 48 48 83 c4 30 5f c3 cc cc 40 53 48 83 ec 30
0x00007ffc6dfb22a6:   0f 10 82 98 03 00 00 48 8b da 0f 10 c8 66 0f 73
0x00007ffc6dfb22b6:   d9 08 66 48 0f 7e c8 48 85 c0 74 28 48 8b 01 48
0x00007ffc6dfb22c6:   8d 54 24 20 0f 29 44 24 20 ff 50 40 33 c0 48 89
0x00007ffc6dfb22d6:   44 24 20 48 89 44 24 28 0f 10 44 24 20 0f 11 83
0x00007ffc6dfb22e6:   98 03 00 00 48 83 c4 30 5b c3 48 8b 49 38 48 8b
0x00007ffc6dfb22f6:   01 48 ff 60 28 cc cc cc cc cc 80 3d d2 5e 89 00
0x00007ffc6dfb2306:   00 48 8b c1 74 1b 8b 51 08 8b 0d 03 cb 84 00 48
0x00007ffc6dfb2316:   d3 e2 48 8b c8 48 03 15 ee ca 84 00 e9 19 00 00
0x00007ffc6dfb2326:   00 48 8b 51 08 48 8b c8 e9 0d 00 00 00 cc cc cc
0x00007ffc6dfb2336:   cc cc cc cc cc cc cc cc cc cc 4c 8b ca 48 8b d1
0x00007ffc6dfb2346:   45 8b 41 08 45 85 c0 7e 0e 41 f6 c0 01 75 59 41
0x00007ffc6dfb2356:   c1 f8 03 41 8b c0 c3 79 4f 80 3d 73 5e 89 00 00
0x00007ffc6dfb2366:   b8 0c 00 00 00 b9 10 00 00 00 0f 45 c8 8b 05 1b
0x00007ffc6dfb2376:   14 83 00 ff c8 4c 63 c8 48 63 c1 41 8b c8 83 e1
0x00007ffc6dfb2386:   3f 48 63 14 10 41 8b c0 48 c1 f8 10 0f b6 c0 48
0x00007ffc6dfb2396:   d3 e2 49 8d 0c 11 49 f7 d1 48 03 c1 49 c1 e9 03
0x00007ffc6dfb23a6:   48 c1 e8 03 41 23 c1 c3 49 8b 01 49 8b c9 48 ff
0x00007ffc6dfb23b6:   a0 10 01 00 00 cc cc cc cc cc 48 8b c2 c3 cc cc
0x00007ffc6dfb23c6:   cc cc cc cc cc cc cc cc cc cc 48 83 ec 38 48 8b
0x00007ffc6dfb23d6:   41 38 80 78 08 00 74 00 0f 10 02 48 8b 49 38 48
0x00007ffc6dfb23e6:   8d 54 24 20 0f 29 44 24 20 e8 3c f0 ff ff 48 83
0x00007ffc6dfb23f6:   c4 38 c3 cc cc cc cc cc cc cc 48 83 ec 38 0f 10
0x00007ffc6dfb2406:   02 48 8b 01 48 8d 54 24 20 0f 29 44 24 20 ff 50
0x00007ffc6dfb2416:   38 48 83 c4 38 c3 cc cc cc cc 48 89 5c 24 08 55
0x00007ffc6dfb2426:   56 57 41 54 41 55 41 56 41 57 48 8d 6c 24 e0 48
0x00007ffc6dfb2436:   81 ec 20 01 00 00 48 8b 05 4d 51 86 00 48 33 c4 


Stack slot to memory mapping:
stack at sp + 0 slots: 0x00007ffc6e12a34c jvm.dll
stack at sp + 1 slots: 0x0000000000000002 is an unknown value
stack at sp + 2 slots: 0x0000000000000015 is an unknown value
stack at sp + 3 slots: 0x0000029e775e4240 points into unknown readable memory: 0x00007ffc6e66d828 | 28 d8 66 6e fc 7f 00 00
stack at sp + 4 slots: 0x00000000820413b5 is pointing into object: [Ljdk.internal.math.FDBigInteger; 
{0x0000000082040e58} - klass: 'jdk/internal/math/FDBigInteger'[]
 - length: 340
stack at sp + 5 slots: 0x0000029e573081e0 points into unknown readable memory: 0x00000000000003b5 | b5 03 00 00 00 00 00 00
stack at sp + 6 slots: 0x0 is NULL
stack at sp + 7 slots: 0x0000000a775e43b0 is an unknown value


---------------  P R O C E S S  ---------------

Threads class SMR info:
_java_thread_list=0x0000029e78d3b7f0, length=79, elements={
0x0000029e58c9c000, 0x0000029e73061800, 0x0000029e73065800, 0x0000029e738b9800,
0x0000029e738ba800, 0x0000029e738bf000, 0x0000029e738c3000, 0x0000029e738c8000,
0x0000029e738d5000, 0x0000029e73a19800, 0x0000029e746a0800, 0x0000029e75e4a000,
0x0000029e76242000, 0x0000029e75846000, 0x0000029e75b74800, 0x0000029e75edd000,
0x0000029e76ebc800, 0x0000029e75c1a800, 0x0000029e76f09800, 0x0000029e75b7f000,
0x0000029e75294000, 0x0000029e763bd800, 0x0000029e763c4000, 0x0000029e763c0800,
0x0000029e763be000, 0x0000029e763c2800, 0x0000029e763bf000, 0x0000029e763c0000,
0x0000029e763c1800, 0x0000029e763c3000, 0x0000029e76b2a000, 0x0000029e76b27800,
0x0000029e76b2d000, 0x0000029e76b2f000, 0x0000029e76b2b800, 0x0000029e76b29000,
0x0000029e76b30800, 0x0000029e76b2f800, 0x0000029e76b2a800, 0x0000029e76b33000,
0x0000029e76b36000, 0x0000029e76b32000, 0x0000029e76b33800, 0x0000029e76b31000,
0x0000029e76b34800, 0x0000029e76b35800, 0x0000029e79365000, 0x0000029e7936a000,
0x0000029e79364000, 0x0000029e79366800, 0x0000029e79367800, 0x0000029e79368800,
0x0000029e79369000, 0x0000029e7936a800, 0x0000029e7936b800, 0x0000029e79366000,
0x0000029e7936c800, 0x0000029e7936d000, 0x0000029e7936e000, 0x0000029e79370800,
0x0000029e79371000, 0x0000029e7936f800, 0x0000029e7936f000, 0x0000029e79372000,
0x0000029e79373000, 0x0000029e793cb000, 0x0000029e793cc000, 0x0000029e793cd000,
0x0000029e793cd800, 0x0000029e793ca800, 0x0000029e793ce800, 0x0000029e793d0000,
0x0000029e793d4000, 0x0000029e793d5000, 0x0000029e793d2800, 0x0000029e793d1000,
0x0000029e793d1800, 0x0000029e793d3800, 0x0000029e793cf800
}

Java Threads: ( => current thread )
  0x0000029e58c9c000 JavaThread "main" [_thread_blocked, id=3900, stack(0x000000e407600000,0x000000e407700000)]
  0x0000029e73061800 JavaThread "Reference Handler" daemon [_thread_blocked, id=1352, stack(0x000000e407d00000,0x000000e407e00000)]
  0x0000029e73065800 JavaThread "Finalizer" daemon [_thread_blocked, id=6436, stack(0x000000e407e00000,0x000000e407f00000)]
  0x0000029e738b9800 JavaThread "Signal Dispatcher" daemon [_thread_blocked, id=3596, stack(0x000000e407f00000,0x000000e408000000)]
  0x0000029e738ba800 JavaThread "Attach Listener" daemon [_thread_blocked, id=10224, stack(0x000000e408000000,0x000000e408100000)]
  0x0000029e738bf000 JavaThread "Service Thread" daemon [_thread_blocked, id=6972, stack(0x000000e408100000,0x000000e408200000)]
  0x0000029e738c3000 JavaThread "C2 CompilerThread0" daemon [_thread_blocked, id=9668, stack(0x000000e408200000,0x000000e408300000)]
  0x0000029e738c8000 JavaThread "C1 CompilerThread0" daemon [_thread_blocked, id=7288, stack(0x000000e408300000,0x000000e408400000)]
  0x0000029e738d5000 JavaThread "Sweeper thread" daemon [_thread_blocked, id=9736, stack(0x000000e408400000,0x000000e408500000)]
  0x0000029e73a19800 JavaThread "Common-Cleaner" daemon [_thread_blocked, id=9412, stack(0x000000e408500000,0x000000e408600000)]
  0x0000029e746a0800 JavaThread "C2 CompilerThread1" daemon [_thread_in_native, id=9124, stack(0x000000e408700000,0x000000e408800000)]
  0x0000029e75e4a000 JavaThread "Daemon health stats" [_thread_blocked, id=8172, stack(0x000000e408b00000,0x000000e408c00000)]
  0x0000029e76242000 JavaThread "Incoming local TCP Connector on port 53982" [_thread_in_native, id=1808, stack(0x000000e408c00000,0x000000e408d00000)]
  0x0000029e75846000 JavaThread "Daemon periodic checks" [_thread_blocked, id=6664, stack(0x000000e408d00000,0x000000e408e00000)]
  0x0000029e75b74800 JavaThread "Daemon" [_thread_blocked, id=8844, stack(0x000000e408e00000,0x000000e408f00000)]
  0x0000029e75edd000 JavaThread "Handler for socket connection from /127.0.0.1:53982 to /127.0.0.1:53983" [_thread_in_native, id=5084, stack(0x000000e408f00000,0x000000e409000000)]
  0x0000029e76ebc800 JavaThread "Cancel handler" [_thread_blocked, id=4088, stack(0x000000e409000000,0x000000e409100000)]
  0x0000029e75c1a800 JavaThread "Daemon worker" [_thread_blocked, id=7120, stack(0x000000e409100000,0x000000e409200000)]
  0x0000029e76f09800 JavaThread "Asynchronous log dispatcher for DefaultDaemonConnection: socket connection from /127.0.0.1:53982 to /127.0.0.1:53983" [_thread_blocked, id=9368, stack(0x000000e409200000,0x000000e409300000)]
  0x0000029e75b7f000 JavaThread "Stdin handler" [_thread_blocked, id=1072, stack(0x000000e409300000,0x000000e409400000)]
  0x0000029e75294000 JavaThread "Daemon client event forwarder" [_thread_blocked, id=6668, stack(0x000000e409400000,0x000000e409500000)]
  0x0000029e763bd800 JavaThread "Cache worker for journal cache (C:\Users\Administrator\.gradle\caches\journal-1)" [_thread_blocked, id=1612, stack(0x000000e409500000,0x000000e409600000)]
  0x0000029e763c4000 JavaThread "File lock request listener" [_thread_in_native, id=7948, stack(0x000000e409600000,0x000000e409700000)]
  0x0000029e763c0800 JavaThread "Cache worker for file hash cache (C:\Users\Administrator\.gradle\caches\7.4\fileHashes)" [_thread_blocked, id=9708, stack(0x000000e409700000,0x000000e409800000)]
  0x0000029e763be000 JavaThread "File watcher server" daemon [_thread_in_native, id=8132, stack(0x000000e409800000,0x000000e409900000)]
  0x0000029e763c2800 JavaThread "File watcher consumer" daemon [_thread_blocked, id=2112, stack(0x000000e409900000,0x000000e409a00000)]
  0x0000029e763bf000 JavaThread "Cache worker for checksums cache (P:\NavigationComponent\.gradle\7.4\checksums)" [_thread_blocked, id=10664, stack(0x000000e409a00000,0x000000e409b00000)]
  0x0000029e763c0000 JavaThread "Cache worker for cache directory md-rule (C:\Users\Administrator\.gradle\caches\7.4\md-rule)" [_thread_blocked, id=9456, stack(0x000000e409b00000,0x000000e409c00000)]
  0x0000029e763c1800 JavaThread "Cache worker for file hash cache (P:\NavigationComponent\.gradle\7.4\fileHashes)" [_thread_blocked, id=8604, stack(0x000000e409c00000,0x000000e409d00000)]
  0x0000029e763c3000 JavaThread "Cache worker for cache directory md-supplier (C:\Users\Administrator\.gradle\caches\7.4\md-supplier)" [_thread_blocked, id=8704, stack(0x000000e409d00000,0x000000e409e00000)]
  0x0000029e76b2a000 JavaThread "Cache worker for execution history cache (C:\Users\Administrator\.gradle\caches\7.4\executionHistory)" [_thread_blocked, id=6004, stack(0x000000e409e00000,0x000000e409f00000)]
  0x0000029e76b27800 JavaThread "jar transforms" [_thread_blocked, id=6492, stack(0x000000e409f00000,0x000000e40a000000)]
  0x0000029e76b2d000 JavaThread "Cache worker for file content cache (C:\Users\Administrator\.gradle\caches\7.4\fileContent)" [_thread_blocked, id=316, stack(0x000000e40a000000,0x000000e40a100000)]
  0x0000029e76b2f000 JavaThread "jar transforms Thread 2" [_thread_blocked, id=4972, stack(0x000000e40a100000,0x000000e40a200000)]
  0x0000029e76b2b800 JavaThread "Cache worker for dependencies-accessors (P:\NavigationComponent\.gradle\7.4\dependencies-accessors)" [_thread_blocked, id=5752, stack(0x000000e40a200000,0x000000e40a300000)]
  0x0000029e76b29000 JavaThread "jar transforms Thread 3" [_thread_blocked, id=9364, stack(0x000000e40a300000,0x000000e40a400000)]
  0x0000029e76b30800 JavaThread "Cache worker for Build Output Cleanup Cache (P:\NavigationComponent\.gradle\buildOutputCleanup)" [_thread_blocked, id=6844, stack(0x000000e40a400000,0x000000e40a500000)]
  0x0000029e76b2f800 JavaThread "Unconstrained build operations" [_thread_blocked, id=3220, stack(0x000000e40a500000,0x000000e40a600000)]
  0x0000029e76b2a800 JavaThread "Unconstrained build operations Thread 2" [_thread_blocked, id=3988, stack(0x000000e40a600000,0x000000e40a700000)]
  0x0000029e76b33000 JavaThread "Unconstrained build operations Thread 3" [_thread_blocked, id=188, stack(0x000000e40a700000,0x000000e40a800000)]
  0x0000029e76b36000 JavaThread "Unconstrained build operations Thread 4" [_thread_blocked, id=1204, stack(0x000000e40a800000,0x000000e40a900000)]
  0x0000029e76b32000 JavaThread "Unconstrained build operations Thread 5" [_thread_blocked, id=4392, stack(0x000000e40a900000,0x000000e40aa00000)]
  0x0000029e76b33800 JavaThread "Unconstrained build operations Thread 6" [_thread_blocked, id=10680, stack(0x000000e40aa00000,0x000000e40ab00000)]
  0x0000029e76b31000 JavaThread "Unconstrained build operations Thread 7" [_thread_blocked, id=10360, stack(0x000000e40ab00000,0x000000e40ac00000)]
  0x0000029e76b34800 JavaThread "Unconstrained build operations Thread 8" [_thread_blocked, id=5984, stack(0x000000e40ac00000,0x000000e40ad00000)]
  0x0000029e76b35800 JavaThread "Unconstrained build operations Thread 9" [_thread_blocked, id=4672, stack(0x000000e40ad00000,0x000000e40ae00000)]
  0x0000029e79365000 JavaThread "Unconstrained build operations Thread 10" [_thread_blocked, id=10980, stack(0x000000e40ae00000,0x000000e40af00000)]
  0x0000029e7936a000 JavaThread "Unconstrained build operations Thread 11" [_thread_blocked, id=236, stack(0x000000e40af00000,0x000000e40b000000)]
  0x0000029e79364000 JavaThread "Unconstrained build operations Thread 12" [_thread_blocked, id=3644, stack(0x000000e40b000000,0x000000e40b100000)]
  0x0000029e79366800 JavaThread "Unconstrained build operations Thread 13" [_thread_blocked, id=5576, stack(0x000000e40b100000,0x000000e40b200000)]
  0x0000029e79367800 JavaThread "Unconstrained build operations Thread 14" [_thread_blocked, id=9664, stack(0x000000e40b200000,0x000000e40b300000)]
  0x0000029e79368800 JavaThread "Unconstrained build operations Thread 15" [_thread_blocked, id=5804, stack(0x000000e40b300000,0x000000e40b400000)]
  0x0000029e79369000 JavaThread "Unconstrained build operations Thread 16" [_thread_blocked, id=10024, stack(0x000000e40b400000,0x000000e40b500000)]
  0x0000029e7936a800 JavaThread "Unconstrained build operations Thread 17" [_thread_blocked, id=5232, stack(0x000000e40b500000,0x000000e40b600000)]
  0x0000029e7936b800 JavaThread "Unconstrained build operations Thread 18" [_thread_blocked, id=1852, stack(0x000000e40b600000,0x000000e40b700000)]
  0x0000029e79366000 JavaThread "Unconstrained build operations Thread 19" [_thread_blocked, id=3156, stack(0x000000e40b700000,0x000000e40b800000)]
  0x0000029e7936c800 JavaThread "Unconstrained build operations Thread 20" [_thread_blocked, id=8884, stack(0x000000e40b800000,0x000000e40b900000)]
  0x0000029e7936d000 JavaThread "Unconstrained build operations Thread 21" [_thread_blocked, id=9768, stack(0x000000e40b900000,0x000000e40ba00000)]
  0x0000029e7936e000 JavaThread "Unconstrained build operations Thread 22" [_thread_blocked, id=2824, stack(0x000000e40ba00000,0x000000e40bb00000)]
  0x0000029e79370800 JavaThread "Unconstrained build operations Thread 23" [_thread_blocked, id=6108, stack(0x000000e40bb00000,0x000000e40bc00000)]
  0x0000029e79371000 JavaThread "Unconstrained build operations Thread 24" [_thread_blocked, id=9084, stack(0x000000e40bc00000,0x000000e40bd00000)]
  0x0000029e7936f800 JavaThread "Unconstrained build operations Thread 25" [_thread_blocked, id=11112, stack(0x000000e40bd00000,0x000000e40be00000)]
  0x0000029e7936f000 JavaThread "Unconstrained build operations Thread 26" [_thread_blocked, id=8424, stack(0x000000e40be00000,0x000000e40bf00000)]
  0x0000029e79372000 JavaThread "Unconstrained build operations Thread 27" [_thread_blocked, id=5520, stack(0x000000e40bf00000,0x000000e40c000000)]
  0x0000029e79373000 JavaThread "Unconstrained build operations Thread 28" [_thread_blocked, id=4640, stack(0x000000e40c000000,0x000000e40c100000)]
  0x0000029e793cb000 JavaThread "Unconstrained build operations Thread 29" [_thread_blocked, id=9044, stack(0x000000e40c100000,0x000000e40c200000)]
  0x0000029e793cc000 JavaThread "Unconstrained build operations Thread 30" [_thread_blocked, id=11080, stack(0x000000e40c200000,0x000000e40c300000)]
  0x0000029e793cd000 JavaThread "Unconstrained build operations Thread 31" [_thread_blocked, id=7068, stack(0x000000e40c300000,0x000000e40c400000)]
  0x0000029e793cd800 JavaThread "Unconstrained build operations Thread 32" [_thread_blocked, id=2460, stack(0x000000e40c400000,0x000000e40c500000)]
  0x0000029e793ca800 JavaThread "Unconstrained build operations Thread 33" [_thread_blocked, id=10932, stack(0x000000e40c500000,0x000000e40c600000)]
  0x0000029e793ce800 JavaThread "Unconstrained build operations Thread 34" [_thread_blocked, id=3704, stack(0x000000e40c600000,0x000000e40c700000)]
  0x0000029e793d0000 JavaThread "Unconstrained build operations Thread 35" [_thread_blocked, id=10512, stack(0x000000e40c700000,0x000000e40c800000)]
  0x0000029e793d4000 JavaThread "Unconstrained build operations Thread 36" [_thread_blocked, id=10200, stack(0x000000e40c800000,0x000000e40c900000)]
  0x0000029e793d5000 JavaThread "Unconstrained build operations Thread 37" [_thread_blocked, id=9620, stack(0x000000e40c900000,0x000000e40ca00000)]
  0x0000029e793d2800 JavaThread "Unconstrained build operations Thread 38" [_thread_blocked, id=8880, stack(0x000000e40ca00000,0x000000e40cb00000)]
  0x0000029e793d1000 JavaThread "Unconstrained build operations Thread 39" [_thread_blocked, id=8896, stack(0x000000e40cb00000,0x000000e40cc00000)]
  0x0000029e793d1800 JavaThread "Unconstrained build operations Thread 40" [_thread_blocked, id=10584, stack(0x000000e40cc00000,0x000000e40cd00000)]
  0x0000029e793d3800 JavaThread "jar transforms Thread 4" [_thread_blocked, id=9528, stack(0x000000e40cd00000,0x000000e40ce00000)]
  0x0000029e793cf800 JavaThread "Memory manager" [_thread_blocked, id=6724, stack(0x000000e40ce00000,0x000000e40cf00000)]

Other Threads:
  0x0000029e7304b800 VMThread "VM Thread" [stack: 0x000000e407c00000,0x000000e407d00000] [id=6752]
  0x0000029e73a33800 WatcherThread [stack: 0x000000e408600000,0x000000e408700000] [id=8952]
  0x0000029e58cb5000 GCTaskThread "GC Thread#0" [stack: 0x000000e407700000,0x000000e407800000] [id=3260]
  0x0000029e73f8f000 GCTaskThread "GC Thread#1" [stack: 0x000000e408800000,0x000000e408900000] [id=6280]
=>0x0000029e73f90000 GCTaskThread "GC Thread#2" [stack: 0x000000e408900000,0x000000e408a00000] [id=436]
  0x0000029e73e06800 GCTaskThread "GC Thread#3" [stack: 0x000000e408a00000,0x000000e408b00000] [id=9036]
  0x0000029e58ce4000 ConcurrentGCThread "G1 Main Marker" [stack: 0x000000e407800000,0x000000e407900000] [id=8432]
  0x0000029e58ce5800 ConcurrentGCThread "G1 Conc#0" [stack: 0x000000e407900000,0x000000e407a00000] [id=11012]
  0x0000029e58d7d800 ConcurrentGCThread "G1 Refine#0" [stack: 0x000000e407a00000,0x000000e407b00000] [id=9132]
  0x0000029e58d7e800 ConcurrentGCThread "G1 Young RemSet Sampling" [stack: 0x000000e407b00000,0x000000e407c00000] [id=1908]

Threads with active compile tasks:
C2 CompilerThread0   6602 5839       4       com.google.common.reflect.TypeResolver$TypeVariableKey::hashCode (32 bytes)
C1 CompilerThread0   6602 5924       3       java.lang.ClassLoader::defineClass (43 bytes)
C2 CompilerThread1   6602 5716       4       org.objectweb.asm.SymbolTable::addConstantMemberReference (147 bytes)

VM state:at safepoint (normal execution)

VM Mutex/Monitor currently owned by a thread:  ([mutex/lock_event])
[0x0000029e58c97db0] Threads_lock - owner thread: 0x0000029e7304b800
[0x0000029e58c98bc0] Heap_lock - owner thread: 0x0000029e75c1a800

Heap address: 0x0000000080000000, size: 2048 MB, Compressed Oops mode: 32-bit
Narrow klass base: 0x0000000000000000, Narrow klass shift: 3
Compressed class space size: 1073741824 Address: 0x0000000100000000

Heap:
 garbage-first heap   total 236544K, used 135105K [0x0000000080000000, 0x0000000100000000)
  region size 1024K, 97 young (99328K), 10 survivors (10240K)
 Metaspace       used 58807K, capacity 60378K, committed 60496K, reserved 1101824K
  class space    used 7404K, capacity 7992K, committed 8064K, reserved 1048576K
Heap Regions: E=young(eden), S=young(survivor), O=old, HS=humongous(starts), HC=humongous(continues), CS=collection set, F=free, A=archive, TAMS=top-at-mark-start (previous, next)
|   0|0x0000000080000000, 0x0000000080100000, 0x0000000080100000|100%|HS|  |TAMS 0x0000000080100000, 0x0000000080100000| Complete 
|   1|0x0000000080100000, 0x0000000080200000, 0x0000000080200000|100%|HC|  |TAMS 0x0000000080200000, 0x0000000080200000| Complete 
|   2|0x0000000080200000, 0x0000000080300000, 0x0000000080300000|100%|HC|  |TAMS 0x0000000080300000, 0x0000000080300000| Complete 
|   3|0x0000000080300000, 0x0000000080400000, 0x0000000080400000|100%| O|  |TAMS 0x0000000080400000, 0x0000000080400000| Untracked 
|   4|0x0000000080400000, 0x0000000080500000, 0x0000000080500000|100%| O|  |TAMS 0x0000000080500000, 0x0000000080500000| Untracked 
|   5|0x0000000080500000, 0x0000000080600000, 0x0000000080600000|100%| O|  |TAMS 0x0000000080600000, 0x0000000080600000| Untracked 
|   6|0x0000000080600000, 0x0000000080700000, 0x0000000080700000|100%| O|  |TAMS 0x0000000080700000, 0x0000000080700000| Untracked 
|   7|0x0000000080700000, 0x0000000080800000, 0x0000000080800000|100%| O|  |TAMS 0x0000000080800000, 0x0000000080800000| Untracked 
|   8|0x0000000080800000, 0x0000000080900000, 0x0000000080900000|100%| O|  |TAMS 0x0000000080900000, 0x0000000080900000| Untracked 
|   9|0x0000000080900000, 0x0000000080a00000, 0x0000000080a00000|100%| O|  |TAMS 0x0000000080a00000, 0x0000000080a00000| Untracked 
|  10|0x0000000080a00000, 0x0000000080b00000, 0x0000000080b00000|100%| O|  |TAMS 0x0000000080b00000, 0x0000000080b00000| Untracked 
|  11|0x0000000080b00000, 0x0000000080c00000, 0x0000000080c00000|100%| O|  |TAMS 0x0000000080c00000, 0x0000000080c00000| Untracked 
|  12|0x0000000080c00000, 0x0000000080d00000, 0x0000000080d00000|100%| O|  |TAMS 0x0000000080d00000, 0x0000000080d00000| Untracked 
|  13|0x0000000080d00000, 0x0000000080e00000, 0x0000000080e00000|100%| O|  |TAMS 0x0000000080e00000, 0x0000000080e00000| Untracked 
|  14|0x0000000080e00000, 0x0000000080f00000, 0x0000000080f00000|100%| O|  |TAMS 0x0000000080f00000, 0x0000000080f00000| Untracked 
|  15|0x0000000080f00000, 0x0000000081000000, 0x0000000081000000|100%| O|  |TAMS 0x0000000080fdc800, 0x0000000081000000| Untracked 
|  16|0x0000000081000000, 0x0000000081100000, 0x0000000081100000|100%|HS|  |TAMS 0x0000000081000000, 0x0000000081100000| Complete 
|  17|0x0000000081100000, 0x0000000081200000, 0x0000000081200000|100%| O|  |TAMS 0x0000000081100000, 0x0000000081200000| Untracked 
|  18|0x0000000081200000, 0x0000000081300000, 0x0000000081300000|100%| O|  |TAMS 0x0000000081200000, 0x0000000081300000| Untracked 
|  19|0x0000000081300000, 0x0000000081400000, 0x0000000081400000|100%| O|  |TAMS 0x0000000081300000, 0x0000000081400000| Untracked 
|  20|0x0000000081400000, 0x0000000081500000, 0x0000000081500000|100%| O|  |TAMS 0x0000000081400000, 0x0000000081500000| Untracked 
|  21|0x0000000081500000, 0x0000000081600000, 0x0000000081600000|100%| O|  |TAMS 0x0000000081500000, 0x0000000081600000| Untracked 
|  22|0x0000000081600000, 0x0000000081700000, 0x0000000081700000|100%| O|  |TAMS 0x0000000081600000, 0x0000000081700000| Untracked 
|  23|0x0000000081700000, 0x0000000081800000, 0x0000000081800000|100%|HS|  |TAMS 0x0000000081700000, 0x0000000081800000| Complete 
|  24|0x0000000081800000, 0x0000000081900000, 0x0000000081900000|100%|HS|  |TAMS 0x0000000081800000, 0x0000000081900000| Complete 
|  25|0x0000000081900000, 0x0000000081a00000, 0x0000000081a00000|100%|HS|  |TAMS 0x0000000081900000, 0x0000000081a00000| Complete 
|  26|0x0000000081a00000, 0x0000000081b00000, 0x0000000081b00000|100%|HC|  |TAMS 0x0000000081a00000, 0x0000000081b00000| Complete 
|  27|0x0000000081b00000, 0x0000000081c00000, 0x0000000081c00000|100%|HC|  |TAMS 0x0000000081b00000, 0x0000000081c00000| Complete 
|  28|0x0000000081c00000, 0x0000000081d00000, 0x0000000081d00000|100%|HC|  |TAMS 0x0000000081c00000, 0x0000000081d00000| Complete 
|  29|0x0000000081d00000, 0x0000000081e00000, 0x0000000081e00000|100%|HS|  |TAMS 0x0000000081d00000, 0x0000000081e00000| Complete 
|  30|0x0000000081e00000, 0x0000000081f00000, 0x0000000081f00000|100%|HS|  |TAMS 0x0000000081e00000, 0x0000000081f00000| Complete 
|  31|0x0000000081f00000, 0x0000000082000000, 0x0000000082000000|100%|HC|  |TAMS 0x0000000081f00000, 0x0000000082000000| Complete 
|  32|0x0000000082000000, 0x0000000082100000, 0x0000000082100000|100%| O|  |TAMS 0x0000000082000000, 0x0000000082100000| Untracked 
|  33|0x0000000082100000, 0x00000000821688e0, 0x0000000082200000| 40%| O|  |TAMS 0x0000000082100000, 0x0000000082200000| Untracked 
|  34|0x0000000082200000, 0x0000000082200000, 0x0000000082300000|  0%| F|  |TAMS 0x0000000082200000, 0x0000000082200000| Untracked 
|  35|0x0000000082300000, 0x0000000082300000, 0x0000000082400000|  0%| F|  |TAMS 0x0000000082300000, 0x0000000082300000| Untracked 
|  36|0x0000000082400000, 0x0000000082400000, 0x0000000082500000|  0%| F|  |TAMS 0x0000000082400000, 0x0000000082400000| Untracked 
|  37|0x0000000082500000, 0x0000000082500000, 0x0000000082600000|  0%| F|  |TAMS 0x0000000082500000, 0x0000000082500000| Untracked 
|  38|0x0000000082600000, 0x0000000082600000, 0x0000000082700000|  0%| F|  |TAMS 0x0000000082600000, 0x0000000082600000| Untracked 
|  39|0x0000000082700000, 0x0000000082700000, 0x0000000082800000|  0%| F|  |TAMS 0x0000000082700000, 0x0000000082700000| Untracked 
|  40|0x0000000082800000, 0x0000000082800000, 0x0000000082900000|  0%| F|  |TAMS 0x0000000082800000, 0x0000000082800000| Untracked 
|  41|0x0000000082900000, 0x0000000082900000, 0x0000000082a00000|  0%| F|  |TAMS 0x0000000082900000, 0x0000000082900000| Untracked 
|  42|0x0000000082a00000, 0x0000000082a00000, 0x0000000082b00000|  0%| F|  |TAMS 0x0000000082a00000, 0x0000000082a00000| Untracked 
|  43|0x0000000082b00000, 0x0000000082b00000, 0x0000000082c00000|  0%| F|  |TAMS 0x0000000082b00000, 0x0000000082b00000| Untracked 
|  44|0x0000000082c00000, 0x0000000082c00000, 0x0000000082d00000|  0%| F|  |TAMS 0x0000000082c00000, 0x0000000082c00000| Untracked 
|  45|0x0000000082d00000, 0x0000000082d00000, 0x0000000082e00000|  0%| F|  |TAMS 0x0000000082d00000, 0x0000000082d00000| Untracked 
|  46|0x0000000082e00000, 0x0000000082e00000, 0x0000000082f00000|  0%| F|  |TAMS 0x0000000082e00000, 0x0000000082e00000| Untracked 
|  47|0x0000000082f00000, 0x0000000082f00000, 0x0000000083000000|  0%| F|  |TAMS 0x0000000082f00000, 0x0000000082f00000| Untracked 
|  48|0x0000000083000000, 0x0000000083000000, 0x0000000083100000|  0%| F|  |TAMS 0x0000000083000000, 0x0000000083000000| Untracked 
|  49|0x0000000083100000, 0x0000000083100000, 0x0000000083200000|  0%| F|  |TAMS 0x0000000083100000, 0x0000000083100000| Untracked 
|  50|0x0000000083200000, 0x0000000083200000, 0x0000000083300000|  0%| F|  |TAMS 0x0000000083200000, 0x0000000083200000| Untracked 
|  51|0x0000000083300000, 0x0000000083300000, 0x0000000083400000|  0%| F|  |TAMS 0x0000000083300000, 0x0000000083300000| Untracked 
|  52|0x0000000083400000, 0x0000000083400000, 0x0000000083500000|  0%| F|  |TAMS 0x0000000083400000, 0x0000000083400000| Untracked 
|  53|0x0000000083500000, 0x0000000083500000, 0x0000000083600000|  0%| F|  |TAMS 0x0000000083500000, 0x0000000083500000| Untracked 
|  54|0x0000000083600000, 0x0000000083600000, 0x0000000083700000|  0%| F|  |TAMS 0x0000000083600000, 0x0000000083600000| Untracked 
|  55|0x0000000083700000, 0x0000000083700000, 0x0000000083800000|  0%| F|  |TAMS 0x0000000083700000, 0x0000000083700000| Untracked 
|  56|0x0000000083800000, 0x0000000083800000, 0x0000000083900000|  0%| F|  |TAMS 0x0000000083800000, 0x0000000083800000| Untracked 
|  57|0x0000000083900000, 0x0000000083900000, 0x0000000083a00000|  0%| F|  |TAMS 0x0000000083900000, 0x0000000083900000| Untracked 
|  58|0x0000000083a00000, 0x0000000083a00000, 0x0000000083b00000|  0%| F|  |TAMS 0x0000000083a00000, 0x0000000083a00000| Untracked 
|  59|0x0000000083b00000, 0x0000000083b00000, 0x0000000083c00000|  0%| F|  |TAMS 0x0000000083b00000, 0x0000000083b00000| Untracked 
|  60|0x0000000083c00000, 0x0000000083c00000, 0x0000000083d00000|  0%| F|  |TAMS 0x0000000083c00000, 0x0000000083c00000| Untracked 
|  61|0x0000000083d00000, 0x0000000083d00000, 0x0000000083e00000|  0%| F|  |TAMS 0x0000000083d00000, 0x0000000083d00000| Untracked 
|  62|0x0000000083e00000, 0x0000000083e00000, 0x0000000083f00000|  0%| F|  |TAMS 0x0000000083e00000, 0x0000000083e00000| Untracked 
|  63|0x0000000083f00000, 0x0000000083f00000, 0x0000000084000000|  0%| F|  |TAMS 0x0000000083f00000, 0x0000000083f00000| Untracked 
|  64|0x0000000084000000, 0x0000000084000000, 0x0000000084100000|  0%| F|  |TAMS 0x0000000084000000, 0x0000000084000000| Untracked 
|  65|0x0000000084100000, 0x0000000084100000, 0x0000000084200000|  0%| F|  |TAMS 0x0000000084100000, 0x0000000084100000| Untracked 
|  66|0x0000000084200000, 0x0000000084200000, 0x0000000084300000|  0%| F|  |TAMS 0x0000000084200000, 0x0000000084200000| Untracked 
|  67|0x0000000084300000, 0x0000000084300000, 0x0000000084400000|  0%| F|  |TAMS 0x0000000084300000, 0x0000000084300000| Untracked 
|  68|0x0000000084400000, 0x0000000084400000, 0x0000000084500000|  0%| F|  |TAMS 0x0000000084400000, 0x0000000084400000| Untracked 
|  69|0x0000000084500000, 0x0000000084500000, 0x0000000084600000|  0%| F|  |TAMS 0x0000000084500000, 0x0000000084500000| Untracked 
|  70|0x0000000084600000, 0x0000000084600000, 0x0000000084700000|  0%| F|  |TAMS 0x0000000084600000, 0x0000000084600000| Untracked 
|  71|0x0000000084700000, 0x0000000084700000, 0x0000000084800000|  0%| F|  |TAMS 0x0000000084700000, 0x0000000084700000| Untracked 
|  72|0x0000000084800000, 0x0000000084800000, 0x0000000084900000|  0%| F|  |TAMS 0x0000000084800000, 0x0000000084800000| Untracked 
|  73|0x0000000084900000, 0x0000000084900000, 0x0000000084a00000|  0%| F|  |TAMS 0x0000000084900000, 0x0000000084900000| Untracked 
|  74|0x0000000084a00000, 0x0000000084a00000, 0x0000000084b00000|  0%| F|  |TAMS 0x0000000084a00000, 0x0000000084a00000| Untracked 
|  75|0x0000000084b00000, 0x0000000084b00000, 0x0000000084c00000|  0%| F|  |TAMS 0x0000000084b00000, 0x0000000084b00000| Untracked 
|  76|0x0000000084c00000, 0x0000000084c00000, 0x0000000084d00000|  0%| F|  |TAMS 0x0000000084c00000, 0x0000000084c00000| Untracked 
|  77|0x0000000084d00000, 0x0000000084d00000, 0x0000000084e00000|  0%| F|  |TAMS 0x0000000084d00000, 0x0000000084d00000| Untracked 
|  78|0x0000000084e00000, 0x0000000084e00000, 0x0000000084f00000|  0%| F|  |TAMS 0x0000000084e00000, 0x0000000084e00000| Untracked 
|  79|0x0000000084f00000, 0x0000000084f00000, 0x0000000085000000|  0%| F|  |TAMS 0x0000000084f00000, 0x0000000084f00000| Untracked 
|  80|0x0000000085000000, 0x0000000085000000, 0x0000000085100000|  0%| F|  |TAMS 0x0000000085000000, 0x0000000085000000| Untracked 
|  81|0x0000000085100000, 0x0000000085100000, 0x0000000085200000|  0%| F|  |TAMS 0x0000000085100000, 0x0000000085100000| Untracked 
|  82|0x0000000085200000, 0x0000000085200000, 0x0000000085300000|  0%| F|  |TAMS 0x0000000085200000, 0x0000000085200000| Untracked 
|  83|0x0000000085300000, 0x0000000085300000, 0x0000000085400000|  0%| F|  |TAMS 0x0000000085300000, 0x0000000085300000| Untracked 
|  84|0x0000000085400000, 0x0000000085400000, 0x0000000085500000|  0%| F|  |TAMS 0x0000000085400000, 0x0000000085400000| Untracked 
|  85|0x0000000085500000, 0x0000000085500000, 0x0000000085600000|  0%| F|  |TAMS 0x0000000085500000, 0x0000000085500000| Untracked 
|  86|0x0000000085600000, 0x0000000085600000, 0x0000000085700000|  0%| F|  |TAMS 0x0000000085600000, 0x0000000085600000| Untracked 
|  87|0x0000000085700000, 0x0000000085700000, 0x0000000085800000|  0%| F|  |TAMS 0x0000000085700000, 0x0000000085700000| Untracked 
|  88|0x0000000085800000, 0x0000000085800000, 0x0000000085900000|  0%| F|  |TAMS 0x0000000085800000, 0x0000000085800000| Untracked 
|  89|0x0000000085900000, 0x0000000085900000, 0x0000000085a00000|  0%| F|  |TAMS 0x0000000085900000, 0x0000000085900000| Untracked 
|  90|0x0000000085a00000, 0x0000000085a00000, 0x0000000085b00000|  0%| F|  |TAMS 0x0000000085a00000, 0x0000000085a00000| Untracked 
|  91|0x0000000085b00000, 0x0000000085b00000, 0x0000000085c00000|  0%| F|  |TAMS 0x0000000085b00000, 0x0000000085b00000| Untracked 
|  92|0x0000000085c00000, 0x0000000085c00000, 0x0000000085d00000|  0%| F|  |TAMS 0x0000000085c00000, 0x0000000085c00000| Untracked 
|  93|0x0000000085d00000, 0x0000000085d00000, 0x0000000085e00000|  0%| F|  |TAMS 0x0000000085d00000, 0x0000000085d00000| Untracked 
|  94|0x0000000085e00000, 0x0000000085e00000, 0x0000000085f00000|  0%| F|  |TAMS 0x0000000085e00000, 0x0000000085e00000| Untracked 
|  95|0x0000000085f00000, 0x0000000085f00000, 0x0000000086000000|  0%| F|  |TAMS 0x0000000085f00000, 0x0000000085f00000| Untracked 
|  96|0x0000000086000000, 0x0000000086000000, 0x0000000086100000|  0%| F|  |TAMS 0x0000000086000000, 0x0000000086000000| Untracked 
|  97|0x0000000086100000, 0x0000000086100000, 0x0000000086200000|  0%| F|  |TAMS 0x0000000086100000, 0x0000000086100000| Untracked 
|  98|0x0000000086200000, 0x0000000086200000, 0x0000000086300000|  0%| F|  |TAMS 0x0000000086200000, 0x0000000086200000| Untracked 
|  99|0x0000000086300000, 0x0000000086300000, 0x0000000086400000|  0%| F|  |TAMS 0x0000000086300000, 0x0000000086300000| Untracked 
| 100|0x0000000086400000, 0x0000000086400000, 0x0000000086500000|  0%| F|  |TAMS 0x0000000086400000, 0x0000000086400000| Untracked 
| 101|0x0000000086500000, 0x0000000086500000, 0x0000000086600000|  0%| F|  |TAMS 0x0000000086500000, 0x0000000086500000| Untracked 
| 102|0x0000000086600000, 0x0000000086600000, 0x0000000086700000|  0%| F|  |TAMS 0x0000000086600000, 0x0000000086600000| Untracked 
| 103|0x0000000086700000, 0x0000000086700000, 0x0000000086800000|  0%| F|  |TAMS 0x0000000086700000, 0x0000000086700000| Untracked 
| 104|0x0000000086800000, 0x0000000086800000, 0x0000000086900000|  0%| F|  |TAMS 0x0000000086800000, 0x0000000086800000| Untracked 
| 105|0x0000000086900000, 0x00000000869f08c0, 0x0000000086a00000| 93%| E|CS|TAMS 0x0000000086900000, 0x00000000869f08c0| Complete 
| 106|0x0000000086a00000, 0x0000000086b00000, 0x0000000086b00000|100%| E|CS|TAMS 0x0000000086a00000, 0x0000000086b00000| Complete 
| 107|0x0000000086b00000, 0x0000000086c00000, 0x0000000086c00000|100%| E|CS|TAMS 0x0000000086b00000, 0x0000000086c00000| Complete 
| 108|0x0000000086c00000, 0x0000000086d00000, 0x0000000086d00000|100%| E|CS|TAMS 0x0000000086c00000, 0x0000000086d00000| Complete 
| 109|0x0000000086d00000, 0x0000000086e00000, 0x0000000086e00000|100%| E|CS|TAMS 0x0000000086d00000, 0x0000000086e00000| Complete 
| 110|0x0000000086e00000, 0x0000000086f00000, 0x0000000086f00000|100%| E|CS|TAMS 0x0000000086e00000, 0x0000000086f00000| Complete 
| 111|0x0000000086f00000, 0x0000000087000000, 0x0000000087000000|100%| E|CS|TAMS 0x0000000086f00000, 0x0000000087000000| Complete 
| 112|0x0000000087000000, 0x0000000087100000, 0x0000000087100000|100%| E|CS|TAMS 0x0000000087000000, 0x0000000087100000| Complete 
| 113|0x0000000087100000, 0x0000000087200000, 0x0000000087200000|100%| E|CS|TAMS 0x0000000087100000, 0x0000000087200000| Complete 
| 114|0x0000000087200000, 0x0000000087300000, 0x0000000087300000|100%| E|CS|TAMS 0x0000000087200000, 0x0000000087300000| Complete 
| 115|0x0000000087300000, 0x0000000087400000, 0x0000000087400000|100%| E|CS|TAMS 0x0000000087300000, 0x0000000087400000| Complete 
| 116|0x0000000087400000, 0x0000000087500000, 0x0000000087500000|100%| E|CS|TAMS 0x0000000087400000, 0x0000000087500000| Complete 
| 117|0x0000000087500000, 0x0000000087600000, 0x0000000087600000|100%| E|CS|TAMS 0x0000000087500000, 0x0000000087600000| Complete 
| 118|0x0000000087600000, 0x0000000087600000, 0x0000000087700000|  0%| F|  |TAMS 0x0000000087600000, 0x0000000087600000| Untracked 
| 119|0x0000000087700000, 0x0000000087700000, 0x0000000087800000|  0%| F|  |TAMS 0x0000000087700000, 0x0000000087700000| Untracked 
| 120|0x0000000087800000, 0x0000000087800000, 0x0000000087900000|  0%| F|  |TAMS 0x0000000087800000, 0x0000000087800000| Untracked 
| 121|0x0000000087900000, 0x0000000087900000, 0x0000000087a00000|  0%| F|  |TAMS 0x0000000087900000, 0x0000000087900000| Untracked 
| 122|0x0000000087a00000, 0x0000000087a00000, 0x0000000087b00000|  0%| F|  |TAMS 0x0000000087a00000, 0x0000000087a00000| Untracked 
| 123|0x0000000087b00000, 0x0000000087b00000, 0x0000000087c00000|  0%| F|  |TAMS 0x0000000087b00000, 0x0000000087b00000| Untracked 
| 124|0x0000000087c00000, 0x0000000087c00000, 0x0000000087d00000|  0%| F|  |TAMS 0x0000000087c00000, 0x0000000087c00000| Untracked 
| 125|0x0000000087d00000, 0x0000000087d00000, 0x0000000087e00000|  0%| F|  |TAMS 0x0000000087d00000, 0x0000000087d00000| Untracked 
| 126|0x0000000087e00000, 0x0000000087e00000, 0x0000000087f00000|  0%| F|  |TAMS 0x0000000087e00000, 0x0000000087e00000| Untracked 
| 127|0x0000000087f00000, 0x0000000087f00000, 0x0000000088000000|  0%| F|  |TAMS 0x0000000087f00000, 0x0000000087f00000| Untracked 
| 128|0x0000000088000000, 0x0000000088000000, 0x0000000088100000|  0%| F|  |TAMS 0x0000000088000000, 0x0000000088000000| Untracked 
| 129|0x0000000088100000, 0x0000000088100000, 0x0000000088200000|  0%| F|  |TAMS 0x0000000088100000, 0x0000000088100000| Untracked 
| 130|0x0000000088200000, 0x0000000088200000, 0x0000000088300000|  0%| F|  |TAMS 0x0000000088200000, 0x0000000088200000| Untracked 
| 131|0x0000000088300000, 0x0000000088300000, 0x0000000088400000|  0%| F|  |TAMS 0x0000000088300000, 0x0000000088300000| Untracked 
| 132|0x0000000088400000, 0x0000000088400000, 0x0000000088500000|  0%| F|  |TAMS 0x0000000088400000, 0x0000000088400000| Untracked 
| 133|0x0000000088500000, 0x0000000088500000, 0x0000000088600000|  0%| F|  |TAMS 0x0000000088500000, 0x0000000088500000| Untracked 
| 134|0x0000000088600000, 0x0000000088700000, 0x0000000088700000|100%| S|  |TAMS 0x0000000088600000, 0x0000000088600000| Complete 
| 135|0x0000000088700000, 0x0000000088800000, 0x0000000088800000|100%| S|  |TAMS 0x0000000088700000, 0x0000000088700000| Complete 
| 136|0x0000000088800000, 0x0000000088900000, 0x0000000088900000|100%| S|  |TAMS 0x0000000088800000, 0x0000000088800000| Complete 
| 137|0x0000000088900000, 0x0000000088a00000, 0x0000000088a00000|100%| S|  |TAMS 0x0000000088900000, 0x0000000088900000| Complete 
| 138|0x0000000088a00000, 0x0000000088b00000, 0x0000000088b00000|100%| S|  |TAMS 0x0000000088a00000, 0x0000000088a00000| Complete 
| 139|0x0000000088b00000, 0x0000000088c00000, 0x0000000088c00000|100%| S|  |TAMS 0x0000000088b00000, 0x0000000088b00000| Complete 
| 140|0x0000000088c00000, 0x0000000088d00000, 0x0000000088d00000|100%| S|  |TAMS 0x0000000088c00000, 0x0000000088c00000| Complete 
| 141|0x0000000088d00000, 0x0000000088e00000, 0x0000000088e00000|100%| S|  |TAMS 0x0000000088d00000, 0x0000000088d00000| Complete 
| 142|0x0000000088e00000, 0x0000000088f00000, 0x0000000088f00000|100%| S|  |TAMS 0x0000000088e00000, 0x0000000088e00000| Complete 
| 143|0x0000000088f00000, 0x0000000089000000, 0x0000000089000000|100%| S|  |TAMS 0x0000000088f00000, 0x0000000088f00000| Complete 
| 144|0x0000000089000000, 0x0000000089100000, 0x0000000089100000|100%| E|CS|TAMS 0x0000000089000000, 0x0000000089100000| Complete 
| 145|0x0000000089100000, 0x0000000089200000, 0x0000000089200000|100%| E|CS|TAMS 0x0000000089100000, 0x0000000089200000| Complete 
| 146|0x0000000089200000, 0x0000000089300000, 0x0000000089300000|100%| E|CS|TAMS 0x0000000089200000, 0x0000000089300000| Complete 
| 147|0x0000000089300000, 0x0000000089400000, 0x0000000089400000|100%| E|CS|TAMS 0x0000000089300000, 0x0000000089400000| Complete 
| 148|0x0000000089400000, 0x0000000089500000, 0x0000000089500000|100%| E|CS|TAMS 0x0000000089400000, 0x0000000089500000| Complete 
| 149|0x0000000089500000, 0x0000000089600000, 0x0000000089600000|100%| E|CS|TAMS 0x0000000089500000, 0x0000000089600000| Complete 
| 150|0x0000000089600000, 0x0000000089700000, 0x0000000089700000|100%| E|CS|TAMS 0x0000000089600000, 0x0000000089700000| Complete 
| 151|0x0000000089700000, 0x0000000089800000, 0x0000000089800000|100%| E|CS|TAMS 0x0000000089700000, 0x0000000089800000| Complete 
| 152|0x0000000089800000, 0x0000000089900000, 0x0000000089900000|100%| E|CS|TAMS 0x0000000089800000, 0x0000000089900000| Complete 
| 153|0x0000000089900000, 0x0000000089a00000, 0x0000000089a00000|100%| E|CS|TAMS 0x0000000089900000, 0x0000000089a00000| Complete 
| 154|0x0000000089a00000, 0x0000000089b00000, 0x0000000089b00000|100%| E|CS|TAMS 0x0000000089a00000, 0x0000000089b00000| Complete 
| 155|0x0000000089b00000, 0x0000000089c00000, 0x0000000089c00000|100%| E|CS|TAMS 0x0000000089b00000, 0x0000000089c00000| Complete 
| 156|0x0000000089c00000, 0x0000000089d00000, 0x0000000089d00000|100%| E|CS|TAMS 0x0000000089c00000, 0x0000000089d00000| Complete 
| 157|0x0000000089d00000, 0x0000000089e00000, 0x0000000089e00000|100%| E|CS|TAMS 0x0000000089d00000, 0x0000000089e00000| Complete 
| 158|0x0000000089e00000, 0x0000000089f00000, 0x0000000089f00000|100%| E|CS|TAMS 0x0000000089e00000, 0x0000000089f00000| Complete 
| 159|0x0000000089f00000, 0x000000008a000000, 0x000000008a000000|100%| E|CS|TAMS 0x0000000089f00000, 0x000000008a000000| Complete 
| 160|0x000000008a000000, 0x000000008a100000, 0x000000008a100000|100%| E|CS|TAMS 0x000000008a000000, 0x000000008a100000| Complete 
| 161|0x000000008a100000, 0x000000008a200000, 0x000000008a200000|100%| E|CS|TAMS 0x000000008a100000, 0x000000008a200000| Complete 
| 162|0x000000008a200000, 0x000000008a300000, 0x000000008a300000|100%| E|CS|TAMS 0x000000008a200000, 0x000000008a300000| Complete 
| 163|0x000000008a300000, 0x000000008a400000, 0x000000008a400000|100%| E|CS|TAMS 0x000000008a300000, 0x000000008a400000| Complete 
| 164|0x000000008a400000, 0x000000008a500000, 0x000000008a500000|100%| E|CS|TAMS 0x000000008a400000, 0x000000008a500000| Complete 
| 165|0x000000008a500000, 0x000000008a600000, 0x000000008a600000|100%| E|CS|TAMS 0x000000008a500000, 0x000000008a600000| Complete 
| 166|0x000000008a600000, 0x000000008a700000, 0x000000008a700000|100%| E|CS|TAMS 0x000000008a600000, 0x000000008a700000| Complete 
| 167|0x000000008a700000, 0x000000008a800000, 0x000000008a800000|100%| E|CS|TAMS 0x000000008a700000, 0x000000008a800000| Complete 
| 168|0x000000008a800000, 0x000000008a900000, 0x000000008a900000|100%| E|CS|TAMS 0x000000008a800000, 0x000000008a900000| Complete 
| 169|0x000000008a900000, 0x000000008aa00000, 0x000000008aa00000|100%| E|CS|TAMS 0x000000008a900000, 0x000000008aa00000| Complete 
| 170|0x000000008aa00000, 0x000000008ab00000, 0x000000008ab00000|100%| E|CS|TAMS 0x000000008aa00000, 0x000000008ab00000| Complete 
| 171|0x000000008ab00000, 0x000000008ac00000, 0x000000008ac00000|100%| E|CS|TAMS 0x000000008ab00000, 0x000000008ac00000| Complete 
| 172|0x000000008ac00000, 0x000000008ad00000, 0x000000008ad00000|100%| E|CS|TAMS 0x000000008ac00000, 0x000000008ad00000| Complete 
| 173|0x000000008ad00000, 0x000000008ae00000, 0x000000008ae00000|100%| E|CS|TAMS 0x000000008ad00000, 0x000000008ae00000| Complete 
| 174|0x000000008ae00000, 0x000000008af00000, 0x000000008af00000|100%| E|CS|TAMS 0x000000008ae00000, 0x000000008af00000| Complete 
| 175|0x000000008af00000, 0x000000008b000000, 0x000000008b000000|100%| E|CS|TAMS 0x000000008af00000, 0x000000008b000000| Complete 
| 176|0x000000008b000000, 0x000000008b100000, 0x000000008b100000|100%| E|CS|TAMS 0x000000008b000000, 0x000000008b100000| Complete 
| 177|0x000000008b100000, 0x000000008b200000, 0x000000008b200000|100%| E|CS|TAMS 0x000000008b100000, 0x000000008b200000| Complete 
| 178|0x000000008b200000, 0x000000008b300000, 0x000000008b300000|100%| E|CS|TAMS 0x000000008b200000, 0x000000008b300000| Complete 
| 179|0x000000008b300000, 0x000000008b400000, 0x000000008b400000|100%| E|CS|TAMS 0x000000008b300000, 0x000000008b400000| Complete 
| 180|0x000000008b400000, 0x000000008b500000, 0x000000008b500000|100%| E|CS|TAMS 0x000000008b400000, 0x000000008b500000| Complete 
| 181|0x000000008b500000, 0x000000008b600000, 0x000000008b600000|100%| E|CS|TAMS 0x000000008b500000, 0x000000008b600000| Complete 
| 182|0x000000008b600000, 0x000000008b700000, 0x000000008b700000|100%| E|CS|TAMS 0x000000008b600000, 0x000000008b700000| Complete 
| 183|0x000000008b700000, 0x000000008b800000, 0x000000008b800000|100%| E|CS|TAMS 0x000000008b700000, 0x000000008b800000| Complete 
| 184|0x000000008b800000, 0x000000008b900000, 0x000000008b900000|100%| E|CS|TAMS 0x000000008b800000, 0x000000008b900000| Complete 
| 185|0x000000008b900000, 0x000000008ba00000, 0x000000008ba00000|100%| E|CS|TAMS 0x000000008b900000, 0x000000008ba00000| Complete 
| 186|0x000000008ba00000, 0x000000008bb00000, 0x000000008bb00000|100%| E|CS|TAMS 0x000000008ba00000, 0x000000008bb00000| Complete 
| 187|0x000000008bb00000, 0x000000008bc00000, 0x000000008bc00000|100%| E|CS|TAMS 0x000000008bb00000, 0x000000008bc00000| Complete 
| 188|0x000000008bc00000, 0x000000008bd00000, 0x000000008bd00000|100%| E|CS|TAMS 0x000000008bc00000, 0x000000008bd00000| Complete 
| 189|0x000000008bd00000, 0x000000008be00000, 0x000000008be00000|100%| E|CS|TAMS 0x000000008bd00000, 0x000000008be00000| Complete 
| 190|0x000000008be00000, 0x000000008bf00000, 0x000000008bf00000|100%| E|CS|TAMS 0x000000008be00000, 0x000000008bf00000| Complete 
| 191|0x000000008bf00000, 0x000000008c000000, 0x000000008c000000|100%| E|CS|TAMS 0x000000008bf00000, 0x000000008c000000| Complete 
| 192|0x000000008c000000, 0x000000008c100000, 0x000000008c100000|100%| E|CS|TAMS 0x000000008c000000, 0x000000008c100000| Complete 
| 193|0x000000008c100000, 0x000000008c200000, 0x000000008c200000|100%| E|CS|TAMS 0x000000008c100000, 0x000000008c200000| Complete 
| 194|0x000000008c200000, 0x000000008c300000, 0x000000008c300000|100%| E|CS|TAMS 0x000000008c200000, 0x000000008c300000| Complete 
| 195|0x000000008c300000, 0x000000008c400000, 0x000000008c400000|100%| E|CS|TAMS 0x000000008c300000, 0x000000008c400000| Complete 
| 196|0x000000008c400000, 0x000000008c500000, 0x000000008c500000|100%| E|CS|TAMS 0x000000008c400000, 0x000000008c500000| Complete 
| 197|0x000000008c500000, 0x000000008c600000, 0x000000008c600000|100%| E|CS|TAMS 0x000000008c500000, 0x000000008c600000| Complete 
| 198|0x000000008c600000, 0x000000008c700000, 0x000000008c700000|100%| E|CS|TAMS 0x000000008c600000, 0x000000008c700000| Complete 
| 199|0x000000008c700000, 0x000000008c800000, 0x000000008c800000|100%| E|CS|TAMS 0x000000008c700000, 0x000000008c800000| Complete 
| 200|0x000000008c800000, 0x000000008c900000, 0x000000008c900000|100%| E|CS|TAMS 0x000000008c800000, 0x000000008c900000| Complete 
| 201|0x000000008c900000, 0x000000008ca00000, 0x000000008ca00000|100%| E|CS|TAMS 0x000000008c900000, 0x000000008ca00000| Complete 
| 202|0x000000008ca00000, 0x000000008cb00000, 0x000000008cb00000|100%| E|CS|TAMS 0x000000008ca00000, 0x000000008cb00000| Complete 
| 203|0x000000008cb00000, 0x000000008cc00000, 0x000000008cc00000|100%| E|CS|TAMS 0x000000008cb00000, 0x000000008cc00000| Complete 
| 204|0x000000008cc00000, 0x000000008cd00000, 0x000000008cd00000|100%| E|CS|TAMS 0x000000008cc00000, 0x000000008cd00000| Complete 
| 205|0x000000008cd00000, 0x000000008ce00000, 0x000000008ce00000|100%| E|CS|TAMS 0x000000008cd00000, 0x000000008ce00000| Complete 
| 206|0x000000008ce00000, 0x000000008cf00000, 0x000000008cf00000|100%| E|CS|TAMS 0x000000008ce00000, 0x000000008cf00000| Complete 
| 207|0x000000008cf00000, 0x000000008d000000, 0x000000008d000000|100%| E|CS|TAMS 0x000000008cf00000, 0x000000008d000000| Complete 
| 208|0x000000008d000000, 0x000000008d100000, 0x000000008d100000|100%| E|CS|TAMS 0x000000008d000000, 0x000000008d100000| Complete 
| 209|0x000000008d100000, 0x000000008d200000, 0x000000008d200000|100%| E|CS|TAMS 0x000000008d100000, 0x000000008d200000| Complete 
| 210|0x000000008d200000, 0x000000008d300000, 0x000000008d300000|100%| E|CS|TAMS 0x000000008d200000, 0x000000008d300000| Complete 
| 211|0x000000008d300000, 0x000000008d400000, 0x000000008d400000|100%| E|CS|TAMS 0x000000008d300000, 0x000000008d400000| Complete 
| 212|0x000000008d400000, 0x000000008d500000, 0x000000008d500000|100%| E|CS|TAMS 0x000000008d400000, 0x000000008d500000| Complete 
| 213|0x000000008d500000, 0x000000008d600000, 0x000000008d600000|100%| E|CS|TAMS 0x000000008d500000, 0x000000008d600000| Complete 
| 214|0x000000008d600000, 0x000000008d700000, 0x000000008d700000|100%| E|CS|TAMS 0x000000008d600000, 0x000000008d700000| Complete 
| 215|0x000000008d700000, 0x000000008d800000, 0x000000008d800000|100%| E|CS|TAMS 0x000000008d700000, 0x000000008d800000| Complete 
| 216|0x000000008d800000, 0x000000008d900000, 0x000000008d900000|100%| E|CS|TAMS 0x000000008d800000, 0x000000008d900000| Complete 
| 217|0x000000008d900000, 0x000000008da00000, 0x000000008da00000|100%| E|CS|TAMS 0x000000008d900000, 0x000000008da00000| Complete 
| 218|0x000000008da00000, 0x000000008db00000, 0x000000008db00000|100%| E|CS|TAMS 0x000000008da00000, 0x000000008db00000| Complete 
| 219|0x000000008db00000, 0x000000008dc00000, 0x000000008dc00000|100%| E|CS|TAMS 0x000000008db00000, 0x000000008dc00000| Complete 
| 220|0x000000008dc00000, 0x000000008dd00000, 0x000000008dd00000|100%| E|CS|TAMS 0x000000008dc00000, 0x000000008dd00000| Complete 
| 221|0x000000008dd00000, 0x000000008de00000, 0x000000008de00000|100%| E|CS|TAMS 0x000000008dd00000, 0x000000008de00000| Complete 
| 222|0x000000008de00000, 0x000000008df00000, 0x000000008df00000|100%| E|CS|TAMS 0x000000008de00000, 0x000000008df00000| Complete 
| 223|0x000000008df00000, 0x000000008e000000, 0x000000008e000000|100%| E|CS|TAMS 0x000000008df00000, 0x000000008e000000| Complete 
| 224|0x000000008e000000, 0x000000008e100000, 0x000000008e100000|100%| E|CS|TAMS 0x000000008e000000, 0x000000008e100000| Complete 
| 225|0x000000008e100000, 0x000000008e200000, 0x000000008e200000|100%| E|CS|TAMS 0x000000008e100000, 0x000000008e200000| Complete 
| 226|0x000000008e200000, 0x000000008e300000, 0x000000008e300000|100%| E|CS|TAMS 0x000000008e200000, 0x000000008e300000| Complete 
| 227|0x000000008e300000, 0x000000008e400000, 0x000000008e400000|100%| E|CS|TAMS 0x000000008e300000, 0x000000008e400000| Complete 
| 228|0x000000008e400000, 0x000000008e500000, 0x000000008e500000|100%| E|CS|TAMS 0x000000008e400000, 0x000000008e500000| Complete 
| 229|0x000000008e500000, 0x000000008e600000, 0x000000008e600000|100%| E|CS|TAMS 0x000000008e500000, 0x000000008e600000| Complete 
| 230|0x000000008e600000, 0x000000008e700000, 0x000000008e700000|100%| E|CS|TAMS 0x000000008e600000, 0x000000008e700000| Complete 

Card table byte_map: [0x0000029e6c1e0000,0x0000029e6c5e0000] _byte_map_base: 0x0000029e6bde0000

Marking Bits (Prev, Next): (CMBitMap*) 0x0000029e58cdb698, (CMBitMap*) 0x0000029e58cdb6d0
 Prev Bits: [0x0000029e6c9e0000, 0x0000029e6e9e0000)
 Next Bits: [0x0000029e6e9e0000, 0x0000029e709e0000)

Polling page: 0x0000029e572c0000

Metaspace:

Usage:
  Non-class:     51.16 MB capacity,    50.20 MB ( 98%) used,   826.94 KB (  2%) free+waste,   155.44 KB ( <1%) overhead. 
      Class:      7.80 MB capacity,     7.23 MB ( 93%) used,   514.39 KB (  6%) free+waste,    73.56 KB ( <1%) overhead. 
       Both:     58.96 MB capacity,    57.43 MB ( 97%) used,     1.31 MB (  2%) free+waste,   229.00 KB ( <1%) overhead. 

Virtual space:
  Non-class space:       52.00 MB reserved,      51.20 MB ( 98%) committed 
      Class space:        1.00 GB reserved,       7.88 MB ( <1%) committed 
             Both:        1.05 GB reserved,      59.08 MB (  5%) committed 

Chunk freelists:
   Non-Class:  46.00 KB
       Class:  8.00 KB
        Both:  54.00 KB

MaxMetaspaceSize: 17179869184.00 GB
CompressedClassSpaceSize: 1.00 GB
Initial GC threshold: 20.80 MB
Current GC threshold: 59.09 MB
CDS: off

CodeHeap 'non-profiled nmethods': size=120064Kb used=3216Kb max_used=3216Kb free=116847Kb
 bounds [0x0000029e64280000, 0x0000029e645b0000, 0x0000029e6b7c0000]
CodeHeap 'profiled nmethods': size=120000Kb used=12381Kb max_used=12381Kb free=107618Kb
 bounds [0x0000029e5cd50000, 0x0000029e5d970000, 0x0000029e64280000]
CodeHeap 'non-nmethods': size=5696Kb used=2325Kb max_used=2374Kb free=3370Kb
 bounds [0x0000029e5c7c0000, 0x0000029e5ca30000, 0x0000029e5cd50000]
 total_blobs=6731 nmethods=5898 adapters=744
 compilation: enabled
              stopped_count=0, restarted_count=0
 full_count=0

Compilation events (20 events):
Event: 6.559 Thread 0x0000029e738c3000 nmethod 5827 0x0000029e645a2710 code [0x0000029e645a28a0, 0x0000029e645a2938]
Event: 6.559 Thread 0x0000029e738c3000 5724       4       org.gradle.internal.reflect.MethodSet$MethodKey::hashCode (29 bytes)
Event: 6.559 Thread 0x0000029e738c8000 nmethod 5916 0x0000029e5d961890 code [0x0000029e5d961be0, 0x0000029e5d962f18]
Event: 6.559 Thread 0x0000029e738c8000 5917  s    3       com.sun.jmx.mbeanserver.DefaultMXBeanMappingFactory::getMapping (27 bytes)
Event: 6.559 Thread 0x0000029e738c8000 nmethod 5917 0x0000029e5d963690 code [0x0000029e5d963880, 0x0000029e5d963e78]
Event: 6.560 Thread 0x0000029e738c8000 5918       3       javax.management.StandardMBean::getDescription (11 bytes)
Event: 6.560 Thread 0x0000029e738c8000 nmethod 5918 0x0000029e5d963f90 code [0x0000029e5d964140, 0x0000029e5d964338]
Event: 6.562 Thread 0x0000029e738c8000 5920       3       com.sun.jmx.mbeanserver.MXBeanIntrospector::originalTypeString (20 bytes)
Event: 6.563 Thread 0x0000029e738c8000 nmethod 5920 0x0000029e5d964410 code [0x0000029e5d964600, 0x0000029e5d964a18]
Event: 6.563 Thread 0x0000029e738c8000 5921       3       javax.management.ImmutableDescriptor::union (308 bytes)
Event: 6.563 Thread 0x0000029e738c3000 nmethod 5724 0x0000029e645a2a10 code [0x0000029e645a2bc0, 0x0000029e645a2f78]
Event: 6.563 Thread 0x0000029e738c3000 5919       4       java.lang.PublicMethods$MethodList::merge (192 bytes)
Event: 6.564 Thread 0x0000029e738c8000 nmethod 5921 0x0000029e5d964b10 code [0x0000029e5d964e80, 0x0000029e5d966868]
Event: 6.564 Thread 0x0000029e738c8000 5922       3       javax.management.MBeanFeatureInfo::<init> (20 bytes)
Event: 6.564 Thread 0x0000029e738c8000 nmethod 5922 0x0000029e5d967190 code [0x0000029e5d967340, 0x0000029e5d9675b8]
Event: 6.573 Thread 0x0000029e738c3000 nmethod 5919 0x0000029e645a3190 code [0x0000029e645a3340, 0x0000029e645a38b8]
Event: 6.573 Thread 0x0000029e738c3000 5923       4       java.security.SecureClassLoader$CodeSourceKey::hashCode (21 bytes)
Event: 6.577 Thread 0x0000029e738c3000 nmethod 5923 0x0000029e645a3b10 code [0x0000029e645a3ca0, 0x0000029e645a3ef8]
Event: 6.577 Thread 0x0000029e738c3000 5839       4       com.google.common.reflect.TypeResolver$TypeVariableKey::hashCode (32 bytes)
Event: 6.579 Thread 0x0000029e738c8000 5924       3       java.lang.ClassLoader::defineClass (43 bytes)

GC Heap History (19 events):
Event: 0.448 GC heap before
{Heap before GC invocations=0 (full 0):
 garbage-first heap   total 196608K, used 16384K [0x0000000080000000, 0x0000000100000000)
  region size 1024K, 14 young (14336K), 0 survivors (0K)
 Metaspace       used 6732K, capacity 6929K, committed 7168K, reserved 1056768K
  class space    used 572K, capacity 650K, committed 768K, reserved 1048576K
}
Event: 0.452 GC heap after
{Heap after GC invocations=1 (full 0):
 garbage-first heap   total 196608K, used 4102K [0x0000000080000000, 0x0000000100000000)
  region size 1024K, 2 young (2048K), 2 survivors (2048K)
 Metaspace       used 6732K, capacity 6929K, committed 7168K, reserved 1056768K
  class space    used 572K, capacity 650K, committed 768K, reserved 1048576K
}
Event: 0.811 GC heap before
{Heap before GC invocations=1 (full 0):
 garbage-first heap   total 196608K, used 19462K [0x0000000080000000, 0x0000000100000000)
  region size 1024K, 14 young (14336K), 2 survivors (2048K)
 Metaspace       used 9899K, capacity 10122K, committed 10368K, reserved 1058816K
  class space    used 1011K, capacity 1102K, committed 1152K, reserved 1048576K
}
Event: 0.814 GC heap after
{Heap after GC invocations=2 (full 0):
 garbage-first heap   total 196608K, used 9553K [0x0000000080000000, 0x0000000100000000)
  region size 1024K, 2 young (2048K), 2 survivors (2048K)
 Metaspace       used 9899K, capacity 10122K, committed 10368K, reserved 1058816K
  class space    used 1011K, capacity 1102K, committed 1152K, reserved 1048576K
}
Event: 1.157 GC heap before
{Heap before GC invocations=2 (full 0):
 garbage-first heap   total 196608K, used 41297K [0x0000000080000000, 0x0000000100000000)
  region size 1024K, 32 young (32768K), 2 survivors (2048K)
 Metaspace       used 10869K, capacity 11077K, committed 11264K, reserved 1058816K
  class space    used 1112K, capacity 1207K, committed 1280K, reserved 1048576K
}
Event: 1.160 GC heap after
{Heap after GC invocations=3 (full 0):
 garbage-first heap   total 196608K, used 13025K [0x0000000080000000, 0x0000000100000000)
  region size 1024K, 4 young (4096K), 4 survivors (4096K)
 Metaspace       used 10869K, capacity 11077K, committed 11264K, reserved 1058816K
  class space    used 1112K, capacity 1207K, committed 1280K, reserved 1048576K
}
Event: 1.856 GC heap before
{Heap before GC invocations=3 (full 0):
 garbage-first heap   total 196608K, used 57057K [0x0000000080000000, 0x0000000100000000)
  region size 1024K, 48 young (49152K), 4 survivors (4096K)
 Metaspace       used 17691K, capacity 18071K, committed 18432K, reserved 1064960K
  class space    used 2061K, capacity 2177K, committed 2304K, reserved 1048576K
}
Event: 1.861 GC heap after
{Heap after GC invocations=4 (full 0):
 garbage-first heap   total 196608K, used 17674K [0x0000000080000000, 0x0000000100000000)
  region size 1024K, 6 young (6144K), 6 survivors (6144K)
 Metaspace       used 17691K, capacity 18071K, committed 18432K, reserved 1064960K
  class space    used 2061K, capacity 2177K, committed 2304K, reserved 1048576K
}
Event: 2.078 GC heap before
{Heap before GC invocations=4 (full 0):
 garbage-first heap   total 196608K, used 45322K [0x0000000080000000, 0x0000000100000000)
  region size 1024K, 34 young (34816K), 6 survivors (6144K)
 Metaspace       used 20803K, capacity 21193K, committed 21296K, reserved 1069056K
  class space    used 2524K, capacity 2688K, committed 2688K, reserved 1048576K
}
Event: 2.084 GC heap after
{Heap after GC invocations=5 (full 0):
 garbage-first heap   total 196608K, used 18536K [0x0000000080000000, 0x0000000100000000)
  region size 1024K, 7 young (7168K), 7 survivors (7168K)
 Metaspace       used 20803K, capacity 21193K, committed 21296K, reserved 1069056K
  class space    used 2524K, capacity 2688K, committed 2688K, reserved 1048576K
}
Event: 2.741 GC heap before
{Heap before GC invocations=6 (full 0):
 garbage-first heap   total 196608K, used 86120K [0x0000000080000000, 0x0000000100000000)
  region size 1024K, 74 young (75776K), 7 survivors (7168K)
 Metaspace       used 27447K, capacity 28107K, committed 28160K, reserved 1073152K
  class space    used 3568K, capacity 3810K, committed 3840K, reserved 1048576K
}
Event: 2.749 GC heap after
{Heap after GC invocations=7 (full 0):
 garbage-first heap   total 196608K, used 19642K [0x0000000080000000, 0x0000000100000000)
  region size 1024K, 8 young (8192K), 8 survivors (8192K)
 Metaspace       used 27447K, capacity 28107K, committed 28160K, reserved 1073152K
  class space    used 3568K, capacity 3810K, committed 3840K, reserved 1048576K
}
Event: 3.353 GC heap before
{Heap before GC invocations=7 (full 0):
 garbage-first heap   total 196608K, used 65722K [0x0000000080000000, 0x0000000100000000)
  region size 1024K, 54 young (55296K), 8 survivors (8192K)
 Metaspace       used 35153K, capacity 35940K, committed 36048K, reserved 1081344K
  class space    used 4509K, capacity 4806K, committed 4864K, reserved 1048576K
}
Event: 3.365 GC heap after
{Heap after GC invocations=8 (full 0):
 garbage-first heap   total 196608K, used 22966K [0x0000000080000000, 0x0000000100000000)
  region size 1024K, 7 young (7168K), 7 survivors (7168K)
 Metaspace       used 35153K, capacity 35940K, committed 36048K, reserved 1081344K
  class space    used 4509K, capacity 4806K, committed 4864K, reserved 1048576K
}
Event: 4.279 GC heap before
{Heap before GC invocations=9 (full 0):
 garbage-first heap   total 196608K, used 115126K [0x0000000080000000, 0x0000000100000000)
  region size 1024K, 95 young (97280K), 7 survivors (7168K)
 Metaspace       used 42547K, capacity 43522K, committed 43728K, reserved 1087488K
  class space    used 5430K, capacity 5805K, committed 5888K, reserved 1048576K
}
Event: 4.292 GC heap after
{Heap after GC invocations=10 (full 0):
 garbage-first heap   total 236544K, used 28906K [0x0000000080000000, 0x0000000100000000)
  region size 1024K, 12 young (12288K), 12 survivors (12288K)
 Metaspace       used 42547K, capacity 43522K, committed 43728K, reserved 1087488K
  class space    used 5430K, capacity 5805K, committed 5888K, reserved 1048576K
}
Event: 5.461 GC heap before
{Heap before GC invocations=10 (full 0):
 garbage-first heap   total 236544K, used 144618K [0x0000000080000000, 0x0000000100000000)
  region size 1024K, 125 young (128000K), 12 survivors (12288K)
 Metaspace       used 48722K, capacity 49982K, committed 50128K, reserved 1093632K
  class space    used 6135K, capacity 6632K, committed 6656K, reserved 1048576K
}
Event: 5.480 GC heap after
{Heap after GC invocations=11 (full 0):
 garbage-first heap   total 236544K, used 35777K [0x0000000080000000, 0x0000000100000000)
  region size 1024K, 13 young (13312K), 13 survivors (13312K)
 Metaspace       used 48722K, capacity 49982K, committed 50128K, reserved 1093632K
  class space    used 6135K, capacity 6632K, committed 6656K, reserved 1048576K
}
Event: 6.579 GC heap before
{Heap before GC invocations=11 (full 0):
 garbage-first heap   total 236544K, used 133057K [0x0000000080000000, 0x0000000100000000)
  region size 1024K, 100 young (102400K), 13 survivors (13312K)
 Metaspace       used 58807K, capacity 60378K, committed 60496K, reserved 1101824K
  class space    used 7404K, capacity 7992K, committed 8064K, reserved 1048576K
}

Deoptimization events (20 events):
Event: 6.090 Thread 0x0000029e75c1a800 DEOPT PACKING pc=0x0000029e5cfc1097 sp=0x000000e4091f6460
Event: 6.090 Thread 0x0000029e75c1a800 DEOPT UNPACKING pc=0x0000029e5c80a95e sp=0x000000e4091f59e8 mode 0
Event: 6.092 Thread 0x0000029e75c1a800 DEOPT PACKING pc=0x0000029e5cfc1097 sp=0x000000e4091f6180
Event: 6.092 Thread 0x0000029e75c1a800 DEOPT UNPACKING pc=0x0000029e5c80a95e sp=0x000000e4091f5708 mode 0
Event: 6.093 Thread 0x0000029e75c1a800 DEOPT PACKING pc=0x0000029e5cfc1097 sp=0x000000e4091f6280
Event: 6.093 Thread 0x0000029e75c1a800 DEOPT UNPACKING pc=0x0000029e5c80a95e sp=0x000000e4091f5808 mode 0
Event: 6.094 Thread 0x0000029e75c1a800 DEOPT PACKING pc=0x0000029e5cfc1097 sp=0x000000e4091f6460
Event: 6.094 Thread 0x0000029e75c1a800 DEOPT UNPACKING pc=0x0000029e5c80a95e sp=0x000000e4091f59e8 mode 0
Event: 6.095 Thread 0x0000029e75c1a800 DEOPT PACKING pc=0x0000029e5cfc1097 sp=0x000000e4091f6180
Event: 6.095 Thread 0x0000029e75c1a800 DEOPT UNPACKING pc=0x0000029e5c80a95e sp=0x000000e4091f5708 mode 0
Event: 6.497 Thread 0x0000029e75c1a800 DEOPT PACKING pc=0x0000029e5d7e0ce2 sp=0x000000e4091f19c0
Event: 6.497 Thread 0x0000029e75c1a800 DEOPT UNPACKING pc=0x0000029e5c80a95e sp=0x000000e4091f0e50 mode 0
Event: 6.533 Thread 0x0000029e75c1a800 Uncommon trap: trap_request=0xffffff7e fr.pc=0x0000029e64460414 relative=0x0000000000004a34
Event: 6.533 Thread 0x0000029e75c1a800 Uncommon trap: reason=predicate action=maybe_recompile pc=0x0000029e64460414 method=java.util.Arrays.binarySearch0([Ljava/lang/Object;IILjava/lang/Object;Ljava/util/Comparator;)I @ 25 c2
Event: 6.533 Thread 0x0000029e75c1a800 DEOPT PACKING pc=0x0000029e64460414 sp=0x000000e4091f3560
Event: 6.533 Thread 0x0000029e75c1a800 DEOPT UNPACKING pc=0x0000029e5c80a1af sp=0x000000e4091f35d8 mode 2
Event: 6.565 Thread 0x0000029e75c1a800 Uncommon trap: trap_request=0xffffff4d fr.pc=0x0000029e6458adb8 relative=0x00000000000022b8
Event: 6.565 Thread 0x0000029e75c1a800 Uncommon trap: reason=unstable_if action=reinterpret pc=0x0000029e6458adb8 method=java.lang.ClassLoader.defineClassSourceLocation(Ljava/security/ProtectionDomain;)Ljava/lang/String; @ 15 c2
Event: 6.565 Thread 0x0000029e75c1a800 DEOPT PACKING pc=0x0000029e6458adb8 sp=0x000000e4091f29b0
Event: 6.565 Thread 0x0000029e75c1a800 DEOPT UNPACKING pc=0x0000029e5c80a1af sp=0x000000e4091f2928 mode 2

Classes redefined (0 events):
No events

Internal exceptions (20 events):
Event: 5.566 Thread 0x0000029e75c1a800 Exception <a 'java/security/PrivilegedActionException'{0x000000008dfcb710}> (0x000000008dfcb710) thrown at [./src/hotspot/share/prims/jvm.cpp, line 1306]
Event: 5.566 Thread 0x0000029e75c1a800 Exception <a 'java/security/PrivilegedActionException'{0x000000008dfcc9d0}> (0x000000008dfcc9d0) thrown at [./src/hotspot/share/prims/jvm.cpp, line 1306]
Event: 5.566 Thread 0x0000029e75c1a800 Exception <a 'java/security/PrivilegedActionException'{0x000000008dfcf708}> (0x000000008dfcf708) thrown at [./src/hotspot/share/prims/jvm.cpp, line 1306]
Event: 5.566 Thread 0x0000029e75c1a800 Exception <a 'java/security/PrivilegedActionException'{0x000000008dfd09c8}> (0x000000008dfd09c8) thrown at [./src/hotspot/share/prims/jvm.cpp, line 1306]
Event: 5.567 Thread 0x0000029e75c1a800 Exception <a 'java/security/PrivilegedActionException'{0x000000008dfd3650}> (0x000000008dfd3650) thrown at [./src/hotspot/share/prims/jvm.cpp, line 1306]
Event: 5.567 Thread 0x0000029e75c1a800 Exception <a 'java/security/PrivilegedActionException'{0x000000008dfd4910}> (0x000000008dfd4910) thrown at [./src/hotspot/share/prims/jvm.cpp, line 1306]
Event: 5.567 Thread 0x0000029e75c1a800 Exception <a 'java/security/PrivilegedActionException'{0x000000008dfd75e8}> (0x000000008dfd75e8) thrown at [./src/hotspot/share/prims/jvm.cpp, line 1306]
Event: 5.567 Thread 0x0000029e75c1a800 Exception <a 'java/security/PrivilegedActionException'{0x000000008dfd88a8}> (0x000000008dfd88a8) thrown at [./src/hotspot/share/prims/jvm.cpp, line 1306]
Event: 5.567 Thread 0x0000029e75c1a800 Exception <a 'java/security/PrivilegedActionException'{0x000000008dfdb5e0}> (0x000000008dfdb5e0) thrown at [./src/hotspot/share/prims/jvm.cpp, line 1306]
Event: 5.567 Thread 0x0000029e75c1a800 Exception <a 'java/security/PrivilegedActionException'{0x000000008dfdc8a0}> (0x000000008dfdc8a0) thrown at [./src/hotspot/share/prims/jvm.cpp, line 1306]
Event: 5.622 Thread 0x0000029e75c1a800 Exception <a 'java/lang/ClassNotFoundException'{0x000000008d6c7b68}: org/gradle/api/internal/plugins/DefaultObjectConfigurationActionBeanInfo> (0x000000008d6c7b68) thrown at [./src/hotspot/share/classfile/systemDictionary.cpp, line 231]
Event: 5.623 Thread 0x0000029e75c1a800 Exception <a 'java/lang/ClassNotFoundException'{0x000000008d6fee58}: org/gradle/api/internal/plugins/DefaultObjectConfigurationActionCustomizer> (0x000000008d6fee58) thrown at [./src/hotspot/share/classfile/systemDictionary.cpp, line 231]
Event: 5.782 Thread 0x0000029e75c1a800 Exception <a 'java/lang/NoSuchMethodError'{0x000000008ca8ebe0}: 'java.lang.Object java.lang.invoke.DirectMethodHandle$Holder.invokeStatic(java.lang.Object, java.lang.Object, java.lang.Object, java.lang.Object, int)'> (0x000000008ca8ebe0) thrown at [./src/hotspot/share/interpreter/linkResolver.cpp, line 773]
Event: 5.783 Thread 0x0000029e75c1a800 Exception <a 'java/lang/NoSuchMethodError'{0x000000008ca935d8}: 'java.lang.Object java.lang.invoke.DirectMethodHandle$Holder.invokeSpecial(java.lang.Object, java.lang.Object, java.lang.Object, java.lang.Object, java.lang.Object, int)'> (0x000000008ca935d8) thrown at [./src/hotspot/share/interpreter/linkResolver.cpp, line 773]
Event: 5.783 Thread 0x0000029e75c1a800 Exception <a 'java/lang/NoSuchMethodError'{0x000000008ca97c18}: 'java.lang.Object java.lang.invoke.Invokers$Holder.linkToTargetMethod(java.lang.Object, java.lang.Object, java.lang.Object, int, java.lang.Object)'> (0x000000008ca97c18) thrown at [./src/hotspot/share/interpreter/linkResolver.cpp, line 773]
Event: 5.976 Thread 0x0000029e75c1a800 Exception <a 'java/lang/NoSuchMethodError'{0x000000008bbabd88}: 'java.lang.Object java.lang.invoke.DirectMethodHandle$Holder.invokeSpecial(java.lang.Object, java.lang.Object, int, int, java.lang.Object, java.lang.Object, java.lang.Object)'> (0x000000008bbabd88) thrown at [./src/hotspot/share/interpreter/linkResolver.cpp, line 773]
Event: 5.976 Thread 0x0000029e75c1a800 Exception <a 'java/lang/NoSuchMethodError'{0x000000008bbb0308}: 'java.lang.Object java.lang.invoke.DelegatingMethodHandle$Holder.reinvoke_L(java.lang.Object, int, int, java.lang.Object, java.lang.Object, java.lang.Object)'> (0x000000008bbb0308) thrown at [./src/hotspot/share/interpreter/linkResolver.cpp, line 773]
Event: 6.156 Thread 0x0000029e75c1a800 Exception <a 'java/lang/NoSuchMethodError'{0x000000008ad92fb8}: 'int java.lang.invoke.DirectMethodHandle$Holder.invokeInterface(java.lang.Object, java.lang.Object, java.lang.Object, java.lang.Object)'> (0x000000008ad92fb8) thrown at [./src/hotspot/share/interpreter/linkResolver.cpp, line 773]
Event: 6.523 Thread 0x0000029e75c1a800 Exception <a 'java/lang/IncompatibleClassChangeError'{0x00000000893fa278}: Found class java.lang.Object, but interface was expected> (0x00000000893fa278) thrown at [./src/hotspot/share/interpreter/linkResolver.cpp, line 839]
Event: 6.565 Thread 0x0000029e75c1a800 Implicit null exception at 0x0000029e6458912b to 0x0000029e6458ada4

Events (20 events):
Event: 6.572 loading class org/gradle/workers/internal/IsolatableSerializerRegistry$IsolatableSerializer done
Event: 6.572 loading class org/gradle/workers/internal/IsolatableSerializerRegistry$BooleanValueSnapshotSerializer
Event: 6.572 loading class org/gradle/workers/internal/IsolatableSerializerRegistry$BooleanValueSnapshotSerializer done
Event: 6.573 loading class org/gradle/workers/internal/IsolatableSerializerRegistry$ShortValueSnapshotSerializer
Event: 6.573 loading class org/gradle/workers/internal/IsolatableSerializerRegistry$ShortValueSnapshotSerializer done
Event: 6.574 loading class org/gradle/workers/internal/IsolatableSerializerRegistry$IntegerValueSnapshotSerializer
Event: 6.574 loading class org/gradle/workers/internal/IsolatableSerializerRegistry$IntegerValueSnapshotSerializer done
Event: 6.575 loading class org/gradle/workers/internal/IsolatableSerializerRegistry$LongValueSnapshotSerializer
Event: 6.575 loading class org/gradle/workers/internal/IsolatableSerializerRegistry$LongValueSnapshotSerializer done
Event: 6.576 loading class org/gradle/workers/internal/IsolatableSerializerRegistry$AttributeDefinitionSnapshotSerializer
Event: 6.576 loading class org/gradle/workers/internal/IsolatableSerializerRegistry$AttributeDefinitionSnapshotSerializer done
Event: 6.577 loading class org/gradle/workers/internal/IsolatableSerializerRegistry$IsolatedManagedValueSerializer
Event: 6.577 loading class org/gradle/workers/internal/IsolatableSerializerRegistry$IsolatedManagedValueSerializer done
Event: 6.577 loading class org/gradle/workers/internal/IsolatableSerializerRegistry$IsolatedImmutableManagedValueSerializer
Event: 6.577 loading class org/gradle/workers/internal/IsolatableSerializerRegistry$IsolatedImmutableManagedValueSerializer done
Event: 6.578 loading class org/gradle/workers/internal/IsolatableSerializerRegistry$FileValueSnapshotSerializer
Event: 6.578 loading class org/gradle/workers/internal/IsolatableSerializerRegistry$FileValueSnapshotSerializer done
Event: 6.579 loading class org/gradle/workers/internal/IsolatableSerializerRegistry$IsolatedJavaSerializedValueSnapshotSerializer
Event: 6.579 loading class org/gradle/workers/internal/IsolatableSerializerRegistry$IsolatedJavaSerializedValueSnapshotSerializer done
Event: 6.579 Executing VM operation: CollectForMetadataAllocation


Dynamic libraries:
0x00007ff641910000 - 0x00007ff64191a000 	C:\Program Files\Android\Android Studio\jre\bin\java.exe
0x00007ffcd1770000 - 0x00007ffcd1968000 	C:\Windows\SYSTEM32\ntdll.dll
0x00007ffccfe90000 - 0x00007ffccff4f000 	C:\Windows\System32\KERNEL32.DLL
0x00007ffccf130000 - 0x00007ffccf402000 	C:\Windows\System32\KERNELBASE.dll
0x00007ffccf440000 - 0x00007ffccf540000 	C:\Windows\System32\ucrtbase.dll
0x00007ffcb8b40000 - 0x00007ffcb8b57000 	C:\Program Files\Android\Android Studio\jre\bin\VCRUNTIME140.dll
0x00007ffcc61a0000 - 0x00007ffcc61b9000 	C:\Program Files\Android\Android Studio\jre\bin\jli.dll
0x00007ffcd13d0000 - 0x00007ffcd1571000 	C:\Windows\System32\USER32.dll
0x00007ffccf410000 - 0x00007ffccf432000 	C:\Windows\System32\win32u.dll
0x00007ffcce1f0000 - 0x00007ffcce48a000 	C:\Windows\WinSxS\amd64_microsoft.windows.common-controls_6595b64144ccf1df_6.0.19041.1110_none_60b5254171f9507e\COMCTL32.dll
0x00007ffccfd90000 - 0x00007ffccfdbb000 	C:\Windows\System32\GDI32.dll
0x00007ffccee60000 - 0x00007ffccef6f000 	C:\Windows\System32\gdi32full.dll
0x00007ffccffb0000 - 0x00007ffcd004e000 	C:\Windows\System32\msvcrt.dll
0x00007ffccf5b0000 - 0x00007ffccf64d000 	C:\Windows\System32\msvcp_win.dll
0x00007ffcd1260000 - 0x00007ffcd1292000 	C:\Windows\System32\IMM32.DLL
0x00007ffcac5a0000 - 0x00007ffcac63d000 	C:\Program Files\Android\Android Studio\jre\bin\msvcp140.dll
0x00007ffc6de20000 - 0x00007ffc6e922000 	C:\Program Files\Android\Android Studio\jre\bin\server\jvm.dll
0x00007ffcd0810000 - 0x00007ffcd08be000 	C:\Windows\System32\ADVAPI32.dll
0x00007ffcd0770000 - 0x00007ffcd080c000 	C:\Windows\System32\sechost.dll
0x00007ffcd12a0000 - 0x00007ffcd13c5000 	C:\Windows\System32\RPCRT4.dll
0x00007ffcd08c0000 - 0x00007ffcd08c8000 	C:\Windows\System32\PSAPI.DLL
0x00007ffcc6560000 - 0x00007ffcc6569000 	C:\Windows\SYSTEM32\WSOCK32.dll
0x00007ffcc6fc0000 - 0x00007ffcc6fe7000 	C:\Windows\SYSTEM32\WINMM.dll
0x00007ffcd0170000 - 0x00007ffcd01db000 	C:\Windows\System32\WS2_32.dll
0x00007ffcc8fd0000 - 0x00007ffcc8fda000 	C:\Windows\SYSTEM32\VERSION.dll
0x00007ffccbe60000 - 0x00007ffccbe72000 	C:\Windows\SYSTEM32\kernel.appcore.dll
0x00007ffcb9e20000 - 0x00007ffcb9e31000 	C:\Program Files\Android\Android Studio\jre\bin\verify.dll
0x00007ffcce650000 - 0x00007ffcce834000 	C:\Windows\SYSTEM32\DBGHELP.DLL
0x00007ffcce610000 - 0x00007ffcce645000 	C:\Windows\SYSTEM32\dbgcore.DLL
0x00007ffcceff0000 - 0x00007ffccf072000 	C:\Windows\System32\bcryptPrimitives.dll
0x00007ffca6610000 - 0x00007ffca6639000 	C:\Program Files\Android\Android Studio\jre\bin\java.dll
0x00007ffcc6190000 - 0x00007ffcc619b000 	C:\Program Files\Android\Android Studio\jre\bin\jimage.dll
0x00007ffcaab70000 - 0x00007ffcaab88000 	C:\Program Files\Android\Android Studio\jre\bin\zip.dll
0x00007ffcd0b10000 - 0x00007ffcd1254000 	C:\Windows\System32\SHELL32.dll
0x00007ffccc8d0000 - 0x00007ffccd062000 	C:\Windows\SYSTEM32\windows.storage.dll
0x00007ffccfa30000 - 0x00007ffccfd85000 	C:\Windows\System32\combase.dll
0x00007ffcce150000 - 0x00007ffcce180000 	C:\Windows\SYSTEM32\Wldp.dll
0x00007ffcd08d0000 - 0x00007ffcd097d000 	C:\Windows\System32\SHCORE.dll
0x00007ffccff50000 - 0x00007ffccffa5000 	C:\Windows\System32\shlwapi.dll
0x00007ffcceda0000 - 0x00007ffccedbf000 	C:\Windows\SYSTEM32\profapi.dll
0x00007ffca65f0000 - 0x00007ffca660a000 	C:\Program Files\Android\Android Studio\jre\bin\net.dll
0x00007ffcc6ff0000 - 0x00007ffcc70fc000 	C:\Windows\SYSTEM32\WINHTTP.dll
0x00007ffcce020000 - 0x00007ffcce08a000 	C:\Windows\system32\mswsock.dll
0x00007ffca36b0000 - 0x00007ffca36c4000 	C:\Program Files\Android\Android Studio\jre\bin\nio.dll
0x00007ffcb8b60000 - 0x00007ffcb8b87000 	C:\Users\Administrator\.gradle\native\e1d6ef7f7dcc3fd88c89a11ec53ec762bb8ba0a96d01ffa2cd45eb1d1d8dd5c5\windows-amd64\native-platform.dll
0x00007ffca2c80000 - 0x00007ffca2dc4000 	C:\Users\Administrator\.gradle\native\0d407fdbe67a94daf76414ababcb853783967236a71b16ec16e742cd7a986fd3\windows-amd64\native-platform-file-events.dll
0x00007ffcbb430000 - 0x00007ffcbb43a000 	C:\Program Files\Android\Android Studio\jre\bin\management.dll
0x00007ffcba600000 - 0x00007ffcba60d000 	C:\Program Files\Android\Android Studio\jre\bin\management_ext.dll
0x00007ffcceb80000 - 0x00007ffcceb98000 	C:\Windows\SYSTEM32\CRYPTSP.dll
0x00007ffccd830000 - 0x00007ffccd864000 	C:\Windows\system32\rsaenh.dll
0x00007ffccef70000 - 0x00007ffccef97000 	C:\Windows\System32\bcrypt.dll
0x00007ffcced60000 - 0x00007ffcced8e000 	C:\Windows\SYSTEM32\USERENV.dll
0x00007ffcce110000 - 0x00007ffcce11c000 	C:\Windows\SYSTEM32\CRYPTBASE.dll
0x00007ffccdba0000 - 0x00007ffccdbdb000 	C:\Windows\SYSTEM32\IPHLPAPI.DLL
0x00007ffccf880000 - 0x00007ffccf888000 	C:\Windows\System32\NSI.dll
0x00007ffcc7db0000 - 0x00007ffcc7dc7000 	C:\Windows\SYSTEM32\dhcpcsvc6.DLL
0x00007ffcc7f60000 - 0x00007ffcc7f7d000 	C:\Windows\SYSTEM32\dhcpcsvc.DLL
0x00007ffccdbe0000 - 0x00007ffccdcaa000 	C:\Windows\SYSTEM32\DNSAPI.dll

dbghelp: loaded successfully - version: 4.0.5 - missing functions: none
symbol engine: initialized successfully - sym options: 0x614 - pdb path: .;C:\Program Files\Android\Android Studio\jre\bin;C:\Windows\SYSTEM32;C:\Windows\WinSxS\amd64_microsoft.windows.common-controls_6595b64144ccf1df_6.0.19041.1110_none_60b5254171f9507e;C:\Program Files\Android\Android Studio\jre\bin\server;C:\Users\Administrator\.gradle\native\e1d6ef7f7dcc3fd88c89a11ec53ec762bb8ba0a96d01ffa2cd45eb1d1d8dd5c5\windows-amd64;C:\Users\Administrator\.gradle\native\0d407fdbe67a94daf76414ababcb853783967236a71b16ec16e742cd7a986fd3\windows-amd64

VM Arguments:
jvm_args: --add-opens=java.base/java.util=ALL-UNNAMED --add-opens=java.base/java.lang=ALL-UNNAMED --add-opens=java.base/java.lang.invoke=ALL-UNNAMED --add-opens=java.base/java.util=ALL-UNNAMED --add-opens=java.prefs/java.util.prefs=ALL-UNNAMED --add-opens=java.prefs/java.util.prefs=ALL-UNNAMED --add-opens=java.base/java.nio.charset=ALL-UNNAMED --add-opens=java.base/java.net=ALL-UNNAMED --add-opens=java.base/java.util.concurrent.atomic=ALL-UNNAMED -Xmx2048m -Dfile.encoding=UTF-8 -Duser.country=US -Duser.language=en -Duser.variant 
java_command: org.gradle.launcher.daemon.bootstrap.GradleDaemon 7.4
java_class_path (initial): C:\Users\Administrator\.gradle\wrapper\dists\gradle-7.4-bin\c0gwcg53nkjbqw7r0h0umtfvt\gradle-7.4\lib\gradle-launcher-7.4.jar
Launcher Type: SUN_STANDARD

[Global flags]
     intx CICompilerCount                          = 3                                         {product} {ergonomic}
     uint ConcGCThreads                            = 1                                         {product} {ergonomic}
     uint G1ConcRefinementThreads                  = 4                                         {product} {ergonomic}
   size_t G1HeapRegionSize                         = 1048576                                   {product} {ergonomic}
    uintx GCDrainStackTargetSize                   = 64                                        {product} {ergonomic}
   size_t InitialHeapSize                          = 201326592                                 {product} {ergonomic}
   size_t MarkStackSize                            = 4194304                                   {product} {ergonomic}
   size_t MaxHeapSize                              = 2147483648                                {product} {command line}
   size_t MaxNewSize                               = 1287651328                                {product} {ergonomic}
   size_t MinHeapDeltaBytes                        = 1048576                                   {product} {ergonomic}
    uintx NonNMethodCodeHeapSize                   = 5830732                                {pd product} {ergonomic}
    uintx NonProfiledCodeHeapSize                  = 122913754                              {pd product} {ergonomic}
    uintx ProfiledCodeHeapSize                     = 122913754                              {pd product} {ergonomic}
    uintx ReservedCodeCacheSize                    = 251658240                              {pd product} {ergonomic}
     bool SegmentedCodeCache                       = true                                      {product} {ergonomic}
     bool UseCompressedClassPointers               = true                                 {lp64_product} {ergonomic}
     bool UseCompressedOops                        = true                                 {lp64_product} {ergonomic}
     bool UseG1GC                                  = true                                      {product} {ergonomic}
     bool UseLargePagesIndividualAllocation        = false                                  {pd product} {ergonomic}

Logging:
Log output configuration:
 #0: stdout all=warning uptime,level,tags
 #1: stderr all=off uptime,level,tags

Environment Variables:
PATH=C:\Program Files\Common Files\Oracle\Java\javapath;C:\Windows\system32;C:\Windows;C:\Windows\System32\Wbem;C:\Windows\System32\WindowsPowerShell\v1.0\;C:\Windows\System32\OpenSSH\;C:\Program Files\Git\cmd;C:\Users\Administrator\AppData\Local\Microsoft\WindowsApps;D:\Microsoft VS Code\bin;C:\Program Files\Java\jdk-19\bin;;C:\Program Files\JetBrains\IntelliJ IDEA Community Edition 2022.3.1\bin;
USERNAME=Administrator
OS=Windows_NT
PROCESSOR_IDENTIFIER=Intel64 Family 6 Model 158 Stepping 9, GenuineIntel



---------------  S Y S T E M  ---------------

OS: Windows 10 , 64 bit Build 19041 (10.0.19041.2364)
OS uptime: 0 days 5:12 hours

CPU:total 4 (initial active 4) (2 cores per cpu, 2 threads per core) family 6 model 158 stepping 9 microcode 0xb4, cmov, cx8, fxsr, mmx, sse, sse2, sse3, ssse3, sse4.1, sse4.2, popcnt, avx, avx2, aes, clmul, erms, 3dnowpref, lzcnt, ht, tsc, tscinvbit, bmi1, bmi2, adx, fma

Memory: 4k page, system-wide physical 12246M (5062M free)
TotalPageFile size 16342M (AvailPageFile size 7991M)
current process WorkingSet (physical memory assigned to process): 376M, peak: 376M
current process commit charge ("private bytes"): 458M, peak: 458M

vm_info: OpenJDK 64-Bit Server VM (11.0.13+0-b1751.21-8125866) for windows-amd64 JRE (11.0.13+0-b1751.21-8125866), built on Feb  2 2022 03:00:22 by "builder" with MS VC++ 14.0 (VS2015)

END.
