#
# A fatal error has been detected by the Java Runtime Environment:
#
#  EXCEPTION_ACCESS_VIOLATION (0xc0000005) at pc=0x00007ffc57a45039, pid=1844, tid=1228
#
# JRE version: OpenJDK Runtime Environment (11.0.13) (build 11.0.13+0-b1751.21-8125866)
# Java VM: OpenJDK 64-Bit Server VM (11.0.13+0-b1751.21-8125866, mixed mode, tiered, compressed oops, g1 gc, windows-amd64)
# Problematic frame:
# V  [jvm.dll+0x2e5039]
#
# No core dump will be written. Minidumps are not enabled by default on client versions of Windows
#
# If you would like to submit a bug report, please visit:
#   https://bugreport.java.com/bugreport/crash.jsp
#

---------------  S U M M A R Y ------------

Command Line: --add-opens=java.base/java.util=ALL-UNNAMED --add-opens=java.base/java.lang=ALL-UNNAMED --add-opens=java.base/java.lang.invoke=ALL-UNNAMED --add-opens=java.base/java.util=ALL-UNNAMED --add-opens=java.prefs/java.util.prefs=ALL-UNNAMED --add-opens=java.prefs/java.util.prefs=ALL-UNNAMED --add-opens=java.base/java.nio.charset=ALL-UNNAMED --add-opens=java.base/java.net=ALL-UNNAMED --add-opens=java.base/java.util.concurrent.atomic=ALL-UNNAMED -Xmx2048m -Dfile.encoding=UTF-8 -Duser.country=US -Duser.language=en -Duser.variant org.gradle.launcher.daemon.bootstrap.GradleDaemon 7.4

Host: Intel(R) Core(TM) i3-7100 CPU @ 3.90GHz, 4 cores, 11G,  Windows 10 , 64 bit Build 19041 (10.0.19041.2364)
Time: Mon Jan 23 01:48:38 2023 Bangladesh Standard Time elapsed time: 1215.946877 seconds (0d 0h 20m 15s)

---------------  T H R E A D  ---------------

Current thread (0x00000164efe18000):  ConcurrentGCThread "G1 Conc#0" [stack: 0x0000003ff0f00000,0x0000003ff1000000] [id=1228]

Stack: [0x0000003ff0f00000,0x0000003ff1000000],  sp=0x0000003ff0fff190,  free space=1020k
Native frames: (J=compiled Java code, j=interpreted, Vv=VM code, C=native code)
V  [jvm.dll+0x2e5039]
V  [jvm.dll+0x2e4f66]
V  [jvm.dll+0x2de20d]
V  [jvm.dll+0x2dc681]
V  [jvm.dll+0x2eac0f]
V  [jvm.dll+0x2eca5b]
V  [jvm.dll+0x2ee62b]
V  [jvm.dll+0x2ed249]
V  [jvm.dll+0x2f1826]
V  [jvm.dll+0x771260]
V  [jvm.dll+0x706a75]
V  [jvm.dll+0x60ed66]
C  [ucrtbase.dll+0x21bb2]
C  [KERNEL32.DLL+0x17614]
C  [ntdll.dll+0x526a1]


siginfo: EXCEPTION_ACCESS_VIOLATION (0xc0000005), reading address 0x0000000000000160


Register to memory mapping:

RIP=0x00007ffc57a45039 jvm.dll
RAX=0x00000164efdf6480 points into unknown readable memory: 0x0000000000000000 | 00 00 00 00 00 00 00 00
RBX=0x0000000000002000 is an unknown value
RCX=0x00000164efe0de80 points into unknown readable memory: 0x00000164efe16800 | 00 68 e1 ef 64 01 00 00
RDX=0x0 is NULL
RSP=0x0000003ff0fff190 points into unknown readable memory: 0x0000000082546770 | 70 67 54 82 00 00 00 00
RBP=0x00000164efe0de80 points into unknown readable memory: 0x00000164efe16800 | 00 68 e1 ef 64 01 00 00
RSI=0x0000003ff0fff388 points into unknown readable memory: 0x00007ffc57fa95c0 | c0 95 fa 57 fc 7f 00 00
RDI=0x0000000000002000 is an unknown value
R8 =0x0 is NULL
R9 =0x0000000000002000 is an unknown value
R10=0x00000164efe0de80 points into unknown readable memory: 0x00000164efe16800 | 00 68 e1 ef 64 01 00 00
R11=0x00000164f64f0000 points into unknown readable memory: 0x0000000000000001 | 01 00 00 00 00 00 00 00
R12=0x000000000000000c is an unknown value
R13=0xaaaaaaaaaaaaaaab is an unknown value
R14=0x0 is NULL
R15=0x0000003ff0fff360 points into unknown readable memory: 0x00000164efe0de80 | 80 de e0 ef 64 01 00 00


Registers:
RAX=0x00000164efdf6480, RBX=0x0000000000002000, RCX=0x00000164efe0de80, RDX=0x0000000000000000
RSP=0x0000003ff0fff190, RBP=0x00000164efe0de80, RSI=0x0000003ff0fff388, RDI=0x0000000000002000
R8 =0x0000000000000000, R9 =0x0000000000002000, R10=0x00000164efe0de80, R11=0x00000164f64f0000
R12=0x000000000000000c, R13=0xaaaaaaaaaaaaaaab, R14=0x0000000000000000, R15=0x0000003ff0fff360
RIP=0x00007ffc57a45039, EFLAGS=0x0000000000010206

Top of Stack: (sp=0x0000003ff0fff190)
0x0000003ff0fff190:   0000000082546770 0000003ff0fff388
0x0000003ff0fff1a0:   000000010009e330 00007ffc57a44f66
0x0000003ff0fff1b0:   00000164efe18301 00007ffc57a44f66
0x0000003ff0fff1c0:   0000003ff0fff388 0000003ff0fff388
0x0000003ff0fff1d0:   00000164efe1a980 0000003ff0fff388
0x0000003ff0fff1e0:   0000000000000000 00007ffc57a3cdcd
0x0000003ff0fff1f0:   0000000082546770 00007ffc57a3e20d
0x0000003ff0fff200:   0000000082546720 0000000082546768
0x0000003ff0fff210:   0000003ff0fff360 00000164efe18301
0x0000003ff0fff220:   0000000100031640 00007ffc57a3c681
0x0000003ff0fff230:   000000000000000a 0000000082546720
0x0000003ff0fff240:   0000000082546710 0000003ff0fff360
0x0000003ff0fff250:   0000000082546720 00007ffc57a4ac0f
0x0000003ff0fff260:   00000164efe1a980 00000000004c0000
0x0000003ff0fff270:   0000003ff0fff360 0000000000000000
0x0000003ff0fff280:   0000000082546720 00007ffc57a4ca5b 

Instructions: (pc=0x00007ffc57a45039)
0x00007ffc57a44f39:   00 00 00 00 48 8b fa 4c 8b ca 49 8b 42 08 8b 53
0x00007ffc57a44f49:   10 8b 88 c0 02 00 00 48 8b 80 b0 02 00 00 49 d3
0x00007ffc57a44f59:   e8 49 8b ca 4e 8b 04 c0 e8 ba 00 00 00 84 c0 75
0x00007ffc57a44f69:   0b 48 8b 5c 24 48 48 83 c4 30 5f c3 48 8b 43 20
0x00007ffc57a44f79:   48 8b 88 d8 02 00 00 48 8b 83 98 00 00 00 48 85
0x00007ffc57a44f89:   c0 74 0e 48 3b f8 72 0e 48 3b bb a0 00 00 00 72
0x00007ffc57a44f99:   77 48 3b f9 73 72 80 3d 33 32 74 00 00 74 15 8b
0x00007ffc57a44fa9:   47 08 8b 0d 67 9e 6f 00 48 d3 e0 48 03 05 55 9e
0x00007ffc57a44fb9:   6f 00 eb 04 48 8b 47 08 81 78 08 00 00 00 c0 72
0x00007ffc57a44fc9:   35 48 8b 83 b0 00 00 00 48 39 83 a8 00 00 00 73
0x00007ffc57a44fd9:   10 48 8b 83 c8 00 00 00 48 39 83 c0 00 00 00 72
0x00007ffc57a44fe9:   27 48 8b cb e8 0e a5 00 00 b0 01 48 8b 5c 24 48
0x00007ffc57a44ff9:   48 83 c4 30 5f c3 48 8d 54 24 40 48 89 7c 24 40
0x00007ffc57a45009:   48 8b cb e8 6f 19 00 00 b0 01 48 8b 5c 24 48 48
0x00007ffc57a45019:   83 c4 30 5f c3 cc cc 48 89 5c 24 18 48 89 6c 24
0x00007ffc57a45029:   20 41 56 48 83 ec 20 49 8b d9 44 8b f2 48 8b e9
0x00007ffc57a45039:   4d 3b 88 60 01 00 00 72 13 32 c0 48 8b 5c 24 40
0x00007ffc57a45049:   48 8b 6c 24 48 48 83 c4 20 41 5e c3 48 8b 81 90
0x00007ffc57a45059:   00 00 00 48 8b d3 48 89 74 24 30 48 2b 10 8b 48
0x00007ffc57a45069:   10 48 c1 ea 03 48 d3 ea 48 8d 48 18 e8 b6 e0 e2
0x00007ffc57a45079:   ff 0f b6 f0 84 c0 74 6f 48 89 7c 24 38 48 8b 7c
0x00007ffc57a45089:   24 50 48 85 ff 75 2d 40 38 3d 42 31 74 00 74 15
0x00007ffc57a45099:   8b 53 08 8b 0d 76 9d 6f 00 48 d3 e2 48 03 15 64
0x00007ffc57a450a9:   9d 6f 00 eb 04 48 8b 53 08 48 8b cb e8 86 d2 ea
0x00007ffc57a450b9:   ff 48 63 f8 48 8b 85 f0 02 00 00 8b 0d c6 38 74
0x00007ffc57a450c9:   00 4a 8b 14 f0 48 8b 42 18 48 8b 40 10 48 2b d8
0x00007ffc57a450d9:   48 d3 eb 48 8d 4a 38 8b d3 e8 b9 e4 ff ff 48 01
0x00007ffc57a450e9:   78 08 48 8b 7c 24 38 48 8b 5c 24 40 40 0f b6 c6
0x00007ffc57a450f9:   48 8b 74 24 30 48 8b 6c 24 48 48 83 c4 20 41 5e
0x00007ffc57a45109:   c3 cc cc cc cc cc cc 4c 8b 81 b8 02 00 00 48 8b
0x00007ffc57a45119:   81 a8 02 00 00 8b 91 c0 02 00 00 49 03 c0 8b ca
0x00007ffc57a45129:   48 d3 e0 49 d3 e0 49 2b c0 48 83 e0 f8 c3 cc cc 


Stack slot to memory mapping:
stack at sp + 0 slots: 0x0000000082546770 is an oop: java.util.LinkedHashMap$Entry 
{0x0000000082546770} - klass: 'java/util/LinkedHashMap$Entry'
stack at sp + 1 slots: 0x0000003ff0fff388 points into unknown readable memory: 0x00007ffc57fa95c0 | c0 95 fa 57 fc 7f 00 00
stack at sp + 2 slots: 0x000000010009e330 is a pointer to class: 
java.util.LinkedHashMap$LinkedValueIterator {0x000000010009e338}
stack at sp + 3 slots: 0x00007ffc57a44f66 jvm.dll
stack at sp + 4 slots: 0x00000164efe18301 points into unknown readable memory: 00 00 00 00 00 00 00
stack at sp + 5 slots: 0x00007ffc57a44f66 jvm.dll
stack at sp + 6 slots: 0x0000003ff0fff388 points into unknown readable memory: 0x00007ffc57fa95c0 | c0 95 fa 57 fc 7f 00 00
stack at sp + 7 slots: 0x0000003ff0fff388 points into unknown readable memory: 0x00007ffc57fa95c0 | c0 95 fa 57 fc 7f 00 00


---------------  P R O C E S S  ---------------

Threads class SMR info:
_java_thread_list=0x0000016491167c90, length=91, elements={
0x00000164efdcb800, 0x00000164faa11000, 0x00000164faa15000, 0x00000164fb265800,
0x00000164fb268000, 0x00000164fb26c800, 0x00000164fb26e000, 0x00000164fb273800,
0x00000164fb277000, 0x00000164fb3e5000, 0x00000164fcbf0000, 0x00000164fcca5000,
0x00000164fdeb3000, 0x00000164fc35c800, 0x00000164fc35b800, 0x00000164fc35f000,
0x00000164fc360000, 0x00000164fc35e000, 0x00000164fea8f800, 0x00000164fea91800,
0x00000164fea90800, 0x00000164fea8f000, 0x00000164fea9a800, 0x000001648feff000,
0x000001648fefa000, 0x0000016491926800, 0x000001649192a000, 0x000001649192b000,
0x000001649192b800, 0x00000164fea98800, 0x000001649414e800, 0x0000016496c52000,
0x0000016496c58000, 0x0000016496c55800, 0x0000016496c56000, 0x0000016496c58800,
0x0000016496c53800, 0x0000016496c54800, 0x0000016496c53000, 0x0000016496c57000,
0x0000016496c5c800, 0x0000016496c5f000, 0x0000016496c5a000, 0x0000016496c59800,
0x00000164fecd8800, 0x0000016496c5c000, 0x0000016496c60000, 0x0000016496c61000,
0x0000016496c5d800, 0x0000016496c5b000, 0x0000016494147000, 0x000001649414a800,
0x000001649414c000, 0x000001649414b000, 0x000001649414d000, 0x000001649414d800,
0x0000016494148000, 0x0000016494148800, 0x000001649414f800, 0x0000016494149800,
0x0000016494151800, 0x0000016494154000, 0x0000016494153800, 0x0000016494150000,
0x0000016494156000, 0x0000016494151000, 0x0000016494155000, 0x0000016494152800,
0x0000016491924000, 0x0000016491923800, 0x0000016491922800, 0x000001649191e800,
0x0000016491925000, 0x000001649191f800, 0x0000016491926000, 0x0000016491920000,
0x0000016491921000, 0x0000016491927800, 0x0000016491922000, 0x000001649192c800,
0x000001649192d000, 0x0000016491928800, 0x0000016491929000, 0x000001648fef5800,
0x000001648fef4800, 0x000001648fef3000, 0x000001648fef6000, 0x000001648fef7000,
0x000001648fef7800, 0x000001648fef3800, 0x000001648fef2000
}

Java Threads: ( => current thread )
  0x00000164efdcb800 JavaThread "main" [_thread_blocked, id=6124, stack(0x0000003ff0c00000,0x0000003ff0d00000)]
  0x00000164faa11000 JavaThread "Reference Handler" daemon [_thread_blocked, id=11948, stack(0x0000003ff1300000,0x0000003ff1400000)]
  0x00000164faa15000 JavaThread "Finalizer" daemon [_thread_blocked, id=4104, stack(0x0000003ff1400000,0x0000003ff1500000)]
  0x00000164fb265800 JavaThread "Signal Dispatcher" daemon [_thread_blocked, id=6524, stack(0x0000003ff1500000,0x0000003ff1600000)]
  0x00000164fb268000 JavaThread "Attach Listener" daemon [_thread_blocked, id=9004, stack(0x0000003ff1600000,0x0000003ff1700000)]
  0x00000164fb26c800 JavaThread "Service Thread" daemon [_thread_blocked, id=4532, stack(0x0000003ff1700000,0x0000003ff1800000)]
  0x00000164fb26e000 JavaThread "C2 CompilerThread0" daemon [_thread_in_native, id=4336, stack(0x0000003ff1800000,0x0000003ff1900000)]
  0x00000164fb273800 JavaThread "C1 CompilerThread0" daemon [_thread_blocked, id=3900, stack(0x0000003ff1900000,0x0000003ff1a00000)]
  0x00000164fb277000 JavaThread "Sweeper thread" daemon [_thread_blocked, id=12576, stack(0x0000003ff1a00000,0x0000003ff1b00000)]
  0x00000164fb3e5000 JavaThread "Common-Cleaner" daemon [_thread_blocked, id=2940, stack(0x0000003ff1b00000,0x0000003ff1c00000)]
  0x00000164fcbf0000 JavaThread "Daemon health stats" [_thread_blocked, id=6696, stack(0x0000003ff2100000,0x0000003ff2200000)]
  0x00000164fcca5000 JavaThread "Incoming local TCP Connector on port 50373" [_thread_in_native, id=5856, stack(0x0000003ff2200000,0x0000003ff2300000)]
  0x00000164fdeb3000 JavaThread "Daemon periodic checks" [_thread_blocked, id=12608, stack(0x0000003ff2300000,0x0000003ff2400000)]
  0x00000164fc35c800 JavaThread "Cache worker for journal cache (C:\Users\Administrator\.gradle\caches\journal-1)" [_thread_blocked, id=8344, stack(0x0000003ff2b00000,0x0000003ff2c00000)]
  0x00000164fc35b800 JavaThread "File lock request listener" [_thread_in_native, id=4688, stack(0x0000003ff2c00000,0x0000003ff2d00000)]
  0x00000164fc35f000 JavaThread "Cache worker for file hash cache (C:\Users\Administrator\.gradle\caches\7.4\fileHashes)" [_thread_blocked, id=5764, stack(0x0000003ff2d00000,0x0000003ff2e00000)]
  0x00000164fc360000 JavaThread "File watcher server" daemon [_thread_in_native, id=5180, stack(0x0000003ff2e00000,0x0000003ff2f00000)]
  0x00000164fc35e000 JavaThread "File watcher consumer" daemon [_thread_blocked, id=10224, stack(0x0000003ff2f00000,0x0000003ff3000000)]
  0x00000164fea8f800 JavaThread "Cache worker for execution history cache (C:\Users\Administrator\.gradle\caches\7.4\executionHistory)" [_thread_blocked, id=9384, stack(0x0000003ff3400000,0x0000003ff3500000)]
  0x00000164fea91800 JavaThread "jar transforms" [_thread_blocked, id=1416, stack(0x0000003ff3500000,0x0000003ff3600000)]
  0x00000164fea90800 JavaThread "Cache worker for file content cache (C:\Users\Administrator\.gradle\caches\7.4\fileContent)" [_thread_blocked, id=12600, stack(0x0000003ff3600000,0x0000003ff3700000)]
  0x00000164fea8f000 JavaThread "jar transforms Thread 2" [_thread_blocked, id=2596, stack(0x0000003ff3700000,0x0000003ff3800000)]
  0x00000164fea9a800 JavaThread "jar transforms Thread 3" [_thread_blocked, id=7624, stack(0x0000003ff3900000,0x0000003ff3a00000)]
  0x000001648feff000 JavaThread "jar transforms Thread 4" [_thread_blocked, id=11144, stack(0x0000003ff6300000,0x0000003ff6400000)]
  0x000001648fefa000 JavaThread "Memory manager" [_thread_blocked, id=6680, stack(0x0000003ff6400000,0x0000003ff6500000)]
  0x0000016491926800 JavaThread "RMI Scheduler(0)" daemon [_thread_blocked, id=7968, stack(0x0000003ff1d00000,0x0000003ff1e00000)]
  0x000001649192a000 JavaThread "RMI GC Daemon" daemon [_thread_blocked, id=5776, stack(0x0000003ff7300000,0x0000003ff7400000)]
  0x000001649192b000 JavaThread "RMI TCP Accept-0" daemon [_thread_in_native, id=2972, stack(0x0000003ff7400000,0x0000003ff7500000)]
  0x000001649192b800 JavaThread "RMI Reaper" [_thread_blocked, id=4476, stack(0x0000003ff7500000,0x0000003ff7600000)]
  0x00000164fea98800 JavaThread "ForkJoinPool.commonPool-worker-5" daemon [_thread_blocked, id=2860, stack(0x0000003ff7100000,0x0000003ff7200000)]
  0x000001649414e800 JavaThread "ForkJoinPool.commonPool-worker-1" daemon [_thread_blocked, id=8336, stack(0x0000003ff7600000,0x0000003ff7700000)]
  0x0000016496c52000 JavaThread "Daemon Thread 7" [_thread_blocked, id=8836, stack(0x0000003ff0a00000,0x0000003ff0b00000)]
  0x0000016496c58000 JavaThread "Handler for socket connection from /127.0.0.1:50373 to /127.0.0.1:50895" [_thread_in_native, id=7852, stack(0x0000003ff0b00000,0x0000003ff0c00000)]
  0x0000016496c55800 JavaThread "Cancel handler" [_thread_blocked, id=8584, stack(0x0000003ff2400000,0x0000003ff2500000)]
  0x0000016496c56000 JavaThread "Daemon worker Thread 7" [_thread_blocked, id=368, stack(0x0000003ff2500000,0x0000003ff2600000)]
  0x0000016496c58800 JavaThread "Asynchronous log dispatcher for DefaultDaemonConnection: socket connection from /127.0.0.1:50373 to /127.0.0.1:50895" [_thread_blocked, id=7392, stack(0x0000003ff2600000,0x0000003ff2700000)]
  0x0000016496c53800 JavaThread "Stdin handler" [_thread_blocked, id=7768, stack(0x0000003ff2700000,0x0000003ff2800000)]
  0x0000016496c54800 JavaThread "Daemon client event forwarder" [_thread_blocked, id=2360, stack(0x0000003ff2800000,0x0000003ff2900000)]
  0x0000016496c53000 JavaThread "Cache worker for checksums cache (P:\NavigationComponent\.gradle\7.4\checksums)" [_thread_blocked, id=10648, stack(0x0000003ff2900000,0x0000003ff2a00000)]
  0x0000016496c57000 JavaThread "Cache worker for cache directory md-rule (C:\Users\Administrator\.gradle\caches\7.4\md-rule)" [_thread_blocked, id=13280, stack(0x0000003ff2a00000,0x0000003ff2b00000)]
  0x0000016496c5c800 JavaThread "Cache worker for file hash cache (P:\NavigationComponent\.gradle\7.4\fileHashes)" [_thread_blocked, id=7984, stack(0x0000003ff3000000,0x0000003ff3100000)]
  0x0000016496c5f000 JavaThread "Cache worker for cache directory md-supplier (C:\Users\Administrator\.gradle\caches\7.4\md-supplier)" [_thread_blocked, id=2124, stack(0x0000003ff3100000,0x0000003ff3200000)]
  0x0000016496c5a000 JavaThread "Cache worker for dependencies-accessors (P:\NavigationComponent\.gradle\7.4\dependencies-accessors)" [_thread_blocked, id=12416, stack(0x0000003ff3200000,0x0000003ff3300000)]
  0x0000016496c59800 JavaThread "Cache worker for Build Output Cleanup Cache (P:\NavigationComponent\.gradle\buildOutputCleanup)" [_thread_blocked, id=11740, stack(0x0000003ff3300000,0x0000003ff3400000)]
  0x00000164fecd8800 JavaThread "C2 CompilerThread1" daemon [_thread_in_native, id=5340, stack(0x0000003ff3800000,0x0000003ff3900000)]
  0x0000016496c5c000 JavaThread "Unconstrained build operations" [_thread_blocked, id=13076, stack(0x0000003ff3a00000,0x0000003ff3b00000)]
  0x0000016496c60000 JavaThread "Unconstrained build operations Thread 2" [_thread_blocked, id=7140, stack(0x0000003ff3b00000,0x0000003ff3c00000)]
  0x0000016496c61000 JavaThread "Unconstrained build operations Thread 3" [_thread_blocked, id=4020, stack(0x0000003ff3c00000,0x0000003ff3d00000)]
  0x0000016496c5d800 JavaThread "Unconstrained build operations Thread 4" [_thread_blocked, id=108, stack(0x0000003ff3d00000,0x0000003ff3e00000)]
  0x0000016496c5b000 JavaThread "Unconstrained build operations Thread 5" [_thread_blocked, id=8848, stack(0x0000003ff3e00000,0x0000003ff3f00000)]
  0x0000016494147000 JavaThread "Unconstrained build operations Thread 6" [_thread_blocked, id=11364, stack(0x0000003ff3f00000,0x0000003ff4000000)]
  0x000001649414a800 JavaThread "Unconstrained build operations Thread 7" [_thread_blocked, id=5744, stack(0x0000003ff4000000,0x0000003ff4100000)]
  0x000001649414c000 JavaThread "Unconstrained build operations Thread 8" [_thread_blocked, id=11648, stack(0x0000003ff4100000,0x0000003ff4200000)]
  0x000001649414b000 JavaThread "Unconstrained build operations Thread 9" [_thread_blocked, id=5336, stack(0x0000003ff4200000,0x0000003ff4300000)]
  0x000001649414d000 JavaThread "Unconstrained build operations Thread 10" [_thread_blocked, id=12096, stack(0x0000003ff4300000,0x0000003ff4400000)]
  0x000001649414d800 JavaThread "Unconstrained build operations Thread 11" [_thread_blocked, id=4028, stack(0x0000003ff4400000,0x0000003ff4500000)]
  0x0000016494148000 JavaThread "Unconstrained build operations Thread 12" [_thread_blocked, id=8276, stack(0x0000003ff4500000,0x0000003ff4600000)]
  0x0000016494148800 JavaThread "Unconstrained build operations Thread 13" [_thread_blocked, id=9428, stack(0x0000003ff4600000,0x0000003ff4700000)]
  0x000001649414f800 JavaThread "Unconstrained build operations Thread 14" [_thread_blocked, id=6704, stack(0x0000003ff4700000,0x0000003ff4800000)]
  0x0000016494149800 JavaThread "Unconstrained build operations Thread 15" [_thread_blocked, id=12104, stack(0x0000003ff4800000,0x0000003ff4900000)]
  0x0000016494151800 JavaThread "Unconstrained build operations Thread 16" [_thread_blocked, id=8576, stack(0x0000003ff4900000,0x0000003ff4a00000)]
  0x0000016494154000 JavaThread "Unconstrained build operations Thread 17" [_thread_blocked, id=12440, stack(0x0000003ff4a00000,0x0000003ff4b00000)]
  0x0000016494153800 JavaThread "Unconstrained build operations Thread 18" [_thread_blocked, id=5464, stack(0x0000003ff4b00000,0x0000003ff4c00000)]
  0x0000016494150000 JavaThread "Unconstrained build operations Thread 19" [_thread_blocked, id=1084, stack(0x0000003ff4c00000,0x0000003ff4d00000)]
  0x0000016494156000 JavaThread "Unconstrained build operations Thread 20" [_thread_blocked, id=6952, stack(0x0000003ff4d00000,0x0000003ff4e00000)]
  0x0000016494151000 JavaThread "Unconstrained build operations Thread 21" [_thread_blocked, id=11896, stack(0x0000003ff4e00000,0x0000003ff4f00000)]
  0x0000016494155000 JavaThread "Unconstrained build operations Thread 22" [_thread_blocked, id=4812, stack(0x0000003ff4f00000,0x0000003ff5000000)]
  0x0000016494152800 JavaThread "Unconstrained build operations Thread 23" [_thread_blocked, id=1332, stack(0x0000003ff5000000,0x0000003ff5100000)]
  0x0000016491924000 JavaThread "Unconstrained build operations Thread 24" [_thread_blocked, id=13288, stack(0x0000003ff5100000,0x0000003ff5200000)]
  0x0000016491923800 JavaThread "Unconstrained build operations Thread 25" [_thread_blocked, id=6084, stack(0x0000003ff5200000,0x0000003ff5300000)]
  0x0000016491922800 JavaThread "Unconstrained build operations Thread 26" [_thread_blocked, id=8152, stack(0x0000003ff5300000,0x0000003ff5400000)]
  0x000001649191e800 JavaThread "Unconstrained build operations Thread 27" [_thread_blocked, id=10032, stack(0x0000003ff5400000,0x0000003ff5500000)]
  0x0000016491925000 JavaThread "Unconstrained build operations Thread 28" [_thread_blocked, id=13048, stack(0x0000003ff5500000,0x0000003ff5600000)]
  0x000001649191f800 JavaThread "Unconstrained build operations Thread 29" [_thread_blocked, id=4328, stack(0x0000003ff5600000,0x0000003ff5700000)]
  0x0000016491926000 JavaThread "Unconstrained build operations Thread 30" [_thread_blocked, id=408, stack(0x0000003ff5700000,0x0000003ff5800000)]
  0x0000016491920000 JavaThread "Unconstrained build operations Thread 31" [_thread_blocked, id=3528, stack(0x0000003ff5800000,0x0000003ff5900000)]
  0x0000016491921000 JavaThread "Unconstrained build operations Thread 32" [_thread_blocked, id=6764, stack(0x0000003ff5900000,0x0000003ff5a00000)]
  0x0000016491927800 JavaThread "Unconstrained build operations Thread 33" [_thread_blocked, id=5452, stack(0x0000003ff5a00000,0x0000003ff5b00000)]
  0x0000016491922000 JavaThread "Unconstrained build operations Thread 34" [_thread_blocked, id=5092, stack(0x0000003ff5b00000,0x0000003ff5c00000)]
  0x000001649192c800 JavaThread "Unconstrained build operations Thread 35" [_thread_blocked, id=2784, stack(0x0000003ff5c00000,0x0000003ff5d00000)]
  0x000001649192d000 JavaThread "Unconstrained build operations Thread 36" [_thread_blocked, id=12744, stack(0x0000003ff5d00000,0x0000003ff5e00000)]
  0x0000016491928800 JavaThread "Unconstrained build operations Thread 37" [_thread_blocked, id=8140, stack(0x0000003ff5e00000,0x0000003ff5f00000)]
  0x0000016491929000 JavaThread "Unconstrained build operations Thread 38" [_thread_blocked, id=1852, stack(0x0000003ff5f00000,0x0000003ff6000000)]
  0x000001648fef5800 JavaThread "Unconstrained build operations Thread 39" [_thread_blocked, id=11076, stack(0x0000003ff6000000,0x0000003ff6100000)]
  0x000001648fef4800 JavaThread "Unconstrained build operations Thread 40" [_thread_blocked, id=4712, stack(0x0000003ff6100000,0x0000003ff6200000)]
  0x000001648fef3000 JavaThread "build event listener" [_thread_blocked, id=11708, stack(0x0000003ff6200000,0x0000003ff6300000)]
  0x000001648fef6000 JavaThread "included builds" [_thread_in_Java, id=2524, stack(0x0000003ff6500000,0x0000003ff6600000)]
  0x000001648fef7000 JavaThread "Execution worker for ':'" [_thread_blocked, id=7732, stack(0x0000003ff6600000,0x0000003ff6700000)]
  0x000001648fef7800 JavaThread "Execution worker for ':' Thread 2" [_thread_blocked, id=5196, stack(0x0000003ff6700000,0x0000003ff6800000)]
  0x000001648fef3800 JavaThread "Execution worker for ':' Thread 3" [_thread_blocked, id=11164, stack(0x0000003ff6800000,0x0000003ff6900000)]
  0x000001648fef2000 JavaThread "Cache worker for execution history cache (P:\NavigationComponent\.gradle\7.4\executionHistory)" [_thread_blocked, id=9864, stack(0x0000003ff6a00000,0x0000003ff6b00000)]

Other Threads:
  0x00000164fa9fa000 VMThread "VM Thread" [stack: 0x0000003ff1200000,0x0000003ff1300000] [id=5884]
  0x00000164fb41a000 WatcherThread [stack: 0x0000003ff1c00000,0x0000003ff1d00000] [id=1144]
  0x00000164efde5800 GCTaskThread "GC Thread#0" [stack: 0x0000003ff0d00000,0x0000003ff0e00000] [id=3392]
  0x00000164fb91f000 GCTaskThread "GC Thread#1" [stack: 0x0000003ff1e00000,0x0000003ff1f00000] [id=4268]
  0x00000164fbbfc000 GCTaskThread "GC Thread#2" [stack: 0x0000003ff1f00000,0x0000003ff2000000] [id=4264]
  0x00000164fb771800 GCTaskThread "GC Thread#3" [stack: 0x0000003ff2000000,0x0000003ff2100000] [id=6172]
  0x00000164efe16800 ConcurrentGCThread "G1 Main Marker" [stack: 0x0000003ff0e00000,0x0000003ff0f00000] [id=8776]
=>0x00000164efe18000 ConcurrentGCThread "G1 Conc#0" [stack: 0x0000003ff0f00000,0x0000003ff1000000] [id=1228]
  0x00000164efeae000 ConcurrentGCThread "G1 Refine#0" [stack: 0x0000003ff1000000,0x0000003ff1100000] [id=8980]
  0x00000164ff0e4800 ConcurrentGCThread "G1 Refine#1" [stack: 0x0000003ff6900000,0x0000003ff6a00000] [id=700]
  0x00000164fa84e800 ConcurrentGCThread "G1 Young RemSet Sampling" [stack: 0x0000003ff1100000,0x0000003ff1200000] [id=316]

Threads with active compile tasks:
C2 CompilerThread01215986 21135   !   4       org.gradle.api.internal.artifacts.ivyservice.ivyresolve.ErrorHandlingModuleComponentRepository$ErrorHandlingModuleComponentRepositoryAccess::tryResolveAndMaybeBlacklist (221 bytes)
C2 CompilerThread11215986 21158   !   4       com.google.common.cache.LocalCache$Segment::storeLoadedValue (371 bytes)

VM state:not at safepoint (normal execution)

VM Mutex/Monitor currently owned by a thread: None

Heap address: 0x0000000080000000, size: 2048 MB, Compressed Oops mode: 32-bit
Narrow klass base: 0x0000000000000000, Narrow klass shift: 3
Compressed class space size: 1073741824 Address: 0x0000000100000000

Heap:
 garbage-first heap   total 284672K, used 150287K [0x0000000080000000, 0x0000000100000000)
  region size 1024K, 25 young (25600K), 1 survivors (1024K)
 Metaspace       used 124407K, capacity 128513K, committed 128704K, reserved 1161216K
  class space    used 15784K, capacity 17347K, committed 17408K, reserved 1048576K
Heap Regions: E=young(eden), S=young(survivor), O=old, HS=humongous(starts), HC=humongous(continues), CS=collection set, F=free, A=archive, TAMS=top-at-mark-start (previous, next)
|   0|0x0000000080000000, 0x0000000080100000, 0x0000000080100000|100%|HS|  |TAMS 0x0000000080100000, 0x0000000080100000| Complete 
|   1|0x0000000080100000, 0x0000000080200000, 0x0000000080200000|100%|HC|  |TAMS 0x0000000080200000, 0x0000000080200000| Complete 
|   2|0x0000000080200000, 0x0000000080300000, 0x0000000080300000|100%|HC|  |TAMS 0x0000000080300000, 0x0000000080300000| Complete 
|   3|0x0000000080300000, 0x0000000080400000, 0x0000000080400000|100%| O|  |TAMS 0x0000000080400000, 0x0000000080400000| Untracked 
|   4|0x0000000080400000, 0x0000000080500000, 0x0000000080500000|100%| O|  |TAMS 0x0000000080500000, 0x0000000080500000| Untracked 
|   5|0x0000000080500000, 0x0000000080600000, 0x0000000080600000|100%| O|  |TAMS 0x0000000080600000, 0x0000000080600000| Untracked 
|   6|0x0000000080600000, 0x0000000080700000, 0x0000000080700000|100%| O|  |TAMS 0x0000000080700000, 0x0000000080700000| Untracked 
|   7|0x0000000080700000, 0x0000000080800000, 0x0000000080800000|100%| O|  |TAMS 0x0000000080800000, 0x0000000080800000| Untracked 
|   8|0x0000000080800000, 0x0000000080900000, 0x0000000080900000|100%| O|  |TAMS 0x0000000080900000, 0x0000000080900000| Untracked 
|   9|0x0000000080900000, 0x0000000080a00000, 0x0000000080a00000|100%| O|  |TAMS 0x0000000080a00000, 0x0000000080a00000| Untracked 
|  10|0x0000000080a00000, 0x0000000080b00000, 0x0000000080b00000|100%| O|  |TAMS 0x0000000080b00000, 0x0000000080b00000| Untracked 
|  11|0x0000000080b00000, 0x0000000080c00000, 0x0000000080c00000|100%| O|  |TAMS 0x0000000080c00000, 0x0000000080c00000| Untracked 
|  12|0x0000000080c00000, 0x0000000080d00000, 0x0000000080d00000|100%| O|  |TAMS 0x0000000080d00000, 0x0000000080d00000| Untracked 
|  13|0x0000000080d00000, 0x0000000080e00000, 0x0000000080e00000|100%| O|  |TAMS 0x0000000080e00000, 0x0000000080e00000| Untracked 
|  14|0x0000000080e00000, 0x0000000080f00000, 0x0000000080f00000|100%| O|  |TAMS 0x0000000080f00000, 0x0000000080f00000| Untracked 
|  15|0x0000000080f00000, 0x0000000081000000, 0x0000000081000000|100%|HS|  |TAMS 0x0000000081000000, 0x0000000081000000| Complete 
|  16|0x0000000081000000, 0x0000000081100000, 0x0000000081100000|100%| O|  |TAMS 0x0000000081100000, 0x0000000081100000| Untracked 
|  17|0x0000000081100000, 0x00000000811ffff8, 0x0000000081200000| 99%| O|  |TAMS 0x00000000811ffff8, 0x00000000811ffff8| Untracked 
|  18|0x0000000081200000, 0x0000000081300000, 0x0000000081300000|100%| O|  |TAMS 0x0000000081300000, 0x0000000081300000| Untracked 
|  19|0x0000000081300000, 0x0000000081400000, 0x0000000081400000|100%| O|  |TAMS 0x0000000081400000, 0x0000000081400000| Untracked 
|  20|0x0000000081400000, 0x0000000081500000, 0x0000000081500000|100%|HS|  |TAMS 0x0000000081500000, 0x0000000081500000| Complete 
|  21|0x0000000081500000, 0x0000000081600000, 0x0000000081600000|100%|HS|  |TAMS 0x0000000081600000, 0x0000000081600000| Complete 
|  22|0x0000000081600000, 0x0000000081700000, 0x0000000081700000|100%|HS|  |TAMS 0x0000000081700000, 0x0000000081700000| Complete 
|  23|0x0000000081700000, 0x0000000081800000, 0x0000000081800000|100%|HC|  |TAMS 0x0000000081800000, 0x0000000081800000| Complete 
|  24|0x0000000081800000, 0x0000000081900000, 0x0000000081900000|100%|HC|  |TAMS 0x0000000081900000, 0x0000000081900000| Complete 
|  25|0x0000000081900000, 0x0000000081a00000, 0x0000000081a00000|100%|HC|  |TAMS 0x0000000081a00000, 0x0000000081a00000| Complete 
|  26|0x0000000081a00000, 0x0000000081b00000, 0x0000000081b00000|100%| O|  |TAMS 0x0000000081b00000, 0x0000000081b00000| Untracked 
|  27|0x0000000081b00000, 0x0000000081c00000, 0x0000000081c00000|100%|HS|  |TAMS 0x0000000081c00000, 0x0000000081c00000| Complete 
|  28|0x0000000081c00000, 0x0000000081d00000, 0x0000000081d00000|100%|HC|  |TAMS 0x0000000081d00000, 0x0000000081d00000| Complete 
|  29|0x0000000081d00000, 0x0000000081e00000, 0x0000000081e00000|100%| O|  |TAMS 0x0000000081e00000, 0x0000000081e00000| Untracked 
|  30|0x0000000081e00000, 0x0000000081f00000, 0x0000000081f00000|100%| O|  |TAMS 0x0000000081f00000, 0x0000000081f00000| Untracked 
|  31|0x0000000081f00000, 0x0000000082000000, 0x0000000082000000|100%| O|  |TAMS 0x0000000082000000, 0x0000000082000000| Untracked 
|  32|0x0000000082000000, 0x0000000082100000, 0x0000000082100000|100%| O|  |TAMS 0x0000000082100000, 0x0000000082100000| Untracked 
|  33|0x0000000082100000, 0x0000000082200000, 0x0000000082200000|100%| O|  |TAMS 0x0000000082200000, 0x0000000082200000| Untracked 
|  34|0x0000000082200000, 0x0000000082300000, 0x0000000082300000|100%| O|  |TAMS 0x0000000082300000, 0x0000000082300000| Untracked 
|  35|0x0000000082300000, 0x0000000082400000, 0x0000000082400000|100%| O|  |TAMS 0x0000000082400000, 0x0000000082400000| Untracked 
|  36|0x0000000082400000, 0x0000000082500000, 0x0000000082500000|100%| O|  |TAMS 0x0000000082500000, 0x0000000082500000| Untracked 
|  37|0x0000000082500000, 0x0000000082600000, 0x0000000082600000|100%| O|  |TAMS 0x0000000082600000, 0x0000000082600000| Untracked 
|  38|0x0000000082600000, 0x0000000082700000, 0x0000000082700000|100%| O|  |TAMS 0x0000000082700000, 0x0000000082700000| Untracked 
|  39|0x0000000082700000, 0x0000000082800000, 0x0000000082800000|100%| O|  |TAMS 0x0000000082800000, 0x0000000082800000| Untracked 
|  40|0x0000000082800000, 0x0000000082900000, 0x0000000082900000|100%| O|  |TAMS 0x0000000082900000, 0x0000000082900000| Untracked 
|  41|0x0000000082900000, 0x0000000082a00000, 0x0000000082a00000|100%| O|  |TAMS 0x0000000082a00000, 0x0000000082a00000| Untracked 
|  42|0x0000000082a00000, 0x0000000082b00000, 0x0000000082b00000|100%| O|  |TAMS 0x0000000082b00000, 0x0000000082b00000| Untracked 
|  43|0x0000000082b00000, 0x0000000082c00000, 0x0000000082c00000|100%| O|  |TAMS 0x0000000082c00000, 0x0000000082c00000| Untracked 
|  44|0x0000000082c00000, 0x0000000082d00000, 0x0000000082d00000|100%| O|  |TAMS 0x0000000082d00000, 0x0000000082d00000| Untracked 
|  45|0x0000000082d00000, 0x0000000082e00000, 0x0000000082e00000|100%| O|  |TAMS 0x0000000082e00000, 0x0000000082e00000| Untracked 
|  46|0x0000000082e00000, 0x0000000082f00000, 0x0000000082f00000|100%| O|  |TAMS 0x0000000082f00000, 0x0000000082f00000| Untracked 
|  47|0x0000000082f00000, 0x0000000083000000, 0x0000000083000000|100%| O|  |TAMS 0x0000000083000000, 0x0000000083000000| Untracked 
|  48|0x0000000083000000, 0x0000000083100000, 0x0000000083100000|100%| O|  |TAMS 0x0000000083100000, 0x0000000083100000| Untracked 
|  49|0x0000000083100000, 0x0000000083200000, 0x0000000083200000|100%| O|  |TAMS 0x0000000083200000, 0x0000000083200000| Untracked 
|  50|0x0000000083200000, 0x0000000083300000, 0x0000000083300000|100%| O|  |TAMS 0x0000000083300000, 0x0000000083300000| Untracked 
|  51|0x0000000083300000, 0x0000000083400000, 0x0000000083400000|100%| O|  |TAMS 0x0000000083400000, 0x0000000083400000| Untracked 
|  52|0x0000000083400000, 0x0000000083500000, 0x0000000083500000|100%| O|  |TAMS 0x0000000083500000, 0x0000000083500000| Untracked 
|  53|0x0000000083500000, 0x0000000083600000, 0x0000000083600000|100%| O|  |TAMS 0x0000000083600000, 0x0000000083600000| Untracked 
|  54|0x0000000083600000, 0x0000000083600000, 0x0000000083700000|  0%| F|  |TAMS 0x0000000083600000, 0x0000000083600000| Untracked 
|  55|0x0000000083700000, 0x0000000083800000, 0x0000000083800000|100%| O|  |TAMS 0x0000000083800000, 0x0000000083800000| Untracked 
|  56|0x0000000083800000, 0x0000000083900000, 0x0000000083900000|100%| O|  |TAMS 0x0000000083900000, 0x0000000083900000| Untracked 
|  57|0x0000000083900000, 0x0000000083a00000, 0x0000000083a00000|100%| O|  |TAMS 0x0000000083a00000, 0x0000000083a00000| Untracked 
|  58|0x0000000083a00000, 0x0000000083b00000, 0x0000000083b00000|100%| O|  |TAMS 0x0000000083b00000, 0x0000000083b00000| Untracked 
|  59|0x0000000083b00000, 0x0000000083c00000, 0x0000000083c00000|100%| O|  |TAMS 0x0000000083c00000, 0x0000000083c00000| Untracked 
|  60|0x0000000083c00000, 0x0000000083d00000, 0x0000000083d00000|100%| O|  |TAMS 0x0000000083d00000, 0x0000000083d00000| Untracked 
|  61|0x0000000083d00000, 0x0000000083e00000, 0x0000000083e00000|100%| O|  |TAMS 0x0000000083e00000, 0x0000000083e00000| Untracked 
|  62|0x0000000083e00000, 0x0000000083f00000, 0x0000000083f00000|100%| O|  |TAMS 0x0000000083f00000, 0x0000000083f00000| Untracked 
|  63|0x0000000083f00000, 0x0000000084000000, 0x0000000084000000|100%| O|  |TAMS 0x0000000084000000, 0x0000000084000000| Untracked 
|  64|0x0000000084000000, 0x0000000084100000, 0x0000000084100000|100%| O|  |TAMS 0x0000000084100000, 0x0000000084100000| Untracked 
|  65|0x0000000084100000, 0x0000000084200000, 0x0000000084200000|100%| O|  |TAMS 0x0000000084200000, 0x0000000084200000| Untracked 
|  66|0x0000000084200000, 0x0000000084300000, 0x0000000084300000|100%| O|  |TAMS 0x0000000084300000, 0x0000000084300000| Untracked 
|  67|0x0000000084300000, 0x0000000084400000, 0x0000000084400000|100%| O|  |TAMS 0x0000000084400000, 0x0000000084400000| Untracked 
|  68|0x0000000084400000, 0x0000000084500000, 0x0000000084500000|100%| O|  |TAMS 0x0000000084500000, 0x0000000084500000| Untracked 
|  69|0x0000000084500000, 0x0000000084600000, 0x0000000084600000|100%| O|  |TAMS 0x0000000084600000, 0x0000000084600000| Untracked 
|  70|0x0000000084600000, 0x0000000084700000, 0x0000000084700000|100%| O|  |TAMS 0x0000000084700000, 0x0000000084700000| Untracked 
|  71|0x0000000084700000, 0x0000000084700000, 0x0000000084800000|  0%| F|  |TAMS 0x0000000084700000, 0x0000000084700000| Untracked 
|  72|0x0000000084800000, 0x0000000084900000, 0x0000000084900000|100%| O|  |TAMS 0x0000000084900000, 0x0000000084900000| Untracked 
|  73|0x0000000084900000, 0x0000000084900000, 0x0000000084a00000|  0%| F|  |TAMS 0x0000000084900000, 0x0000000084900000| Untracked 
|  74|0x0000000084a00000, 0x0000000084b00000, 0x0000000084b00000|100%| O|  |TAMS 0x0000000084b00000, 0x0000000084b00000| Untracked 
|  75|0x0000000084b00000, 0x0000000084c00000, 0x0000000084c00000|100%| O|  |TAMS 0x0000000084b00000, 0x0000000084c00000| Untracked 
|  76|0x0000000084c00000, 0x0000000084d00000, 0x0000000084d00000|100%| O|  |TAMS 0x0000000084d00000, 0x0000000084d00000| Untracked 
|  77|0x0000000084d00000, 0x0000000084e00000, 0x0000000084e00000|100%| O|  |TAMS 0x0000000084e00000, 0x0000000084e00000| Untracked 
|  78|0x0000000084e00000, 0x0000000084f00000, 0x0000000084f00000|100%| O|  |TAMS 0x0000000084f00000, 0x0000000084f00000| Untracked 
|  79|0x0000000084f00000, 0x0000000085000000, 0x0000000085000000|100%| O|  |TAMS 0x0000000085000000, 0x0000000085000000| Untracked 
|  80|0x0000000085000000, 0x0000000085100000, 0x0000000085100000|100%| O|  |TAMS 0x0000000085100000, 0x0000000085100000| Untracked 
|  81|0x0000000085100000, 0x0000000085200000, 0x0000000085200000|100%| O|  |TAMS 0x0000000085200000, 0x0000000085200000| Untracked 
|  82|0x0000000085200000, 0x0000000085300000, 0x0000000085300000|100%| O|  |TAMS 0x0000000085300000, 0x0000000085300000| Untracked 
|  83|0x0000000085300000, 0x0000000085400000, 0x0000000085400000|100%| O|  |TAMS 0x0000000085400000, 0x0000000085400000| Untracked 
|  84|0x0000000085400000, 0x0000000085500000, 0x0000000085500000|100%| O|  |TAMS 0x0000000085500000, 0x0000000085500000| Untracked 
|  85|0x0000000085500000, 0x0000000085600000, 0x0000000085600000|100%| O|  |TAMS 0x0000000085600000, 0x0000000085600000| Untracked 
|  86|0x0000000085600000, 0x0000000085700000, 0x0000000085700000|100%| O|  |TAMS 0x0000000085700000, 0x0000000085700000| Untracked 
|  87|0x0000000085700000, 0x0000000085800000, 0x0000000085800000|100%| O|  |TAMS 0x0000000085800000, 0x0000000085800000| Untracked 
|  88|0x0000000085800000, 0x0000000085900000, 0x0000000085900000|100%| O|  |TAMS 0x0000000085900000, 0x0000000085900000| Untracked 
|  89|0x0000000085900000, 0x0000000085a00000, 0x0000000085a00000|100%| O|  |TAMS 0x0000000085a00000, 0x0000000085a00000| Untracked 
|  90|0x0000000085a00000, 0x0000000085a00000, 0x0000000085b00000|  0%| F|  |TAMS 0x0000000085a00000, 0x0000000085a00000| Untracked 
|  91|0x0000000085b00000, 0x0000000085c00000, 0x0000000085c00000|100%| O|  |TAMS 0x0000000085c00000, 0x0000000085c00000| Untracked 
|  92|0x0000000085c00000, 0x0000000085d00000, 0x0000000085d00000|100%| O|  |TAMS 0x0000000085d00000, 0x0000000085d00000| Untracked 
|  93|0x0000000085d00000, 0x0000000085e00000, 0x0000000085e00000|100%| O|  |TAMS 0x0000000085e00000, 0x0000000085e00000| Untracked 
|  94|0x0000000085e00000, 0x0000000085f00000, 0x0000000085f00000|100%| O|  |TAMS 0x0000000085f00000, 0x0000000085f00000| Untracked 
|  95|0x0000000085f00000, 0x0000000086000000, 0x0000000086000000|100%| O|  |TAMS 0x0000000086000000, 0x0000000086000000| Untracked 
|  96|0x0000000086000000, 0x0000000086100000, 0x0000000086100000|100%| O|  |TAMS 0x0000000086100000, 0x0000000086100000| Untracked 
|  97|0x0000000086100000, 0x0000000086100000, 0x0000000086200000|  0%| F|  |TAMS 0x0000000086100000, 0x0000000086100000| Untracked 
|  98|0x0000000086200000, 0x0000000086300000, 0x0000000086300000|100%| O|  |TAMS 0x0000000086300000, 0x0000000086300000| Untracked 
|  99|0x0000000086300000, 0x0000000086400000, 0x0000000086400000|100%| O|  |TAMS 0x0000000086300000, 0x0000000086400000| Untracked 
| 100|0x0000000086400000, 0x0000000086500000, 0x0000000086500000|100%| O|  |TAMS 0x0000000086500000, 0x0000000086500000| Untracked 
| 101|0x0000000086500000, 0x0000000086600000, 0x0000000086600000|100%| O|  |TAMS 0x0000000086500000, 0x0000000086600000| Untracked 
| 102|0x0000000086600000, 0x0000000086700000, 0x0000000086700000|100%| O|  |TAMS 0x0000000086600000, 0x0000000086700000| Untracked 
| 103|0x0000000086700000, 0x0000000086800000, 0x0000000086800000|100%| O|  |TAMS 0x0000000086700000, 0x0000000086800000| Untracked 
| 104|0x0000000086800000, 0x0000000086900000, 0x0000000086900000|100%| O|  |TAMS 0x0000000086900000, 0x0000000086900000| Untracked 
| 105|0x0000000086900000, 0x0000000086a00000, 0x0000000086a00000|100%| O|  |TAMS 0x0000000086a00000, 0x0000000086a00000| Untracked 
| 106|0x0000000086a00000, 0x0000000086b00000, 0x0000000086b00000|100%|HS|  |TAMS 0x0000000086a00000, 0x0000000086a00000| Complete 
| 107|0x0000000086b00000, 0x0000000086c00000, 0x0000000086c00000|100%|HC|  |TAMS 0x0000000086b00000, 0x0000000086b00000| Complete 
| 108|0x0000000086c00000, 0x0000000086d00000, 0x0000000086d00000|100%| O|  |TAMS 0x0000000086d00000, 0x0000000086d00000| Untracked 
| 109|0x0000000086d00000, 0x0000000086e00000, 0x0000000086e00000|100%| O|  |TAMS 0x0000000086d00000, 0x0000000086e00000| Untracked 
| 110|0x0000000086e00000, 0x0000000086f00000, 0x0000000086f00000|100%| O|  |TAMS 0x0000000086e00000, 0x0000000086f00000| Untracked 
| 111|0x0000000086f00000, 0x0000000087000000, 0x0000000087000000|100%| O|  |TAMS 0x0000000086f00000, 0x0000000087000000| Untracked 
| 112|0x0000000087000000, 0x0000000087016000, 0x0000000087100000|  8%| O|  |TAMS 0x0000000087000000, 0x0000000087016000| Untracked 
| 113|0x0000000087100000, 0x0000000087100000, 0x0000000087200000|  0%| F|  |TAMS 0x0000000087100000, 0x0000000087100000| Untracked 
| 114|0x0000000087200000, 0x0000000087200000, 0x0000000087300000|  0%| F|  |TAMS 0x0000000087200000, 0x0000000087200000| Untracked 
| 115|0x0000000087300000, 0x0000000087300000, 0x0000000087400000|  0%| F|  |TAMS 0x0000000087300000, 0x0000000087300000| Untracked 
| 116|0x0000000087400000, 0x0000000087400000, 0x0000000087500000|  0%| F|  |TAMS 0x0000000087400000, 0x0000000087400000| Untracked 
| 117|0x0000000087500000, 0x0000000087500000, 0x0000000087600000|  0%| F|  |TAMS 0x0000000087500000, 0x0000000087500000| Untracked 
| 118|0x0000000087600000, 0x0000000087600000, 0x0000000087700000|  0%| F|  |TAMS 0x0000000087600000, 0x0000000087600000| Untracked 
| 119|0x0000000087700000, 0x0000000087700000, 0x0000000087800000|  0%| F|  |TAMS 0x0000000087700000, 0x0000000087700000| Untracked 
| 120|0x0000000087800000, 0x0000000087800000, 0x0000000087900000|  0%| F|  |TAMS 0x0000000087800000, 0x0000000087800000| Untracked 
| 121|0x0000000087900000, 0x0000000087a00000, 0x0000000087a00000|100%| O|  |TAMS 0x0000000087a00000, 0x0000000087a00000| Untracked 
| 122|0x0000000087a00000, 0x0000000087b00000, 0x0000000087b00000|100%| O|  |TAMS 0x0000000087b00000, 0x0000000087b00000| Untracked 
| 123|0x0000000087b00000, 0x0000000087c00000, 0x0000000087c00000|100%| O|  |TAMS 0x0000000087c00000, 0x0000000087c00000| Untracked 
| 124|0x0000000087c00000, 0x0000000087d00000, 0x0000000087d00000|100%| O|  |TAMS 0x0000000087d00000, 0x0000000087d00000| Untracked 
| 125|0x0000000087d00000, 0x0000000087e00000, 0x0000000087e00000|100%| O|  |TAMS 0x0000000087e00000, 0x0000000087e00000| Untracked 
| 126|0x0000000087e00000, 0x0000000087e00000, 0x0000000087f00000|  0%| F|  |TAMS 0x0000000087e00000, 0x0000000087e00000| Untracked 
| 127|0x0000000087f00000, 0x0000000087f00000, 0x0000000088000000|  0%| F|  |TAMS 0x0000000087f00000, 0x0000000087f00000| Untracked 
| 128|0x0000000088000000, 0x0000000088000000, 0x0000000088100000|  0%| F|  |TAMS 0x0000000088000000, 0x0000000088000000| Untracked 
| 129|0x0000000088100000, 0x0000000088200000, 0x0000000088200000|100%| O|  |TAMS 0x0000000088200000, 0x0000000088200000| Untracked 
| 130|0x0000000088200000, 0x0000000088300000, 0x0000000088300000|100%| O|  |TAMS 0x0000000088300000, 0x0000000088300000| Untracked 
| 131|0x0000000088300000, 0x0000000088300000, 0x0000000088400000|  0%| F|  |TAMS 0x0000000088300000, 0x0000000088300000| Untracked 
| 132|0x0000000088400000, 0x0000000088500000, 0x0000000088500000|100%| O|  |TAMS 0x0000000088500000, 0x0000000088500000| Untracked 
| 133|0x0000000088500000, 0x0000000088600000, 0x0000000088600000|100%| O|  |TAMS 0x0000000088600000, 0x0000000088600000| Untracked 
| 134|0x0000000088600000, 0x0000000088700000, 0x0000000088700000|100%| O|  |TAMS 0x0000000088700000, 0x0000000088700000| Untracked 
| 135|0x0000000088700000, 0x0000000088700000, 0x0000000088800000|  0%| F|  |TAMS 0x0000000088700000, 0x0000000088700000| Untracked 
| 136|0x0000000088800000, 0x0000000088800000, 0x0000000088900000|  0%| F|  |TAMS 0x0000000088800000, 0x0000000088800000| Untracked 
| 137|0x0000000088900000, 0x0000000088a00000, 0x0000000088a00000|100%| O|  |TAMS 0x0000000088a00000, 0x0000000088a00000| Untracked 
| 138|0x0000000088a00000, 0x0000000088a00000, 0x0000000088b00000|  0%| F|  |TAMS 0x0000000088a00000, 0x0000000088a00000| Untracked 
| 139|0x0000000088b00000, 0x0000000088b00000, 0x0000000088c00000|  0%| F|  |TAMS 0x0000000088b00000, 0x0000000088b00000| Untracked 
| 140|0x0000000088c00000, 0x0000000088c00000, 0x0000000088d00000|  0%| F|  |TAMS 0x0000000088c00000, 0x0000000088c00000| Untracked 
| 141|0x0000000088d00000, 0x0000000088d00000, 0x0000000088e00000|  0%| F|  |TAMS 0x0000000088d00000, 0x0000000088d00000| Untracked 
| 142|0x0000000088e00000, 0x0000000088f00000, 0x0000000088f00000|100%| O|  |TAMS 0x0000000088f00000, 0x0000000088f00000| Untracked 
| 143|0x0000000088f00000, 0x0000000088f00000, 0x0000000089000000|  0%| F|  |TAMS 0x0000000088f00000, 0x0000000088f00000| Untracked 
| 144|0x0000000089000000, 0x0000000089000000, 0x0000000089100000|  0%| F|  |TAMS 0x0000000089000000, 0x0000000089000000| Untracked 
| 145|0x0000000089100000, 0x0000000089200000, 0x0000000089200000|100%| O|  |TAMS 0x0000000089200000, 0x0000000089200000| Untracked 
| 146|0x0000000089200000, 0x0000000089300000, 0x0000000089300000|100%| O|  |TAMS 0x0000000089300000, 0x0000000089300000| Untracked 
| 147|0x0000000089300000, 0x0000000089400000, 0x0000000089400000|100%| O|  |TAMS 0x0000000089400000, 0x0000000089400000| Untracked 
| 148|0x0000000089400000, 0x0000000089500000, 0x0000000089500000|100%| O|  |TAMS 0x0000000089500000, 0x0000000089500000| Untracked 
| 149|0x0000000089500000, 0x0000000089500000, 0x0000000089600000|  0%| F|  |TAMS 0x0000000089500000, 0x0000000089500000| Untracked 
| 150|0x0000000089600000, 0x0000000089600000, 0x0000000089700000|  0%| F|  |TAMS 0x0000000089600000, 0x0000000089600000| Untracked 
| 151|0x0000000089700000, 0x0000000089700000, 0x0000000089800000|  0%| F|  |TAMS 0x0000000089700000, 0x0000000089700000| Untracked 
| 152|0x0000000089800000, 0x0000000089800000, 0x0000000089900000|  0%| F|  |TAMS 0x0000000089800000, 0x0000000089800000| Untracked 
| 153|0x0000000089900000, 0x0000000089900000, 0x0000000089a00000|  0%| F|  |TAMS 0x0000000089900000, 0x0000000089900000| Untracked 
| 154|0x0000000089a00000, 0x0000000089a00000, 0x0000000089b00000|  0%| F|  |TAMS 0x0000000089a00000, 0x0000000089a00000| Untracked 
| 155|0x0000000089b00000, 0x0000000089b00000, 0x0000000089c00000|  0%| F|  |TAMS 0x0000000089b00000, 0x0000000089b00000| Untracked 
| 156|0x0000000089c00000, 0x0000000089c00000, 0x0000000089d00000|  0%| F|  |TAMS 0x0000000089c00000, 0x0000000089c00000| Untracked 
| 157|0x0000000089d00000, 0x0000000089d00000, 0x0000000089e00000|  0%| F|  |TAMS 0x0000000089d00000, 0x0000000089d00000| Untracked 
| 158|0x0000000089e00000, 0x0000000089e00000, 0x0000000089f00000|  0%| F|  |TAMS 0x0000000089e00000, 0x0000000089e00000| Untracked 
| 159|0x0000000089f00000, 0x0000000089f00000, 0x000000008a000000|  0%| F|  |TAMS 0x0000000089f00000, 0x0000000089f00000| Untracked 
| 160|0x000000008a000000, 0x000000008a000000, 0x000000008a100000|  0%| F|  |TAMS 0x000000008a000000, 0x000000008a000000| Untracked 
| 161|0x000000008a100000, 0x000000008a100000, 0x000000008a200000|  0%| F|  |TAMS 0x000000008a100000, 0x000000008a100000| Untracked 
| 162|0x000000008a200000, 0x000000008a200000, 0x000000008a300000|  0%| F|  |TAMS 0x000000008a200000, 0x000000008a200000| Untracked 
| 163|0x000000008a300000, 0x000000008a300000, 0x000000008a400000|  0%| F|  |TAMS 0x000000008a300000, 0x000000008a300000| Untracked 
| 164|0x000000008a400000, 0x000000008a400000, 0x000000008a500000|  0%| F|  |TAMS 0x000000008a400000, 0x000000008a400000| Untracked 
| 165|0x000000008a500000, 0x000000008a500000, 0x000000008a600000|  0%| F|  |TAMS 0x000000008a500000, 0x000000008a500000| Untracked 
| 166|0x000000008a600000, 0x000000008a600000, 0x000000008a700000|  0%| F|  |TAMS 0x000000008a600000, 0x000000008a600000| Untracked 
| 167|0x000000008a700000, 0x000000008a700000, 0x000000008a800000|  0%| F|  |TAMS 0x000000008a700000, 0x000000008a700000| Untracked 
| 168|0x000000008a800000, 0x000000008a800000, 0x000000008a900000|  0%| F|  |TAMS 0x000000008a800000, 0x000000008a800000| Untracked 
| 169|0x000000008a900000, 0x000000008a900000, 0x000000008aa00000|  0%| F|  |TAMS 0x000000008a900000, 0x000000008a900000| Untracked 
| 170|0x000000008aa00000, 0x000000008aa00000, 0x000000008ab00000|  0%| F|  |TAMS 0x000000008aa00000, 0x000000008aa00000| Untracked 
| 171|0x000000008ab00000, 0x000000008ab00000, 0x000000008ac00000|  0%| F|  |TAMS 0x000000008ab00000, 0x000000008ab00000| Untracked 
| 172|0x000000008ac00000, 0x000000008ac00000, 0x000000008ad00000|  0%| F|  |TAMS 0x000000008ac00000, 0x000000008ac00000| Untracked 
| 173|0x000000008ad00000, 0x000000008ad00000, 0x000000008ae00000|  0%| F|  |TAMS 0x000000008ad00000, 0x000000008ad00000| Untracked 
| 174|0x000000008ae00000, 0x000000008ae00000, 0x000000008af00000|  0%| F|  |TAMS 0x000000008ae00000, 0x000000008ae00000| Untracked 
| 175|0x000000008af00000, 0x000000008af00000, 0x000000008b000000|  0%| F|  |TAMS 0x000000008af00000, 0x000000008af00000| Untracked 
| 176|0x000000008b000000, 0x000000008b000000, 0x000000008b100000|  0%| F|  |TAMS 0x000000008b000000, 0x000000008b000000| Untracked 
| 177|0x000000008b100000, 0x000000008b100000, 0x000000008b200000|  0%| F|  |TAMS 0x000000008b100000, 0x000000008b100000| Untracked 
| 178|0x000000008b200000, 0x000000008b200000, 0x000000008b300000|  0%| F|  |TAMS 0x000000008b200000, 0x000000008b200000| Untracked 
| 179|0x000000008b300000, 0x000000008b300000, 0x000000008b400000|  0%| F|  |TAMS 0x000000008b300000, 0x000000008b300000| Untracked 
| 180|0x000000008b400000, 0x000000008b400000, 0x000000008b500000|  0%| F|  |TAMS 0x000000008b400000, 0x000000008b400000| Untracked 
| 181|0x000000008b500000, 0x000000008b500000, 0x000000008b600000|  0%| F|  |TAMS 0x000000008b500000, 0x000000008b500000| Untracked 
| 182|0x000000008b600000, 0x000000008b600000, 0x000000008b700000|  0%| F|  |TAMS 0x000000008b600000, 0x000000008b600000| Untracked 
| 183|0x000000008b700000, 0x000000008b700000, 0x000000008b800000|  0%| F|  |TAMS 0x000000008b700000, 0x000000008b700000| Untracked 
| 184|0x000000008b800000, 0x000000008b800000, 0x000000008b900000|  0%| F|  |TAMS 0x000000008b800000, 0x000000008b800000| Untracked 
| 185|0x000000008b900000, 0x000000008b900000, 0x000000008ba00000|  0%| F|  |TAMS 0x000000008b900000, 0x000000008b900000| Untracked 
| 186|0x000000008ba00000, 0x000000008ba00000, 0x000000008bb00000|  0%| F|  |TAMS 0x000000008ba00000, 0x000000008ba00000| Untracked 
| 187|0x000000008bb00000, 0x000000008bb00000, 0x000000008bc00000|  0%| F|  |TAMS 0x000000008bb00000, 0x000000008bb00000| Untracked 
| 188|0x000000008bc00000, 0x000000008bc00000, 0x000000008bd00000|  0%| F|  |TAMS 0x000000008bc00000, 0x000000008bc00000| Untracked 
| 189|0x000000008bd00000, 0x000000008bd00000, 0x000000008be00000|  0%| F|  |TAMS 0x000000008bd00000, 0x000000008bd00000| Untracked 
| 190|0x000000008be00000, 0x000000008be00000, 0x000000008bf00000|  0%| F|  |TAMS 0x000000008be00000, 0x000000008be00000| Untracked 
| 191|0x000000008bf00000, 0x000000008bf00000, 0x000000008c000000|  0%| F|  |TAMS 0x000000008bf00000, 0x000000008bf00000| Untracked 
| 192|0x000000008c000000, 0x000000008c000000, 0x000000008c100000|  0%| F|  |TAMS 0x000000008c000000, 0x000000008c000000| Untracked 
| 193|0x000000008c100000, 0x000000008c100000, 0x000000008c200000|  0%| F|  |TAMS 0x000000008c100000, 0x000000008c100000| Untracked 
| 194|0x000000008c200000, 0x000000008c200000, 0x000000008c300000|  0%| F|  |TAMS 0x000000008c200000, 0x000000008c200000| Untracked 
| 195|0x000000008c300000, 0x000000008c300000, 0x000000008c400000|  0%| F|  |TAMS 0x000000008c300000, 0x000000008c300000| Untracked 
| 196|0x000000008c400000, 0x000000008c400000, 0x000000008c500000|  0%| F|  |TAMS 0x000000008c400000, 0x000000008c400000| Untracked 
| 197|0x000000008c500000, 0x000000008c500000, 0x000000008c600000|  0%| F|  |TAMS 0x000000008c500000, 0x000000008c500000| Untracked 
| 198|0x000000008c600000, 0x000000008c600000, 0x000000008c700000|  0%| F|  |TAMS 0x000000008c600000, 0x000000008c600000| Untracked 
| 199|0x000000008c700000, 0x000000008c700000, 0x000000008c800000|  0%| F|  |TAMS 0x000000008c700000, 0x000000008c700000| Untracked 
| 200|0x000000008c800000, 0x000000008c800000, 0x000000008c900000|  0%| F|  |TAMS 0x000000008c800000, 0x000000008c800000| Untracked 
| 201|0x000000008c900000, 0x000000008c900000, 0x000000008ca00000|  0%| F|  |TAMS 0x000000008c900000, 0x000000008c900000| Untracked 
| 202|0x000000008ca00000, 0x000000008ca00000, 0x000000008cb00000|  0%| F|  |TAMS 0x000000008ca00000, 0x000000008ca00000| Untracked 
| 203|0x000000008cb00000, 0x000000008cb00000, 0x000000008cc00000|  0%| F|  |TAMS 0x000000008cb00000, 0x000000008cb00000| Untracked 
| 204|0x000000008cc00000, 0x000000008cc00000, 0x000000008cd00000|  0%| F|  |TAMS 0x000000008cc00000, 0x000000008cc00000| Untracked 
| 205|0x000000008cd00000, 0x000000008cd00000, 0x000000008ce00000|  0%| F|  |TAMS 0x000000008cd00000, 0x000000008cd00000| Untracked 
| 206|0x000000008ce00000, 0x000000008ce00000, 0x000000008cf00000|  0%| F|  |TAMS 0x000000008ce00000, 0x000000008ce00000| Untracked 
| 207|0x000000008cf00000, 0x000000008cf00000, 0x000000008d000000|  0%| F|  |TAMS 0x000000008cf00000, 0x000000008cf00000| Untracked 
| 208|0x000000008d000000, 0x000000008d000000, 0x000000008d100000|  0%| F|  |TAMS 0x000000008d000000, 0x000000008d000000| Untracked 
| 209|0x000000008d100000, 0x000000008d100000, 0x000000008d200000|  0%| F|  |TAMS 0x000000008d100000, 0x000000008d100000| Untracked 
| 210|0x000000008d200000, 0x000000008d200000, 0x000000008d300000|  0%| F|  |TAMS 0x000000008d200000, 0x000000008d200000| Untracked 
| 211|0x000000008d300000, 0x000000008d300000, 0x000000008d400000|  0%| F|  |TAMS 0x000000008d300000, 0x000000008d300000| Untracked 
| 212|0x000000008d400000, 0x000000008d400000, 0x000000008d500000|  0%| F|  |TAMS 0x000000008d400000, 0x000000008d400000| Untracked 
| 213|0x000000008d500000, 0x000000008d500000, 0x000000008d600000|  0%| F|  |TAMS 0x000000008d500000, 0x000000008d500000| Untracked 
| 214|0x000000008d600000, 0x000000008d600000, 0x000000008d700000|  0%| F|  |TAMS 0x000000008d600000, 0x000000008d600000| Untracked 
| 215|0x000000008d700000, 0x000000008d700000, 0x000000008d800000|  0%| F|  |TAMS 0x000000008d700000, 0x000000008d700000| Untracked 
| 216|0x000000008d800000, 0x000000008d800000, 0x000000008d900000|  0%| F|  |TAMS 0x000000008d800000, 0x000000008d800000| Untracked 
| 217|0x000000008d900000, 0x000000008d900000, 0x000000008da00000|  0%| F|  |TAMS 0x000000008d900000, 0x000000008d900000| Untracked 
| 218|0x000000008da00000, 0x000000008da00000, 0x000000008db00000|  0%| F|  |TAMS 0x000000008da00000, 0x000000008da00000| Untracked 
| 219|0x000000008db00000, 0x000000008db00000, 0x000000008dc00000|  0%| F|  |TAMS 0x000000008db00000, 0x000000008db00000| Untracked 
| 220|0x000000008dc00000, 0x000000008dc00000, 0x000000008dd00000|  0%| F|  |TAMS 0x000000008dc00000, 0x000000008dc00000| Untracked 
| 221|0x000000008dd00000, 0x000000008dd00000, 0x000000008de00000|  0%| F|  |TAMS 0x000000008dd00000, 0x000000008dd00000| Untracked 
| 222|0x000000008de00000, 0x000000008de00000, 0x000000008df00000|  0%| F|  |TAMS 0x000000008de00000, 0x000000008de00000| Untracked 
| 223|0x000000008df00000, 0x000000008df00000, 0x000000008e000000|  0%| F|  |TAMS 0x000000008df00000, 0x000000008df00000| Untracked 
| 224|0x000000008e000000, 0x000000008e000000, 0x000000008e100000|  0%| F|  |TAMS 0x000000008e000000, 0x000000008e000000| Untracked 
| 225|0x000000008e100000, 0x000000008e100000, 0x000000008e200000|  0%| F|  |TAMS 0x000000008e100000, 0x000000008e100000| Untracked 
| 226|0x000000008e200000, 0x000000008e200000, 0x000000008e300000|  0%| F|  |TAMS 0x000000008e200000, 0x000000008e200000| Untracked 
| 227|0x000000008e300000, 0x000000008e300000, 0x000000008e400000|  0%| F|  |TAMS 0x000000008e300000, 0x000000008e300000| Untracked 
| 228|0x000000008e400000, 0x000000008e400000, 0x000000008e500000|  0%| F|  |TAMS 0x000000008e400000, 0x000000008e400000| Untracked 
| 229|0x000000008e500000, 0x000000008e500000, 0x000000008e600000|  0%| F|  |TAMS 0x000000008e500000, 0x000000008e500000| Untracked 
| 230|0x000000008e600000, 0x000000008e600000, 0x000000008e700000|  0%| F|  |TAMS 0x000000008e600000, 0x000000008e600000| Untracked 
| 231|0x000000008e700000, 0x000000008e700000, 0x000000008e800000|  0%| F|  |TAMS 0x000000008e700000, 0x000000008e700000| Untracked 
| 232|0x000000008e800000, 0x000000008e800000, 0x000000008e900000|  0%| F|  |TAMS 0x000000008e800000, 0x000000008e800000| Untracked 
| 233|0x000000008e900000, 0x000000008e900000, 0x000000008ea00000|  0%| F|  |TAMS 0x000000008e900000, 0x000000008e900000| Untracked 
| 234|0x000000008ea00000, 0x000000008ea00000, 0x000000008eb00000|  0%| F|  |TAMS 0x000000008ea00000, 0x000000008ea00000| Untracked 
| 235|0x000000008eb00000, 0x000000008eb00000, 0x000000008ec00000|  0%| F|  |TAMS 0x000000008eb00000, 0x000000008eb00000| Untracked 
| 236|0x000000008ec00000, 0x000000008ec00000, 0x000000008ed00000|  0%| F|  |TAMS 0x000000008ec00000, 0x000000008ec00000| Untracked 
| 237|0x000000008ed00000, 0x000000008ed00000, 0x000000008ee00000|  0%| F|  |TAMS 0x000000008ed00000, 0x000000008ed00000| Untracked 
| 238|0x000000008ee00000, 0x000000008ee00000, 0x000000008ef00000|  0%| F|  |TAMS 0x000000008ee00000, 0x000000008ee00000| Untracked 
| 239|0x000000008ef00000, 0x000000008ef00000, 0x000000008f000000|  0%| F|  |TAMS 0x000000008ef00000, 0x000000008ef00000| Untracked 
| 240|0x000000008f000000, 0x000000008f000000, 0x000000008f100000|  0%| F|  |TAMS 0x000000008f000000, 0x000000008f000000| Untracked 
| 241|0x000000008f100000, 0x000000008f100000, 0x000000008f200000|  0%| F|  |TAMS 0x000000008f100000, 0x000000008f100000| Untracked 
| 242|0x000000008f200000, 0x000000008f200000, 0x000000008f300000|  0%| F|  |TAMS 0x000000008f200000, 0x000000008f200000| Untracked 
| 243|0x000000008f300000, 0x000000008f300000, 0x000000008f400000|  0%| F|  |TAMS 0x000000008f300000, 0x000000008f300000| Untracked 
| 244|0x000000008f400000, 0x000000008f400000, 0x000000008f500000|  0%| F|  |TAMS 0x000000008f400000, 0x000000008f400000| Untracked 
| 245|0x000000008f500000, 0x000000008f500000, 0x000000008f600000|  0%| F|  |TAMS 0x000000008f500000, 0x000000008f500000| Untracked 
| 246|0x000000008f600000, 0x000000008f600000, 0x000000008f700000|  0%| F|  |TAMS 0x000000008f600000, 0x000000008f600000| Untracked 
| 247|0x000000008f700000, 0x000000008f700000, 0x000000008f800000|  0%| F|  |TAMS 0x000000008f700000, 0x000000008f700000| Untracked 
| 248|0x000000008f800000, 0x000000008f800000, 0x000000008f900000|  0%| F|  |TAMS 0x000000008f800000, 0x000000008f800000| Untracked 
| 249|0x000000008f900000, 0x000000008f900000, 0x000000008fa00000|  0%| F|  |TAMS 0x000000008f900000, 0x000000008f900000| Untracked 
| 250|0x000000008fa00000, 0x000000008fa00000, 0x000000008fb00000|  0%| F|  |TAMS 0x000000008fa00000, 0x000000008fa00000| Untracked 
| 251|0x000000008fb00000, 0x000000008fb00000, 0x000000008fc00000|  0%| F|  |TAMS 0x000000008fb00000, 0x000000008fb00000| Untracked 
| 252|0x000000008fc00000, 0x000000008fc00000, 0x000000008fd00000|  0%| F|  |TAMS 0x000000008fc00000, 0x000000008fc00000| Untracked 
| 253|0x000000008fd00000, 0x000000008fde9e40, 0x000000008fe00000| 91%| E|  |TAMS 0x000000008fd00000, 0x000000008fd00000| Complete 
| 254|0x000000008fe00000, 0x000000008ff00000, 0x000000008ff00000|100%| E|CS|TAMS 0x000000008fe00000, 0x000000008fe00000| Complete 
| 255|0x000000008ff00000, 0x0000000090000000, 0x0000000090000000|100%| E|CS|TAMS 0x000000008ff00000, 0x000000008ff00000| Complete 
| 256|0x0000000090000000, 0x0000000090100000, 0x0000000090100000|100%| E|CS|TAMS 0x0000000090000000, 0x0000000090000000| Complete 
| 257|0x0000000090100000, 0x0000000090200000, 0x0000000090200000|100%| E|CS|TAMS 0x0000000090100000, 0x0000000090100000| Complete 
| 258|0x0000000090200000, 0x0000000090300000, 0x0000000090300000|100%| E|CS|TAMS 0x0000000090200000, 0x0000000090200000| Complete 
| 259|0x0000000090300000, 0x0000000090400000, 0x0000000090400000|100%| E|CS|TAMS 0x0000000090300000, 0x0000000090300000| Complete 
| 260|0x0000000090400000, 0x0000000090500000, 0x0000000090500000|100%| E|CS|TAMS 0x0000000090400000, 0x0000000090400000| Complete 
| 261|0x0000000090500000, 0x0000000090600000, 0x0000000090600000|100%| E|CS|TAMS 0x0000000090500000, 0x0000000090500000| Complete 
| 262|0x0000000090600000, 0x0000000090700000, 0x0000000090700000|100%| E|CS|TAMS 0x0000000090600000, 0x0000000090600000| Complete 
| 263|0x0000000090700000, 0x0000000090800000, 0x0000000090800000|100%| E|CS|TAMS 0x0000000090700000, 0x0000000090700000| Complete 
| 264|0x0000000090800000, 0x0000000090900000, 0x0000000090900000|100%| E|CS|TAMS 0x0000000090800000, 0x0000000090800000| Complete 
| 265|0x0000000090900000, 0x0000000090a00000, 0x0000000090a00000|100%| E|CS|TAMS 0x0000000090900000, 0x0000000090900000| Complete 
| 266|0x0000000090a00000, 0x0000000090b00000, 0x0000000090b00000|100%| E|CS|TAMS 0x0000000090a00000, 0x0000000090a00000| Complete 
| 267|0x0000000090b00000, 0x0000000090c00000, 0x0000000090c00000|100%| E|CS|TAMS 0x0000000090b00000, 0x0000000090b00000| Complete 
| 268|0x0000000090c00000, 0x0000000090d00000, 0x0000000090d00000|100%| E|CS|TAMS 0x0000000090c00000, 0x0000000090c00000| Complete 
| 269|0x0000000090d00000, 0x0000000090e00000, 0x0000000090e00000|100%| E|CS|TAMS 0x0000000090d00000, 0x0000000090d00000| Complete 
| 270|0x0000000090e00000, 0x0000000090f00000, 0x0000000090f00000|100%| E|CS|TAMS 0x0000000090e00000, 0x0000000090e00000| Complete 
| 271|0x0000000090f00000, 0x0000000091000000, 0x0000000091000000|100%| E|CS|TAMS 0x0000000090f00000, 0x0000000090f00000| Complete 
| 272|0x0000000091000000, 0x0000000091100000, 0x0000000091100000|100%| E|CS|TAMS 0x0000000091000000, 0x0000000091000000| Complete 
| 273|0x0000000091100000, 0x0000000091200000, 0x0000000091200000|100%| E|CS|TAMS 0x0000000091100000, 0x0000000091100000| Complete 
| 274|0x0000000091200000, 0x0000000091300000, 0x0000000091300000|100%| E|CS|TAMS 0x0000000091200000, 0x0000000091200000| Complete 
| 275|0x0000000091300000, 0x00000000913adc80, 0x0000000091400000| 67%| S|CS|TAMS 0x0000000091300000, 0x0000000091300000| Complete 
| 276|0x0000000091400000, 0x0000000091500000, 0x0000000091500000|100%| E|CS|TAMS 0x0000000091400000, 0x0000000091400000| Complete 
| 277|0x0000000091500000, 0x0000000091600000, 0x0000000091600000|100%| E|CS|TAMS 0x0000000091500000, 0x0000000091500000| Complete 

Card table byte_map: [0x00000164f3cf0000,0x00000164f40f0000] _byte_map_base: 0x00000164f38f0000

Marking Bits (Prev, Next): (CMBitMap*) 0x00000164efe0de98, (CMBitMap*) 0x00000164efe0ded0
 Prev Bits: [0x00000164f44f0000, 0x00000164f64f0000)
 Next Bits: [0x00000164f64f0000, 0x00000164f84f0000)

Polling page: 0x00000164edd40000

Metaspace:

Usage:
  Non-class:    108.56 MB capacity,   106.08 MB ( 98%) used,     2.01 MB (  2%) free+waste,   486.69 KB ( <1%) overhead. 
      Class:     16.94 MB capacity,    15.41 MB ( 91%) used,     1.31 MB (  8%) free+waste,   222.06 KB (  1%) overhead. 
       Both:    125.50 MB capacity,   121.49 MB ( 97%) used,     3.32 MB (  3%) free+waste,   708.75 KB ( <1%) overhead. 

Virtual space:
  Non-class space:      110.00 MB reserved,     108.69 MB ( 99%) committed 
      Class space:        1.00 GB reserved,      17.00 MB (  2%) committed 
             Both:        1.11 GB reserved,     125.69 MB ( 11%) committed 

Chunk freelists:
   Non-Class:  2.00 KB
       Class:  0 bytes
        Both:  2.00 KB

MaxMetaspaceSize: 17179869184.00 GB
CompressedClassSpaceSize: 1.00 GB
Initial GC threshold: 20.80 MB
Current GC threshold: 209.48 MB
CDS: off

CodeHeap 'non-profiled nmethods': size=120064Kb used=14739Kb max_used=14739Kb free=105324Kb
 bounds [0x0000016487ac0000, 0x0000016488930000, 0x000001648f000000]
CodeHeap 'profiled nmethods': size=120000Kb used=43511Kb max_used=44028Kb free=76488Kb
 bounds [0x0000016480590000, 0x00000164830a0000, 0x0000016487ac0000]
CodeHeap 'non-nmethods': size=5696Kb used=2514Kb max_used=2560Kb free=3181Kb
 bounds [0x0000016480000000, 0x0000016480290000, 0x0000016480590000]
 total_blobs=20551 nmethods=19532 adapters=928
 compilation: enabled
              stopped_count=0, restarted_count=0
 full_count=0

Compilation events (20 events):
Event: 1215.804 Thread 0x00000164fb273800 21242       3       org.gradle.api.internal.artifacts.ivyservice.resolveengine.graph.selectors.SelectorStateResolverResults$Registration::<init> (15 bytes)
Event: 1215.804 Thread 0x00000164fb273800 nmethod 21242 0x0000016480ddf810 code [0x0000016480ddf9c0, 0x0000016480ddfbd8]
Event: 1215.804 Thread 0x00000164fb273800 21243       3       org.gradle.api.internal.artifacts.ivyservice.resolveengine.graph.selectors.SelectorStateResolverResults::register (21 bytes)
Event: 1215.804 Thread 0x00000164fb273800 nmethod 21243 0x0000016481174f90 code [0x0000016481175180, 0x0000016481175588]
Event: 1215.834 Thread 0x00000164fb273800 21244       3       com.google.common.cache.LocalCache$LoadingValueReference::copyFor (2 bytes)
Event: 1215.834 Thread 0x00000164fb273800 nmethod 21244 0x0000016480ddf490 code [0x0000016480ddf640, 0x0000016480ddf738]
Event: 1215.839 Thread 0x00000164fb273800 21245       3       org.gradle.api.internal.artifacts.dependencies.DefaultExternalModuleDependency_Decorated::getVersionConstraint (40 bytes)
Event: 1215.839 Thread 0x00000164fb273800 nmethod 21245 0x0000016481563010 code [0x0000016481563240, 0x0000016481563928]
Event: 1215.839 Thread 0x00000164fb273800 21246       3       org.gradle.api.internal.artifacts.dependencies.DefaultExternalModuleDependency_Decorated::getRequestedCapabilities (39 bytes)
Event: 1215.840 Thread 0x00000164fb273800 nmethod 21246 0x00000164812ccc90 code [0x00000164812ccf00, 0x00000164812cd968]
Event: 1215.854 Thread 0x00000164fb273800 21248       3       org.gradle.internal.component.external.model.AbstractVariantBackedConfigurationMetadata::artifact (13 bytes)
Event: 1215.855 Thread 0x00000164fb273800 nmethod 21248 0x0000016480d93d10 code [0x0000016480d93ee0, 0x0000016480d94268]
Event: 1215.868 Thread 0x00000164fb273800 21249       3       org.gradle.api.internal.artifacts.ivyservice.DefaultLenientConfiguration::select (49 bytes)
Event: 1215.869 Thread 0x00000164fb273800 nmethod 21249 0x00000164812cbe10 code [0x00000164812cc040, 0x00000164812cc798]
Event: 1215.888 Thread 0x00000164fb273800 21250       3       org.gradle.cache.internal.DefaultCacheAccess::useCache (10 bytes)
Event: 1215.888 Thread 0x00000164fb273800 nmethod 21250 0x0000016480d93590 code [0x0000016480d93760, 0x0000016480d93a68]
Event: 1215.890 Thread 0x00000164fb273800 21251       1       org.gradle.api.internal.provider.Providers$NoValueProvider::getType (2 bytes)
Event: 1215.890 Thread 0x00000164fb273800 nmethod 21251 0x0000016488924390 code [0x0000016488924540, 0x00000164889245f8]
Event: 1215.890 Thread 0x00000164fb273800 21252       1       com.google.common.collect.RegularImmutableBiMap::access$200 (5 bytes)
Event: 1215.890 Thread 0x00000164fb273800 nmethod 21252 0x0000016488924690 code [0x0000016488924840, 0x00000164889248d8]

GC Heap History (20 events):
Event: 1115.391 GC heap before
{Heap before GC invocations=67 (full 0):
 garbage-first heap   total 284672K, used 137030K [0x0000000080000000, 0x0000000100000000)
  region size 1024K, 4 young (4096K), 1 survivors (1024K)
 Metaspace       used 124021K, capacity 128122K, committed 128448K, reserved 1161216K
  class space    used 15777K, capacity 17333K, committed 17408K, reserved 1048576K
}
Event: 1115.395 GC heap after
{Heap after GC invocations=68 (full 0):
 garbage-first heap   total 284672K, used 134818K [0x0000000080000000, 0x0000000100000000)
  region size 1024K, 1 young (1024K), 1 survivors (1024K)
 Metaspace       used 124021K, capacity 128122K, committed 128448K, reserved 1161216K
  class space    used 15777K, capacity 17333K, committed 17408K, reserved 1048576K
}
Event: 1147.625 GC heap before
{Heap before GC invocations=69 (full 0):
 garbage-first heap   total 284672K, used 205474K [0x0000000080000000, 0x0000000100000000)
  region size 1024K, 70 young (71680K), 1 survivors (1024K)
 Metaspace       used 124232K, capacity 128301K, committed 128448K, reserved 1161216K
  class space    used 15782K, capacity 17344K, committed 17408K, reserved 1048576K
}
Event: 1147.638 GC heap after
{Heap after GC invocations=70 (full 0):
 garbage-first heap   total 284672K, used 138214K [0x0000000080000000, 0x0000000100000000)
  region size 1024K, 9 young (9216K), 9 survivors (9216K)
 Metaspace       used 124232K, capacity 128301K, committed 128448K, reserved 1161216K
  class space    used 15782K, capacity 17344K, committed 17408K, reserved 1048576K
}
Event: 1147.646 GC heap before
{Heap before GC invocations=70 (full 0):
 garbage-first heap   total 284672K, used 142310K [0x0000000080000000, 0x0000000100000000)
  region size 1024K, 13 young (13312K), 9 survivors (9216K)
 Metaspace       used 124232K, capacity 128301K, committed 128448K, reserved 1161216K
  class space    used 15782K, capacity 17344K, committed 17408K, reserved 1048576K
}
Event: 1147.660 GC heap after
{Heap after GC invocations=71 (full 0):
 garbage-first heap   total 284672K, used 136936K [0x0000000080000000, 0x0000000100000000)
  region size 1024K, 2 young (2048K), 2 survivors (2048K)
 Metaspace       used 124232K, capacity 128301K, committed 128448K, reserved 1161216K
  class space    used 15782K, capacity 17344K, committed 17408K, reserved 1048576K
}
Event: 1147.747 GC heap before
{Heap before GC invocations=71 (full 0):
 garbage-first heap   total 284672K, used 157416K [0x0000000080000000, 0x0000000100000000)
  region size 1024K, 23 young (23552K), 2 survivors (2048K)
 Metaspace       used 124233K, capacity 128301K, committed 128448K, reserved 1161216K
  class space    used 15782K, capacity 17344K, committed 17408K, reserved 1048576K
}
Event: 1147.765 GC heap after
{Heap after GC invocations=72 (full 0):
 garbage-first heap   total 284672K, used 147455K [0x0000000080000000, 0x0000000100000000)
  region size 1024K, 9 young (9216K), 9 survivors (9216K)
 Metaspace       used 124233K, capacity 128301K, committed 128448K, reserved 1161216K
  class space    used 15782K, capacity 17344K, committed 17408K, reserved 1048576K
}
Event: 1149.350 GC heap before
{Heap before GC invocations=73 (full 0):
 garbage-first heap   total 284672K, used 211967K [0x0000000080000000, 0x0000000100000000)
  region size 1024K, 56 young (57344K), 9 survivors (9216K)
 Metaspace       used 124300K, capacity 128435K, committed 128704K, reserved 1161216K
  class space    used 15783K, capacity 17345K, committed 17408K, reserved 1048576K
}
Event: 1149.370 GC heap after
{Heap after GC invocations=74 (full 0):
 garbage-first heap   total 284672K, used 153593K [0x0000000080000000, 0x0000000100000000)
  region size 1024K, 7 young (7168K), 7 survivors (7168K)
 Metaspace       used 124300K, capacity 128435K, committed 128704K, reserved 1161216K
  class space    used 15783K, capacity 17345K, committed 17408K, reserved 1048576K
}
Event: 1149.377 GC heap before
{Heap before GC invocations=74 (full 0):
 garbage-first heap   total 284672K, used 159737K [0x0000000080000000, 0x0000000100000000)
  region size 1024K, 13 young (13312K), 7 survivors (7168K)
 Metaspace       used 124300K, capacity 128435K, committed 128704K, reserved 1161216K
  class space    used 15783K, capacity 17345K, committed 17408K, reserved 1048576K
}
Event: 1149.392 GC heap after
{Heap after GC invocations=75 (full 0):
 garbage-first heap   total 284672K, used 142336K [0x0000000080000000, 0x0000000100000000)
  region size 1024K, 2 young (2048K), 2 survivors (2048K)
 Metaspace       used 124300K, capacity 128435K, committed 128704K, reserved 1161216K
  class space    used 15783K, capacity 17345K, committed 17408K, reserved 1048576K
}
Event: 1149.571 GC heap before
{Heap before GC invocations=75 (full 0):
 garbage-first heap   total 284672K, used 166912K [0x0000000080000000, 0x0000000100000000)
  region size 1024K, 28 young (28672K), 2 survivors (2048K)
 Metaspace       used 124341K, capacity 128511K, committed 128704K, reserved 1161216K
  class space    used 15784K, capacity 17347K, committed 17408K, reserved 1048576K
}
Event: 1149.576 GC heap after
{Heap after GC invocations=76 (full 0):
 garbage-first heap   total 284672K, used 142646K [0x0000000080000000, 0x0000000100000000)
  region size 1024K, 2 young (2048K), 2 survivors (2048K)
 Metaspace       used 124341K, capacity 128511K, committed 128704K, reserved 1161216K
  class space    used 15784K, capacity 17347K, committed 17408K, reserved 1048576K
}
Event: 1215.840 GC heap before
{Heap before GC invocations=77 (full 0):
 garbage-first heap   total 284672K, used 197569K [0x0000000080000000, 0x0000000100000000)
  region size 1024K, 56 young (57344K), 2 survivors (2048K)
 Metaspace       used 124405K, capacity 128513K, committed 128704K, reserved 1161216K
  class space    used 15784K, capacity 17347K, committed 17408K, reserved 1048576K
}
Event: 1215.850 GC heap after
{Heap after GC invocations=78 (full 0):
 garbage-first heap   total 284672K, used 138239K [0x0000000080000000, 0x0000000100000000)
  region size 1024K, 7 young (7168K), 7 survivors (7168K)
 Metaspace       used 124405K, capacity 128513K, committed 128704K, reserved 1161216K
  class space    used 15784K, capacity 17347K, committed 17408K, reserved 1048576K
}
Event: 1215.870 GC heap before
{Heap before GC invocations=78 (full 0):
 garbage-first heap   total 284672K, used 144383K [0x0000000080000000, 0x0000000100000000)
  region size 1024K, 13 young (13312K), 7 survivors (7168K)
 Metaspace       used 124407K, capacity 128513K, committed 128704K, reserved 1161216K
  class space    used 15784K, capacity 17347K, committed 17408K, reserved 1048576K
}
Event: 1215.885 GC heap after
{Heap after GC invocations=79 (full 0):
 garbage-first heap   total 284672K, used 125015K [0x0000000080000000, 0x0000000100000000)
  region size 1024K, 1 young (1024K), 1 survivors (1024K)
 Metaspace       used 124407K, capacity 128513K, committed 128704K, reserved 1161216K
  class space    used 15784K, capacity 17347K, committed 17408K, reserved 1048576K
}
Event: 1215.891 GC heap before
{Heap before GC invocations=79 (full 0):
 garbage-first heap   total 284672K, used 126039K [0x0000000080000000, 0x0000000100000000)
  region size 1024K, 3 young (3072K), 1 survivors (1024K)
 Metaspace       used 124407K, capacity 128513K, committed 128704K, reserved 1161216K
  class space    used 15784K, capacity 17347K, committed 17408K, reserved 1048576K
}
Event: 1215.897 GC heap after
{Heap after GC invocations=80 (full 0):
 garbage-first heap   total 284672K, used 124687K [0x0000000080000000, 0x0000000100000000)
  region size 1024K, 1 young (1024K), 1 survivors (1024K)
 Metaspace       used 124407K, capacity 128513K, committed 128704K, reserved 1161216K
  class space    used 15784K, capacity 17347K, committed 17408K, reserved 1048576K
}

Deoptimization events (20 events):
Event: 1149.633 Thread 0x000001648fef2000 Uncommon trap: trap_request=0xffffffd6 fr.pc=0x0000016487ca8838 relative=0x00000000000003d8
Event: 1149.633 Thread 0x000001648fef2000 Uncommon trap: reason=array_check action=maybe_recompile pc=0x0000016487ca8838 method=com.google.common.collect.ImmutableList.copyIntoArray([Ljava/lang/Object;I)I @ 25 c2
Event: 1149.633 Thread 0x000001648fef2000 DEOPT PACKING pc=0x0000016487ca8838 sp=0x0000003ff24fb650
Event: 1149.633 Thread 0x000001648fef2000 DEOPT UNPACKING pc=0x000001648004a1af sp=0x0000003ff24fb608 mode 2
Event: 1149.633 Thread 0x000001648fef2000 Uncommon trap: trap_request=0xffffffd6 fr.pc=0x0000016487ca8838 relative=0x00000000000003d8
Event: 1149.633 Thread 0x000001648fef2000 Uncommon trap: reason=array_check action=maybe_recompile pc=0x0000016487ca8838 method=com.google.common.collect.ImmutableList.copyIntoArray([Ljava/lang/Object;I)I @ 25 c2
Event: 1149.633 Thread 0x000001648fef2000 DEOPT PACKING pc=0x0000016487ca8838 sp=0x0000003ff24fb560
Event: 1149.633 Thread 0x000001648fef2000 DEOPT UNPACKING pc=0x000001648004a1af sp=0x0000003ff24fb518 mode 2
Event: 1149.633 Thread 0x000001648fef2000 Uncommon trap: trap_request=0xffffffd6 fr.pc=0x0000016487ca8838 relative=0x00000000000003d8
Event: 1149.633 Thread 0x000001648fef2000 Uncommon trap: reason=array_check action=maybe_recompile pc=0x0000016487ca8838 method=com.google.common.collect.ImmutableList.copyIntoArray([Ljava/lang/Object;I)I @ 25 c2
Event: 1149.633 Thread 0x000001648fef2000 DEOPT PACKING pc=0x0000016487ca8838 sp=0x0000003ff24fb650
Event: 1149.633 Thread 0x000001648fef2000 DEOPT UNPACKING pc=0x000001648004a1af sp=0x0000003ff24fb608 mode 2
Event: 1149.633 Thread 0x000001648fef2000 Uncommon trap: trap_request=0xffffffd6 fr.pc=0x0000016487ca8838 relative=0x00000000000003d8
Event: 1149.633 Thread 0x000001648fef2000 Uncommon trap: reason=array_check action=maybe_recompile pc=0x0000016487ca8838 method=com.google.common.collect.ImmutableList.copyIntoArray([Ljava/lang/Object;I)I @ 25 c2
Event: 1149.633 Thread 0x000001648fef2000 DEOPT PACKING pc=0x0000016487ca8838 sp=0x0000003ff24fb560
Event: 1149.633 Thread 0x000001648fef2000 DEOPT UNPACKING pc=0x000001648004a1af sp=0x0000003ff24fb518 mode 2
Event: 1215.583 Thread 0x0000016496c56000 DEOPT PACKING pc=0x00000164810a48be sp=0x0000003ff25f9510
Event: 1215.583 Thread 0x0000016496c56000 DEOPT UNPACKING pc=0x000001648004a95e sp=0x0000003ff25f89b8 mode 0
Event: 1215.687 Thread 0x0000016496c56000 DEOPT PACKING pc=0x00000164825852da sp=0x0000003ff25f9730
Event: 1215.687 Thread 0x0000016496c56000 DEOPT UNPACKING pc=0x000001648004a95e sp=0x0000003ff25f8bc8 mode 0

Classes redefined (0 events):
No events

Internal exceptions (20 events):
Event: 1147.401 Thread 0x000001648fef2000 Exception <a 'sun/nio/fs/WindowsException'{0x000000008ea00f60}> (0x000000008ea00f60) thrown at [./src/hotspot/share/prims/jni.cpp, line 616]
Event: 1147.933 Thread 0x00000164fc361800 Exception <a 'sun/nio/fs/WindowsException'{0x0000000090df73f8}> (0x0000000090df73f8) thrown at [./src/hotspot/share/prims/jni.cpp, line 616]
Event: 1147.933 Thread 0x00000164fc361800 Exception <a 'sun/nio/fs/WindowsException'{0x0000000090df8e08}> (0x0000000090df8e08) thrown at [./src/hotspot/share/prims/jni.cpp, line 616]
Event: 1148.122 Thread 0x00000164fc361800 Exception <a 'sun/nio/fs/WindowsException'{0x0000000090c15200}> (0x0000000090c15200) thrown at [./src/hotspot/share/prims/jni.cpp, line 616]
Event: 1148.122 Thread 0x00000164fc361800 Exception <a 'sun/nio/fs/WindowsException'{0x0000000090c15e38}> (0x0000000090c15e38) thrown at [./src/hotspot/share/prims/jni.cpp, line 616]
Event: 1148.130 Thread 0x00000164fc361800 Exception <a 'sun/nio/fs/WindowsException'{0x0000000090c886a0}> (0x0000000090c886a0) thrown at [./src/hotspot/share/prims/jni.cpp, line 616]
Event: 1148.130 Thread 0x00000164fc361800 Exception <a 'sun/nio/fs/WindowsException'{0x0000000090c892d8}> (0x0000000090c892d8) thrown at [./src/hotspot/share/prims/jni.cpp, line 616]
Event: 1148.133 Thread 0x00000164fc361800 Exception <a 'sun/nio/fs/WindowsException'{0x0000000090ca5930}> (0x0000000090ca5930) thrown at [./src/hotspot/share/prims/jni.cpp, line 616]
Event: 1148.133 Thread 0x00000164fc361800 Exception <a 'sun/nio/fs/WindowsException'{0x0000000090ca67b0}> (0x0000000090ca67b0) thrown at [./src/hotspot/share/prims/jni.cpp, line 616]
Event: 1149.373 Thread 0x0000016496c55800 Exception <a 'sun/nio/fs/WindowsException'{0x00000000913ca230}> (0x00000000913ca230) thrown at [./src/hotspot/share/prims/jni.cpp, line 616]
Event: 1149.373 Thread 0x0000016496c55800 Exception <a 'sun/nio/fs/WindowsException'{0x00000000913ca318}> (0x00000000913ca318) thrown at [./src/hotspot/share/prims/jni.cpp, line 616]
Event: 1149.631 Thread 0x000001648fef2000 Exception <a 'sun/nio/fs/WindowsException'{0x0000000091489578}> (0x0000000091489578) thrown at [./src/hotspot/share/prims/jni.cpp, line 616]
Event: 1149.631 Thread 0x000001648fef2000 Exception <a 'sun/nio/fs/WindowsException'{0x00000000914895f8}> (0x00000000914895f8) thrown at [./src/hotspot/share/prims/jni.cpp, line 616]
Event: 1149.631 Thread 0x000001648fef2000 Exception <a 'sun/nio/fs/WindowsException'{0x000000009148ae78}> (0x000000009148ae78) thrown at [./src/hotspot/share/prims/jni.cpp, line 616]
Event: 1215.608 Thread 0x0000016496c56000 Exception <a 'sun/nio/fs/WindowsException'{0x000000008f480990}> (0x000000008f480990) thrown at [./src/hotspot/share/prims/jni.cpp, line 616]
Event: 1215.730 Thread 0x0000016496c56000 Exception <a 'sun/nio/fs/WindowsException'{0x000000008e88c060}> (0x000000008e88c060) thrown at [./src/hotspot/share/prims/jni.cpp, line 616]
Event: 1215.735 Thread 0x0000016496c56000 Exception <a 'sun/nio/fs/WindowsException'{0x000000008e730cf8}> (0x000000008e730cf8) thrown at [./src/hotspot/share/prims/jni.cpp, line 616]
Event: 1215.735 Thread 0x0000016496c56000 Exception <a 'sun/nio/fs/WindowsException'{0x000000008e7320a0}> (0x000000008e7320a0) thrown at [./src/hotspot/share/prims/jni.cpp, line 616]
Event: 1215.735 Thread 0x0000016496c56000 Exception <a 'sun/nio/fs/WindowsException'{0x000000008e733498}> (0x000000008e733498) thrown at [./src/hotspot/share/prims/jni.cpp, line 616]
Event: 1215.735 Thread 0x0000016496c56000 Exception <a 'sun/nio/fs/WindowsException'{0x000000008e734890}> (0x000000008e734890) thrown at [./src/hotspot/share/prims/jni.cpp, line 616]

Events (20 events):
Event: 1215.795 Executing VM operation: RevokeBias
Event: 1215.795 Executing VM operation: RevokeBias done
Event: 1215.796 Executing VM operation: RevokeBias
Event: 1215.796 Executing VM operation: RevokeBias done
Event: 1215.837 Executing VM operation: RevokeBias
Event: 1215.837 Executing VM operation: RevokeBias done
Event: 1215.840 Executing VM operation: G1CollectForAllocation
Event: 1215.850 Executing VM operation: G1CollectForAllocation done
Event: 1215.866 Executing VM operation: RevokeBias
Event: 1215.866 Executing VM operation: RevokeBias done
Event: 1215.869 Executing VM operation: G1CollectForAllocation
Event: 1215.885 Executing VM operation: G1CollectForAllocation done
Event: 1215.891 Executing VM operation: RevokeBias
Event: 1215.891 Executing VM operation: RevokeBias done
Event: 1215.891 Executing VM operation: RevokeBias
Event: 1215.891 Executing VM operation: RevokeBias done
Event: 1215.891 Executing VM operation: RevokeBias
Event: 1215.891 Executing VM operation: RevokeBias done
Event: 1215.891 Executing VM operation: G1CollectForAllocation
Event: 1215.897 Executing VM operation: G1CollectForAllocation done


Dynamic libraries:
0x00007ff7efcb0000 - 0x00007ff7efcba000 	C:\Program Files\Android\Android Studio\jre\bin\java.exe
0x00007ffcbb2d0000 - 0x00007ffcbb4c8000 	C:\Windows\SYSTEM32\ntdll.dll
0x00007ffcba6f0000 - 0x00007ffcba7af000 	C:\Windows\System32\KERNEL32.DLL
0x00007ffcb9030000 - 0x00007ffcb9302000 	C:\Windows\System32\KERNELBASE.dll
0x00007ffcb8c00000 - 0x00007ffcb8d00000 	C:\Windows\System32\ucrtbase.dll
0x00007ffc9f5c0000 - 0x00007ffc9f5d7000 	C:\Program Files\Android\Android Studio\jre\bin\VCRUNTIME140.dll
0x00007ffc9f230000 - 0x00007ffc9f249000 	C:\Program Files\Android\Android Studio\jre\bin\jli.dll
0x00007ffcba830000 - 0x00007ffcba9d1000 	C:\Windows\System32\USER32.dll
0x00007ffcb8d70000 - 0x00007ffcb8d92000 	C:\Windows\System32\win32u.dll
0x00007ffcb9630000 - 0x00007ffcb965b000 	C:\Windows\System32\GDI32.dll
0x00007ffcb8f20000 - 0x00007ffcb902f000 	C:\Windows\System32\gdi32full.dll
0x00007ffcb8dd0000 - 0x00007ffcb8e6d000 	C:\Windows\System32\msvcp_win.dll
0x00007ffcb7d50000 - 0x00007ffcb7fea000 	C:\Windows\WinSxS\amd64_microsoft.windows.common-controls_6595b64144ccf1df_6.0.19041.1110_none_60b5254171f9507e\COMCTL32.dll
0x00007ffcb9c60000 - 0x00007ffcb9cfe000 	C:\Windows\System32\msvcrt.dll
0x00007ffcbabc0000 - 0x00007ffcbabf2000 	C:\Windows\System32\IMM32.DLL
0x00007ffc59500000 - 0x00007ffc5959d000 	C:\Program Files\Android\Android Studio\jre\bin\msvcp140.dll
0x00007ffc57760000 - 0x00007ffc58262000 	C:\Program Files\Android\Android Studio\jre\bin\server\jvm.dll
0x00007ffcb9660000 - 0x00007ffcb970e000 	C:\Windows\System32\ADVAPI32.dll
0x00007ffcba9e0000 - 0x00007ffcbaa7c000 	C:\Windows\System32\sechost.dll
0x00007ffcba560000 - 0x00007ffcba685000 	C:\Windows\System32\RPCRT4.dll
0x00007ffcbabb0000 - 0x00007ffcbabb8000 	C:\Windows\System32\PSAPI.DLL
0x00007ffc9c2c0000 - 0x00007ffc9c2c9000 	C:\Windows\SYSTEM32\WSOCK32.dll
0x00007ffcb0d80000 - 0x00007ffcb0da7000 	C:\Windows\SYSTEM32\WINMM.dll
0x00007ffcbac10000 - 0x00007ffcbac7b000 	C:\Windows\System32\WS2_32.dll
0x00007ffcb1be0000 - 0x00007ffcb1bea000 	C:\Windows\SYSTEM32\VERSION.dll
0x00007ffcb5aa0000 - 0x00007ffcb5ab2000 	C:\Windows\SYSTEM32\kernel.appcore.dll
0x00007ffc87aa0000 - 0x00007ffc87ab1000 	C:\Program Files\Android\Android Studio\jre\bin\verify.dll
0x00007ffcb81b0000 - 0x00007ffcb8394000 	C:\Windows\SYSTEM32\DBGHELP.DLL
0x00007ffcb8170000 - 0x00007ffcb81a5000 	C:\Windows\SYSTEM32\dbgcore.DLL
0x00007ffcb8b70000 - 0x00007ffcb8bf2000 	C:\Windows\System32\bcryptPrimitives.dll
0x00007ffc70040000 - 0x00007ffc70069000 	C:\Program Files\Android\Android Studio\jre\bin\java.dll
0x00007ffc87a90000 - 0x00007ffc87a9b000 	C:\Program Files\Android\Android Studio\jre\bin\jimage.dll
0x00007ffc70020000 - 0x00007ffc70038000 	C:\Program Files\Android\Android Studio\jre\bin\zip.dll
0x00007ffcb9e10000 - 0x00007ffcba554000 	C:\Windows\System32\SHELL32.dll
0x00007ffcb5da0000 - 0x00007ffcb6532000 	C:\Windows\SYSTEM32\windows.storage.dll
0x00007ffcbaf30000 - 0x00007ffcbb285000 	C:\Windows\System32\combase.dll
0x00007ffcb7cb0000 - 0x00007ffcb7ce0000 	C:\Windows\SYSTEM32\Wldp.dll
0x00007ffcb9d60000 - 0x00007ffcb9e0d000 	C:\Windows\System32\SHCORE.dll
0x00007ffcba690000 - 0x00007ffcba6e5000 	C:\Windows\System32\shlwapi.dll
0x00007ffcb8900000 - 0x00007ffcb891f000 	C:\Windows\SYSTEM32\profapi.dll
0x00007ffc70000000 - 0x00007ffc7001a000 	C:\Program Files\Android\Android Studio\jre\bin\net.dll
0x00007ffcb0b70000 - 0x00007ffcb0c7c000 	C:\Windows\SYSTEM32\WINHTTP.dll
0x00007ffcb7b80000 - 0x00007ffcb7bea000 	C:\Windows\system32\mswsock.dll
0x00007ffc6ffe0000 - 0x00007ffc6fff4000 	C:\Program Files\Android\Android Studio\jre\bin\nio.dll
0x00007ffcb6b80000 - 0x00007ffcb6ba7000 	C:\Users\Administrator\.gradle\native\e1d6ef7f7dcc3fd88c89a11ec53ec762bb8ba0a96d01ffa2cd45eb1d1d8dd5c5\windows-amd64\native-platform.dll
0x00007ffc572e0000 - 0x00007ffc57424000 	C:\Users\Administrator\.gradle\native\0d407fdbe67a94daf76414ababcb853783967236a71b16ec16e742cd7a986fd3\windows-amd64\native-platform-file-events.dll
0x00007ffc81430000 - 0x00007ffc8143a000 	C:\Program Files\Android\Android Studio\jre\bin\management.dll
0x00007ffc6ffd0000 - 0x00007ffc6ffdd000 	C:\Program Files\Android\Android Studio\jre\bin\management_ext.dll
0x00007ffcb86e0000 - 0x00007ffcb86f8000 	C:\Windows\SYSTEM32\CRYPTSP.dll
0x00007ffcb7390000 - 0x00007ffcb73c4000 	C:\Windows\system32\rsaenh.dll
0x00007ffcb8da0000 - 0x00007ffcb8dc7000 	C:\Windows\System32\bcrypt.dll
0x00007ffcb88c0000 - 0x00007ffcb88ee000 	C:\Windows\SYSTEM32\USERENV.dll
0x00007ffcb7c70000 - 0x00007ffcb7c7c000 	C:\Windows\SYSTEM32\CRYPTBASE.dll
0x00007ffcb7700000 - 0x00007ffcb773b000 	C:\Windows\SYSTEM32\IPHLPAPI.DLL
0x00007ffcbac00000 - 0x00007ffcbac08000 	C:\Windows\System32\NSI.dll
0x00007ffcb1b00000 - 0x00007ffcb1b17000 	C:\Windows\SYSTEM32\dhcpcsvc6.DLL
0x00007ffcb1bf0000 - 0x00007ffcb1c0d000 	C:\Windows\SYSTEM32\dhcpcsvc.DLL
0x00007ffcb7740000 - 0x00007ffcb780a000 	C:\Windows\SYSTEM32\DNSAPI.dll
0x00007ffcb86a0000 - 0x00007ffcb86d3000 	C:\Windows\SYSTEM32\ntmarta.dll
0x00007ffc9e730000 - 0x00007ffc9e74e000 	C:\Users\Administrator\AppData\Local\Temp\native-platform16756101236486922867dir\native-platform.dll
0x00007ffca0c10000 - 0x00007ffca0c18000 	C:\Program Files\Android\Android Studio\jre\bin\rmi.dll
0x00007ffc6ff40000 - 0x00007ffc6ff67000 	C:\Program Files\Android\Android Studio\jre\bin\sunec.dll

dbghelp: loaded successfully - version: 4.0.5 - missing functions: none
symbol engine: initialized successfully - sym options: 0x614 - pdb path: .;C:\Program Files\Android\Android Studio\jre\bin;C:\Windows\SYSTEM32;C:\Windows\WinSxS\amd64_microsoft.windows.common-controls_6595b64144ccf1df_6.0.19041.1110_none_60b5254171f9507e;C:\Program Files\Android\Android Studio\jre\bin\server;C:\Users\Administrator\.gradle\native\e1d6ef7f7dcc3fd88c89a11ec53ec762bb8ba0a96d01ffa2cd45eb1d1d8dd5c5\windows-amd64;C:\Users\Administrator\.gradle\native\0d407fdbe67a94daf76414ababcb853783967236a71b16ec16e742cd7a986fd3\windows-amd64;C:\Users\Administrator\AppData\Local\Temp\native-platform16756101236486922867dir

VM Arguments:
jvm_args: --add-opens=java.base/java.util=ALL-UNNAMED --add-opens=java.base/java.lang=ALL-UNNAMED --add-opens=java.base/java.lang.invoke=ALL-UNNAMED --add-opens=java.base/java.util=ALL-UNNAMED --add-opens=java.prefs/java.util.prefs=ALL-UNNAMED --add-opens=java.prefs/java.util.prefs=ALL-UNNAMED --add-opens=java.base/java.nio.charset=ALL-UNNAMED --add-opens=java.base/java.net=ALL-UNNAMED --add-opens=java.base/java.util.concurrent.atomic=ALL-UNNAMED -Xmx2048m -Dfile.encoding=UTF-8 -Duser.country=US -Duser.language=en -Duser.variant 
java_command: org.gradle.launcher.daemon.bootstrap.GradleDaemon 7.4
java_class_path (initial): C:\Users\Administrator\.gradle\wrapper\dists\gradle-7.4-bin\c0gwcg53nkjbqw7r0h0umtfvt\gradle-7.4\lib\gradle-launcher-7.4.jar
Launcher Type: SUN_STANDARD

[Global flags]
     intx CICompilerCount                          = 3                                         {product} {ergonomic}
     uint ConcGCThreads                            = 1                                         {product} {ergonomic}
     uint G1ConcRefinementThreads                  = 4                                         {product} {ergonomic}
   size_t G1HeapRegionSize                         = 1048576                                   {product} {ergonomic}
    uintx GCDrainStackTargetSize                   = 64                                        {product} {ergonomic}
   size_t InitialHeapSize                          = 201326592                                 {product} {ergonomic}
   size_t MarkStackSize                            = 4194304                                   {product} {ergonomic}
   size_t MaxHeapSize                              = 2147483648                                {product} {command line}
   size_t MaxNewSize                               = 1287651328                                {product} {ergonomic}
   size_t MinHeapDeltaBytes                        = 1048576                                   {product} {ergonomic}
    uintx NonNMethodCodeHeapSize                   = 5830732                                {pd product} {ergonomic}
    uintx NonProfiledCodeHeapSize                  = 122913754                              {pd product} {ergonomic}
    uintx ProfiledCodeHeapSize                     = 122913754                              {pd product} {ergonomic}
    uintx ReservedCodeCacheSize                    = 251658240                              {pd product} {ergonomic}
     bool SegmentedCodeCache                       = true                                      {product} {ergonomic}
     bool UseCompressedClassPointers               = true                                 {lp64_product} {ergonomic}
     bool UseCompressedOops                        = true                                 {lp64_product} {ergonomic}
     bool UseG1GC                                  = true                                      {product} {ergonomic}
     bool UseLargePagesIndividualAllocation        = false                                  {pd product} {ergonomic}

Logging:
Log output configuration:
 #0: stdout all=warning uptime,level,tags
 #1: stderr all=off uptime,level,tags

Environment Variables:
PATH=C:\Program Files\Common Files\Oracle\Java\javapath;C:\Windows\system32;C:\Windows;C:\Windows\System32\Wbem;C:\Windows\System32\WindowsPowerShell\v1.0\;C:\Windows\System32\OpenSSH\;C:\Program Files\Git\cmd;C:\Users\Administrator\AppData\Local\Microsoft\WindowsApps;D:\Microsoft VS Code\bin;C:\Program Files\Java\jdk-19\bin;;C:\Program Files\JetBrains\IntelliJ IDEA Community Edition 2022.3.1\bin;
USERNAME=Administrator
OS=Windows_NT
PROCESSOR_IDENTIFIER=Intel64 Family 6 Model 158 Stepping 9, GenuineIntel



---------------  S Y S T E M  ---------------

OS: Windows 10 , 64 bit Build 19041 (10.0.19041.2364)
OS uptime: 0 days 1:07 hours

CPU:total 4 (initial active 4) (2 cores per cpu, 2 threads per core) family 6 model 158 stepping 9 microcode 0xb4, cmov, cx8, fxsr, mmx, sse, sse2, sse3, ssse3, sse4.1, sse4.2, popcnt, avx, avx2, aes, clmul, erms, 3dnowpref, lzcnt, ht, tsc, tscinvbit, bmi1, bmi2, adx, fma

Memory: 4k page, system-wide physical 12246M (3107M free)
TotalPageFile size 16214M (AvailPageFile size 4535M)
current process WorkingSet (physical memory assigned to process): 630M, peak: 655M
current process commit charge ("private bytes"): 657M, peak: 683M

vm_info: OpenJDK 64-Bit Server VM (11.0.13+0-b1751.21-8125866) for windows-amd64 JRE (11.0.13+0-b1751.21-8125866), built on Feb  2 2022 03:00:22 by "builder" with MS VC++ 14.0 (VS2015)

END.
